== stdout ==

running 1 test
test live_simnet_full_covenant_lifecycle ... ok

test result: ok. 1 passed; 0 failed; 0 ignored; 0 measured; 0 filtered out; finished in 1.62s


== stderr ==
   Compiling rgk-e2e v0.1.0 (/Users/arthur/RustroverProjects/rgk/tests/rgk-e2e)
    Finished `test` profile [optimized + debuginfo] target(s) in 1.21s
     Running tests/live_covenant.rs (target/debug/deps/live_covenant-5c3bef5fb485087e)
live: connected to simnet wRPC
live: fixed keypair address = kaspasim:qzzt7atzyc4m662qppt53ua7dta99t33w923s8kwxxmxx5wvl7jtqvn0x5as6
live: fixed pubkey x-only = [84, bf, 75, 62, 26, 2b, bd, 69, 40, 08, 57, 48, f3, be, 6a, fa, 52, ae, 31, 71, 55, 18, 1e, ce, 31, b6, 63, 51, cc, ff, a4, b0]
live: generated keypair, simnet address: kaspasim:qzzt7atzyc4m662qppt53ua7dta99t33w923s8kwxxmxx5wvl7jtqvn0x5as6
live: mined block, report: accepted=Success
live: reached DAA score 34035 (target 1)
live: coinbase block 1 mined; mining 2000 more so the FIRST coinbase UTXO matures (need DAA >= 1001 to spend it)...
live: mined 100/2000 blocks (0.1s)
live: mined 200/2000 blocks (0.2s)
live: mined 300/2000 blocks (0.2s)
live: mined 400/2000 blocks (0.3s)
live: mined 500/2000 blocks (0.4s)
live: mined 600/2000 blocks (0.4s)
live: mined 700/2000 blocks (0.5s)
live: mined 800/2000 blocks (0.6s)
live: mined 900/2000 blocks (0.7s)
live: mined 1000/2000 blocks (0.7s)
live: mined 1100/2000 blocks (0.8s)
live: mined 1200/2000 blocks (0.9s)
live: mined 1300/2000 blocks (1.0s)
live: mined 1400/2000 blocks (1.0s)
live: mined 1500/2000 blocks (1.1s)
live: mined 1600/2000 blocks (1.2s)
live: mined 1700/2000 blocks (1.2s)
live: mined 1800/2000 blocks (1.3s)
live: mined 1900/2000 blocks (1.4s)
live: mined 2000/2000 blocks (1.4s)
live: mined 2000 blocks in 1.4s
live: reached DAA score 36035 (target 2001)
live: oldest coinbase UTXO is now mature (DAA >= 2001)
live: selected coinbase UTXO at DAA 19 (oldest, mature)
live: fetched coinbase UTXO txid=[66, ab, a9, 95, 74, e0, f2, 4a, cc, fa, cd, f6, 19, b1, 00, c0, 56, 9a, 01, e4, 4e, 33, 6f, 76, 9e, b1, ea, 6f, 17, 6c, 23, ac] index=0 value=5000000000
live: computed covenant_id = [22, 03, f8, 64, ce, ed, 57, 59, 63, 5f, f0, be, 1e, 44, ad, 14, b9, 5c, 4c, 46, cc, 94, 4d, 85, 8d, be, 04, 71, 14, 68, f4, 72] for the genesis output (value=4996000000, fee=4000000)
live: signed covenant tx, txid = [94, c8, 24, cd, 88, 63, ef, 46, d4, a9, 09, b5, 34, 25, ae, bc, da, dc, 8b, 0b, e4, d5, fe, c9, 8f, 79, cb, 28, 05, 1f, 07, 59]
live: covenant tx ACCEPTED by node: txid=[94, c8, 24, cd, 88, 63, ef, 46, d4, a9, 09, b5, 34, 25, ae, bc, da, dc, 8b, 0b, e4, d5, fe, c9, 8f, 79, cb, 28, 05, 1f, 07, 59]
live: mined block, report: accepted=Success
live: reached DAA score 36036 (target 2)
live: confirmation block 2 mined
live: covenant output confirmed at DAA score 36036 with covenant_id=[22, 03, f8, 64, ce, ed, 57, 59, 63, 5f, f0, be, 1e, 44, ad, 14, b9, 5c, 4c, 46, cc, 94, 4d, 85, 8d, be, 04, 71, 14, 68, f4, 72]
live: resolver state = TransitionedValid { covenant: [34, 3, 248, 100, 206, 237, 87, 89, 99, 95, 240, 190, 30, 68, 173, 20, 185, 92, 76, 70, 204, 148, 77, 133, 141, 190, 4, 113, 20, 104, 244, 114], spent_outpoint: KaspaOutpoint { transaction_id: [102, 171, 169, 149, 116, 224, 242, 74, 204, 250, 205, 246, 25, 177, 0, 192, 86, 154, 1, 228, 78, 51, 111, 118, 158, 177, 234, 111, 23, 108, 35, 172], index: 0 }, new_outpoint: KaspaOutpoint { transaction_id: [148, 200, 36, 205, 136, 99, 239, 70, 212, 169, 9, 181, 52, 37, 174, 188, 218, 220, 139, 11, 228, 213, 254, 201, 143, 121, 203, 40, 5, 31, 7, 89], index: 0 }, receipt_id: [232, 3, 228, 47, 119, 108, 221, 88, 144, 118, 112, 52, 209, 5, 106, 238, 43, 182, 76, 193, 194, 127, 185, 189, 203, 160, 187, 108, 63, 225, 22, 223], new_state: RgkStateCommitment { version: 0, chain_id: KaspaLocalToccata, covenant_id: [34, 3, 248, 100, 206, 237, 87, 89, 99, 95, 240, 190, 30, 68, 173, 20, 185, 92, 76, 70, 204, 148, 77, 133, 141, 190, 4, 113, 20, 104, 244, 114], rgb_contract_id: [0, 0, 0, 0, 0, 0, 0, 0, 0, 0, 0, 0, 0, 0, 0, 0, 0, 0, 0, 0, 0, 0, 0, 0, 0, 0, 0, 0, 0, 0, 0, 0], state_digest: [176, 176, 176, 176, 176, 176, 176, 176, 176, 176, 176, 176, 176, 176, 176, 176, 176, 176, 176, 176, 176, 176, 176, 176, 176, 176, 176, 176, 176, 176, 176, 176], receipt_policy: VerifierOnly }, confirmation_depth: 1 }
live: covenant transition classified as TransitionedValid from the confirmed live Kaspa Toccata simnet spend (covenant_id=[22, 03, f8, 64, ce, ed, 57, 59, 63, 5f, f0, be, 1e, 44, ad, 14, b9, 5c, 4c, 46, cc, 94, 4d, 85, 8d, be, 04, 71, 14, 68, f4, 72])
