== stdout ==
[run-kaspa-devnet] launching /Users/arthur/RustroverProjects/rgk/external/rusty-kaspa-toccata/target/release/kaspad in background
[run-kaspa-devnet] pid: 48970
[run-kaspa-devnet] log: /Users/arthur/RustroverProjects/rgk/.rgk-devnet/kaspad.log
[run-kaspa-devnet] waiting for wRPC at ws://127.0.0.1:19111
[run-kaspa-devnet] wRPC ready after 2s
[e2e-devnet] live devnet RPC: ws://127.0.0.1:19111/v2/kaspa/devnet/no-tls/wrpc/borsh
[e2e-devnet] running live_devnet test
   Compiling rgk-asset v0.1.0 (/Users/arthur/RustroverProjects/rgk/crates/rgk-asset)
   Compiling kaspa-wrpc-client v1.2.2-toc.4 (/Users/arthur/RustroverProjects/rusty-kaspa/rpc/wrpc/client)
   Compiling rgk-zk v0.1.0 (/Users/arthur/RustroverProjects/rgk/crates/rgk-zk)
   Compiling rgk-kaspa v0.1.0 (/Users/arthur/RustroverProjects/rgk/crates/rgk-kaspa)
   Compiling rgk-resolver v0.1.0 (/Users/arthur/RustroverProjects/rgk/crates/rgk-resolver)
   Compiling rgk-sync v0.1.0 (/Users/arthur/RustroverProjects/rgk/crates/rgk-sync)
   Compiling rgk-e2e v0.1.0 (/Users/arthur/RustroverProjects/rgk/tests/rgk-e2e)
    Finished `test` profile [optimized + debuginfo] target(s) in 3.01s
     Running tests/live_devnet.rs (target/debug/deps/live_devnet-27c7463dd2571513)

running 2 tests
live-devnet: server_version=1.2.2-toc.4 network_id=devnet is_synced=false has_utxo_index=true
test live_devnet_reports_toccata_node_identity ... ok
live-devnet: scan cursor initialised chain=KaspaDevnet daa=96144 hash_prefix=97d72d6f15fab80f
test live_devnet_initialises_persistent_scan_cursor ... ok

test result: ok. 2 passed; 0 failed; 0 ignored; 0 measured; 0 filtered out; finished in 0.05s

[e2e-devnet] running policy migration recovery fixture
   Compiling rgk-resolver v0.1.0 (/Users/arthur/RustroverProjects/rgk/crates/rgk-resolver)
   Compiling rgk-e2e v0.1.0 (/Users/arthur/RustroverProjects/rgk/tests/rgk-e2e)
    Finished `test` profile [optimized + debuginfo] target(s) in 1.17s
     Running unittests src/lib.rs (target/debug/deps/rgk_e2e-61e4ff2d6b6c07e6)

running 1 test
RGK policy migration recovery
  chain:           KaspaLocalToccata
  covenant:        0xc750aee85561dc562b16688f01a736f81ed26948e166280ff5cd2a6f970d6599
  spent_txid:      0x2121212121212121212121212121212121212121212121212121212121212121
  new_txid:        0x2222222222222222222222222222222222222222222222222222222222222222
  previous_policy: verifier-only
  new_policy:      zk-or-verifier
  migration:       0x595de1d206e02c94795f46e960bf6e2230dd921d0ebfa3470a36fe05ec972be6
  resolver:        NativeTransitionedValid { covenant: [199, 80, 174, 232, 85, 97, 220, 86, 43, 22, 104, 143, 1, 167, 54, 248, 30, 210, 105, 72, 225, 102, 40, 15, 245, 205, 42, 111, 151, 13, 101, 153], spent_outpoint: KaspaOutpoint { transaction_id: [33, 33, 33, 33, 33, 33, 33, 33, 33, 33, 33, 33, 33, 33, 33, 33, 33, 33, 33, 33, 33, 33, 33, 33, 33, 33, 33, 33, 33, 33, 33, 33], index: 0 }, new_outpoint: KaspaOutpoint { transaction_id: [34, 34, 34, 34, 34, 34, 34, 34, 34, 34, 34, 34, 34, 34, 34, 34, 34, 34, 34, 34, 34, 34, 34, 34, 34, 34, 34, 34, 34, 34, 34, 34], index: 0 }, receipt_id: [89, 93, 225, 210, 6, 224, 44, 148, 121, 95, 70, 233, 96, 191, 110, 34, 48, 221, 146, 29, 14, 191, 163, 71, 10, 54, 254, 5, 236, 151, 43, 230], new_state: RgkStateCommitment { version: 1, chain_id: KaspaLocalToccata, covenant_id: [199, 80, 174, 232, 85, 97, 220, 86, 43, 22, 104, 143, 1, 167, 54, 248, 30, 210, 105, 72, 225, 102, 40, 15, 245, 205, 42, 111, 151, 13, 101, 153], asset_id: [66, 66, 66, 66, 66, 66, 66, 66, 66, 66, 66, 66, 66, 66, 66, 66, 66, 66, 66, 66, 66, 66, 66, 66, 66, 66, 66, 66, 66, 66, 66, 66], state_digest: [50, 50, 50, 50, 50, 50, 50, 50, 50, 50, 50, 50, 50, 50, 50, 50, 50, 50, 50, 50, 50, 50, 50, 50, 50, 50, 50, 50, 50, 50, 50, 50], receipt_policy: ZkOrVerifier }, allocation_audit_certificate: None, confirmation_depth: 1 }

test policy_migration_recovery_fixture_survives_reopen ... ok

test result: ok. 1 passed; 0 failed; 0 ignored; 0 measured; 3 filtered out; finished in 0.04s

[e2e-devnet] running native burn lifecycle fixtures
    Finished `test` profile [optimized + debuginfo] target(s) in 0.05s
     Running unittests src/lib.rs (target/debug/deps/rgk_asset-62819fe3dc6f14f9)

running 1 test
test native::tests::native_transition_rejects_supply_inflation_and_deflation ... ok

test result: ok. 1 passed; 0 failed; 0 ignored; 0 measured; 47 filtered out; finished in 0.00s

    Finished `test` profile [optimized + debuginfo] target(s) in 0.05s
     Running unittests src/lib.rs (target/debug/deps/rgk_asset-62819fe3dc6f14f9)

running 1 test
test native::tests::continuation_accepts_explicit_burn_for_supported_production_zk_shape ... ok

test result: ok. 1 passed; 0 failed; 0 ignored; 0 measured; 47 filtered out; finished in 0.00s

   Compiling rgk-asset v0.1.0 (/Users/arthur/RustroverProjects/rgk/crates/rgk-asset)
   Compiling rgk-zk v0.1.0 (/Users/arthur/RustroverProjects/rgk/crates/rgk-zk)
    Finished `test` profile [optimized + debuginfo] target(s) in 2.89s
     Running unittests src/lib.rs (target/debug/deps/rgk_zk-2d7d6e784de2143c)

running 1 test
test real_zk::tests::prove_then_verify_allocation_1x1_burn_transition has been running for over 60 seconds
test real_zk::tests::prove_then_verify_allocation_1x1_burn_transition ... ok

test result: ok. 1 passed; 0 failed; 0 ignored; 0 measured; 85 filtered out; finished in 77.83s

native burn: production-ZK burn proof supported for shape=1x1
[e2e-devnet] running metadata and ownership guardrail fixtures
    Finished `test` profile [optimized + debuginfo] target(s) in 0.05s
     Running unittests src/lib.rs (target/debug/deps/rgk_asset-62819fe3dc6f14f9)

running 1 test
test native::tests::native_issue_digest_binds_metadata_and_owner_commitments ... ok

test result: ok. 1 passed; 0 failed; 0 ignored; 0 measured; 47 filtered out; finished in 0.00s

    Finished `test` profile [optimized + debuginfo] target(s) in 0.05s
     Running unittests src/lib.rs (target/debug/deps/rgk_asset-62819fe3dc6f14f9)

running 1 test
test native::tests::native_transition_binds_authorized_ownership_handoff ... ok

test result: ok. 1 passed; 0 failed; 0 ignored; 0 measured; 47 filtered out; finished in 0.00s

    Finished `test` profile [optimized + debuginfo] target(s) in 0.05s
     Running unittests src/lib.rs (target/debug/deps/rgk_asset-62819fe3dc6f14f9)

running 1 test
test native::tests::native_transition_rejects_ownership_handoff_without_authorization ... ok

test result: ok. 1 passed; 0 failed; 0 ignored; 0 measured; 47 filtered out; finished in 0.00s

    Finished `test` profile [optimized + debuginfo] target(s) in 0.05s
     Running unittests src/lib.rs (target/debug/deps/rgk_asset-62819fe3dc6f14f9)

running 1 test
test native::tests::owner_descriptor_commitments_bind_owner_control_shape ... ok

test result: ok. 1 passed; 0 failed; 0 ignored; 0 measured; 47 filtered out; finished in 0.00s

    Finished `test` profile [optimized + debuginfo] target(s) in 0.05s
     Running unittests src/lib.rs (target/debug/deps/rgk_asset-62819fe3dc6f14f9)

running 1 test
test native::tests::native_transition_binds_owner_key_rotation_descriptor ... ok

test result: ok. 1 passed; 0 failed; 0 ignored; 0 measured; 47 filtered out; finished in 0.00s

[e2e-devnet] running NFT lane-policy fixtures
    Finished `test` profile [optimized + debuginfo] target(s) in 0.05s
     Running unittests src/lib.rs (target/debug/deps/rgk_asset-62819fe3dc6f14f9)

running 1 test
test native::tests::nft_collection_policy_derives_fixed_supply_token_ids ... ok

test result: ok. 1 passed; 0 failed; 0 ignored; 0 measured; 47 filtered out; finished in 0.00s

    Finished `test` profile [optimized + debuginfo] target(s) in 0.05s
     Running unittests src/lib.rs (target/debug/deps/rgk_asset-62819fe3dc6f14f9)

running 1 test
test native::tests::nft_mint_issue_binds_collection_template_and_metadata ... ok

test result: ok. 1 passed; 0 failed; 0 ignored; 0 measured; 47 filtered out; finished in 0.00s

    Finished `test` profile [optimized + debuginfo] target(s) in 0.05s
     Running unittests src/lib.rs (target/debug/deps/rgk_asset-62819fe3dc6f14f9)

running 1 test
test native::tests::nft_single_token_transfer_preserves_metadata_and_owner_handoff ... ok

test result: ok. 1 passed; 0 failed; 0 ignored; 0 measured; 47 filtered out; finished in 0.00s

[e2e-devnet] running fungible transfer-shape fixtures
    Finished `test` profile [optimized + debuginfo] target(s) in 0.05s
     Running unittests src/lib.rs (target/debug/deps/rgk_asset-62819fe3dc6f14f9)

running 1 test
test native::tests::fungible_multi_output_fanout_2x2_is_production_zk_supported ... ok

test result: ok. 1 passed; 0 failed; 0 ignored; 0 measured; 47 filtered out; finished in 0.00s

    Finished `test` profile [optimized + debuginfo] target(s) in 0.05s
     Running unittests src/lib.rs (target/debug/deps/rgk_asset-62819fe3dc6f14f9)

running 1 test
test native::tests::fungible_multi_input_merge_3x2_is_production_zk_supported ... ok

test result: ok. 1 passed; 0 failed; 0 ignored; 0 measured; 47 filtered out; finished in 0.00s

    Finished `test` profile [optimized + debuginfo] target(s) in 0.05s
     Running unittests src/lib.rs (target/debug/deps/rgk_asset-62819fe3dc6f14f9)

running 1 test
test native::tests::fungible_batch_transfer_4x4_is_production_zk_supported ... ok

test result: ok. 1 passed; 0 failed; 0 ignored; 0 measured; 47 filtered out; finished in 0.00s

[e2e-devnet] running 4x4 allocation-vector VM fixture
   Compiling kaspa-wrpc-client v1.2.2-toc.4 (/Users/arthur/RustroverProjects/rusty-kaspa/rpc/wrpc/client)
   Compiling rgk-zk v0.1.0 (/Users/arthur/RustroverProjects/rgk/crates/rgk-zk)
   Compiling rgk-kaspa v0.1.0 (/Users/arthur/RustroverProjects/rgk/crates/rgk-kaspa)
   Compiling rgk-resolver v0.1.0 (/Users/arthur/RustroverProjects/rgk/crates/rgk-resolver)
   Compiling rgk-sync v0.1.0 (/Users/arthur/RustroverProjects/rgk/crates/rgk-sync)
   Compiling rgk-e2e v0.1.0 (/Users/arthur/RustroverProjects/rgk/tests/rgk-e2e)
    Finished `test` profile [optimized + debuginfo] target(s) in 3.16s
     Running tests/zk_precompile_vm.rs (target/debug/deps/zk_precompile_vm-bca54a0c6483f79c)

running 1 test
test rgk_allocation_4x4_groth16_proof_executes_in_upstream_toccata_vm has been running for over 60 seconds
[zk-precompile-vm] allocation_4x4 public_inputs=64 vk_bytes=2312 proof_bytes=128 script_bytes=4562
test rgk_allocation_4x4_groth16_proof_executes_in_upstream_toccata_vm ... ok

test result: ok. 1 passed; 0 failed; 0 ignored; 0 measured; 13 filtered out; finished in 149.45s

native allocation: production-ZK proof supported for shape=4x4
[e2e-devnet] running full covenant lifecycle on devnet
   Compiling kaspa-wrpc-client v1.2.2-toc.4 (/Users/arthur/RustroverProjects/rusty-kaspa/rpc/wrpc/client)
   Compiling rgk-kaspa v0.1.0 (/Users/arthur/RustroverProjects/rgk/crates/rgk-kaspa)
   Compiling rgk-sync v0.1.0 (/Users/arthur/RustroverProjects/rgk/crates/rgk-sync)
   Compiling rgk-resolver v0.1.0 (/Users/arthur/RustroverProjects/rgk/crates/rgk-resolver)
   Compiling rgk-e2e v0.1.0 (/Users/arthur/RustroverProjects/rgk/tests/rgk-e2e)
    Finished `test` profile [optimized + debuginfo] target(s) in 4.40s
     Running tests/live_covenant.rs (target/debug/deps/live_covenant-9a03687128952222)

running 1 test
live: connected to devnet wRPC (chain_id=KaspaDevnet)
live: server_version=1.2.2-toc.4 network_id=devnet is_synced=false has_utxo_index=true
live: fixed keypair address = kaspadev:qzzt7atzyc4m662qppt53ua7dta99t33w923s8kwxxmxx5wvl7jtq0ahp67m9
live: fixed pubkey x-only = [84, bf, 75, 62, 26, 2b, bd, 69, 40, 08, 57, 48, f3, be, 6a, fa, 52, ae, 31, 71, 55, 18, 1e, ce, 31, b6, 63, 51, cc, ff, a4, b0]
live: generated keypair, devnet address: kaspadev:qzzt7atzyc4m662qppt53ua7dta99t33w923s8kwxxmxx5wvl7jtq0ahp67m9
live: mined block, report: accepted=Success
live: reached DAA score 96145 (target 1)
live: coinbase block 1 mined; mining 2000 more so the FIRST coinbase UTXO matures (need DAA >= 1001 to spend it)...
live: mined 100/2000 blocks (0.1s)
live: mined 200/2000 blocks (0.1s)
live: mined 300/2000 blocks (0.2s)
live: mined 400/2000 blocks (0.3s)
live: mined 500/2000 blocks (0.3s)
live: mined 600/2000 blocks (0.4s)
live: mined 700/2000 blocks (0.5s)
live: mined 800/2000 blocks (0.5s)
live: mined 900/2000 blocks (0.6s)
live: mined 1000/2000 blocks (0.7s)
live: mined 1100/2000 blocks (0.8s)
live: mined 1200/2000 blocks (0.8s)
live: mined 1300/2000 blocks (0.9s)
live: mined 1400/2000 blocks (1.0s)
live: mined 1500/2000 blocks (1.0s)
live: mined 1600/2000 blocks (1.1s)
live: mined 1700/2000 blocks (1.2s)
live: mined 1800/2000 blocks (1.2s)
live: mined 1900/2000 blocks (1.3s)
live: mined 2000/2000 blocks (1.4s)
live: mined 2000 blocks in 1.4s
live: reached DAA score 98145 (target 2001)
live: oldest coinbase UTXO is now mature (DAA >= 2001)
live: selected funding UTXO at DAA 50 value=4400000000 coinbase=true
live: fetched funding UTXO txid=[2c, da, ff, 45, 81, a8, 0d, 23, e6, 07, 6f, d2, d8, a8, 82, 47, 25, 6b, 47, 56, 22, 29, 4a, 7f, fb, 44, 91, da, 6b, 03, d1, d1] index=0 value=4400000000
live: computed covenant_id = [f3, bb, 49, e1, 0a, 58, fd, 9d, a7, d5, ca, f5, 32, 4e, 52, 5c, 7b, 9d, 11, f4, 67, 29, 79, cc, 27, 35, 28, ee, c1, 2d, 04, f7] for the genesis output (value=4396000000, fee=4000000)
live: signed covenant tx, txid = [51, b4, 81, f3, ef, e1, 5f, de, bd, 45, 71, 82, 36, c5, d0, 63, 5d, 9f, a6, c9, a2, e3, de, 64, d9, ff, aa, 93, e1, 54, c2, 73]
live: covenant tx ACCEPTED by node: txid=[51, b4, 81, f3, ef, e1, 5f, de, bd, 45, 71, 82, 36, c5, d0, 63, 5d, 9f, a6, c9, a2, e3, de, 64, d9, ff, aa, 93, e1, 54, c2, 73]
live: mined block, report: accepted=Success
live: reached DAA score 98146 (target 2)
live: confirmation block 2 mined
live: covenant output confirmed at DAA score 98146 with covenant_id=[f3, bb, 49, e1, 0a, 58, fd, 9d, a7, d5, ca, f5, 32, 4e, 52, 5c, 7b, 9d, 11, f4, 67, 29, 79, cc, 27, 35, 28, ee, c1, 2d, 04, f7]
live: native RGK asset state digest = 0x574fc99071439488f8db2efdc9d92a6927de93b74c7db870d4bb22b0221cb980 (allocations=1 daa=98146 confirmations=1 privacy_policy=PrivateLane lane_id=0xf9e2d47ecda382db86ba713e640cb58f4a9f75a24d0820505148c302004436d9 policy_commitment=0x4663f5b9404ee4fe0358c6299f73422e955f5fea03e19545f5b8f99472d00bbf metadata_commitment=0x1dcb90cc6678da6e0248270924d10f26202bd969cc419dc49a3c8547b1562ecd owner_commitment=0x9fa3d5d0ab9507ac72aa2eeae17eedd457ef83031b710404d343b87cb0e3f60a)
live: ZK covenant spend enabled, public_inputs=29 vk_bytes=1192 proof_bytes=128
live: built P2SH covenant spend, txid = [03, 8e, 54, 91, 04, 46, 2b, 35, bc, 7e, af, f8, 71, 06, e5, 57, bd, 15, 0c, 8e, d2, aa, 74, f6, 7b, f4, 40, 03, c2, 78, d4, b2]
live: P2SH covenant spend ACCEPTED by node: txid=[03, 8e, 54, 91, 04, 46, 2b, 35, bc, 7e, af, f8, 71, 06, e5, 57, bd, 15, 0c, 8e, d2, aa, 74, f6, 7b, f4, 40, 03, c2, 78, d4, b2]
live: mined block, report: accepted=Success
live: reached DAA score 98147 (target 98147)
live: P2SH covenant spend confirmation block mined
live: continuation covenant output confirmed at DAA score 98147
live: native production-ZK allocation guard accepted shape=1x1 spent_allocations=1 new_allocations=1
live: native RGK transition digest = 0x5ebe3e4a1b9fcc24ef3ca7c7c3514f636db09b705dc9fe02bb63f3e7f782cecd (old_state=0x574fc99071439488f8db2efdc9d92a6927de93b74c7db870d4bb22b0221cb980 new_state=0x571f73f58aec024a02bef9fa334964bcd54f4544fbfa20b0fb92eb729017e079 witness_txid=0x038e549104462b35bc7eaff87106e557bd150c8ed2aa74f67bf44003c278d4b2 spent_allocations=1 new_allocations=1 privacy_policy=PrivateLane lane_id=0xf9e2d47ecda382db86ba713e640cb58f4a9f75a24d0820505148c302004436d9 policy_commitment=0x4663f5b9404ee4fe0358c6299f73422e955f5fea03e19545f5b8f99472d00bbf metadata_commitment=0x1dcb90cc6678da6e0248270924d10f26202bd969cc419dc49a3c8547b1562ecd previous_owner_commitment=0x9fa3d5d0ab9507ac72aa2eeae17eedd457ef83031b710404d343b87cb0e3f60a new_owner_commitment=0x9fa3d5d0ab9507ac72aa2eeae17eedd457ef83031b710404d343b87cb0e3f60a ownership_authorization_commitment=0x0000000000000000000000000000000000000000000000000000000000000000)
live: semantic RGK transition statement public_inputs=512 continuation_shape_root=0x4ba9ddd71df3969117d458ef9040ad5049d67ac4ebb8b957fbb13508d8d6a3d5 policy_commitment=0x4663f5b9404ee4fe0358c6299f73422e955f5fea03e19545f5b8f99472d00bbf metadata_commitment=0x1dcb90cc6678da6e0248270924d10f26202bd969cc419dc49a3c8547b1562ecd previous_owner_commitment=0x9fa3d5d0ab9507ac72aa2eeae17eedd457ef83031b710404d343b87cb0e3f60a new_owner_commitment=0x9fa3d5d0ab9507ac72aa2eeae17eedd457ef83031b710404d343b87cb0e3f60a ownership_authorization_commitment=0x0000000000000000000000000000000000000000000000000000000000000000
live: semantic Groth16 proof verified public_inputs=64 vk_bytes=2312 proof_bytes=128
test live_toccata_full_covenant_lifecycle has been running for over 60 seconds
live: supported allocation-vector Groth16 proof verified shape=1x1 public_inputs=64 vk_bytes=2312 proof_bytes=128
live: allocation transcript segment Groth16 proof verified sides=2 segments=2 allocations=2 public_inputs_each=16 vk_bytes=776 proof_bytes_each=128 spent_root=0x6f4072e40bb91a63d48074b21c05234db95c077e52c2380a40dcb62505bf7b3f new_root=0x3e8feb6ed4a2ba595bfbb2d63bb13732db47091ffb15fee78393f62e807323a0 spent_amount_commitment=0x68c92efdcb7c6f9096537d37af74aba44d7615915ce88c51711c5c6d4983ff34 new_amount_commitment=0xc1760514d6f2d480507ea9247be6f416c04d9b32a5d210dba8d01d576c64a1b3
live: allocation conservation Groth16 chain verified sides=2 segments=2 allocations=2 public_inputs_each=24 final_public_inputs=10 segment_vk_bytes=1032 segment_proof_bytes_each=128 final_vk_bytes=584 final_proof_bytes=128 spent_total_commitment=0x1a0a0bbd33746c96287dfb9516ca9f5d84b84320e66092e64860c6c9e2e1bbff new_total_commitment=0x0b1f4432d9e6afc40148127ff4ae5fba3c356190d8ca733385f21e27cd88b7d7
live: allocation exclusion segment-pair Groth16 proof verified spent_segments=1 new_segments=1 pair_grid=1 public_inputs=29 vk_bytes=1192 proof_bytes=128 spent_root=0x6f4072e40bb91a63d48074b21c05234db95c077e52c2380a40dcb62505bf7b3f new_root=0x3e8feb6ed4a2ba595bfbb2d63bb13732db47091ffb15fee78393f62e807323a0 spent_amount_commitment=0x68c92efdcb7c6f9096537d37af74aba44d7615915ce88c51711c5c6d4983ff34 new_amount_commitment=0xc1760514d6f2d480507ea9247be6f416c04d9b32a5d210dba8d01d576c64a1b3
live: allocation audit bundle verified spent_segments=1 new_segments=1 exclusion_cells=1 spent_final_root=0x6f4072e40bb91a63d48074b21c05234db95c077e52c2380a40dcb62505bf7b3f new_final_root=0x3e8feb6ed4a2ba595bfbb2d63bb13732db47091ffb15fee78393f62e807323a0 spent_total_commitment=0x1a0a0bbd33746c96287dfb9516ca9f5d84b84320e66092e64860c6c9e2e1bbff new_total_commitment=0x0b1f4432d9e6afc40148127ff4ae5fba3c356190d8ca733385f21e27cd88b7d7
live: allocation audit certificate self-contained verified certificate_id=0xab5aad1bb66a971b67bbb0214436b2cd2e0a402d75ff37cf2a3c3f81dc18b69d proof_cells=6 canonical_bytes=11826
live: allocation audit certificate verified certificate_id=0xab5aad1bb66a971b67bbb0214436b2cd2e0a402d75ff37cf2a3c3f81dc18b69d proof_cells=6 vk_bytes_total=5392 proof_bytes_total=768 canonical_bytes=11826
live: allocation audit certificate indexed certificate_id=0xab5aad1bb66a971b67bbb0214436b2cd2e0a402d75ff37cf2a3c3f81dc18b69d canonical_bytes=11826
live: registered private lane for view-key discovery (lane_id=0xf9e2d47ecda382db86ba713e640cb58f4a9f75a24d0820505148c302004436d9 scan_tag=0x3539f43aecf990bfd09e4b081ddba2835253710fa8a4022904e6ea61b963c62d privacy_policy=PrivateLane)
live: lane-discovery Groth16 proof verified public_inputs=9 vk_bytes=552 proof_bytes=128 lane_id=0xf9e2d47ecda382db86ba713e640cb58f4a9f75a24d0820505148c302004436d9 scan_tag=0x3539f43aecf990bfd09e4b081ddba2835253710fa8a4022904e6ea61b963c62d
live: lane-graph Groth16 proof verified nodes=2 public_inputs=22 vk_bytes=968 proof_bytes=128 graph_root=0x6ab1ca5ef8165554c39398f6ee2cd4419bd605cc09e507fec6264f1bdebd4dfc current_lane=0xf9e2d47ecda382db86ba713e640cb58f4a9f75a24d0820505148c302004436d9 next_scan_tag=0xa1300bb57a56c79e1c43eda255ac6cb55b7e04c247681d77a754ed07551312ea
live: segmented lane-graph Groth16 proof chain verified segments=2 nodes=4 public_inputs_each=27 vk_bytes=1128 proof_bytes_each=128 start_root=0x78145c2e5e78351ffa3d0e266b1a5cb8c3eb318b074a9bcaa407fcdbc6068573 final_root=0x90f47d54d63afe8eb7e59071e891fc14e966bd0658f617d25711d29276b01bde current_lane=0xf9e2d47ecda382db86ba713e640cb58f4a9f75a24d0820505148c302004436d9 final_scan_tag=0x85fb37ef816bbbe85f5e9bb524575608a66e5914ee7bbd0507cf143449b00fdc
live: resolver state = NativeTransitionedValid { covenant: [243, 187, 73, 225, 10, 88, 253, 157, 167, 213, 202, 245, 50, 78, 82, 92, 123, 157, 17, 244, 103, 41, 121, 204, 39, 53, 40, 238, 193, 45, 4, 247], spent_outpoint: KaspaOutpoint { transaction_id: [81, 180, 129, 243, 239, 225, 95, 222, 189, 69, 113, 130, 54, 197, 208, 99, 93, 159, 166, 201, 162, 227, 222, 100, 217, 255, 170, 147, 225, 84, 194, 115], index: 0 }, new_outpoint: KaspaOutpoint { transaction_id: [3, 142, 84, 145, 4, 70, 43, 53, 188, 126, 175, 248, 113, 6, 229, 87, 189, 21, 12, 142, 210, 170, 116, 246, 123, 244, 64, 3, 194, 120, 212, 178], index: 0 }, receipt_id: [115, 225, 220, 255, 98, 30, 18, 168, 188, 53, 254, 3, 251, 214, 107, 190, 232, 169, 103, 58, 137, 106, 238, 123, 252, 94, 122, 53, 1, 33, 202, 199], new_state: RgkStateCommitment { version: 1, chain_id: KaspaDevnet, covenant_id: [243, 187, 73, 225, 10, 88, 253, 157, 167, 213, 202, 245, 50, 78, 82, 92, 123, 157, 17, 244, 103, 41, 121, 204, 39, 53, 40, 238, 193, 45, 4, 247], asset_id: [66, 66, 66, 66, 66, 66, 66, 66, 66, 66, 66, 66, 66, 66, 66, 66, 66, 66, 66, 66, 66, 66, 66, 66, 66, 66, 66, 66, 66, 66, 66, 66], state_digest: [87, 31, 115, 245, 138, 236, 2, 74, 2, 190, 249, 250, 51, 73, 100, 188, 213, 79, 69, 68, 251, 250, 32, 176, 251, 146, 235, 114, 144, 23, 224, 121], receipt_policy: ZkOrVerifier }, allocation_audit_certificate: Some(AllocationAuditCertificateRecord { certificate_id: "0xab5aad1bb66a971b67bbb0214436b2cd2e0a402d75ff37cf2a3c3f81dc18b69d", canonical_bytes_len: 11826 }), confirmation_depth: 1 }
live: resolver carried phase-2 native state digest = 0x571f73f58aec024a02bef9fa334964bcd54f4544fbfa20b0fb92eb729017e079
live: view-key lane resolver classified as NativeTransitionedValid (lane_id=0xf9e2d47ecda382db86ba713e640cb58f4a9f75a24d0820505148c302004436d9 scan_tag=0x3539f43aecf990bfd09e4b081ddba2835253710fa8a4022904e6ea61b963c62d)
live: covenant transition classified as NativeTransitionedValid from the confirmed live Kaspa Toccata devnet spend (covenant_id=[f3, bb, 49, e1, 0a, 58, fd, 9d, a7, d5, ca, f5, 32, 4e, 52, 5c, 7b, 9d, 11, f4, 67, 29, 79, cc, 27, 35, 28, ee, c1, 2d, 04, f7])
live: policy migration proof recovered after Sled reopen (previous_policy=verifier-only new_policy=zk-or-verifier migration=0xddcb81f9e4b07e7636980909406bf9307a21b52ae02a88dde3ed12c8de5e69f0 state_digest=0x571f73f58aec024a02bef9fa334964bcd54f4544fbfa20b0fb92eb729017e079 resolver=NativeTransitionedValid)
live: persistent allocation audit certificate recovered certificate_id=0xab5aad1bb66a971b67bbb0214436b2cd2e0a402d75ff37cf2a3c3f81dc18b69d canonical_bytes=11826
live: persistent indexer recovered covenant after resolver indexing (covenant_id=[f3, bb, 49, e1, 0a, 58, fd, 9d, a7, d5, ca, f5, 32, 4e, 52, 5c, 7b, 9d, 11, f4, 67, 29, 79, cc, 27, 35, 28, ee, c1, 2d, 04, f7] cursor_daa=98147)
test live_toccata_full_covenant_lifecycle ... ok

test result: ok. 1 passed; 0 failed; 0 ignored; 0 measured; 0 filtered out; finished in 247.20s

[e2e-devnet] running rgk-sync scanner smoke (initialise cursor)
   Compiling kaspa-wrpc-client v1.2.2-toc.4 (/Users/arthur/RustroverProjects/rusty-kaspa/rpc/wrpc/client)
   Compiling rgk-kaspa v0.1.0 (/Users/arthur/RustroverProjects/rgk/crates/rgk-kaspa)
   Compiling rgk-sync v0.1.0 (/Users/arthur/RustroverProjects/rgk/crates/rgk-sync)
    Finished `dev` profile [optimized + debuginfo] target(s) in 2.06s
     Running `target/debug/rgk-sync --url 'ws://127.0.0.1:19111/v2/kaspa/devnet/no-tls/wrpc/borsh' --network devnet --db /Users/arthur/RustroverProjects/rgk/target/rgk-devnet-evidence/sled --once`
tick initialised=true added_chain_blocks=0 observed_spends=0 start_daa=98147 end_daa=98147 end_hash_prefix=29d1932a9d7eb709
[e2e-devnet] running rgk-sync scanner smoke (reload cursor)
    Finished `dev` profile [optimized + debuginfo] target(s) in 0.18s
     Running `target/debug/rgk-sync --url 'ws://127.0.0.1:19111/v2/kaspa/devnet/no-tls/wrpc/borsh' --network devnet --db /Users/arthur/RustroverProjects/rgk/target/rgk-devnet-evidence/sled --once`
tick initialised=false added_chain_blocks=0 observed_spends=0 start_daa=98147 end_daa=98147 end_hash_prefix=29d1932a9d7eb709
[e2e-devnet] verifying examples coverage matrix
[verify-silverscript-artifacts] ok: /Users/arthur/RustroverProjects/rgk/examples/silverscript/artifacts/manifest.tsv rows=10 compiler=d25bd3427a093c17327ca3d6b9e1aa5f7688c863
[verify-example-matrix] ok: /Users/arthur/RustroverProjects/rgk/examples/contract-matrix.tsv rows=10
[verify-devnet-evidence] ok: /Users/arthur/RustroverProjects/rgk/target/rgk-devnet-evidence/latest.txt
[e2e-devnet] evidence: /Users/arthur/RustroverProjects/rgk/target/rgk-devnet-evidence/latest.txt

== stderr ==
