== stdout ==
[run-kaspa-devnet] launching /Users/arthur/RustroverProjects/rgk/external/rusty-kaspa-toccata/target/release/kaspad in background
[run-kaspa-devnet] pid: 19960
[run-kaspa-devnet] log: /Users/arthur/RustroverProjects/rgk/.rgk-devnet/kaspad.log
[run-kaspa-devnet] waiting for wRPC at ws://127.0.0.1:19111
[run-kaspa-devnet] wRPC ready after 2s
[e2e-devnet] live devnet RPC: ws://127.0.0.1:19111/v2/kaspa/devnet/no-tls/wrpc/borsh
[e2e-devnet] running live_devnet test
   Compiling kaspa-wrpc-client v1.2.2-toc.4 (/Users/arthur/RustroverProjects/rusty-kaspa/rpc/wrpc/client)
   Compiling rgk-kaspa v0.1.0 (/Users/arthur/RustroverProjects/rgk/crates/rgk-kaspa)
   Compiling rgk-resolver v0.1.0 (/Users/arthur/RustroverProjects/rgk/crates/rgk-resolver)
   Compiling rgk-sync v0.1.0 (/Users/arthur/RustroverProjects/rgk/crates/rgk-sync)
   Compiling rgk-e2e v0.1.0 (/Users/arthur/RustroverProjects/rgk/tests/rgk-e2e)
    Finished `test` profile [optimized + debuginfo] target(s) in 3.65s
     Running tests/live_devnet.rs (target/debug/deps/live_devnet-a446d7acbb399c7f)

running 2 tests
live-devnet: server_version=1.2.2-toc.4 network_id=devnet is_synced=true has_utxo_index=true
test live_devnet_reports_toccata_node_identity ... ok
live-devnet: scan cursor initialised chain=KaspaDevnet daa=80120 hash_prefix=be757dfc9ff579a7
test live_devnet_initialises_persistent_scan_cursor ... ok

test result: ok. 2 passed; 0 failed; 0 ignored; 0 measured; 0 filtered out; finished in 0.05s

[e2e-devnet] running policy migration recovery fixture
    Finished `test` profile [optimized + debuginfo] target(s) in 0.09s
     Running unittests src/lib.rs (target/debug/deps/rgk_e2e-61e4ff2d6b6c07e6)

running 1 test
RGK policy migration recovery
  chain:           KaspaLocalToccata
  covenant:        0xc750aee85561dc562b16688f01a736f81ed26948e166280ff5cd2a6f970d6599
  spent_txid:      0x2121212121212121212121212121212121212121212121212121212121212121
  new_txid:        0x2222222222222222222222222222222222222222222222222222222222222222
  previous_policy: verifier-only
  new_policy:      zk-or-verifier
  migration:       0x595de1d206e02c94795f46e960bf6e2230dd921d0ebfa3470a36fe05ec972be6
  resolver:        NativeTransitionedValid { covenant: [199, 80, 174, 232, 85, 97, 220, 86, 43, 22, 104, 143, 1, 167, 54, 248, 30, 210, 105, 72, 225, 102, 40, 15, 245, 205, 42, 111, 151, 13, 101, 153], spent_outpoint: KaspaOutpoint { transaction_id: [33, 33, 33, 33, 33, 33, 33, 33, 33, 33, 33, 33, 33, 33, 33, 33, 33, 33, 33, 33, 33, 33, 33, 33, 33, 33, 33, 33, 33, 33, 33, 33], index: 0 }, new_outpoint: KaspaOutpoint { transaction_id: [34, 34, 34, 34, 34, 34, 34, 34, 34, 34, 34, 34, 34, 34, 34, 34, 34, 34, 34, 34, 34, 34, 34, 34, 34, 34, 34, 34, 34, 34, 34, 34], index: 0 }, receipt_id: [89, 93, 225, 210, 6, 224, 44, 148, 121, 95, 70, 233, 96, 191, 110, 34, 48, 221, 146, 29, 14, 191, 163, 71, 10, 54, 254, 5, 236, 151, 43, 230], new_state: RgkStateCommitment { version: 1, chain_id: KaspaLocalToccata, covenant_id: [199, 80, 174, 232, 85, 97, 220, 86, 43, 22, 104, 143, 1, 167, 54, 248, 30, 210, 105, 72, 225, 102, 40, 15, 245, 205, 42, 111, 151, 13, 101, 153], asset_id: [66, 66, 66, 66, 66, 66, 66, 66, 66, 66, 66, 66, 66, 66, 66, 66, 66, 66, 66, 66, 66, 66, 66, 66, 66, 66, 66, 66, 66, 66, 66, 66], state_digest: [50, 50, 50, 50, 50, 50, 50, 50, 50, 50, 50, 50, 50, 50, 50, 50, 50, 50, 50, 50, 50, 50, 50, 50, 50, 50, 50, 50, 50, 50, 50, 50], receipt_policy: ZkOrVerifier }, allocation_audit_certificate: None, confirmation_depth: 1 }

test policy_migration_recovery_fixture_survives_reopen ... ok

test result: ok. 1 passed; 0 failed; 0 ignored; 0 measured; 3 filtered out; finished in 0.04s

[e2e-devnet] running native burn lifecycle fixtures
    Finished `test` profile [optimized + debuginfo] target(s) in 0.06s
     Running unittests src/lib.rs (target/debug/deps/rgk_asset-62819fe3dc6f14f9)

running 1 test
test native::tests::native_transition_rejects_supply_inflation_and_deflation ... ok

test result: ok. 1 passed; 0 failed; 0 ignored; 0 measured; 35 filtered out; finished in 0.00s

    Finished `test` profile [optimized + debuginfo] target(s) in 0.05s
     Running unittests src/lib.rs (target/debug/deps/rgk_asset-62819fe3dc6f14f9)

running 1 test
test native::tests::continuation_accepts_explicit_burn_but_production_zk_fails_closed ... ok

test result: ok. 1 passed; 0 failed; 0 ignored; 0 measured; 35 filtered out; finished in 0.00s

native burn: production-ZK burn guard = ProductionZkBurnUnsupported
[e2e-devnet] running full covenant lifecycle on devnet
   Compiling kaspa-wrpc-client v1.2.2-toc.4 (/Users/arthur/RustroverProjects/rusty-kaspa/rpc/wrpc/client)
   Compiling rgk-zk v0.1.0 (/Users/arthur/RustroverProjects/rgk/crates/rgk-zk)
   Compiling rgk-kaspa v0.1.0 (/Users/arthur/RustroverProjects/rgk/crates/rgk-kaspa)
   Compiling rgk-resolver v0.1.0 (/Users/arthur/RustroverProjects/rgk/crates/rgk-resolver)
   Compiling rgk-sync v0.1.0 (/Users/arthur/RustroverProjects/rgk/crates/rgk-sync)
   Compiling rgk-e2e v0.1.0 (/Users/arthur/RustroverProjects/rgk/tests/rgk-e2e)
    Finished `test` profile [optimized + debuginfo] target(s) in 4.30s
     Running tests/live_covenant.rs (target/debug/deps/live_covenant-7bf44a871ab07a5e)

running 1 test
live: connected to devnet wRPC (chain_id=KaspaDevnet)
live: fixed keypair address = kaspadev:qzzt7atzyc4m662qppt53ua7dta99t33w923s8kwxxmxx5wvl7jtq0ahp67m9
live: fixed pubkey x-only = [84, bf, 75, 62, 26, 2b, bd, 69, 40, 08, 57, 48, f3, be, 6a, fa, 52, ae, 31, 71, 55, 18, 1e, ce, 31, b6, 63, 51, cc, ff, a4, b0]
live: generated keypair, devnet address: kaspadev:qzzt7atzyc4m662qppt53ua7dta99t33w923s8kwxxmxx5wvl7jtq0ahp67m9
live: mined block, report: accepted=Success
live: reached DAA score 80121 (target 1)
live: coinbase block 1 mined; mining 2000 more so the FIRST coinbase UTXO matures (need DAA >= 1001 to spend it)...
live: mined 100/2000 blocks (0.1s)
live: mined 200/2000 blocks (0.2s)
live: mined 300/2000 blocks (0.3s)
live: mined 400/2000 blocks (0.4s)
live: mined 500/2000 blocks (0.5s)
live: mined 600/2000 blocks (0.6s)
live: mined 700/2000 blocks (0.7s)
live: mined 800/2000 blocks (0.7s)
live: mined 900/2000 blocks (0.8s)
live: mined 1000/2000 blocks (0.9s)
live: mined 1100/2000 blocks (1.0s)
live: mined 1200/2000 blocks (1.0s)
live: mined 1300/2000 blocks (1.1s)
live: mined 1400/2000 blocks (1.2s)
live: mined 1500/2000 blocks (1.3s)
live: mined 1600/2000 blocks (1.4s)
live: mined 1700/2000 blocks (1.4s)
live: mined 1800/2000 blocks (1.5s)
live: mined 1900/2000 blocks (1.6s)
live: mined 2000/2000 blocks (1.7s)
live: mined 2000 blocks in 1.7s
live: reached DAA score 82121 (target 2001)
live: oldest coinbase UTXO is now mature (DAA >= 2001)
live: selected coinbase UTXO at DAA 42 (oldest, mature)
live: fetched coinbase UTXO txid=[23, 1e, 4a, a8, ca, 2b, dd, ea, 25, a2, 67, 07, a2, 2b, 38, 94, 06, 78, 8f, 1c, 6a, e8, 0e, 62, 50, ee, 8e, f8, e6, 04, 1d, 55] index=0 value=4400000000
live: computed covenant_id = [17, a9, ef, d7, 07, 8a, 00, 06, 63, e0, 13, 81, b7, 4d, 68, f5, ca, 4c, 21, 19, d5, 60, 5f, c1, 9a, e6, 1d, d1, 03, 27, b3, 34] for the genesis output (value=4396000000, fee=4000000)
live: signed covenant tx, txid = [34, e3, 9d, 7e, 18, 52, 06, 80, b5, aa, 4f, 4b, 3a, 61, 1b, 7b, 0d, 3c, 88, 1a, 53, f6, bc, 8d, 32, 7d, 50, fb, 97, 12, 37, 8f]
live: covenant tx ACCEPTED by node: txid=[34, e3, 9d, 7e, 18, 52, 06, 80, b5, aa, 4f, 4b, 3a, 61, 1b, 7b, 0d, 3c, 88, 1a, 53, f6, bc, 8d, 32, 7d, 50, fb, 97, 12, 37, 8f]
live: mined block, report: accepted=Success
live: reached DAA score 82122 (target 2)
live: confirmation block 2 mined
live: covenant output confirmed at DAA score 82122 with covenant_id=[17, a9, ef, d7, 07, 8a, 00, 06, 63, e0, 13, 81, b7, 4d, 68, f5, ca, 4c, 21, 19, d5, 60, 5f, c1, 9a, e6, 1d, d1, 03, 27, b3, 34]
live: native RGK asset state digest = 0xf4f53af569028a8b79b4f65b6d38d49d964a775387f535e394064e2bfa9df651 (allocations=1 daa=82122 confirmations=1 privacy_policy=PrivateLane lane_id=0xf9e2d47ecda382db86ba713e640cb58f4a9f75a24d0820505148c302004436d9)
live: ZK covenant spend enabled, public_inputs=29 vk_bytes=1192 proof_bytes=128
live: built P2SH covenant spend, txid = [b6, d9, 3c, 03, f6, b5, f6, 14, 8b, 9c, a1, 38, 2c, 0e, 47, 3e, b8, e4, 0a, d4, 25, ab, 6e, 6f, c9, a3, 80, be, 62, ea, 95, 5b]
live: P2SH covenant spend ACCEPTED by node: txid=[b6, d9, 3c, 03, f6, b5, f6, 14, 8b, 9c, a1, 38, 2c, 0e, 47, 3e, b8, e4, 0a, d4, 25, ab, 6e, 6f, c9, a3, 80, be, 62, ea, 95, 5b]
live: mined block, report: accepted=Success
live: reached DAA score 82123 (target 82123)
live: P2SH covenant spend confirmation block mined
live: continuation covenant output confirmed at DAA score 82123
live: native production-ZK allocation guard accepted shape=1x1 spent_allocations=1 new_allocations=1
live: native RGK transition digest = 0xbc6a3048152af4a10fbab807809f30f2a66cf440db8a9b8ddcb87d37bdf1b473 (old_state=0xf4f53af569028a8b79b4f65b6d38d49d964a775387f535e394064e2bfa9df651 new_state=0xf0f03a1dcc041497fb0bfd942e25a05e33f53cca7f10ee88e7893423283e2717 witness_txid=0xb6d93c03f6b5f6148b9ca1382c0e473eb8e40ad425ab6e6fc9a380be62ea955b spent_allocations=1 new_allocations=1 privacy_policy=PrivateLane lane_id=0xf9e2d47ecda382db86ba713e640cb58f4a9f75a24d0820505148c302004436d9)
live: semantic RGK transition statement public_inputs=328 continuation_shape_root=0xdac816b2590092365e0facd91b36504cefcfe508981372910088d6565b9de1a2 policy_commitment=0x4663f5b9404ee4fe0358c6299f73422e955f5fea03e19545f5b8f99472d00bbf
live: semantic Groth16 proof verified public_inputs=41 vk_bytes=1576 proof_bytes=128
test live_toccata_full_covenant_lifecycle has been running for over 60 seconds
live: supported allocation-vector Groth16 proof verified shape=1x1 public_inputs=41 vk_bytes=1576 proof_bytes=128
live: allocation transcript segment Groth16 proof verified sides=2 segments=2 allocations=2 public_inputs_each=16 vk_bytes=776 proof_bytes_each=128 spent_root=0x9226176b0ad578ce003a09bac7983c4b54f6e85d02c636104cac4dd52d228575 new_root=0x5456d206a74661554d2aabd0215714ac7c42b2d810e84d27004d81dc94a40f80 spent_amount_commitment=0x68c92efdcb7c6f9096537d37af74aba44d7615915ce88c51711c5c6d4983ff34 new_amount_commitment=0xc1760514d6f2d480507ea9247be6f416c04d9b32a5d210dba8d01d576c64a1b3
live: allocation conservation Groth16 chain verified sides=2 segments=2 allocations=2 public_inputs_each=24 final_public_inputs=10 segment_vk_bytes=1032 segment_proof_bytes_each=128 final_vk_bytes=584 final_proof_bytes=128 spent_total_commitment=0x1a0a0bbd33746c96287dfb9516ca9f5d84b84320e66092e64860c6c9e2e1bbff new_total_commitment=0x0b1f4432d9e6afc40148127ff4ae5fba3c356190d8ca733385f21e27cd88b7d7
live: allocation exclusion segment-pair Groth16 proof verified spent_segments=1 new_segments=1 pair_grid=1 public_inputs=29 vk_bytes=1192 proof_bytes=128 spent_root=0x9226176b0ad578ce003a09bac7983c4b54f6e85d02c636104cac4dd52d228575 new_root=0x5456d206a74661554d2aabd0215714ac7c42b2d810e84d27004d81dc94a40f80 spent_amount_commitment=0x68c92efdcb7c6f9096537d37af74aba44d7615915ce88c51711c5c6d4983ff34 new_amount_commitment=0xc1760514d6f2d480507ea9247be6f416c04d9b32a5d210dba8d01d576c64a1b3
live: allocation audit bundle verified spent_segments=1 new_segments=1 exclusion_cells=1 spent_final_root=0x9226176b0ad578ce003a09bac7983c4b54f6e85d02c636104cac4dd52d228575 new_final_root=0x5456d206a74661554d2aabd0215714ac7c42b2d810e84d27004d81dc94a40f80 spent_total_commitment=0x1a0a0bbd33746c96287dfb9516ca9f5d84b84320e66092e64860c6c9e2e1bbff new_total_commitment=0x0b1f4432d9e6afc40148127ff4ae5fba3c356190d8ca733385f21e27cd88b7d7
live: allocation audit certificate verified certificate_id=0xad48799dfdbf93a7a7affb54cfef8bcbaaaa658e7480be38b461203258b7780f proof_cells=6 vk_bytes_total=5392 proof_bytes_total=768 canonical_bytes=11826
live: allocation audit certificate indexed certificate_id=0xad48799dfdbf93a7a7affb54cfef8bcbaaaa658e7480be38b461203258b7780f canonical_bytes=11826
live: registered private lane for view-key discovery (lane_id=0xf9e2d47ecda382db86ba713e640cb58f4a9f75a24d0820505148c302004436d9 scan_tag=0x3539f43aecf990bfd09e4b081ddba2835253710fa8a4022904e6ea61b963c62d privacy_policy=PrivateLane)
live: lane-discovery Groth16 proof verified public_inputs=9 vk_bytes=552 proof_bytes=128 lane_id=0xf9e2d47ecda382db86ba713e640cb58f4a9f75a24d0820505148c302004436d9 scan_tag=0x3539f43aecf990bfd09e4b081ddba2835253710fa8a4022904e6ea61b963c62d
live: lane-graph Groth16 proof verified nodes=2 public_inputs=22 vk_bytes=968 proof_bytes=128 graph_root=0x6ab1ca5ef8165554c39398f6ee2cd4419bd605cc09e507fec6264f1bdebd4dfc current_lane=0xf9e2d47ecda382db86ba713e640cb58f4a9f75a24d0820505148c302004436d9 next_scan_tag=0xa1300bb57a56c79e1c43eda255ac6cb55b7e04c247681d77a754ed07551312ea
live: segmented lane-graph Groth16 proof chain verified segments=2 nodes=4 public_inputs_each=27 vk_bytes=1128 proof_bytes_each=128 start_root=0x78145c2e5e78351ffa3d0e266b1a5cb8c3eb318b074a9bcaa407fcdbc6068573 final_root=0x90f47d54d63afe8eb7e59071e891fc14e966bd0658f617d25711d29276b01bde current_lane=0xf9e2d47ecda382db86ba713e640cb58f4a9f75a24d0820505148c302004436d9 final_scan_tag=0x85fb37ef816bbbe85f5e9bb524575608a66e5914ee7bbd0507cf143449b00fdc
live: resolver state = NativeTransitionedValid { covenant: [23, 169, 239, 215, 7, 138, 0, 6, 99, 224, 19, 129, 183, 77, 104, 245, 202, 76, 33, 25, 213, 96, 95, 193, 154, 230, 29, 209, 3, 39, 179, 52], spent_outpoint: KaspaOutpoint { transaction_id: [52, 227, 157, 126, 24, 82, 6, 128, 181, 170, 79, 75, 58, 97, 27, 123, 13, 60, 136, 26, 83, 246, 188, 141, 50, 125, 80, 251, 151, 18, 55, 143], index: 0 }, new_outpoint: KaspaOutpoint { transaction_id: [182, 217, 60, 3, 246, 181, 246, 20, 139, 156, 161, 56, 44, 14, 71, 62, 184, 228, 10, 212, 37, 171, 110, 111, 201, 163, 128, 190, 98, 234, 149, 91], index: 0 }, receipt_id: [26, 110, 186, 173, 214, 198, 189, 117, 247, 114, 228, 131, 129, 11, 47, 144, 160, 129, 149, 180, 105, 165, 5, 114, 155, 76, 112, 173, 233, 201, 49, 219], new_state: RgkStateCommitment { version: 1, chain_id: KaspaDevnet, covenant_id: [23, 169, 239, 215, 7, 138, 0, 6, 99, 224, 19, 129, 183, 77, 104, 245, 202, 76, 33, 25, 213, 96, 95, 193, 154, 230, 29, 209, 3, 39, 179, 52], asset_id: [66, 66, 66, 66, 66, 66, 66, 66, 66, 66, 66, 66, 66, 66, 66, 66, 66, 66, 66, 66, 66, 66, 66, 66, 66, 66, 66, 66, 66, 66, 66, 66], state_digest: [240, 240, 58, 29, 204, 4, 20, 151, 251, 11, 253, 148, 46, 37, 160, 94, 51, 245, 60, 202, 127, 16, 238, 136, 231, 137, 52, 35, 40, 62, 39, 23], receipt_policy: ZkOrVerifier }, allocation_audit_certificate: Some(AllocationAuditCertificateRecord { certificate_id: "0xad48799dfdbf93a7a7affb54cfef8bcbaaaa658e7480be38b461203258b7780f", canonical_bytes_len: 11826 }), confirmation_depth: 1 }
live: resolver carried phase-2 native state digest = 0xf0f03a1dcc041497fb0bfd942e25a05e33f53cca7f10ee88e7893423283e2717
live: view-key lane resolver classified as NativeTransitionedValid (lane_id=0xf9e2d47ecda382db86ba713e640cb58f4a9f75a24d0820505148c302004436d9 scan_tag=0x3539f43aecf990bfd09e4b081ddba2835253710fa8a4022904e6ea61b963c62d)
live: covenant transition classified as NativeTransitionedValid from the confirmed live Kaspa Toccata devnet spend (covenant_id=[17, a9, ef, d7, 07, 8a, 00, 06, 63, e0, 13, 81, b7, 4d, 68, f5, ca, 4c, 21, 19, d5, 60, 5f, c1, 9a, e6, 1d, d1, 03, 27, b3, 34])
live: policy migration proof recovered after Sled reopen (previous_policy=verifier-only new_policy=zk-or-verifier migration=0xc9cf45882f29544914fbd64ad00dbd1d9daf73d4eaa71e40baa1a2dc482b6537 state_digest=0xf0f03a1dcc041497fb0bfd942e25a05e33f53cca7f10ee88e7893423283e2717 resolver=NativeTransitionedValid)
live: persistent allocation audit certificate recovered certificate_id=0xad48799dfdbf93a7a7affb54cfef8bcbaaaa658e7480be38b461203258b7780f canonical_bytes=11826
live: persistent indexer recovered covenant after resolver indexing (covenant_id=[17, a9, ef, d7, 07, 8a, 00, 06, 63, e0, 13, 81, b7, 4d, 68, f5, ca, 4c, 21, 19, d5, 60, 5f, c1, 9a, e6, 1d, d1, 03, 27, b3, 34] cursor_daa=82123)
test live_toccata_full_covenant_lifecycle ... ok

test result: ok. 1 passed; 0 failed; 0 ignored; 0 measured; 0 filtered out; finished in 257.29s

[e2e-devnet] running rgk-sync scanner smoke (initialise cursor)
   Compiling kaspa-wrpc-client v1.2.2-toc.4 (/Users/arthur/RustroverProjects/rusty-kaspa/rpc/wrpc/client)
   Compiling rgk-kaspa v0.1.0 (/Users/arthur/RustroverProjects/rgk/crates/rgk-kaspa)
   Compiling rgk-sync v0.1.0 (/Users/arthur/RustroverProjects/rgk/crates/rgk-sync)
    Finished `dev` profile [optimized + debuginfo] target(s) in 3.12s
     Running `target/debug/rgk-sync --url 'ws://127.0.0.1:19111/v2/kaspa/devnet/no-tls/wrpc/borsh' --network devnet --db /Users/arthur/RustroverProjects/rgk/target/rgk-devnet-evidence/sled --once`
tick initialised=true added_chain_blocks=0 observed_spends=0 start_daa=82123 end_daa=82123 end_hash_prefix=d9ae7659dae55b1a
[e2e-devnet] running rgk-sync scanner smoke (reload cursor)
    Finished `dev` profile [optimized + debuginfo] target(s) in 0.20s
     Running `target/debug/rgk-sync --url 'ws://127.0.0.1:19111/v2/kaspa/devnet/no-tls/wrpc/borsh' --network devnet --db /Users/arthur/RustroverProjects/rgk/target/rgk-devnet-evidence/sled --once`
tick initialised=false added_chain_blocks=0 observed_spends=0 start_daa=82123 end_daa=82123 end_hash_prefix=d9ae7659dae55b1a
[e2e-devnet] verifying examples coverage matrix
[verify-silverscript-artifacts] ok: /Users/arthur/RustroverProjects/rgk/examples/silverscript/artifacts/manifest.tsv rows=5 compiler=d25bd3427a093c17327ca3d6b9e1aa5f7688c863
[verify-example-matrix] ok: /Users/arthur/RustroverProjects/rgk/examples/contract-matrix.tsv rows=5
[verify-devnet-evidence] ok: /Users/arthur/RustroverProjects/rgk/target/rgk-devnet-evidence/latest.txt
[e2e-devnet] evidence: /Users/arthur/RustroverProjects/rgk/target/rgk-devnet-evidence/latest.txt

== stderr ==
