== stdout ==
[run-kaspa-devnet] launching /Users/arthur/RustroverProjects/rgk/external/rusty-kaspa-toccata/target/release/kaspad in background
[run-kaspa-devnet] pid: 38650
[run-kaspa-devnet] log: /Users/arthur/RustroverProjects/rgk/.rgk-devnet/kaspad.log
[run-kaspa-devnet] waiting for wRPC at ws://127.0.0.1:19111
[run-kaspa-devnet] wRPC ready after 2s
[e2e-devnet] live devnet RPC: ws://127.0.0.1:19111/v2/kaspa/devnet/no-tls/wrpc/borsh
[e2e-devnet] running live_devnet test
   Compiling kaspa-wrpc-client v1.2.2-toc.4 (/Users/arthur/RustroverProjects/rusty-kaspa/rpc/wrpc/client)
   Compiling rgk-kaspa v0.1.0 (/Users/arthur/RustroverProjects/rgk/crates/rgk-kaspa)
   Compiling rgk-sync v0.1.0 (/Users/arthur/RustroverProjects/rgk/crates/rgk-sync)
   Compiling rgk-resolver v0.1.0 (/Users/arthur/RustroverProjects/rgk/crates/rgk-resolver)
   Compiling rgk-e2e v0.1.0 (/Users/arthur/RustroverProjects/rgk/tests/rgk-e2e)
    Finished `test` profile [optimized + debuginfo] target(s) in 2.71s
     Running tests/live_devnet.rs (target/debug/deps/live_devnet-a446d7acbb399c7f)

running 2 tests
live-devnet: server_version=1.2.2-toc.4 network_id=devnet is_synced=false has_utxo_index=true
test live_devnet_reports_toccata_node_identity ... ok
live-devnet: scan cursor initialised chain=KaspaDevnet daa=62093 hash_prefix=095ed4d16bc3b3b5
test live_devnet_initialises_persistent_scan_cursor ... ok

test result: ok. 2 passed; 0 failed; 0 ignored; 0 measured; 0 filtered out; finished in 0.07s

[e2e-devnet] running policy migration recovery fixture
    Finished `test` profile [optimized + debuginfo] target(s) in 0.09s
     Running unittests src/lib.rs (target/debug/deps/rgk_e2e-61e4ff2d6b6c07e6)

running 1 test
RGK policy migration recovery
  chain:           KaspaLocalToccata
  covenant:        0xc750aee85561dc562b16688f01a736f81ed26948e166280ff5cd2a6f970d6599
  spent_txid:      0x2121212121212121212121212121212121212121212121212121212121212121
  new_txid:        0x2222222222222222222222222222222222222222222222222222222222222222
  previous_policy: verifier-only
  new_policy:      zk-or-verifier
  migration:       0x595de1d206e02c94795f46e960bf6e2230dd921d0ebfa3470a36fe05ec972be6
  resolver:        NativeTransitionedValid { covenant: [199, 80, 174, 232, 85, 97, 220, 86, 43, 22, 104, 143, 1, 167, 54, 248, 30, 210, 105, 72, 225, 102, 40, 15, 245, 205, 42, 111, 151, 13, 101, 153], spent_outpoint: KaspaOutpoint { transaction_id: [33, 33, 33, 33, 33, 33, 33, 33, 33, 33, 33, 33, 33, 33, 33, 33, 33, 33, 33, 33, 33, 33, 33, 33, 33, 33, 33, 33, 33, 33, 33, 33], index: 0 }, new_outpoint: KaspaOutpoint { transaction_id: [34, 34, 34, 34, 34, 34, 34, 34, 34, 34, 34, 34, 34, 34, 34, 34, 34, 34, 34, 34, 34, 34, 34, 34, 34, 34, 34, 34, 34, 34, 34, 34], index: 0 }, receipt_id: [89, 93, 225, 210, 6, 224, 44, 148, 121, 95, 70, 233, 96, 191, 110, 34, 48, 221, 146, 29, 14, 191, 163, 71, 10, 54, 254, 5, 236, 151, 43, 230], new_state: RgkStateCommitment { version: 1, chain_id: KaspaLocalToccata, covenant_id: [199, 80, 174, 232, 85, 97, 220, 86, 43, 22, 104, 143, 1, 167, 54, 248, 30, 210, 105, 72, 225, 102, 40, 15, 245, 205, 42, 111, 151, 13, 101, 153], asset_id: [66, 66, 66, 66, 66, 66, 66, 66, 66, 66, 66, 66, 66, 66, 66, 66, 66, 66, 66, 66, 66, 66, 66, 66, 66, 66, 66, 66, 66, 66, 66, 66], state_digest: [50, 50, 50, 50, 50, 50, 50, 50, 50, 50, 50, 50, 50, 50, 50, 50, 50, 50, 50, 50, 50, 50, 50, 50, 50, 50, 50, 50, 50, 50, 50, 50], receipt_policy: ZkOrVerifier }, confirmation_depth: 1 }

test policy_migration_recovery_fixture_survives_reopen ... ok

test result: ok. 1 passed; 0 failed; 0 ignored; 0 measured; 3 filtered out; finished in 0.04s

[e2e-devnet] running full covenant lifecycle on devnet
   Compiling kaspa-wrpc-client v1.2.2-toc.4 (/Users/arthur/RustroverProjects/rusty-kaspa/rpc/wrpc/client)
   Compiling rgk-kaspa v0.1.0 (/Users/arthur/RustroverProjects/rgk/crates/rgk-kaspa)
   Compiling rgk-resolver v0.1.0 (/Users/arthur/RustroverProjects/rgk/crates/rgk-resolver)
   Compiling rgk-sync v0.1.0 (/Users/arthur/RustroverProjects/rgk/crates/rgk-sync)
   Compiling rgk-e2e v0.1.0 (/Users/arthur/RustroverProjects/rgk/tests/rgk-e2e)
    Finished `test` profile [optimized + debuginfo] target(s) in 2.37s
     Running tests/live_covenant.rs (target/debug/deps/live_covenant-7bf44a871ab07a5e)

running 1 test
live: connected to devnet wRPC (chain_id=KaspaDevnet)
live: fixed keypair address = kaspadev:qzzt7atzyc4m662qppt53ua7dta99t33w923s8kwxxmxx5wvl7jtq0ahp67m9
live: fixed pubkey x-only = [84, bf, 75, 62, 26, 2b, bd, 69, 40, 08, 57, 48, f3, be, 6a, fa, 52, ae, 31, 71, 55, 18, 1e, ce, 31, b6, 63, 51, cc, ff, a4, b0]
live: generated keypair, devnet address: kaspadev:qzzt7atzyc4m662qppt53ua7dta99t33w923s8kwxxmxx5wvl7jtq0ahp67m9
live: mined block, report: accepted=Success
live: reached DAA score 62094 (target 1)
live: coinbase block 1 mined; mining 2000 more so the FIRST coinbase UTXO matures (need DAA >= 1001 to spend it)...
live: mined 100/2000 blocks (0.2s)
live: mined 200/2000 blocks (0.3s)
live: mined 300/2000 blocks (0.5s)
live: mined 400/2000 blocks (0.6s)
live: mined 500/2000 blocks (0.7s)
live: mined 600/2000 blocks (0.8s)
live: mined 700/2000 blocks (0.8s)
live: mined 800/2000 blocks (0.9s)
live: mined 900/2000 blocks (1.0s)
live: mined 1000/2000 blocks (1.1s)
live: mined 1100/2000 blocks (1.1s)
live: mined 1200/2000 blocks (1.2s)
live: mined 1300/2000 blocks (1.3s)
live: mined 1400/2000 blocks (1.3s)
live: mined 1500/2000 blocks (1.4s)
live: mined 1600/2000 blocks (1.5s)
live: mined 1700/2000 blocks (1.5s)
live: mined 1800/2000 blocks (1.6s)
live: mined 1900/2000 blocks (1.7s)
live: mined 2000/2000 blocks (1.7s)
live: mined 2000 blocks in 1.7s
live: reached DAA score 64094 (target 2001)
live: oldest coinbase UTXO is now mature (DAA >= 2001)
live: selected coinbase UTXO at DAA 33 (oldest, mature)
live: fetched coinbase UTXO txid=[4f, e1, df, bc, 8b, 9a, f2, 0d, 56, dd, 2c, 15, 80, 02, fd, ff, 24, de, 56, 06, da, 76, b7, 5a, 7e, a8, fc, 7b, 08, e5, 22, 00] index=0 value=4400000000
live: computed covenant_id = [08, 04, 84, 92, 9d, 6e, 67, 3c, 4b, 3d, 15, c7, 1d, b4, bf, a2, 4b, 34, 39, b4, 65, 3b, 7b, 00, ec, 60, 49, d3, 8f, a1, 2a, c8] for the genesis output (value=4396000000, fee=4000000)
live: signed covenant tx, txid = [73, f7, e0, 2c, 80, 7a, 77, 51, d4, f5, 32, 07, 10, c5, bf, 10, 9b, 73, 8b, 01, 99, 43, dd, 80, 42, fa, 38, bb, 2c, 7c, ba, fe]
live: covenant tx ACCEPTED by node: txid=[73, f7, e0, 2c, 80, 7a, 77, 51, d4, f5, 32, 07, 10, c5, bf, 10, 9b, 73, 8b, 01, 99, 43, dd, 80, 42, fa, 38, bb, 2c, 7c, ba, fe]
live: mined block, report: accepted=Success
live: reached DAA score 64095 (target 2)
live: confirmation block 2 mined
live: covenant output confirmed at DAA score 64095 with covenant_id=[08, 04, 84, 92, 9d, 6e, 67, 3c, 4b, 3d, 15, c7, 1d, b4, bf, a2, 4b, 34, 39, b4, 65, 3b, 7b, 00, ec, 60, 49, d3, 8f, a1, 2a, c8]
live: native RGK asset state digest = 0x70f5a8b7a1549d2234f5e50ee9a9fa26fd82d0b61351d34949d0ffa5154fa433 (allocations=1 daa=64095 confirmations=1 privacy_policy=PrivateLane lane_id=0xf9e2d47ecda382db86ba713e640cb58f4a9f75a24d0820505148c302004436d9)
live: ZK covenant spend enabled, public_inputs=29 vk_bytes=1192 proof_bytes=128
live: built P2SH covenant spend, txid = [b0, c1, 2e, 5d, 81, fc, e3, 3d, a6, be, 33, 38, ad, 72, 7b, 3d, 37, 1f, ce, 2b, 58, 94, 7b, 91, 3a, b2, 64, bf, 23, 1d, a1, 45]
live: P2SH covenant spend ACCEPTED by node: txid=[b0, c1, 2e, 5d, 81, fc, e3, 3d, a6, be, 33, 38, ad, 72, 7b, 3d, 37, 1f, ce, 2b, 58, 94, 7b, 91, 3a, b2, 64, bf, 23, 1d, a1, 45]
live: mined block, report: accepted=Success
live: reached DAA score 64096 (target 64096)
live: P2SH covenant spend confirmation block mined
live: continuation covenant output confirmed at DAA score 64096
live: native production-ZK allocation guard accepted shape=1x1 spent_allocations=1 new_allocations=1
live: native RGK transition digest = 0x71cc672658f58009f553ba551a36375bfc106326f9581f3eda072b886950f0fa (old_state=0x70f5a8b7a1549d2234f5e50ee9a9fa26fd82d0b61351d34949d0ffa5154fa433 new_state=0x46b02a6eb0659fbed3f33495df30ee56c7f0739612068b9ec3825f459cbec564 witness_txid=0xb0c12e5d81fce33da6be3338ad727b3d371fce2b58947b913ab264bf231da145 spent_allocations=1 new_allocations=1 privacy_policy=PrivateLane lane_id=0xf9e2d47ecda382db86ba713e640cb58f4a9f75a24d0820505148c302004436d9)
live: semantic RGK transition statement public_inputs=328 continuation_shape_root=0xec619a4179ee25206de79e65b2191464b695aca1766a50d2cb0a58d8d5526d5d policy_commitment=0x4663f5b9404ee4fe0358c6299f73422e955f5fea03e19545f5b8f99472d00bbf
live: semantic Groth16 proof verified public_inputs=41 vk_bytes=1576 proof_bytes=128
test live_toccata_full_covenant_lifecycle has been running for over 60 seconds
live: supported allocation-vector Groth16 proof verified shape=1x1 public_inputs=41 vk_bytes=1576 proof_bytes=128
live: allocation transcript segment Groth16 proof verified sides=2 segments=2 allocations=2 public_inputs_each=16 vk_bytes=776 proof_bytes_each=128 spent_root=0x0eae6a689de54ec073bc682f2ca09397650fece450fa624599c5f7dceb21e28e new_root=0x58980871b7a4a412d136770bad3ec812a69a4409c9906593613cd6dc973ae836 spent_amount_commitment=0x68c92efdcb7c6f9096537d37af74aba44d7615915ce88c51711c5c6d4983ff34 new_amount_commitment=0xc1760514d6f2d480507ea9247be6f416c04d9b32a5d210dba8d01d576c64a1b3
live: allocation conservation Groth16 chain verified sides=2 segments=2 allocations=2 public_inputs_each=24 final_public_inputs=10 segment_vk_bytes=1032 segment_proof_bytes_each=128 final_vk_bytes=584 final_proof_bytes=128 spent_total_commitment=0x1a0a0bbd33746c96287dfb9516ca9f5d84b84320e66092e64860c6c9e2e1bbff new_total_commitment=0x0b1f4432d9e6afc40148127ff4ae5fba3c356190d8ca733385f21e27cd88b7d7
live: allocation exclusion segment-pair Groth16 proof verified spent_segments=1 new_segments=1 pair_grid=1 public_inputs=29 vk_bytes=1192 proof_bytes=128 spent_root=0x0eae6a689de54ec073bc682f2ca09397650fece450fa624599c5f7dceb21e28e new_root=0x58980871b7a4a412d136770bad3ec812a69a4409c9906593613cd6dc973ae836 spent_amount_commitment=0x68c92efdcb7c6f9096537d37af74aba44d7615915ce88c51711c5c6d4983ff34 new_amount_commitment=0xc1760514d6f2d480507ea9247be6f416c04d9b32a5d210dba8d01d576c64a1b3
live: allocation audit bundle verified spent_segments=1 new_segments=1 exclusion_cells=1 spent_final_root=0x0eae6a689de54ec073bc682f2ca09397650fece450fa624599c5f7dceb21e28e new_final_root=0x58980871b7a4a412d136770bad3ec812a69a4409c9906593613cd6dc973ae836 spent_total_commitment=0x1a0a0bbd33746c96287dfb9516ca9f5d84b84320e66092e64860c6c9e2e1bbff new_total_commitment=0x0b1f4432d9e6afc40148127ff4ae5fba3c356190d8ca733385f21e27cd88b7d7
live: registered private lane for view-key discovery (lane_id=0xf9e2d47ecda382db86ba713e640cb58f4a9f75a24d0820505148c302004436d9 scan_tag=0x3539f43aecf990bfd09e4b081ddba2835253710fa8a4022904e6ea61b963c62d privacy_policy=PrivateLane)
live: lane-discovery Groth16 proof verified public_inputs=9 vk_bytes=552 proof_bytes=128 lane_id=0xf9e2d47ecda382db86ba713e640cb58f4a9f75a24d0820505148c302004436d9 scan_tag=0x3539f43aecf990bfd09e4b081ddba2835253710fa8a4022904e6ea61b963c62d
live: lane-graph Groth16 proof verified nodes=2 public_inputs=22 vk_bytes=968 proof_bytes=128 graph_root=0x6ab1ca5ef8165554c39398f6ee2cd4419bd605cc09e507fec6264f1bdebd4dfc current_lane=0xf9e2d47ecda382db86ba713e640cb58f4a9f75a24d0820505148c302004436d9 next_scan_tag=0xa1300bb57a56c79e1c43eda255ac6cb55b7e04c247681d77a754ed07551312ea
live: segmented lane-graph Groth16 proof chain verified segments=2 nodes=4 public_inputs_each=27 vk_bytes=1128 proof_bytes_each=128 start_root=0x78145c2e5e78351ffa3d0e266b1a5cb8c3eb318b074a9bcaa407fcdbc6068573 final_root=0x90f47d54d63afe8eb7e59071e891fc14e966bd0658f617d25711d29276b01bde current_lane=0xf9e2d47ecda382db86ba713e640cb58f4a9f75a24d0820505148c302004436d9 final_scan_tag=0x85fb37ef816bbbe85f5e9bb524575608a66e5914ee7bbd0507cf143449b00fdc
live: resolver state = NativeTransitionedValid { covenant: [8, 4, 132, 146, 157, 110, 103, 60, 75, 61, 21, 199, 29, 180, 191, 162, 75, 52, 57, 180, 101, 59, 123, 0, 236, 96, 73, 211, 143, 161, 42, 200], spent_outpoint: KaspaOutpoint { transaction_id: [115, 247, 224, 44, 128, 122, 119, 81, 212, 245, 50, 7, 16, 197, 191, 16, 155, 115, 139, 1, 153, 67, 221, 128, 66, 250, 56, 187, 44, 124, 186, 254], index: 0 }, new_outpoint: KaspaOutpoint { transaction_id: [176, 193, 46, 93, 129, 252, 227, 61, 166, 190, 51, 56, 173, 114, 123, 61, 55, 31, 206, 43, 88, 148, 123, 145, 58, 178, 100, 191, 35, 29, 161, 69], index: 0 }, receipt_id: [75, 240, 148, 180, 0, 72, 70, 112, 245, 224, 161, 41, 119, 189, 219, 123, 103, 176, 214, 63, 153, 236, 188, 183, 247, 175, 67, 135, 153, 72, 200, 52], new_state: RgkStateCommitment { version: 1, chain_id: KaspaDevnet, covenant_id: [8, 4, 132, 146, 157, 110, 103, 60, 75, 61, 21, 199, 29, 180, 191, 162, 75, 52, 57, 180, 101, 59, 123, 0, 236, 96, 73, 211, 143, 161, 42, 200], asset_id: [66, 66, 66, 66, 66, 66, 66, 66, 66, 66, 66, 66, 66, 66, 66, 66, 66, 66, 66, 66, 66, 66, 66, 66, 66, 66, 66, 66, 66, 66, 66, 66], state_digest: [70, 176, 42, 110, 176, 101, 159, 190, 211, 243, 52, 149, 223, 48, 238, 86, 199, 240, 115, 150, 18, 6, 139, 158, 195, 130, 95, 69, 156, 190, 197, 100], receipt_policy: ZkOrVerifier }, confirmation_depth: 1 }
live: resolver carried phase-2 native state digest = 0x46b02a6eb0659fbed3f33495df30ee56c7f0739612068b9ec3825f459cbec564
live: view-key lane resolver classified as NativeTransitionedValid (lane_id=0xf9e2d47ecda382db86ba713e640cb58f4a9f75a24d0820505148c302004436d9 scan_tag=0x3539f43aecf990bfd09e4b081ddba2835253710fa8a4022904e6ea61b963c62d)
live: covenant transition classified as NativeTransitionedValid from the confirmed live Kaspa Toccata devnet spend (covenant_id=[08, 04, 84, 92, 9d, 6e, 67, 3c, 4b, 3d, 15, c7, 1d, b4, bf, a2, 4b, 34, 39, b4, 65, 3b, 7b, 00, ec, 60, 49, d3, 8f, a1, 2a, c8])
live: policy migration proof recovered after Sled reopen (previous_policy=verifier-only new_policy=zk-or-verifier migration=0x54b3bb79bd3d854be58fa389925e712835beaa87e2fef7eabd48fe8bcb20606c state_digest=0x46b02a6eb0659fbed3f33495df30ee56c7f0739612068b9ec3825f459cbec564 resolver=NativeTransitionedValid)
live: persistent indexer recovered covenant after resolver indexing (covenant_id=[08, 04, 84, 92, 9d, 6e, 67, 3c, 4b, 3d, 15, c7, 1d, b4, bf, a2, 4b, 34, 39, b4, 65, 3b, 7b, 00, ec, 60, 49, d3, 8f, a1, 2a, c8] cursor_daa=64096)
test live_toccata_full_covenant_lifecycle ... ok

test result: ok. 1 passed; 0 failed; 0 ignored; 0 measured; 0 filtered out; finished in 240.75s

[e2e-devnet] running rgk-sync scanner smoke (initialise cursor)
   Compiling kaspa-wrpc-client v1.2.2-toc.4 (/Users/arthur/RustroverProjects/rusty-kaspa/rpc/wrpc/client)
   Compiling rgk-kaspa v0.1.0 (/Users/arthur/RustroverProjects/rgk/crates/rgk-kaspa)
   Compiling rgk-sync v0.1.0 (/Users/arthur/RustroverProjects/rgk/crates/rgk-sync)
    Finished `dev` profile [optimized + debuginfo] target(s) in 2.38s
     Running `target/debug/rgk-sync --url 'ws://127.0.0.1:19111/v2/kaspa/devnet/no-tls/wrpc/borsh' --network devnet --db /Users/arthur/RustroverProjects/rgk/target/rgk-devnet-evidence/sled --once`
tick initialised=true added_chain_blocks=0 observed_spends=0 start_daa=64096 end_daa=64096 end_hash_prefix=075bf3dc3fab3ad6
[e2e-devnet] running rgk-sync scanner smoke (reload cursor)
    Finished `dev` profile [optimized + debuginfo] target(s) in 0.18s
     Running `target/debug/rgk-sync --url 'ws://127.0.0.1:19111/v2/kaspa/devnet/no-tls/wrpc/borsh' --network devnet --db /Users/arthur/RustroverProjects/rgk/target/rgk-devnet-evidence/sled --once`
tick initialised=false added_chain_blocks=0 observed_spends=0 start_daa=64096 end_daa=64096 end_hash_prefix=075bf3dc3fab3ad6
[verify-devnet-evidence] ok: /Users/arthur/RustroverProjects/rgk/target/rgk-devnet-evidence/latest.txt
[e2e-devnet] evidence: /Users/arthur/RustroverProjects/rgk/target/rgk-devnet-evidence/latest.txt

== stderr ==
