== stdout ==
[run-kaspa-devnet] launching /Users/arthur/RustroverProjects/rgk/external/rusty-kaspa-toccata/target/release/kaspad in background
[run-kaspa-devnet] pid: 93625
[run-kaspa-devnet] log: /Users/arthur/RustroverProjects/rgk/.rgk-devnet/kaspad.log
[run-kaspa-devnet] waiting for wRPC at ws://127.0.0.1:19111
[run-kaspa-devnet] wRPC ready after 2s
[e2e-devnet] live devnet RPC: ws://127.0.0.1:19111/v2/kaspa/devnet/no-tls/wrpc/borsh
[e2e-devnet] running live_devnet test
   Compiling rgk-asset v0.1.0 (/Users/arthur/RustroverProjects/rgk/crates/rgk-asset)
   Compiling kaspa-wrpc-client v1.2.2-toc.4 (/Users/arthur/RustroverProjects/rusty-kaspa/rpc/wrpc/client)
   Compiling rgk-zk v0.1.0 (/Users/arthur/RustroverProjects/rgk/crates/rgk-zk)
   Compiling rgk-kaspa v0.1.0 (/Users/arthur/RustroverProjects/rgk/crates/rgk-kaspa)
   Compiling rgk-sync v0.1.0 (/Users/arthur/RustroverProjects/rgk/crates/rgk-sync)
   Compiling rgk-resolver v0.1.0 (/Users/arthur/RustroverProjects/rgk/crates/rgk-resolver)
   Compiling rgk-e2e v0.1.0 (/Users/arthur/RustroverProjects/rgk/tests/rgk-e2e)
    Finished `test` profile [optimized + debuginfo] target(s) in 4.69s
     Running tests/live_devnet.rs (target/debug/deps/live_devnet-a446d7acbb399c7f)

running 2 tests
live-devnet: server_version=1.2.2-toc.4 network_id=devnet is_synced=false has_utxo_index=true
test live_devnet_reports_toccata_node_identity ... ok
live-devnet: scan cursor initialised chain=KaspaDevnet daa=78117 hash_prefix=d3983359e1d3a2c0
test live_devnet_initialises_persistent_scan_cursor ... ok

test result: ok. 2 passed; 0 failed; 0 ignored; 0 measured; 0 filtered out; finished in 0.08s

[e2e-devnet] running policy migration recovery fixture
   Compiling rgk-resolver v0.1.0 (/Users/arthur/RustroverProjects/rgk/crates/rgk-resolver)
   Compiling rgk-e2e v0.1.0 (/Users/arthur/RustroverProjects/rgk/tests/rgk-e2e)
    Finished `test` profile [optimized + debuginfo] target(s) in 1.26s
     Running unittests src/lib.rs (target/debug/deps/rgk_e2e-61e4ff2d6b6c07e6)

running 1 test
RGK policy migration recovery
  chain:           KaspaLocalToccata
  covenant:        0xc750aee85561dc562b16688f01a736f81ed26948e166280ff5cd2a6f970d6599
  spent_txid:      0x2121212121212121212121212121212121212121212121212121212121212121
  new_txid:        0x2222222222222222222222222222222222222222222222222222222222222222
  previous_policy: verifier-only
  new_policy:      zk-or-verifier
  migration:       0x595de1d206e02c94795f46e960bf6e2230dd921d0ebfa3470a36fe05ec972be6
  resolver:        NativeTransitionedValid { covenant: [199, 80, 174, 232, 85, 97, 220, 86, 43, 22, 104, 143, 1, 167, 54, 248, 30, 210, 105, 72, 225, 102, 40, 15, 245, 205, 42, 111, 151, 13, 101, 153], spent_outpoint: KaspaOutpoint { transaction_id: [33, 33, 33, 33, 33, 33, 33, 33, 33, 33, 33, 33, 33, 33, 33, 33, 33, 33, 33, 33, 33, 33, 33, 33, 33, 33, 33, 33, 33, 33, 33, 33], index: 0 }, new_outpoint: KaspaOutpoint { transaction_id: [34, 34, 34, 34, 34, 34, 34, 34, 34, 34, 34, 34, 34, 34, 34, 34, 34, 34, 34, 34, 34, 34, 34, 34, 34, 34, 34, 34, 34, 34, 34, 34], index: 0 }, receipt_id: [89, 93, 225, 210, 6, 224, 44, 148, 121, 95, 70, 233, 96, 191, 110, 34, 48, 221, 146, 29, 14, 191, 163, 71, 10, 54, 254, 5, 236, 151, 43, 230], new_state: RgkStateCommitment { version: 1, chain_id: KaspaLocalToccata, covenant_id: [199, 80, 174, 232, 85, 97, 220, 86, 43, 22, 104, 143, 1, 167, 54, 248, 30, 210, 105, 72, 225, 102, 40, 15, 245, 205, 42, 111, 151, 13, 101, 153], asset_id: [66, 66, 66, 66, 66, 66, 66, 66, 66, 66, 66, 66, 66, 66, 66, 66, 66, 66, 66, 66, 66, 66, 66, 66, 66, 66, 66, 66, 66, 66, 66, 66], state_digest: [50, 50, 50, 50, 50, 50, 50, 50, 50, 50, 50, 50, 50, 50, 50, 50, 50, 50, 50, 50, 50, 50, 50, 50, 50, 50, 50, 50, 50, 50, 50, 50], receipt_policy: ZkOrVerifier }, allocation_audit_certificate: None, confirmation_depth: 1 }

test policy_migration_recovery_fixture_survives_reopen ... ok

test result: ok. 1 passed; 0 failed; 0 ignored; 0 measured; 3 filtered out; finished in 0.04s

[e2e-devnet] running native burn lifecycle fixtures
    Finished `test` profile [optimized + debuginfo] target(s) in 0.07s
     Running unittests src/lib.rs (target/debug/deps/rgk_asset-62819fe3dc6f14f9)

running 1 test
test native::tests::native_transition_rejects_supply_inflation_and_deflation ... ok

test result: ok. 1 passed; 0 failed; 0 ignored; 0 measured; 35 filtered out; finished in 0.00s

    Finished `test` profile [optimized + debuginfo] target(s) in 0.08s
     Running unittests src/lib.rs (target/debug/deps/rgk_asset-62819fe3dc6f14f9)

running 1 test
test native::tests::continuation_accepts_explicit_burn_but_production_zk_fails_closed ... ok

test result: ok. 1 passed; 0 failed; 0 ignored; 0 measured; 35 filtered out; finished in 0.00s

native burn: production-ZK burn guard = ProductionZkBurnUnsupported
[e2e-devnet] running full covenant lifecycle on devnet
   Compiling kaspa-wrpc-client v1.2.2-toc.4 (/Users/arthur/RustroverProjects/rusty-kaspa/rpc/wrpc/client)
   Compiling rgk-zk v0.1.0 (/Users/arthur/RustroverProjects/rgk/crates/rgk-zk)
   Compiling rgk-kaspa v0.1.0 (/Users/arthur/RustroverProjects/rgk/crates/rgk-kaspa)
   Compiling rgk-resolver v0.1.0 (/Users/arthur/RustroverProjects/rgk/crates/rgk-resolver)
   Compiling rgk-sync v0.1.0 (/Users/arthur/RustroverProjects/rgk/crates/rgk-sync)
   Compiling rgk-e2e v0.1.0 (/Users/arthur/RustroverProjects/rgk/tests/rgk-e2e)
    Finished `test` profile [optimized + debuginfo] target(s) in 5.36s
     Running tests/live_covenant.rs (target/debug/deps/live_covenant-7bf44a871ab07a5e)

running 1 test
live: connected to devnet wRPC (chain_id=KaspaDevnet)
live: fixed keypair address = kaspadev:qzzt7atzyc4m662qppt53ua7dta99t33w923s8kwxxmxx5wvl7jtq0ahp67m9
live: fixed pubkey x-only = [84, bf, 75, 62, 26, 2b, bd, 69, 40, 08, 57, 48, f3, be, 6a, fa, 52, ae, 31, 71, 55, 18, 1e, ce, 31, b6, 63, 51, cc, ff, a4, b0]
live: generated keypair, devnet address: kaspadev:qzzt7atzyc4m662qppt53ua7dta99t33w923s8kwxxmxx5wvl7jtq0ahp67m9
live: mined block, report: accepted=Success
live: reached DAA score 78118 (target 1)
live: coinbase block 1 mined; mining 2000 more so the FIRST coinbase UTXO matures (need DAA >= 1001 to spend it)...
live: mined 100/2000 blocks (0.2s)
live: mined 200/2000 blocks (0.4s)
live: mined 300/2000 blocks (0.5s)
live: mined 400/2000 blocks (0.7s)
live: mined 500/2000 blocks (0.8s)
live: mined 600/2000 blocks (0.9s)
live: mined 700/2000 blocks (1.0s)
live: mined 800/2000 blocks (1.1s)
live: mined 900/2000 blocks (1.3s)
live: mined 1000/2000 blocks (1.4s)
live: mined 1100/2000 blocks (1.5s)
live: mined 1200/2000 blocks (1.6s)
live: mined 1300/2000 blocks (1.7s)
live: mined 1400/2000 blocks (1.7s)
live: mined 1500/2000 blocks (1.8s)
live: mined 1600/2000 blocks (1.9s)
live: mined 1700/2000 blocks (2.0s)
live: mined 1800/2000 blocks (2.1s)
live: mined 1900/2000 blocks (2.2s)
live: mined 2000/2000 blocks (2.2s)
live: mined 2000 blocks in 2.2s
live: reached DAA score 80118 (target 2001)
live: oldest coinbase UTXO is now mature (DAA >= 2001)
live: selected coinbase UTXO at DAA 41 (oldest, mature)
live: fetched coinbase UTXO txid=[a8, ad, bd, bf, b5, d8, ef, 51, 5a, f7, a7, 7e, ec, 11, fb, 5f, cd, 8d, 16, 7c, 26, 15, b5, 98, c9, 14, ee, 1d, 56, 52, 30, 46] index=0 value=4400000000
live: computed covenant_id = [75, 1a, 23, 50, cd, e5, a1, cb, 38, 99, ef, 27, 5d, d7, 6e, a9, 61, 51, f8, 09, 68, ed, 38, c6, 8f, 64, 58, 0d, 82, 09, e1, 0e] for the genesis output (value=4396000000, fee=4000000)
live: signed covenant tx, txid = [89, 43, 01, cf, 01, ac, de, e7, d1, 87, da, 84, 25, 0d, fa, 6d, 3c, 22, 67, a6, 7c, b0, 4a, a0, 69, d3, 7e, ad, 19, 1f, 7e, a4]
live: covenant tx ACCEPTED by node: txid=[89, 43, 01, cf, 01, ac, de, e7, d1, 87, da, 84, 25, 0d, fa, 6d, 3c, 22, 67, a6, 7c, b0, 4a, a0, 69, d3, 7e, ad, 19, 1f, 7e, a4]
live: mined block, report: accepted=Success
live: reached DAA score 80119 (target 2)
live: confirmation block 2 mined
live: covenant output confirmed at DAA score 80119 with covenant_id=[75, 1a, 23, 50, cd, e5, a1, cb, 38, 99, ef, 27, 5d, d7, 6e, a9, 61, 51, f8, 09, 68, ed, 38, c6, 8f, 64, 58, 0d, 82, 09, e1, 0e]
live: native RGK asset state digest = 0x4661b002479b99a0417ea40d501995ce4ee00240e26ba6902d0fcdd1ffc227b6 (allocations=1 daa=80119 confirmations=1 privacy_policy=PrivateLane lane_id=0xf9e2d47ecda382db86ba713e640cb58f4a9f75a24d0820505148c302004436d9)
live: ZK covenant spend enabled, public_inputs=29 vk_bytes=1192 proof_bytes=128
live: built P2SH covenant spend, txid = [b7, 59, b6, 92, 09, ba, 58, e8, a0, 24, fa, f5, dd, 76, 53, d1, 7b, f8, af, 00, 9f, 38, 89, 38, c5, 13, 5e, bf, 20, 55, 48, 65]
live: P2SH covenant spend ACCEPTED by node: txid=[b7, 59, b6, 92, 09, ba, 58, e8, a0, 24, fa, f5, dd, 76, 53, d1, 7b, f8, af, 00, 9f, 38, 89, 38, c5, 13, 5e, bf, 20, 55, 48, 65]
live: mined block, report: accepted=Success
live: reached DAA score 80120 (target 80120)
live: P2SH covenant spend confirmation block mined
live: continuation covenant output confirmed at DAA score 80120
live: native production-ZK allocation guard accepted shape=1x1 spent_allocations=1 new_allocations=1
live: native RGK transition digest = 0xa1624506c10b74625ba4156e39d47f62993ca9c5afbb0617ec5c315665ef6d4d (old_state=0x4661b002479b99a0417ea40d501995ce4ee00240e26ba6902d0fcdd1ffc227b6 new_state=0xcaaf8597a4030cd486148c1c7f4424e5bb5b29c0e25205666cee744319a4f50f witness_txid=0xb759b69209ba58e8a024faf5dd7653d17bf8af009f388938c5135ebf20554865 spent_allocations=1 new_allocations=1 privacy_policy=PrivateLane lane_id=0xf9e2d47ecda382db86ba713e640cb58f4a9f75a24d0820505148c302004436d9)
live: semantic RGK transition statement public_inputs=328 continuation_shape_root=0x1c6211434d3533a76336c3ad6aad581cb715275bf3d5d0e655dc7bde4aad984b policy_commitment=0x4663f5b9404ee4fe0358c6299f73422e955f5fea03e19545f5b8f99472d00bbf
live: semantic Groth16 proof verified public_inputs=41 vk_bytes=1576 proof_bytes=128
test live_toccata_full_covenant_lifecycle has been running for over 60 seconds

thread 'live_toccata_full_covenant_lifecycle' (33625338) panicked at /Users/arthur/.cargo/registry/src/index.crates.io-1949cf8c6b5b557f/ark-groth16-0.5.0/src/prover.rs:193:9:
assertion failed: cs.is_satisfied().unwrap()
note: run with `RUST_BACKTRACE=1` environment variable to display a backtrace
test live_toccata_full_covenant_lifecycle ... FAILED

failures:

failures:
    live_toccata_full_covenant_lifecycle

test result: FAILED. 0 passed; 1 failed; 0 ignored; 0 measured; 0 filtered out; finished in 70.57s

error: test failed, to rerun pass `-p rgk-e2e --test live_covenant`

== stderr ==
