== stdout ==

running 1 test
test live_simnet_full_covenant_lifecycle ... ok

test result: ok. 1 passed; 0 failed; 0 ignored; 0 measured; 0 filtered out; finished in 1.34s


== stderr ==
   Compiling rgk-covenant v0.1.0 (/Users/arthur/RustroverProjects/rgk/crates/rgk-covenant)
   Compiling kaspa-wrpc-client v1.2.2-toc.4 (/Users/arthur/RustroverProjects/rusty-kaspa/rpc/wrpc/client)
   Compiling rgk-indexer v0.1.0 (/Users/arthur/RustroverProjects/rgk/crates/rgk-indexer)
   Compiling rgk-rgb v0.1.0 (/Users/arthur/RustroverProjects/rgk/crates/rgk-rgb)
   Compiling rgk-zk v0.1.0 (/Users/arthur/RustroverProjects/rgk/crates/rgk-zk)
   Compiling rgk-tx v0.1.0 (/Users/arthur/RustroverProjects/rgk/crates/rgk-tx)
   Compiling rgk-kaspa v0.1.0 (/Users/arthur/RustroverProjects/rgk/crates/rgk-kaspa)
   Compiling rgk-resolver v0.1.0 (/Users/arthur/RustroverProjects/rgk/crates/rgk-resolver)
   Compiling rgk-e2e v0.1.0 (/Users/arthur/RustroverProjects/rgk/tests/rgk-e2e)
    Finished `test` profile [optimized + debuginfo] target(s) in 3.95s
     Running tests/live_covenant.rs (target/debug/deps/live_covenant-752d8866f3b309ef)
live: connected to simnet wRPC
live: fixed keypair address = kaspasim:qzzt7atzyc4m662qppt53ua7dta99t33w923s8kwxxmxx5wvl7jtqvn0x5as6
live: fixed pubkey x-only = [84, bf, 75, 62, 26, 2b, bd, 69, 40, 08, 57, 48, f3, be, 6a, fa, 52, ae, 31, 71, 55, 18, 1e, ce, 31, b6, 63, 51, cc, ff, a4, b0]
live: generated keypair, simnet address: kaspasim:qzzt7atzyc4m662qppt53ua7dta99t33w923s8kwxxmxx5wvl7jtqvn0x5as6
live: mined block, report: accepted=Success
live: reached DAA score 10011 (target 1)
live: coinbase block 1 mined; mining 2000 more so the FIRST coinbase UTXO matures (need DAA >= 1001 to spend it)...
live: mined 100/2000 blocks (0.1s)
live: mined 200/2000 blocks (0.1s)
live: mined 300/2000 blocks (0.2s)
live: mined 400/2000 blocks (0.3s)
live: mined 500/2000 blocks (0.3s)
live: mined 600/2000 blocks (0.4s)
live: mined 700/2000 blocks (0.5s)
live: mined 800/2000 blocks (0.5s)
live: mined 900/2000 blocks (0.6s)
live: mined 1000/2000 blocks (0.6s)
live: mined 1100/2000 blocks (0.7s)
live: mined 1200/2000 blocks (0.8s)
live: mined 1300/2000 blocks (0.8s)
live: mined 1400/2000 blocks (0.9s)
live: mined 1500/2000 blocks (1.0s)
live: mined 1600/2000 blocks (1.1s)
live: mined 1700/2000 blocks (1.1s)
live: mined 1800/2000 blocks (1.2s)
live: mined 1900/2000 blocks (1.3s)
live: mined 2000/2000 blocks (1.3s)
live: mined 2000 blocks in 1.3s
live: reached DAA score 12011 (target 2001)
live: oldest coinbase UTXO is now mature (DAA >= 2001)
live: selected coinbase UTXO at DAA 7 (oldest, mature)
live: fetched coinbase UTXO txid=[81, 86, c8, cc, 63, 98, 7f, 08, b2, 31, 75, 61, ce, 57, ac, f2, 3f, cc, 1f, 6b, 46, 8f, dd, 0c, a3, 22, ea, e3, 4b, 9a, 2d, 9c] index=0 value=5000000000
live: computed covenant_id = [9c, bf, 4a, b3, 52, 1e, e7, d3, 3f, be, 79, f3, ab, 7c, e7, a7, 0a, fd, ea, 3e, ba, 3a, 7a, 9d, 11, 5e, a3, 37, 0e, 7b, d0, 34] for the genesis output (value=4996000000, fee=4000000)
live: signed covenant tx, txid = [83, 85, f2, 4c, d7, 74, 31, bd, 69, 42, db, a6, ab, 9b, 45, c8, 17, 4b, 4d, 1b, 9d, 06, 01, 8e, eb, 50, 2e, 0e, 6e, a8, 1e, 27]
live: covenant tx ACCEPTED by node: txid=[83, 85, f2, 4c, d7, 74, 31, bd, 69, 42, db, a6, ab, 9b, 45, c8, 17, 4b, 4d, 1b, 9d, 06, 01, 8e, eb, 50, 2e, 0e, 6e, a8, 1e, 27]
live: mined block, report: accepted=Success
live: reached DAA score 12012 (target 2)
live: confirmation block 2 mined
live: covenant output confirmed at DAA score 12012 with covenant_id=[9c, bf, 4a, b3, 52, 1e, e7, d3, 3f, be, 79, f3, ab, 7c, e7, a7, 0a, fd, ea, 3e, ba, 3a, 7a, 9d, 11, 5e, a3, 37, 0e, 7b, d0, 34]
live: resolver state = TransitionedValid { covenant: [156, 191, 74, 179, 82, 30, 231, 211, 63, 190, 121, 243, 171, 124, 231, 167, 10, 253, 234, 62, 186, 58, 122, 157, 17, 94, 163, 55, 14, 123, 208, 52], spent_outpoint: KaspaOutpoint { transaction_id: [129, 134, 200, 204, 99, 152, 127, 8, 178, 49, 117, 97, 206, 87, 172, 242, 63, 204, 31, 107, 70, 143, 221, 12, 163, 34, 234, 227, 75, 154, 45, 156], index: 0 }, new_outpoint: KaspaOutpoint { transaction_id: [131, 133, 242, 76, 215, 116, 49, 189, 105, 66, 219, 166, 171, 155, 69, 200, 23, 75, 77, 27, 157, 6, 1, 142, 235, 80, 46, 14, 110, 168, 30, 39], index: 0 }, receipt_id: [20, 195, 10, 34, 205, 190, 106, 127, 108, 123, 157, 226, 9, 51, 109, 159, 236, 184, 165, 230, 65, 46, 68, 149, 45, 209, 84, 103, 102, 87, 235, 205], new_state: RgkStateCommitment { version: 0, chain_id: KaspaLocalToccata, covenant_id: [156, 191, 74, 179, 82, 30, 231, 211, 63, 190, 121, 243, 171, 124, 231, 167, 10, 253, 234, 62, 186, 58, 122, 157, 17, 94, 163, 55, 14, 123, 208, 52], rgb_contract_id: [0, 0, 0, 0, 0, 0, 0, 0, 0, 0, 0, 0, 0, 0, 0, 0, 0, 0, 0, 0, 0, 0, 0, 0, 0, 0, 0, 0, 0, 0, 0, 0], state_digest: [176, 176, 176, 176, 176, 176, 176, 176, 176, 176, 176, 176, 176, 176, 176, 176, 176, 176, 176, 176, 176, 176, 176, 176, 176, 176, 176, 176, 176, 176, 176, 176], receipt_policy: VerifierOnly }, confirmation_depth: 1 }
live: ✅ covenant transition classified as TransitionedValid from the confirmed live Kaspa Toccata simnet spend (covenant_id=[9c, bf, 4a, b3, 52, 1e, e7, d3, 3f, be, 79, f3, ab, 7c, e7, a7, 0a, fd, ea, 3e, ba, 3a, 7a, 9d, 11, 5e, a3, 37, 0e, 7b, d0, 34])
