== stdout ==

running 27 tests
test tests::advance_rejects_no_op ... ok
test tests::advance_produces_new_state ... ok
test tests::advanced_covenant_execution_enforces_payment_and_timelock_rules ... ok
test tests::advanced_covenant_execution_commitment_binds_policy_and_evidence ... ok
test tests::advanced_covenant_execution_plans_validate_all_flows ... ok
test tests::advanced_covenant_execution_record_round_trips_and_rejects_tamper ... ok
test tests::advanced_covenant_policy_commitment_binds_flow_and_material ... ok
test tests::advanced_covenant_execution_rejects_wrong_authorization_and_counterparty ... ok
test tests::advanced_covenant_policy_shapes_fail_closed_on_missing_material ... ok
test tests::advanced_covenant_policy_shapes_have_unique_commitments ... ok
test tests::commitment_is_deterministic ... ok
test tests::covenant_id_changes_with_outputs ... ok
test tests::covenant_id_is_deterministic ... ok
test tests::derive_covenant_id_uses_consensus_recipe ... ok
test tests::expected_payload_hash_is_deterministic ... ok
test tests::expected_payload_len_is_stable ... ok
test tests::frozen_covenant_id_vector ... ok
test tests::lineage_id_binds_outpoint_and_asset ... ok
test tests::opcode_values_match_toccata_checkout ... ok
test tests::payload_rejects_bad_tag ... ok
test tests::payload_rejects_truncated ... ok
test tests::payload_roundtrip ... ok
test tests::push_data_picks_correct_opcode ... ok
test tests::push_script_i64_matches_upstream_builder_vectors ... ok
test tests::push_var_int_compact ... ok
test tests::spec_script_is_non_empty_and_starts_with_valid_opcode ... ok
test tests::covenant_state_advance_sequences_preserve_static_fields ... ok

test result: ok. 27 passed; 0 failed; 0 ignored; 0 measured; 0 filtered out; finished in 0.01s


running 0 tests

test result: ok. 0 passed; 0 failed; 0 ignored; 0 measured; 0 filtered out; finished in 0.00s


== stderr ==
   Compiling rgk-covenant v0.1.0 (/Users/arthur/RustroverProjects/rgk/crates/rgk-covenant)
    Finished `test` profile [optimized + debuginfo] target(s) in 0.90s
     Running unittests src/lib.rs (target/debug/deps/rgk_covenant-2354709c436a804c)
   Doc-tests rgk_covenant
