== stdout ==

running 1 test
test live_simnet_full_covenant_lifecycle ... FAILED

failures:

failures:
    live_simnet_full_covenant_lifecycle

test result: FAILED. 0 passed; 1 failed; 0 ignored; 0 measured; 0 filtered out; finished in 1.61s


== stderr ==
   Compiling kaspa-wrpc-client v1.2.2-toc.4 (/Users/arthur/RustroverProjects/rusty-kaspa/rpc/wrpc/client)
   Compiling rgk-kaspa v0.1.0 (/Users/arthur/RustroverProjects/rgk/crates/rgk-kaspa)
   Compiling rgk-resolver v0.1.0 (/Users/arthur/RustroverProjects/rgk/crates/rgk-resolver)
   Compiling rgk-sync v0.1.0 (/Users/arthur/RustroverProjects/rgk/crates/rgk-sync)
   Compiling rgk-e2e v0.1.0 (/Users/arthur/RustroverProjects/rgk/tests/rgk-e2e)
    Finished `test` profile [optimized + debuginfo] target(s) in 2.60s
     Running tests/live_covenant.rs (target/debug/deps/live_covenant-5c3bef5fb485087e)
live: connected to simnet wRPC
live: fixed keypair address = kaspasim:qzzt7atzyc4m662qppt53ua7dta99t33w923s8kwxxmxx5wvl7jtqvn0x5as6
live: fixed pubkey x-only = [84, bf, 75, 62, 26, 2b, bd, 69, 40, 08, 57, 48, f3, be, 6a, fa, 52, ae, 31, 71, 55, 18, 1e, ce, 31, b6, 63, 51, cc, ff, a4, b0]
live: generated keypair, simnet address: kaspasim:qzzt7atzyc4m662qppt53ua7dta99t33w923s8kwxxmxx5wvl7jtqvn0x5as6
live: mined block, report: accepted=Success
live: reached DAA score 32033 (target 1)
live: coinbase block 1 mined; mining 2000 more so the FIRST coinbase UTXO matures (need DAA >= 1001 to spend it)...
live: mined 100/2000 blocks (0.1s)
live: mined 200/2000 blocks (0.1s)
live: mined 300/2000 blocks (0.2s)
live: mined 400/2000 blocks (0.3s)
live: mined 500/2000 blocks (0.4s)
live: mined 600/2000 blocks (0.5s)
live: mined 700/2000 blocks (0.5s)
live: mined 800/2000 blocks (0.6s)
live: mined 900/2000 blocks (0.7s)
live: mined 1000/2000 blocks (0.7s)
live: mined 1100/2000 blocks (0.8s)
live: mined 1200/2000 blocks (0.9s)
live: mined 1300/2000 blocks (1.0s)
live: mined 1400/2000 blocks (1.0s)
live: mined 1500/2000 blocks (1.1s)
live: mined 1600/2000 blocks (1.2s)
live: mined 1700/2000 blocks (1.3s)
live: mined 1800/2000 blocks (1.3s)
live: mined 1900/2000 blocks (1.4s)
live: mined 2000/2000 blocks (1.5s)
live: mined 2000 blocks in 1.5s
live: reached DAA score 34033 (target 2001)
live: oldest coinbase UTXO is now mature (DAA >= 2001)
live: selected coinbase UTXO at DAA 18 (oldest, mature)
live: fetched coinbase UTXO txid=[81, 07, ac, 5c, 5e, 69, 72, 73, 22, 85, 95, d7, f6, 16, e2, d2, a0, 2f, 96, 50, 86, e3, 1a, 33, 25, 17, 10, 9b, b5, eb, 07, 89] index=0 value=5000000000
live: computed covenant_id = [fa, b6, 5c, 65, bc, d4, 42, 33, 01, 9e, f6, b8, ba, 68, b8, 5a, 2f, e5, b7, e5, ac, 97, af, 04, d4, 70, e8, 7a, e1, cf, 7c, ef] for the genesis output (value=4996000000, fee=4000000)
live: signed covenant tx, txid = [75, a1, 35, cf, 1f, 67, 9d, 8b, 0e, 5b, 7c, 76, 10, f6, 45, 3c, b2, 06, 15, 17, 2e, cc, be, 6e, 89, 98, f3, 22, 4b, 71, 25, 75]
live: covenant tx ACCEPTED by node: txid=[75, a1, 35, cf, 1f, 67, 9d, 8b, 0e, 5b, 7c, 76, 10, f6, 45, 3c, b2, 06, 15, 17, 2e, cc, be, 6e, 89, 98, f3, 22, 4b, 71, 25, 75]
live: mined block, report: accepted=Success
live: reached DAA score 34034 (target 2)
live: confirmation block 2 mined
live: covenant output confirmed at DAA score 34034 with covenant_id=[fa, b6, 5c, 65, bc, d4, 42, 33, 01, 9e, f6, b8, ba, 68, b8, 5a, 2f, e5, b7, e5, ac, 97, af, 04, d4, 70, e8, 7a, e1, cf, 7c, ef]

thread 'live_simnet_full_covenant_lifecycle' (22355619) panicked at tests/rgk-e2e/tests/live_covenant.rs:504:62:
reopen advanced cursor store: Storage("IO error: could not acquire lock on \"/var/folders/kq/dz44fm994nz94zw2dfqnz_g00000gn/T/rgk-live-sled-indexer-36188-1782650322091278000/db\": Os { code: 35, kind: WouldBlock, message: \"Resource temporarily unavailable\" }")
note: run with `RUST_BACKTRACE=1` environment variable to display a backtrace
error: test failed, to rerun pass `-p rgk-e2e --test live_covenant`
