== stdout ==
[run-kaspa-devnet] launching /Users/arthur/RustroverProjects/rgk/external/rusty-kaspa-toccata/target/release/kaspad in background
[run-kaspa-devnet] pid: 3636
[run-kaspa-devnet] log: /Users/arthur/RustroverProjects/rgk/.rgk-devnet/kaspad.log
[run-kaspa-devnet] waiting for wRPC at ws://127.0.0.1:19111
[run-kaspa-devnet] wRPC ready after 2s
[e2e-devnet] live devnet RPC: ws://127.0.0.1:19111/v2/kaspa/devnet/no-tls/wrpc/borsh
[e2e-devnet] running live_devnet test
   Compiling rgk-zk v0.1.0 (/Users/arthur/RustroverProjects/rgk/crates/rgk-zk)
   Compiling kaspa-wrpc-client v1.2.2-toc.4 (/Users/arthur/RustroverProjects/rusty-kaspa/rpc/wrpc/client)
   Compiling rgk-kaspa v0.1.0 (/Users/arthur/RustroverProjects/rgk/crates/rgk-kaspa)
   Compiling rgk-resolver v0.1.0 (/Users/arthur/RustroverProjects/rgk/crates/rgk-resolver)
   Compiling rgk-sync v0.1.0 (/Users/arthur/RustroverProjects/rgk/crates/rgk-sync)
   Compiling rgk-e2e v0.1.0 (/Users/arthur/RustroverProjects/rgk/tests/rgk-e2e)
    Finished `test` profile [optimized + debuginfo] target(s) in 3.16s
     Running tests/live_devnet.rs (target/debug/deps/live_devnet-a446d7acbb399c7f)

running 2 tests
live-devnet: server_version=1.2.2-toc.4 network_id=devnet is_synced=false has_utxo_index=true
test live_devnet_reports_toccata_node_identity ... ok
live-devnet: scan cursor initialised chain=KaspaDevnet daa=56084 hash_prefix=d297006756d07765
test live_devnet_initialises_persistent_scan_cursor ... ok

test result: ok. 2 passed; 0 failed; 0 ignored; 0 measured; 0 filtered out; finished in 0.06s

[e2e-devnet] running policy migration recovery fixture
   Compiling rgk-indexer v0.1.0 (/Users/arthur/RustroverProjects/rgk/crates/rgk-indexer)
   Compiling rgk-asset v0.1.0 (/Users/arthur/RustroverProjects/rgk/crates/rgk-asset)
   Compiling rgk-sync v0.1.0 (/Users/arthur/RustroverProjects/rgk/crates/rgk-sync)
   Compiling rgk-zk v0.1.0 (/Users/arthur/RustroverProjects/rgk/crates/rgk-zk)
   Compiling rgk-resolver v0.1.0 (/Users/arthur/RustroverProjects/rgk/crates/rgk-resolver)
   Compiling rgk-e2e v0.1.0 (/Users/arthur/RustroverProjects/rgk/tests/rgk-e2e)
    Finished `test` profile [optimized + debuginfo] target(s) in 1.87s
     Running unittests src/lib.rs (target/debug/deps/rgk_e2e-61e4ff2d6b6c07e6)

running 1 test
RGK policy migration recovery
  chain:           KaspaLocalToccata
  covenant:        0xc750aee85561dc562b16688f01a736f81ed26948e166280ff5cd2a6f970d6599
  spent_txid:      0x2121212121212121212121212121212121212121212121212121212121212121
  new_txid:        0x2222222222222222222222222222222222222222222222222222222222222222
  previous_policy: verifier-only
  new_policy:      zk-or-verifier
  migration:       0x595de1d206e02c94795f46e960bf6e2230dd921d0ebfa3470a36fe05ec972be6
  resolver:        NativeTransitionedValid { covenant: [199, 80, 174, 232, 85, 97, 220, 86, 43, 22, 104, 143, 1, 167, 54, 248, 30, 210, 105, 72, 225, 102, 40, 15, 245, 205, 42, 111, 151, 13, 101, 153], spent_outpoint: KaspaOutpoint { transaction_id: [33, 33, 33, 33, 33, 33, 33, 33, 33, 33, 33, 33, 33, 33, 33, 33, 33, 33, 33, 33, 33, 33, 33, 33, 33, 33, 33, 33, 33, 33, 33, 33], index: 0 }, new_outpoint: KaspaOutpoint { transaction_id: [34, 34, 34, 34, 34, 34, 34, 34, 34, 34, 34, 34, 34, 34, 34, 34, 34, 34, 34, 34, 34, 34, 34, 34, 34, 34, 34, 34, 34, 34, 34, 34], index: 0 }, receipt_id: [89, 93, 225, 210, 6, 224, 44, 148, 121, 95, 70, 233, 96, 191, 110, 34, 48, 221, 146, 29, 14, 191, 163, 71, 10, 54, 254, 5, 236, 151, 43, 230], new_state: RgkStateCommitment { version: 1, chain_id: KaspaLocalToccata, covenant_id: [199, 80, 174, 232, 85, 97, 220, 86, 43, 22, 104, 143, 1, 167, 54, 248, 30, 210, 105, 72, 225, 102, 40, 15, 245, 205, 42, 111, 151, 13, 101, 153], asset_id: [66, 66, 66, 66, 66, 66, 66, 66, 66, 66, 66, 66, 66, 66, 66, 66, 66, 66, 66, 66, 66, 66, 66, 66, 66, 66, 66, 66, 66, 66, 66, 66], state_digest: [50, 50, 50, 50, 50, 50, 50, 50, 50, 50, 50, 50, 50, 50, 50, 50, 50, 50, 50, 50, 50, 50, 50, 50, 50, 50, 50, 50, 50, 50, 50, 50], receipt_policy: ZkOrVerifier }, confirmation_depth: 1 }

test policy_migration_recovery_fixture_survives_reopen ... ok

test result: ok. 1 passed; 0 failed; 0 ignored; 0 measured; 3 filtered out; finished in 0.06s

[e2e-devnet] running full covenant lifecycle on devnet
   Compiling kaspa-wrpc-client v1.2.2-toc.4 (/Users/arthur/RustroverProjects/rusty-kaspa/rpc/wrpc/client)
   Compiling rgk-kaspa v0.1.0 (/Users/arthur/RustroverProjects/rgk/crates/rgk-kaspa)
   Compiling rgk-resolver v0.1.0 (/Users/arthur/RustroverProjects/rgk/crates/rgk-resolver)
   Compiling rgk-sync v0.1.0 (/Users/arthur/RustroverProjects/rgk/crates/rgk-sync)
   Compiling rgk-e2e v0.1.0 (/Users/arthur/RustroverProjects/rgk/tests/rgk-e2e)
    Finished `test` profile [optimized + debuginfo] target(s) in 2.31s
     Running tests/live_covenant.rs (target/debug/deps/live_covenant-7bf44a871ab07a5e)

running 1 test
live: connected to devnet wRPC (chain_id=KaspaDevnet)
live: fixed keypair address = kaspadev:qzzt7atzyc4m662qppt53ua7dta99t33w923s8kwxxmxx5wvl7jtq0ahp67m9
live: fixed pubkey x-only = [84, bf, 75, 62, 26, 2b, bd, 69, 40, 08, 57, 48, f3, be, 6a, fa, 52, ae, 31, 71, 55, 18, 1e, ce, 31, b6, 63, 51, cc, ff, a4, b0]
live: generated keypair, devnet address: kaspadev:qzzt7atzyc4m662qppt53ua7dta99t33w923s8kwxxmxx5wvl7jtq0ahp67m9
live: mined block, report: accepted=Success
live: reached DAA score 56085 (target 1)
live: coinbase block 1 mined; mining 2000 more so the FIRST coinbase UTXO matures (need DAA >= 1001 to spend it)...
live: mined 100/2000 blocks (0.1s)
live: mined 200/2000 blocks (0.2s)
live: mined 300/2000 blocks (0.3s)
live: mined 400/2000 blocks (0.4s)
live: mined 500/2000 blocks (0.5s)
live: mined 600/2000 blocks (0.6s)
live: mined 700/2000 blocks (0.7s)
live: mined 800/2000 blocks (0.7s)
live: mined 900/2000 blocks (0.8s)
live: mined 1000/2000 blocks (0.9s)
live: mined 1100/2000 blocks (1.0s)
live: mined 1200/2000 blocks (1.1s)
live: mined 1300/2000 blocks (1.2s)
live: mined 1400/2000 blocks (1.3s)
live: mined 1500/2000 blocks (1.4s)
live: mined 1600/2000 blocks (1.5s)
live: mined 1700/2000 blocks (1.6s)
live: mined 1800/2000 blocks (1.7s)
live: mined 1900/2000 blocks (1.7s)
live: mined 2000/2000 blocks (1.8s)
live: mined 2000 blocks in 1.8s
live: reached DAA score 58085 (target 2001)
live: oldest coinbase UTXO is now mature (DAA >= 2001)
live: selected coinbase UTXO at DAA 30 (oldest, mature)
live: fetched coinbase UTXO txid=[35, 50, e8, e2, 74, 46, 90, 86, 0b, b8, 55, b8, a3, f9, 26, 99, 63, 45, 4f, ad, 58, f4, 75, 4d, 88, 2b, 3e, 9a, 21, d9, 76, ec] index=0 value=4400000000
live: computed covenant_id = [57, 50, 56, c6, c7, 8b, 37, 75, 5d, c7, 1e, a8, 59, 78, 7d, 83, 76, 7d, f1, 3c, af, 8a, fd, 62, 0b, b0, bb, be, 5f, 37, fa, fc] for the genesis output (value=4396000000, fee=4000000)
live: signed covenant tx, txid = [c9, e7, ef, 56, 37, 13, 34, 59, fb, 2d, 6d, 8e, d5, 8f, 2e, dc, 9e, 46, 4e, 9d, 1f, 44, cc, b6, 42, f4, 85, df, fb, d3, 3a, 4c]
live: covenant tx ACCEPTED by node: txid=[c9, e7, ef, 56, 37, 13, 34, 59, fb, 2d, 6d, 8e, d5, 8f, 2e, dc, 9e, 46, 4e, 9d, 1f, 44, cc, b6, 42, f4, 85, df, fb, d3, 3a, 4c]
live: mined block, report: accepted=Success
live: reached DAA score 58086 (target 2)
live: confirmation block 2 mined
live: covenant output confirmed at DAA score 58086 with covenant_id=[57, 50, 56, c6, c7, 8b, 37, 75, 5d, c7, 1e, a8, 59, 78, 7d, 83, 76, 7d, f1, 3c, af, 8a, fd, 62, 0b, b0, bb, be, 5f, 37, fa, fc]
live: native RGK asset state digest = 0x8d97a3164ffed1f9ee026247767393564a2a486ecfb3fbf278394deb305ea1e6 (allocations=1 daa=58086 confirmations=1 privacy_policy=PrivateLane lane_id=0xf9e2d47ecda382db86ba713e640cb58f4a9f75a24d0820505148c302004436d9)
live: ZK covenant spend enabled, public_inputs=29 vk_bytes=1192 proof_bytes=128
live: built P2SH covenant spend, txid = [d9, 2a, d7, a8, c0, 45, fa, f4, 76, 7c, 84, 29, cd, 49, f4, e5, 9f, c7, f8, 5f, 48, 3c, 5b, 94, b3, b5, e1, 75, 5a, 70, ec, 28]
live: P2SH covenant spend ACCEPTED by node: txid=[d9, 2a, d7, a8, c0, 45, fa, f4, 76, 7c, 84, 29, cd, 49, f4, e5, 9f, c7, f8, 5f, 48, 3c, 5b, 94, b3, b5, e1, 75, 5a, 70, ec, 28]
live: mined block, report: accepted=Success
live: reached DAA score 58087 (target 58087)
live: P2SH covenant spend confirmation block mined
live: continuation covenant output confirmed at DAA score 58087
live: native production-ZK allocation guard accepted shape=1x1 spent_allocations=1 new_allocations=1
live: native RGK transition digest = 0x29fd2844b14a2acbdee637ec444bc989e9efca3e2ee910d47c9427ac44cee069 (old_state=0x8d97a3164ffed1f9ee026247767393564a2a486ecfb3fbf278394deb305ea1e6 new_state=0x3ee7215a7436cfc789897fe0205c7790b4f646178475108ede0fd4a78c50e813 witness_txid=0xd92ad7a8c045faf4767c8429cd49f4e59fc7f85f483c5b94b3b5e1755a70ec28 spent_allocations=1 new_allocations=1 privacy_policy=PrivateLane lane_id=0xf9e2d47ecda382db86ba713e640cb58f4a9f75a24d0820505148c302004436d9)
live: semantic RGK transition statement public_inputs=328 continuation_shape_root=0x55f029b108fc3ae3f6fda63fe954c5efd8b165cc87a7905681e60d7d6ab6a740 policy_commitment=0x4663f5b9404ee4fe0358c6299f73422e955f5fea03e19545f5b8f99472d00bbf
live: semantic Groth16 proof verified public_inputs=41 vk_bytes=1576 proof_bytes=128
test live_toccata_full_covenant_lifecycle has been running for over 60 seconds
live: supported allocation-vector Groth16 proof verified shape=1x1 public_inputs=41 vk_bytes=1576 proof_bytes=128
live: allocation transcript segment Groth16 proof verified sides=2 segments=2 allocations=2 public_inputs_each=16 vk_bytes=776 proof_bytes_each=128 spent_root=0x373f818a782477a47a5d64b5d1c8dcde11bcde83bff9f3e2e31490427c562e31 new_root=0x58849aaa5eb15d4b5c36cada1e7e68ca3629e2aa1018f851083776d825e6a03f spent_amount_commitment=0x68c92efdcb7c6f9096537d37af74aba44d7615915ce88c51711c5c6d4983ff34 new_amount_commitment=0xc1760514d6f2d480507ea9247be6f416c04d9b32a5d210dba8d01d576c64a1b3
live: registered private lane for view-key discovery (lane_id=0xf9e2d47ecda382db86ba713e640cb58f4a9f75a24d0820505148c302004436d9 scan_tag=0x3539f43aecf990bfd09e4b081ddba2835253710fa8a4022904e6ea61b963c62d privacy_policy=PrivateLane)
live: lane-discovery Groth16 proof verified public_inputs=9 vk_bytes=552 proof_bytes=128 lane_id=0xf9e2d47ecda382db86ba713e640cb58f4a9f75a24d0820505148c302004436d9 scan_tag=0x3539f43aecf990bfd09e4b081ddba2835253710fa8a4022904e6ea61b963c62d
live: lane-graph Groth16 proof verified nodes=2 public_inputs=22 vk_bytes=968 proof_bytes=128 graph_root=0x6ab1ca5ef8165554c39398f6ee2cd4419bd605cc09e507fec6264f1bdebd4dfc current_lane=0xf9e2d47ecda382db86ba713e640cb58f4a9f75a24d0820505148c302004436d9 next_scan_tag=0xa1300bb57a56c79e1c43eda255ac6cb55b7e04c247681d77a754ed07551312ea
live: segmented lane-graph Groth16 proof chain verified segments=2 nodes=4 public_inputs_each=27 vk_bytes=1128 proof_bytes_each=128 start_root=0x78145c2e5e78351ffa3d0e266b1a5cb8c3eb318b074a9bcaa407fcdbc6068573 final_root=0x90f47d54d63afe8eb7e59071e891fc14e966bd0658f617d25711d29276b01bde current_lane=0xf9e2d47ecda382db86ba713e640cb58f4a9f75a24d0820505148c302004436d9 final_scan_tag=0x85fb37ef816bbbe85f5e9bb524575608a66e5914ee7bbd0507cf143449b00fdc
live: resolver state = NativeTransitionedValid { covenant: [87, 80, 86, 198, 199, 139, 55, 117, 93, 199, 30, 168, 89, 120, 125, 131, 118, 125, 241, 60, 175, 138, 253, 98, 11, 176, 187, 190, 95, 55, 250, 252], spent_outpoint: KaspaOutpoint { transaction_id: [201, 231, 239, 86, 55, 19, 52, 89, 251, 45, 109, 142, 213, 143, 46, 220, 158, 70, 78, 157, 31, 68, 204, 182, 66, 244, 133, 223, 251, 211, 58, 76], index: 0 }, new_outpoint: KaspaOutpoint { transaction_id: [217, 42, 215, 168, 192, 69, 250, 244, 118, 124, 132, 41, 205, 73, 244, 229, 159, 199, 248, 95, 72, 60, 91, 148, 179, 181, 225, 117, 90, 112, 236, 40], index: 0 }, receipt_id: [232, 88, 162, 122, 19, 33, 53, 34, 124, 130, 134, 114, 108, 170, 95, 47, 109, 169, 67, 77, 190, 36, 204, 116, 229, 12, 93, 144, 31, 113, 224, 160], new_state: RgkStateCommitment { version: 1, chain_id: KaspaDevnet, covenant_id: [87, 80, 86, 198, 199, 139, 55, 117, 93, 199, 30, 168, 89, 120, 125, 131, 118, 125, 241, 60, 175, 138, 253, 98, 11, 176, 187, 190, 95, 55, 250, 252], asset_id: [66, 66, 66, 66, 66, 66, 66, 66, 66, 66, 66, 66, 66, 66, 66, 66, 66, 66, 66, 66, 66, 66, 66, 66, 66, 66, 66, 66, 66, 66, 66, 66], state_digest: [62, 231, 33, 90, 116, 54, 207, 199, 137, 137, 127, 224, 32, 92, 119, 144, 180, 246, 70, 23, 132, 117, 16, 142, 222, 15, 212, 167, 140, 80, 232, 19], receipt_policy: ZkOrVerifier }, confirmation_depth: 1 }
live: resolver carried phase-2 native state digest = 0x3ee7215a7436cfc789897fe0205c7790b4f646178475108ede0fd4a78c50e813
live: view-key lane resolver classified as NativeTransitionedValid (lane_id=0xf9e2d47ecda382db86ba713e640cb58f4a9f75a24d0820505148c302004436d9 scan_tag=0x3539f43aecf990bfd09e4b081ddba2835253710fa8a4022904e6ea61b963c62d)
live: covenant transition classified as NativeTransitionedValid from the confirmed live Kaspa Toccata devnet spend (covenant_id=[57, 50, 56, c6, c7, 8b, 37, 75, 5d, c7, 1e, a8, 59, 78, 7d, 83, 76, 7d, f1, 3c, af, 8a, fd, 62, 0b, b0, bb, be, 5f, 37, fa, fc])
live: policy migration proof recovered after Sled reopen (previous_policy=verifier-only new_policy=zk-or-verifier migration=0xd53fdb30fb71a5a6049891ef2e4c9c98d253c5f425f526bd077b6f147a17948e state_digest=0x3ee7215a7436cfc789897fe0205c7790b4f646178475108ede0fd4a78c50e813 resolver=NativeTransitionedValid)
live: persistent indexer recovered covenant after resolver indexing (covenant_id=[57, 50, 56, c6, c7, 8b, 37, 75, 5d, c7, 1e, a8, 59, 78, 7d, 83, 76, 7d, f1, 3c, af, 8a, fd, 62, 0b, b0, bb, be, 5f, 37, fa, fc] cursor_daa=58087)
test live_toccata_full_covenant_lifecycle ... ok

test result: ok. 1 passed; 0 failed; 0 ignored; 0 measured; 0 filtered out; finished in 184.70s

[e2e-devnet] running rgk-sync scanner smoke (initialise cursor)
   Compiling kaspa-wrpc-client v1.2.2-toc.4 (/Users/arthur/RustroverProjects/rusty-kaspa/rpc/wrpc/client)
   Compiling rgk-kaspa v0.1.0 (/Users/arthur/RustroverProjects/rgk/crates/rgk-kaspa)
   Compiling rgk-sync v0.1.0 (/Users/arthur/RustroverProjects/rgk/crates/rgk-sync)
    Finished `dev` profile [optimized + debuginfo] target(s) in 3.45s
     Running `target/debug/rgk-sync --url 'ws://127.0.0.1:19111/v2/kaspa/devnet/no-tls/wrpc/borsh' --network devnet --db /Users/arthur/RustroverProjects/rgk/target/rgk-devnet-evidence/sled --once`
tick initialised=true added_chain_blocks=0 observed_spends=0 start_daa=58087 end_daa=58087 end_hash_prefix=374d312bc204cb18
[e2e-devnet] running rgk-sync scanner smoke (reload cursor)
    Finished `dev` profile [optimized + debuginfo] target(s) in 0.19s
     Running `target/debug/rgk-sync --url 'ws://127.0.0.1:19111/v2/kaspa/devnet/no-tls/wrpc/borsh' --network devnet --db /Users/arthur/RustroverProjects/rgk/target/rgk-devnet-evidence/sled --once`
tick initialised=false added_chain_blocks=0 observed_spends=0 start_daa=58087 end_daa=58087 end_hash_prefix=374d312bc204cb18
[verify-devnet-evidence] ok: /Users/arthur/RustroverProjects/rgk/target/rgk-devnet-evidence/latest.txt
[e2e-devnet] evidence: /Users/arthur/RustroverProjects/rgk/target/rgk-devnet-evidence/latest.txt

== stderr ==
