== stdout ==
docs/SECURITY.md:77:* The resolver is honest and fail-closed.
examples/contract-matrix.tsv:2:private_lane_asset_lifecycle	native_asset_lifecycle	issue;private_lane;encrypted_note_commitment;proof_policy_commitment;receipt_validation;one_input_one_output_transfer;covenant_continuation;resolver_valid	fixture_e2e_passes;native_asset_state_report;native_asset_transition_report	covenant funding accepted;native issue digest;native transition digest;production-ZK shape guard;resolver classification;view-key resolver classification	silverscript_and_rust_toccata_fixture	silverscript_source_compiles	checked_silverscript_json_artifact	pending_public_staging	argent_external_scope
examples/contract-matrix.tsv:3:burn_authorised_lifecycle	native_asset_burn	burn_proof;authorised_deflation;supply_delta;continuation_burn;production_zk_burn_guard	native_transition_rejects_supply_inflation_and_deflation;continuation_accepts_explicit_burn_but_production_zk_fails_closed;ProductionZkBurnUnsupported	native burn transition test pass;native burn continuation test pass;production-ZK burn guard	silverscript_and_rust_toccata_fixture	silverscript_source_compiles	checked_silverscript_json_artifact	pending_public_staging	argent_external_scope
examples/contract-matrix.tsv:4:policy_migration_recovery	policy_migration	proof_policy_migration;continuation_metadata;receipt_policy_change;sled_recovery;resolver_valid	policy_migration_recovery_fixture_survives_reopen	policy migration fixture;policy migration resolver recovery;live policy migration recovery	silverscript_and_rust_toccata_fixture	silverscript_source_compiles	checked_silverscript_json_artifact	pending_public_staging	argent_external_scope
examples/contract-matrix.tsv:5:allocation_audit_certificate_recovery	zk_allocation_audit	allocation_audit_bundle;canonical_certificate;certificate_indexing;resolver_metadata;sled_recovery;groth16_stack_material	allocation_audit_certificate_canonical_encoding_round_trips;allocation_audit_certificate_record_attaches_to_spend;transitioned_valid_uses_latest_indexed_spent_outpoint	allocation audit bundle;allocation audit certificate;indexed allocation audit certificate;persistent allocation audit certificate recovery	silverscript_and_rust_toccata_fixture	silverscript_source_compiles	checked_silverscript_json_artifact	pending_public_staging	argent_external_scope
examples/contract-matrix.tsv:6:private_lane_graph_discovery	private_lane_discovery	lane_discovery;lane_graph;segmented_lane_graph;scan_tag;view_key_resolver	prove_then_verify_lane_discovery;prove_then_verify_lane_graph_discovery;prove_then_verify_lane_graph_segment	lane-discovery Groth16 proof;lane-graph Groth16 proof;segmented lane-graph Groth16 proof chain;view-key resolver classification	silverscript_and_rust_toccata_fixture	silverscript_source_compiles	checked_silverscript_json_artifact	pending_public_staging	argent_external_scope
docs/LANE-CALCULUS.md:144:arbitrary-size graph proof chains. It is public staging and extending the
README.md:81:| Policy-migration construction | Live in `rgk-core`; public staging open |
README.md:82:| Policy-migration recovery evidence | Live in persistent fixture and local devnet recovery against a confirmed spend; public staging open |
README.md:84:| Examples coverage matrix | Live for the current evidence-backed examples in `examples/contract-matrix.tsv`; Silverscript sources and checked JSON artifacts are pinned to the upstream Testnet-12 compiler, while public staging remains open |
crates/rgk-indexer/src/lib.rs:18://! * the current open outpoint (the covenant UTXO that has not yet been spent)
crates/rgk-indexer/src/lib.rs:127:/// depending on `rgk-zk`. Callers must verify/decode the certificate before
crates/rgk-indexer/src/lib.rs:196:    pub expected_spending_txid: Bytes32,
crates/rgk-indexer/src/lib.rs:210:    pub spending_txid: Bytes32,
crates/rgk-indexer/src/lib.rs:295:    #[error("rebuild source saw tx {actual} spending {spent:?}, expected {expected}")]
crates/rgk-indexer/src/lib.rs:301:    #[error("rebuild source did not report a block DAA score for spending tx {0}")]
crates/rgk-indexer/src/lib.rs:457:            if evidence.spending_txid != spend.expected_spending_txid {
crates/rgk-indexer/src/lib.rs:460:                    expected: spend.expected_spending_txid.into(),
crates/rgk-indexer/src/lib.rs:461:                    actual: evidence.spending_txid.into(),
crates/rgk-indexer/src/lib.rs:466:                    txid: evidence.spending_txid.into(),
crates/rgk-indexer/src/lib.rs:475:                        evidence.spending_txid.into(),
crates/rgk-indexer/src/lib.rs:1953:                    expected_spending_txid: [9u8; 32],
crates/rgk-indexer/src/lib.rs:1961:                    expected_spending_txid: [8u8; 32],
crates/rgk-indexer/src/lib.rs:1973:                    spending_txid: plan.spends[0].expected_spending_txid,
crates/rgk-indexer/src/lib.rs:1981:                    spending_txid: plan.spends[1].expected_spending_txid,
crates/rgk-indexer/src/lib.rs:2651:    fn rebuild_rejects_unexpected_spending_txid() {
crates/rgk-indexer/src/lib.rs:2657:                spending_txid: [0xee; 32],
crates/rgk-indexer/src/lib.rs:2678:                spending_txid: plan.spends[0].expected_spending_txid,
scripts/verify-example-matrix.sh:50:            echo "[verify-example-matrix] unsupported contract_source for ${example_id}: ${contract_source}" >&2
scripts/verify-example-matrix.sh:57:            echo "[verify-example-matrix] unsupported silverscript_status for ${example_id}: ${silverscript_status}" >&2
scripts/verify-example-matrix.sh:64:            echo "[verify-example-matrix] unsupported compile_artifact_status for ${example_id}: ${compile_artifact_status}" >&2
scripts/verify-example-matrix.sh:69:        pending_public_staging) ;;
scripts/verify-example-matrix.sh:71:            echo "[verify-example-matrix] unsupported public_staging_status for ${example_id}: ${public_staging_status}" >&2
scripts/verify-example-matrix.sh:78:            echo "[verify-example-matrix] unsupported argent_equivalence_status for ${example_id}: ${argent_equivalence_status}" >&2
docs/ROADMAP.md:22:| Policy-migration recovery evidence | Persistent fixture and local devnet recovery live; public staging open |
docs/ROADMAP.md:23:| Contract capability coverage | Maintained examples matrix live for the current evidenced surface; broad coverage remains open |
docs/ROADMAP.md:24:| Canonical Silverscript examples | Live for current matrix rows with pinned Testnet-12 compiler artifacts; public staging remains open |
docs/ROADMAP.md:119:  outpoints whose txid does not match the observed spending txid.
docs/ROADMAP.md:221:  explicit registry and unsupported arities fail before proof construction.
docs/ROADMAP.md:248:* OPEN: Single-proof arbitrary-size allocation conservation, unbounded two-phase
docs/ROADMAP.md:249:  continuation consistency, and single-proof closed-seal exclusion are not yet
docs/ROADMAP.md:255:**Status**: Local evidence live, public staging open.
docs/ROADMAP.md:275:  local persistent and devnet recovery evidence is live, public evidence remains open.
docs/ROADMAP.md:305:* PARTIAL: the current matrix rows have fixture or local devnet evidence
docs/ROADMAP.md:306:  against native RGK semantics; public testnet evidence remains open.
docs/ROADMAP.md:307:* OPEN: Argent equivalence, when available, is tracked as external evidence and
tests/rgk-e2e/src/lib.rs:239:            spending: None,
tests/rgk-e2e/src/lib.rs:359:            spending: None,
tests/rgk-e2e/src/lib.rs:524:            spending: None,
tests/rgk-e2e/src/lib.rs:540:            spending: None,
docs/MAINNET-LAUNCH.md:60:* mainnet readiness before public staging
docs/VERIFICATION-BUDGET.md:3:RGK validation must stay bounded and fail-closed.
tests/rgk-e2e/tests/live_covenant.rs:137:                "unsupported RGK_LIVE_KASPA_NETWORK={other}; expected local-toccata, simnet, or devnet"
tests/rgk-e2e/tests/live_covenant.rs:396:    // i.e. the spending block must have DAA score at least
docs/ZK-BOUNDARY.md:3:The current ZK path proves an RGK receipt statement. It does not yet prove the
docs/ZK-BOUNDARY.md:293:split by spending only part of the allocation set: RGK transitions consume the
docs/ZK-BOUNDARY.md:313:allocation-vector arities that do not yet have a dedicated circuit.
tests/rgk-e2e/tests/example_matrix.rs:32:                !col.contains("placeholder") && !col.contains("stub"),
tests/rgk-e2e/tests/example_matrix.rs:39:        assert_eq!(cols[8], "pending_public_staging");
docs/INTEGRATION.md:29:5. Do not split by spending only part of the previous allocation set. RGK
docs/INTEGRATION.md:84:All integration failures are fail-closed. A wallet should not show a transfer
docs/ARCHITECTURE.md:114:chain-observed spending txid disagree for the same consumed outpoint.
docs/ARCHITECTURE.md:122:constants; wallet and public staging flows must construct migration proofs
crates/rgk-receipt/Cargo.toml:8:description = "RGK receipt generation, canonical id, and fail-closed verification"
crates/rgk-core/src/bytes.rs:79:/// depending on `alloc::format` quirks.
crates/rgk-sync/src/lib.rs:255:        if let Some(spending) = self
crates/rgk-sync/src/lib.rs:259:            .and_then(|utxo| utxo.spending)
crates/rgk-sync/src/lib.rs:263:                .confirmation_depth(spending.txid)
crates/rgk-sync/src/lib.rs:266:                spending_txid: spending.txid,
crates/rgk-sync/src/lib.rs:267:                block_daa_score: spending.block_daa_score,
crates/rgk-sync/src/lib.rs:274:            .get_spending_transaction(spent)
crates/rgk-sync/src/lib.rs:284:            spending_txid: tx.txid,
crates/rgk-sync/src/lib.rs:547:                spending: None,
crates/rgk-sync/src/lib.rs:564:        assert_eq!(evidence.spending_txid, txid);
crates/rgk-covenant/src/lib.rs:30://!    * the spending transaction payload has the exact RGK state length
crates/rgk-covenant/src/lib.rs:362:    /// OpTxInputIndex — pushes the input's index within the spending tx.
crates/rgk-covenant/src/lib.rs:366:    /// OpTxOutputCount — pushes the number of outputs in the spending tx.
crates/rgk-covenant/src/lib.rs:371:    /// OpTxPayloadLen — pushes the spending tx's payload length.
crates/rgk-covenant/src/lib.rs:412:    /// 2. The covenant-locked output is at index 0 of the spending tx, and
crates/rgk-covenant/src/lib.rs:413:    ///    the spending tx has exactly one output.
crates/rgk-covenant/src/lib.rs:418:    /// 4. The spending transaction payload has the exact [`CovenantState`]
crates/rgk-receipt/src/lib.rs:23://! Every check is `fail-closed`: any mismatch produces a [`ReceiptError`] and
crates/rgk-asset/src/native.rs:632:    #[error("RGK production ZK allocation proof shape {spent_count}x{new_count} is unsupported; supported shapes are 1x1, 2x2, 3x2")]
crates/rgk-asset/src/native.rs:643:    #[error("RGK production ZK burn amount {burn_amount} is unsupported until a burn-aware allocation circuit is evidenced")]
crates/rgk-asset/src/native.rs:1713:    fn production_zk_transition_rejects_unsupported_shape_only_on_zk_path() {
crates/rgk-asset/src/native.rs:1728:    fn production_zk_continuation_rejects_unsupported_shape_before_finalization() {
crates/rgk-asset/src/native.rs:1807:    fn production_zk_transfer_plan_rejects_unsupported_shape_before_txid() {
crates/rgk-core/src/tests.rs:103:// ---------------- Rejection cases (fail-closed) ----------------
crates/rgk-resolver/src/lib.rs:44:    /// The covenant exists and is open (not yet spent). The state is the
crates/rgk-resolver/src/lib.rs:68:    /// A spend exists in the mempool but is not yet confirmed.
crates/rgk-resolver/src/lib.rs:71:        spending_txid: Bytes32,
crates/rgk-resolver/src/lib.rs:79:    /// the chain backend reports a different spending transaction. This is a
crates/rgk-resolver/src/lib.rs:84:        indexed_spending_txid: Bytes32,
crates/rgk-resolver/src/lib.rs:85:        observed_spending_txid: Bytes32,
crates/rgk-resolver/src/lib.rs:237:            if let Some(sp) = spent_utxo.and_then(|u| u.spending) {
crates/rgk-resolver/src/lib.rs:247:                        spending_txid: sp.txid,
crates/rgk-resolver/src/lib.rs:260:                        indexed_spending_txid: last_spend.created.transaction_id,
crates/rgk-resolver/src/lib.rs:261:                        observed_spending_txid: sp.txid,
crates/rgk-resolver/src/lib.rs:324:        if let Some(sp) = utxo.spending.as_ref() {
crates/rgk-resolver/src/lib.rs:325:            // The spending tx exists. Determine confirmations.
crates/rgk-resolver/src/lib.rs:335:                    spending_txid: sp.txid,
crates/rgk-resolver/src/lib.rs:512:    observed_spending_txid: Bytes32,
crates/rgk-resolver/src/lib.rs:532:    if spend.created.transaction_id != observed_spending_txid {
crates/rgk-resolver/src/lib.rs:536:            rgk_core::to_hex(&observed_spending_txid)
crates/rgk-resolver/src/lib.rs:746:                spending: None,
crates/rgk-resolver/src/lib.rs:793:                spending: None,
crates/rgk-resolver/src/lib.rs:850:                spending: None,
crates/rgk-resolver/src/lib.rs:974:                spending: None,
crates/rgk-resolver/src/lib.rs:990:                spending: None,
crates/rgk-resolver/src/lib.rs:1074:                spending: None,
crates/rgk-resolver/src/lib.rs:1141:                spending: None,
crates/rgk-resolver/src/lib.rs:1157:                indexed_spending_txid,
crates/rgk-resolver/src/lib.rs:1158:                observed_spending_txid,
crates/rgk-resolver/src/lib.rs:1160:            } if indexed_spending_txid == [9u8; 32]
crates/rgk-resolver/src/lib.rs:1161:                && observed_spending_txid == spend_tx
crates/rgk-resolver/src/lib.rs:1213:                spending: None,
crates/rgk-resolver/src/lib.rs:1230:                indexed_spending_txid,
crates/rgk-resolver/src/lib.rs:1231:                observed_spending_txid,
crates/rgk-resolver/src/lib.rs:1235:                && indexed_spending_txid == indexed_spend_tx
crates/rgk-resolver/src/lib.rs:1236:                && observed_spending_txid == observed_spend_tx
crates/rgk-resolver/src/lib.rs:1291:                spending: None,
crates/rgk-resolver/src/lib.rs:1367:                spending: None,
crates/rgk-resolver/src/lib.rs:1432:                spending: None,
crates/rgk-kaspa/src/wrpc.rs:29:    KaspaUtxo, SpendingInfo,
crates/rgk-kaspa/src/wrpc.rs:43:    observed_spends: Arc<Mutex<BTreeMap<KaspaOutpoint, SpendingInfo>>>,
crates/rgk-kaspa/src/wrpc.rs:145:    pub fn record_spend(&self, spent: KaspaOutpoint, info: SpendingInfo) {
crates/rgk-kaspa/src/wrpc.rs:149:    pub fn observed_spend(&self, spent: KaspaOutpoint) -> Option<SpendingInfo> {
crates/rgk-kaspa/src/wrpc.rs:278:    fn observed_by_txid(&self, txid: KaspaTxId) -> Option<(KaspaOutpoint, SpendingInfo)> {
crates/rgk-kaspa/src/wrpc.rs:318:        Ok(self.observed_spend(outpoint).map(|spending| KaspaUtxo {
crates/rgk-kaspa/src/wrpc.rs:323:            spending: Some(spending),
crates/rgk-kaspa/src/wrpc.rs:327:    fn get_spending_transaction(
crates/rgk-kaspa/src/wrpc.rs:333:            .map(|spending| KaspaTxSummary {
crates/rgk-kaspa/src/wrpc.rs:334:                txid: spending.txid,
crates/rgk-kaspa/src/wrpc.rs:347:        let Some((_outpoint, spending)) = self.observed_by_txid(txid) else {
crates/rgk-kaspa/src/wrpc.rs:350:        let Some(accepted_daa) = spending.block_daa_score else {
crates/rgk-kaspa/src/wrpc.rs:369:) -> Result<Vec<(KaspaOutpoint, SpendingInfo)>, KaspaNetworkError> {
crates/rgk-kaspa/src/wrpc.rs:384:            SpendingInfo {
crates/rgk-kaspa/src/lib.rs:70:/// A UTXO as known to the local node. Includes the spending transaction if the
crates/rgk-kaspa/src/lib.rs:81:    /// If the UTXO is spent, the spending txid and input index.
crates/rgk-kaspa/src/lib.rs:82:    pub spending: Option<SpendingInfo>,
crates/rgk-kaspa/src/lib.rs:86:pub struct SpendingInfo {
crates/rgk-kaspa/src/lib.rs:149:/// decide whether to retry, wait, or fail-closed.
crates/rgk-kaspa/src/lib.rs:185:    /// * `Ok(Some(utxo))` — UTXO exists (unspent or spent with `spending`)
crates/rgk-kaspa/src/lib.rs:190:    /// If the outpoint has been spent, returns the spending transaction.
crates/rgk-kaspa/src/lib.rs:193:    fn get_spending_transaction(
crates/rgk-kaspa/src/lib.rs:267:    /// The UTXO entry is annotated with the spending info but kept in the
crates/rgk-kaspa/src/lib.rs:280:                u.spending = Some(SpendingInfo {
crates/rgk-kaspa/src/lib.rs:344:    fn get_spending_transaction(
crates/rgk-kaspa/src/lib.rs:586:                spending: None,
crates/rgk-kaspa/src/lib.rs:607:                spending: None,
crates/rgk-kaspa/src/lib.rs:611:        // The spending tx must exist in the fixture for get_spending_transaction
crates/rgk-kaspa/src/lib.rs:620:        assert_eq!(u.spending.as_ref().unwrap().txid, spend_txid);
crates/rgk-kaspa/src/lib.rs:621:        let stx = b.get_spending_transaction(outpoint).unwrap();
crates/rgk-zk/src/real_zk.rs:5923:    fn supported_allocation_witness_rejects_unsupported_shape() {
crates/rgk-zk/src/real_zk.rs:5988:            "unexpected unsupported-shape error: {err}"

== stderr ==
