== stdout ==
README.md:43:# 3. start a local simnet Toccata node
README.md:59:  --url ws://127.0.0.1:18311/v2/kaspa/simnet/no-tls/wrpc/borsh \
README.md:73:| Kaspa live evidence        | live wRPC covenant harness passes against a local Toccata simnet |
README.md:90:* **Toccata chain features** — `crescendo` and `toccata` activations: simnet
README.md:105:  remains local Toccata simnet.
scripts/e2e-local.sh:25:DEFAULT_LIVE_URL="ws://127.0.0.1:18111/v2/kaspa/simnet/no-tls/wrpc/borsh"
scripts/e2e-local.sh:31:            LIVE_URL="${RGK_LIVE_KASPA_URL:-${DEFAULT_LIVE_URL}}"
scripts/e2e-local.sh:75:    export RGK_LIVE_KASPA_URL="${LIVE_URL}"
scripts/e2e-local.sh:76:    echo "[e2e-local] live RPC: ${RGK_LIVE_KASPA_URL}"
crates/rgk-indexer/src/lib.rs:726:    use rgk_core::{ENCODING_VERSION, KASPA_LOCAL_TOCCATA};
crates/rgk-indexer/src/lib.rs:735:            chain_id: KASPA_LOCAL_TOCCATA,
crates/rgk-indexer/src/lib.rs:755:            KASPA_LOCAL_TOCCATA,
crates/rgk-indexer/src/lib.rs:778:        idx.open(KASPA_LOCAL_TOCCATA, cov, lin, state(cov, 1), open, 10)
crates/rgk-indexer/src/lib.rs:800:        idx.open(KASPA_LOCAL_TOCCATA, cov, lin, state(cov, 1), open, 10)
crates/rgk-indexer/src/lib.rs:828:        idx.open(KASPA_LOCAL_TOCCATA, cov, lin, state(cov, 1), open, 10)
crates/rgk-indexer/src/lib.rs:869:        idx.open(KASPA_LOCAL_TOCCATA, cov, lin, state(cov, 1), open, 10)
crates/rgk-indexer/src/lib.rs:883:            KASPA_LOCAL_TOCCATA,
crates/rgk-indexer/src/lib.rs:893:                KASPA_LOCAL_TOCCATA,
crates/rgk-indexer/src/lib.rs:913:                KASPA_LOCAL_TOCCATA,
crates/rgk-indexer/src/lib.rs:933:        idx.open(KASPA_LOCAL_TOCCATA, cov, lin, state(cov, 1), open, 10)
crates/rgk-indexer/src/lib.rs:949:            chain_id: KASPA_LOCAL_TOCCATA,
crates/rgk-indexer/src/lib.rs:961:            chain_id: KASPA_LOCAL_TOCCATA,
crates/rgk-indexer/src/lib.rs:982:                    chain_id: KASPA_LOCAL_TOCCATA,
crates/rgk-indexer/src/lib.rs:1019:                idx.open(KASPA_LOCAL_TOCCATA, cov, lin, state(cov, 1), open, i as u64)
crates/rgk-indexer/src/lib.rs:1071:            chain_id: KASPA_LOCAL_TOCCATA,
docs/ROADMAP.md:36:**Evidence**: `RGK_LIVE_KASPA_URL=ws://127.0.0.1:18311/v2/kaspa/simnet/no-tls/wrpc/borsh ./scripts/e2e-local.sh --live`
docs/ROADMAP.md:37:passed against a local Toccata simnet node. The run mined mature coinbase
docs/ROADMAP.md:67:   covenant UTXO in the live simnet path. The e2e harness should:
docs/ROADMAP.md:68:   * start `kaspad --simnet`
docs/ROADMAP.md:288:* `rusty-kaspa` toccata branch — covenant engine + ZK precompile + simnet.
scripts/run-kaspa-local.sh:30:    --simnet
tests/rgk-e2e/src/lib.rs:12://!   `RGK_LIVE_KASPA_URL` to point at the JSON-RPC endpoint. The live mode
tests/rgk-e2e/src/lib.rs:42:    ReceiptPolicy, RgkReceipt, RgkStateCommitment, KASPA_LOCAL_TOCCATA,
tests/rgk-e2e/src/lib.rs:102:    let chain = KASPA_LOCAL_TOCCATA;
tests/rgk-e2e/src/lib.rs:410:/// Try to run in live mode against `RGK_LIVE_KASPA_URL`. Returns
tests/rgk-e2e/src/lib.rs:415:    let url = std::env::var("RGK_LIVE_KASPA_URL").ok()?;
tests/rgk-e2e/src/lib.rs:416:    let mut backend = HttpBackend::new(url, KASPA_LOCAL_TOCCATA).with_timeout(5_000);
tests/rgk-e2e/src/lib.rs:432:    let mut backend = FixtureBackend::new(KASPA_LOCAL_TOCCATA);
tests/rgk-e2e/src/lib.rs:437:    assert_eq!(summary.chain, KASPA_LOCAL_TOCCATA);
tests/rgk-e2e/src/lib.rs:452:    let chain = KASPA_LOCAL_TOCCATA;
tests/rgk-e2e/src/lib.rs:662:        chain: KASPA_LOCAL_TOCCATA,
docs/RECEIPT-SPEC.md:61:Valid values: `0x01 mainnet`, `0x02 testnet`, `0x03 simnet`, `0x04 devnet`,
tests/rgk-e2e/tests/live_kaspa.rs:1://! Live e2e harness against a running kaspad simnet.
tests/rgk-e2e/tests/live_kaspa.rs:10://! 1. A kaspad simnet is running locally with `--simnet --rpclisten-borsh`:
tests/rgk-e2e/tests/live_kaspa.rs:14://!    kaspad --simnet --listen=0.0.0.0:18300 \
tests/rgk-e2e/tests/live_kaspa.rs:18://!           --appdir=/tmp/rgk-simnet/datadir --utxoindex \
tests/rgk-e2e/tests/live_kaspa.rs:25://!    export RGK_LIVE_KASPA_URL="ws://127.0.0.1:18311/v2/kaspa/simnet/no-tls/wrpc/borsh"
tests/rgk-e2e/tests/live_kaspa.rs:38://! - A live kaspad simnet on the `toccata` branch is reachable, returns its
tests/rgk-e2e/tests/live_kaspa.rs:63:    std::env::var("RGK_LIVE_KASPA_URL")
tests/rgk-e2e/tests/live_kaspa.rs:64:        .unwrap_or_else(|_| "ws://127.0.0.1:18311/v2/kaspa/simnet/no-tls/wrpc/borsh".to_string())
tests/rgk-e2e/tests/live_kaspa.rs:67:async fn connect_simnet() -> KaspaRpcClient {
tests/rgk-e2e/tests/live_kaspa.rs:70:    let network = Some(NetworkId::new(NetworkType::Simnet));
tests/rgk-e2e/tests/live_kaspa.rs:127:async fn live_simnet_get_block_dag_info_round_trip() {
tests/rgk-e2e/tests/live_kaspa.rs:128:    let client = connect_simnet().await;
tests/rgk-e2e/tests/live_kaspa.rs:138:    // On a fresh simnet with zero blocks mined this will be 0 — both
tests/rgk-e2e/tests/live_kaspa.rs:148:async fn live_simnet_get_server_info_reports_toccata() {
tests/rgk-e2e/tests/live_kaspa.rs:149:    let client = connect_simnet().await;
tests/rgk-e2e/tests/live_kaspa.rs:156:    // simnet with no blocks yet reports synced=false. The point of this
tests/rgk-e2e/tests/live_kaspa.rs:160:        NetworkType::Simnet,
tests/rgk-e2e/tests/live_kaspa.rs:161:        "must be simnet; got {:?}",
tests/rgk-e2e/tests/live_kaspa.rs:177:async fn live_simnet_covenant_tx_submission_reaches_validator() {
tests/rgk-e2e/tests/live_kaspa.rs:178:    let client = connect_simnet().await;
docs/E2E.md:22:| `rusty-kaspa`         | `origin/toccata` | Toccata covenants, ZK precompile, simnet       |
docs/E2E.md:48:This launches kaspad in `--simnet` mode with Toccata active from
docs/E2E.md:91:1. `KaspaChainBackend::network_id()` returns `KaspaLocalToccata`.
docs/E2E.md:107:mines mature simnet coinbase funds, builds and signs a Toccata v1
docs/E2E.md:131:  chain:           KaspaLocalToccata
docs/E2E.md:172:  still local Toccata simnet, not public testnet/devnet.
docs/E2E.md:190:RGK_LIVE_KASPA_URL="ws://127.0.0.1:18311/v2/kaspa/simnet/no-tls/wrpc/borsh" \
crates/rgk-zk/src/lib.rs:268:    use rgk_core::{receipt_commitment, ENCODING_VERSION, KASPA_LOCAL_TOCCATA};
crates/rgk-zk/src/lib.rs:277:            chain_id: KASPA_LOCAL_TOCCATA,
crates/rgk-zk/src/lib.rs:281:                chain_id: KASPA_LOCAL_TOCCATA,
crates/rgk-zk/src/lib.rs:295:                chain_id: KASPA_LOCAL_TOCCATA,
crates/rgk-zk/src/lib.rs:409:        // chain tag 'K' = 0x4b, then chain value 0x05 for KaspaLocalToccata.
crates/rgk-covenant/src/lib.rs:526:        chain_id: KaspaChainId::KaspaLocalToccata,
crates/rgk-covenant/src/lib.rs:607:    use rgk_core::{from_hex, KASPA_LOCAL_TOCCATA};
crates/rgk-covenant/src/lib.rs:615:            chain_id: KASPA_LOCAL_TOCCATA,
crates/rgk-covenant/src/lib.rs:628:            KASPA_LOCAL_TOCCATA,
tests/rgk-e2e/tests/live_covenant.rs:1://! Live Toccata covenant lifecycle test against a running kaspad simnet.
tests/rgk-e2e/tests/live_covenant.rs:17://! 4. **Submit the signed covenant transaction** to the live simnet over
tests/rgk-e2e/tests/live_covenant.rs:57:    replay_nonce, Canonical, KaspaCovenantId, KaspaOutpoint, ProofMode, KASPA_LOCAL_TOCCATA,
tests/rgk-e2e/tests/live_covenant.rs:76:    std::env::var("RGK_LIVE_KASPA_URL")
tests/rgk-e2e/tests/live_covenant.rs:77:        .unwrap_or_else(|_| "ws://127.0.0.1:18311/v2/kaspa/simnet/no-tls/wrpc/borsh".to_string())
tests/rgk-e2e/tests/live_covenant.rs:80:async fn connect_simnet() -> KaspaRpcClient {
tests/rgk-e2e/tests/live_covenant.rs:83:    let network = Some(NetworkId::new(NetworkType::Simnet));
tests/rgk-e2e/tests/live_covenant.rs:158:/// (Kaspa simnet has a 1000-block coinbase maturity period).
tests/rgk-e2e/tests/live_covenant.rs:240:async fn live_simnet_full_covenant_lifecycle() {
tests/rgk-e2e/tests/live_covenant.rs:241:    let client = connect_simnet().await;
tests/rgk-e2e/tests/live_covenant.rs:242:    let backend = WrpcBackend::new(client.clone(), KASPA_LOCAL_TOCCATA);
tests/rgk-e2e/tests/live_covenant.rs:243:    eprintln!("live: connected to simnet wRPC");
tests/rgk-e2e/tests/live_covenant.rs:248:    eprintln!("live: generated keypair, simnet address: {}", miner_address);
tests/rgk-e2e/tests/live_covenant.rs:252:    // (Kaspa simnet enforces a 1000-block coinbase maturity period;
tests/rgk-e2e/tests/live_covenant.rs:270:        panic!("no UTXOs at our simnet address");
tests/rgk-e2e/tests/live_covenant.rs:301:    // fee — Kaspa simnet enforces fee >= mass * 100 sompi for compute
tests/rgk-e2e/tests/live_covenant.rs:397:        chain_id: KASPA_LOCAL_TOCCATA,
tests/rgk-e2e/tests/live_covenant.rs:408:            ScanServiceConfig::new(KASPA_LOCAL_TOCCATA),
tests/rgk-e2e/tests/live_covenant.rs:472:            chain_id: KASPA_LOCAL_TOCCATA,
tests/rgk-e2e/tests/live_covenant.rs:494:            ScanServiceConfig::new(KASPA_LOCAL_TOCCATA),
tests/rgk-e2e/tests/live_covenant.rs:546:        chain_id: KASPA_LOCAL_TOCCATA,
tests/rgk-e2e/tests/live_covenant.rs:554:        chain_id: KASPA_LOCAL_TOCCATA,
tests/rgk-e2e/tests/live_covenant.rs:571:        chain_id: KASPA_LOCAL_TOCCATA,
tests/rgk-e2e/tests/live_covenant.rs:585:        KASPA_LOCAL_TOCCATA,
tests/rgk-e2e/tests/live_covenant.rs:597:            KASPA_LOCAL_TOCCATA,
tests/rgk-e2e/tests/live_covenant.rs:618:        let mut resolver = RgkResolver::new(&backend, &mut indexer, KASPA_LOCAL_TOCCATA);
tests/rgk-e2e/tests/live_covenant.rs:619:        resolver.reorg_safety_depth = 1; // simnet doesn't mine 10 blocks per test
tests/rgk-e2e/tests/live_covenant.rs:630:         from the confirmed live Kaspa Toccata simnet spend (covenant_id={:02x?})",
crates/rgk-zk/src/real_zk.rs:211:    use rgk_core::KASPA_LOCAL_TOCCATA;
crates/rgk-zk/src/real_zk.rs:216:            chain_id: KASPA_LOCAL_TOCCATA,
crates/rgk-zk/src/real_zk.rs:220:                chain_id: KASPA_LOCAL_TOCCATA,
crates/rgk-zk/src/real_zk.rs:228:                chain_id: KASPA_LOCAL_TOCCATA,
crates/rgk-resolver/src/lib.rs:360:    use rgk_core::{from_hex, ENCODING_VERSION, KASPA_LOCAL_TOCCATA};
crates/rgk-resolver/src/lib.rs:375:            chain_id: KASPA_LOCAL_TOCCATA,
crates/rgk-resolver/src/lib.rs:389:        let backend = FixtureBackend::new(KASPA_LOCAL_TOCCATA);
crates/rgk-resolver/src/lib.rs:391:        let mut r = RgkResolver::new(&backend, &mut idx, KASPA_LOCAL_TOCCATA);
crates/rgk-resolver/src/lib.rs:400:        let mut backend = FixtureBackend::new(KASPA_LOCAL_TOCCATA);
crates/rgk-resolver/src/lib.rs:409:            KASPA_LOCAL_TOCCATA,
crates/rgk-resolver/src/lib.rs:431:        let mut r = RgkResolver::new(&backend, &mut idx, KASPA_LOCAL_TOCCATA);
crates/rgk-resolver/src/lib.rs:446:        let mut backend = FixtureBackend::new(KASPA_LOCAL_TOCCATA);
crates/rgk-resolver/src/lib.rs:462:            KASPA_LOCAL_TOCCATA,
crates/rgk-resolver/src/lib.rs:507:        let mut r = RgkResolver::new(&backend, &mut idx, KASPA_LOCAL_TOCCATA);
crates/rgk-resolver/src/lib.rs:529:        let backend = FixtureBackend::new(KASPA_LOCAL_TOCCATA)
crates/rgk-resolver/src/lib.rs:532:        let mut r = RgkResolver::new(&backend, &mut idx, KASPA_LOCAL_TOCCATA);
crates/rgk-resolver/src/lib.rs:546:        let mut backend = FixtureBackend::new(KASPA_LOCAL_TOCCATA);
crates/rgk-resolver/src/lib.rs:555:            KASPA_LOCAL_TOCCATA,
crates/rgk-resolver/src/lib.rs:585:        let mut r = RgkResolver::new(&backend, &mut idx, KASPA_LOCAL_TOCCATA);
crates/rgk-resolver/src/lib.rs:592:        let backend = FixtureBackend::new(KASPA_LOCAL_TOCCATA);
crates/rgk-resolver/src/lib.rs:597:            KASPA_LOCAL_TOCCATA,
crates/rgk-resolver/src/lib.rs:608:        let r = RgkResolver::new(&backend, &mut idx, KASPA_LOCAL_TOCCATA);
crates/rgk-sync/src/lib.rs:261:    use rgk_core::{KaspaChainId, KASPA_LOCAL_TOCCATA};
crates/rgk-sync/src/lib.rs:316:            chain_id: KASPA_LOCAL_TOCCATA,
crates/rgk-sync/src/lib.rs:332:            ScanServiceConfig::new(KASPA_LOCAL_TOCCATA),
crates/rgk-sync/src/lib.rs:365:            ScanServiceConfig::new(KASPA_LOCAL_TOCCATA),
crates/rgk-sync/src/lib.rs:400:            ScanServiceConfig::new(KASPA_LOCAL_TOCCATA),
crates/rgk-sync/src/lib.rs:430:            ScanServiceConfig::new(KASPA_LOCAL_TOCCATA),
crates/rgk-sync/src/lib.rs:456:            ScanServiceConfig::new(KASPA_LOCAL_TOCCATA),
crates/rgk-tx/src/lib.rs:362:    use rgk_core::{ENCODING_VERSION, KASPA_LOCAL_TOCCATA};
crates/rgk-tx/src/lib.rs:370:            KASPA_LOCAL_TOCCATA,
crates/rgk-rgb/src/lib.rs:227:/// The RGK "RGB chain net" discriminant — always `KaspaLocalToccata` for the
crates/rgk-rgb/src/lib.rs:424:    use rgk_core::KASPA_LOCAL_TOCCATA;
crates/rgk-rgb/src/lib.rs:451:        let mut a = InMemoryRgbAdapter::new(KASPA_LOCAL_TOCCATA);
crates/rgk-rgb/src/lib.rs:454:                KASPA_LOCAL_TOCCATA,
crates/rgk-rgb/src/lib.rs:465:                KASPA_LOCAL_TOCCATA,
crates/rgk-rgb/src/lib.rs:476:        let mut a = InMemoryRgbAdapter::new(KASPA_LOCAL_TOCCATA);
crates/rgk-rgb/src/lib.rs:490:        let mut a = InMemoryRgbAdapter::new(KASPA_LOCAL_TOCCATA);
crates/rgk-rgb/src/lib.rs:493:                KASPA_LOCAL_TOCCATA,
crates/rgk-rgb/src/lib.rs:504:        let mut a = InMemoryRgbAdapter::new(KASPA_LOCAL_TOCCATA);
crates/rgk-rgb/src/lib.rs:506:            .issue_nia(KASPA_LOCAL_TOCCATA, NIA_SCHEMA_ID, genesis_outpoint(), 100)
crates/rgk-rgb/src/lib.rs:527:        let mut a = InMemoryRgbAdapter::new(KASPA_LOCAL_TOCCATA);
crates/rgk-rgb/src/lib.rs:529:            .issue_nia(KASPA_LOCAL_TOCCATA, NIA_SCHEMA_ID, genesis_outpoint(), 100)
crates/rgk-rgb/src/lib.rs:536:        let a = InMemoryRgbAdapter::new(KASPA_LOCAL_TOCCATA);
crates/rgk-rgb/src/lib.rs:551:        let a = InMemoryRgbAdapter::new(KASPA_LOCAL_TOCCATA);
crates/rgk-rgb/src/lib.rs:559:            KASPA_LOCAL_TOCCATA,
crates/rgk-rgb/src/lib.rs:574:            KASPA_LOCAL_TOCCATA,
crates/rgk-rgb/src/real_rgb.rs:223:            KaspaChainId::KaspaLocalToccata,
crates/rgk-rgb/src/real_rgb.rs:229:        assert_eq!(s.chain_id, KaspaChainId::KaspaLocalToccata);
crates/rgk-sync/src/bin/rgk-sync.rs:7:use rgk_kaspa::{KaspaNetworkError, WrpcBackend, WrpcNetwork};
crates/rgk-sync/src/bin/rgk-sync.rs:17:    /// Borsh wRPC endpoint, for example ws://127.0.0.1:18311/v2/kaspa/simnet/no-tls/wrpc/borsh.
crates/rgk-sync/src/bin/rgk-sync.rs:18:    #[arg(long, env = "RGK_LIVE_KASPA_URL", value_name = "URL")]
crates/rgk-sync/src/bin/rgk-sync.rs:23:    network: CliNetwork,
crates/rgk-sync/src/bin/rgk-sync.rs:56:enum CliNetwork {
crates/rgk-sync/src/bin/rgk-sync.rs:64:impl CliNetwork {
crates/rgk-sync/src/bin/rgk-sync.rs:65:    const fn to_wrpc_network(self) -> WrpcNetwork {
crates/rgk-sync/src/bin/rgk-sync.rs:67:            CliNetwork::Mainnet => WrpcNetwork::Mainnet,
crates/rgk-sync/src/bin/rgk-sync.rs:68:            CliNetwork::Testnet => WrpcNetwork::Testnet,
crates/rgk-sync/src/bin/rgk-sync.rs:69:            CliNetwork::Devnet => WrpcNetwork::Devnet,
crates/rgk-sync/src/bin/rgk-sync.rs:70:            CliNetwork::Simnet => WrpcNetwork::Simnet,
crates/rgk-sync/src/bin/rgk-sync.rs:71:            CliNetwork::LocalToccata => WrpcNetwork::LocalToccata,
crates/rgk-sync/src/bin/rgk-sync.rs:134:fn scan_config(cli: &Cli, network: WrpcNetwork) -> ScanServiceConfig {
crates/rgk-receipt/src/lib.rs:393:    use rgk_core::{receipt_commitment, ENCODING_VERSION, KASPA_LOCAL_TOCCATA};
crates/rgk-receipt/src/lib.rs:403:            chain_id: KASPA_LOCAL_TOCCATA,
crates/rgk-receipt/src/lib.rs:419:            chain_id: KASPA_LOCAL_TOCCATA,
crates/rgk-receipt/src/lib.rs:584:                receipt: KASPA_LOCAL_TOCCATA,
crates/rgk-kaspa/src/wrpc.rs:48:/// `LocalToccata` uses a simnet wRPC transport but keeps RGK's stricter
crates/rgk-kaspa/src/wrpc.rs:49:/// `KaspaLocalToccata` domain id for receipts and scanner cursors.
crates/rgk-kaspa/src/wrpc.rs:51:pub enum WrpcNetwork {
crates/rgk-kaspa/src/wrpc.rs:59:impl WrpcNetwork {
crates/rgk-kaspa/src/wrpc.rs:62:            WrpcNetwork::Mainnet => KaspaChainId::KaspaMainnet,
crates/rgk-kaspa/src/wrpc.rs:63:            WrpcNetwork::Testnet => KaspaChainId::KaspaTestnet,
crates/rgk-kaspa/src/wrpc.rs:64:            WrpcNetwork::Devnet => KaspaChainId::KaspaDevnet,
crates/rgk-kaspa/src/wrpc.rs:65:            WrpcNetwork::Simnet => KaspaChainId::KaspaSimnet,
crates/rgk-kaspa/src/wrpc.rs:66:            WrpcNetwork::LocalToccata => KaspaChainId::KaspaLocalToccata,
crates/rgk-kaspa/src/wrpc.rs:72:            WrpcNetwork::Mainnet => NetworkType::Mainnet,
crates/rgk-kaspa/src/wrpc.rs:73:            WrpcNetwork::Testnet => NetworkType::Testnet,
crates/rgk-kaspa/src/wrpc.rs:74:            WrpcNetwork::Devnet => NetworkType::Devnet,
crates/rgk-kaspa/src/wrpc.rs:75:            WrpcNetwork::Simnet | WrpcNetwork::LocalToccata => NetworkType::Simnet,
crates/rgk-kaspa/src/wrpc.rs:101:        network: WrpcNetwork,
crates/rgk-kaspa/src/wrpc.rs:109:        network: WrpcNetwork,
crates/rgk-kaspa/src/wrpc.rs:132:    /// Connect to a simnet node using Borsh wRPC.
crates/rgk-kaspa/src/wrpc.rs:133:    pub async fn connect_simnet_borsh(
crates/rgk-kaspa/src/wrpc.rs:137:        Self::connect_borsh_with_chain_id(url, WrpcNetwork::Simnet, network).await
crates/rgk-kaspa/src/wrpc.rs:425:    fn wrpc_network_maps_rgk_local_toccata_to_simnet_transport() {
crates/rgk-kaspa/src/wrpc.rs:427:            WrpcNetwork::LocalToccata.chain_id(),
crates/rgk-kaspa/src/wrpc.rs:428:            KaspaChainId::KaspaLocalToccata
crates/rgk-kaspa/src/wrpc.rs:431:            WrpcNetwork::LocalToccata.network_type(),
crates/rgk-kaspa/src/wrpc.rs:432:            NetworkType::Simnet
crates/rgk-kaspa/src/wrpc.rs:438:        assert_eq!(WrpcNetwork::Mainnet.chain_id(), KaspaChainId::KaspaMainnet);
crates/rgk-kaspa/src/wrpc.rs:439:        assert_eq!(WrpcNetwork::Testnet.chain_id(), KaspaChainId::KaspaTestnet);
crates/rgk-kaspa/src/wrpc.rs:440:        assert_eq!(WrpcNetwork::Devnet.chain_id(), KaspaChainId::KaspaDevnet);
crates/rgk-kaspa/src/wrpc.rs:441:        assert_eq!(WrpcNetwork::Simnet.chain_id(), KaspaChainId::KaspaSimnet);
crates/rgk-core/src/tests.rs:5:use crate::chain::{KaspaChainId, KASPA_LOCAL_TOCCATA};
crates/rgk-core/src/tests.rs:22:        chain_id: KASPA_LOCAL_TOCCATA,
crates/rgk-core/src/tests.rs:33:        chain_id: KASPA_LOCAL_TOCCATA,
crates/rgk-core/src/tests.rs:347:    assert_eq!(KASPA_LOCAL_TOCCATA.as_domain_str(), "kaspa-local-toccata");
crates/rgk-core/src/chain.rs:4://! `KaspaLocalToccata` is **never** acceptable as evidence on `KaspaMainnet`,
crates/rgk-core/src/chain.rs:24:    /// Kaspa simnet — Toccata active from genesis, PoW skipped.
crates/rgk-core/src/chain.rs:29:    /// local `kaspad --simnet` e2e harness runs against. Receipts minted here
crates/rgk-core/src/chain.rs:31:    KaspaLocalToccata = 0x05,
crates/rgk-core/src/chain.rs:35:pub const KASPA_LOCAL_TOCCATA: KaspaChainId = KaspaChainId::KaspaLocalToccata;
crates/rgk-core/src/chain.rs:47:        KaspaChainId::KaspaLocalToccata,
crates/rgk-core/src/chain.rs:56:            KaspaChainId::KaspaSimnet => "kaspa-simnet",
crates/rgk-core/src/chain.rs:58:            KaspaChainId::KaspaLocalToccata => "kaspa-local-toccata",
crates/rgk-core/src/chain.rs:73:            | KaspaChainId::KaspaLocalToccata => true,
crates/rgk-core/src/chain.rs:84:            0x05 => Some(KaspaChainId::KaspaLocalToccata),
crates/rgk-kaspa/src/lib.rs:232:        Self::new(KaspaChainId::KaspaLocalToccata)
crates/rgk-kaspa/src/lib.rs:445:            // minimal call; on `simnet` the network is `0xdeadbeef`-style.
crates/rgk-kaspa/src/lib.rs:581:pub use wrpc::{WrpcBackend, WrpcNetwork, WrpcVirtualChainScan};
crates/rgk-kaspa/src/lib.rs:591:        let mut b = FixtureBackend::new(KaspaChainId::KaspaLocalToccata);
crates/rgk-kaspa/src/lib.rs:592:        assert_eq!(b.network_id().unwrap(), KaspaChainId::KaspaLocalToccata);
crates/rgk-kaspa/src/lib.rs:604:        let mut b = FixtureBackend::new(KaspaChainId::KaspaLocalToccata);
crates/rgk-kaspa/src/lib.rs:625:        let mut b = FixtureBackend::new(KaspaChainId::KaspaLocalToccata);
crates/rgk-kaspa/src/lib.rs:657:        let b = FixtureBackend::new(KaspaChainId::KaspaLocalToccata)
crates/rgk-kaspa/src/lib.rs:682:                configured: KaspaChainId::KaspaLocalToccata
crates/rgk-kaspa/src/lib.rs:691:        let b = FixtureBackend::new(KaspaChainId::KaspaLocalToccata);
crates/rgk-core/src/lib.rs:53:pub use chain::{KaspaChainId, KASPA_LOCAL_TOCCATA};

== stderr ==
