== stdout ==
[run-kaspa-devnet] launching /Users/arthur/RustroverProjects/rgk/external/rusty-kaspa-toccata/target/release/kaspad in background
[run-kaspa-devnet] pid: 2549
[run-kaspa-devnet] log: /Users/arthur/RustroverProjects/rgk/.rgk-devnet/kaspad.log
[run-kaspa-devnet] waiting for wRPC at ws://127.0.0.1:19111
[run-kaspa-devnet] wRPC ready after 2s
[e2e-devnet] live devnet RPC: ws://127.0.0.1:19111/v2/kaspa/devnet/no-tls/wrpc/borsh
[e2e-devnet] running live_devnet test
   Compiling rgk-asset v0.1.0 (/Users/arthur/RustroverProjects/rgk/crates/rgk-asset)
   Compiling kaspa-wrpc-client v1.2.2-toc.4 (/Users/arthur/RustroverProjects/rusty-kaspa/rpc/wrpc/client)
   Compiling rgk-zk v0.1.0 (/Users/arthur/RustroverProjects/rgk/crates/rgk-zk)
   Compiling rgk-kaspa v0.1.0 (/Users/arthur/RustroverProjects/rgk/crates/rgk-kaspa)
   Compiling rgk-resolver v0.1.0 (/Users/arthur/RustroverProjects/rgk/crates/rgk-resolver)
   Compiling rgk-sync v0.1.0 (/Users/arthur/RustroverProjects/rgk/crates/rgk-sync)
   Compiling rgk-e2e v0.1.0 (/Users/arthur/RustroverProjects/rgk/tests/rgk-e2e)
    Finished `test` profile [optimized + debuginfo] target(s) in 3.24s
     Running tests/live_devnet.rs (target/debug/deps/live_devnet-27c7463dd2571513)

running 2 tests
live-devnet: server_version=1.2.2-toc.4 network_id=devnet is_synced=false has_utxo_index=true
test live_devnet_reports_toccata_node_identity ... ok
live-devnet: scan cursor initialised chain=KaspaDevnet daa=94141 hash_prefix=1221f485bb477438
test live_devnet_initialises_persistent_scan_cursor ... ok

test result: ok. 2 passed; 0 failed; 0 ignored; 0 measured; 0 filtered out; finished in 0.05s

[e2e-devnet] running policy migration recovery fixture
   Compiling rgk-resolver v0.1.0 (/Users/arthur/RustroverProjects/rgk/crates/rgk-resolver)
   Compiling rgk-e2e v0.1.0 (/Users/arthur/RustroverProjects/rgk/tests/rgk-e2e)
    Finished `test` profile [optimized + debuginfo] target(s) in 1.04s
     Running unittests src/lib.rs (target/debug/deps/rgk_e2e-61e4ff2d6b6c07e6)

running 1 test
RGK policy migration recovery
  chain:           KaspaLocalToccata
  covenant:        0xc750aee85561dc562b16688f01a736f81ed26948e166280ff5cd2a6f970d6599
  spent_txid:      0x2121212121212121212121212121212121212121212121212121212121212121
  new_txid:        0x2222222222222222222222222222222222222222222222222222222222222222
  previous_policy: verifier-only
  new_policy:      zk-or-verifier
  migration:       0x595de1d206e02c94795f46e960bf6e2230dd921d0ebfa3470a36fe05ec972be6
  resolver:        NativeTransitionedValid { covenant: [199, 80, 174, 232, 85, 97, 220, 86, 43, 22, 104, 143, 1, 167, 54, 248, 30, 210, 105, 72, 225, 102, 40, 15, 245, 205, 42, 111, 151, 13, 101, 153], spent_outpoint: KaspaOutpoint { transaction_id: [33, 33, 33, 33, 33, 33, 33, 33, 33, 33, 33, 33, 33, 33, 33, 33, 33, 33, 33, 33, 33, 33, 33, 33, 33, 33, 33, 33, 33, 33, 33, 33], index: 0 }, new_outpoint: KaspaOutpoint { transaction_id: [34, 34, 34, 34, 34, 34, 34, 34, 34, 34, 34, 34, 34, 34, 34, 34, 34, 34, 34, 34, 34, 34, 34, 34, 34, 34, 34, 34, 34, 34, 34, 34], index: 0 }, receipt_id: [89, 93, 225, 210, 6, 224, 44, 148, 121, 95, 70, 233, 96, 191, 110, 34, 48, 221, 146, 29, 14, 191, 163, 71, 10, 54, 254, 5, 236, 151, 43, 230], new_state: RgkStateCommitment { version: 1, chain_id: KaspaLocalToccata, covenant_id: [199, 80, 174, 232, 85, 97, 220, 86, 43, 22, 104, 143, 1, 167, 54, 248, 30, 210, 105, 72, 225, 102, 40, 15, 245, 205, 42, 111, 151, 13, 101, 153], asset_id: [66, 66, 66, 66, 66, 66, 66, 66, 66, 66, 66, 66, 66, 66, 66, 66, 66, 66, 66, 66, 66, 66, 66, 66, 66, 66, 66, 66, 66, 66, 66, 66], state_digest: [50, 50, 50, 50, 50, 50, 50, 50, 50, 50, 50, 50, 50, 50, 50, 50, 50, 50, 50, 50, 50, 50, 50, 50, 50, 50, 50, 50, 50, 50, 50, 50], receipt_policy: ZkOrVerifier }, allocation_audit_certificate: None, confirmation_depth: 1 }

test policy_migration_recovery_fixture_survives_reopen ... ok

test result: ok. 1 passed; 0 failed; 0 ignored; 0 measured; 3 filtered out; finished in 0.05s

[e2e-devnet] running native burn lifecycle fixtures
    Finished `test` profile [optimized + debuginfo] target(s) in 0.05s
     Running unittests src/lib.rs (target/debug/deps/rgk_asset-62819fe3dc6f14f9)

running 1 test
test native::tests::native_transition_rejects_supply_inflation_and_deflation ... ok

test result: ok. 1 passed; 0 failed; 0 ignored; 0 measured; 44 filtered out; finished in 0.00s

    Finished `test` profile [optimized + debuginfo] target(s) in 0.05s
     Running unittests src/lib.rs (target/debug/deps/rgk_asset-62819fe3dc6f14f9)

running 1 test
test native::tests::continuation_accepts_explicit_burn_for_supported_production_zk_shape ... ok

test result: ok. 1 passed; 0 failed; 0 ignored; 0 measured; 44 filtered out; finished in 0.00s

   Compiling rgk-asset v0.1.0 (/Users/arthur/RustroverProjects/rgk/crates/rgk-asset)
   Compiling rgk-zk v0.1.0 (/Users/arthur/RustroverProjects/rgk/crates/rgk-zk)
    Finished `test` profile [optimized + debuginfo] target(s) in 2.94s
     Running unittests src/lib.rs (target/debug/deps/rgk_zk-2d7d6e784de2143c)

running 1 test
test real_zk::tests::prove_then_verify_allocation_1x1_burn_transition has been running for over 60 seconds
test real_zk::tests::prove_then_verify_allocation_1x1_burn_transition ... ok

test result: ok. 1 passed; 0 failed; 0 ignored; 0 measured; 85 filtered out; finished in 77.98s

native burn: production-ZK burn proof supported for shape=1x1
[e2e-devnet] running metadata and ownership guardrail fixtures
    Finished `test` profile [optimized + debuginfo] target(s) in 0.06s
     Running unittests src/lib.rs (target/debug/deps/rgk_asset-62819fe3dc6f14f9)

running 1 test
test native::tests::native_issue_digest_binds_metadata_and_owner_commitments ... ok

test result: ok. 1 passed; 0 failed; 0 ignored; 0 measured; 44 filtered out; finished in 0.00s

    Finished `test` profile [optimized + debuginfo] target(s) in 0.05s
     Running unittests src/lib.rs (target/debug/deps/rgk_asset-62819fe3dc6f14f9)

running 1 test
test native::tests::native_transition_binds_authorized_ownership_handoff ... ok

test result: ok. 1 passed; 0 failed; 0 ignored; 0 measured; 44 filtered out; finished in 0.00s

    Finished `test` profile [optimized + debuginfo] target(s) in 0.05s
     Running unittests src/lib.rs (target/debug/deps/rgk_asset-62819fe3dc6f14f9)

running 1 test
test native::tests::native_transition_rejects_ownership_handoff_without_authorization ... ok

test result: ok. 1 passed; 0 failed; 0 ignored; 0 measured; 44 filtered out; finished in 0.00s

    Finished `test` profile [optimized + debuginfo] target(s) in 0.05s
     Running unittests src/lib.rs (target/debug/deps/rgk_asset-62819fe3dc6f14f9)

running 1 test
test native::tests::owner_descriptor_commitments_bind_owner_control_shape ... ok

test result: ok. 1 passed; 0 failed; 0 ignored; 0 measured; 44 filtered out; finished in 0.00s

    Finished `test` profile [optimized + debuginfo] target(s) in 0.05s
     Running unittests src/lib.rs (target/debug/deps/rgk_asset-62819fe3dc6f14f9)

running 1 test
test native::tests::native_transition_binds_owner_key_rotation_descriptor ... ok

test result: ok. 1 passed; 0 failed; 0 ignored; 0 measured; 44 filtered out; finished in 0.00s

[e2e-devnet] running fungible transfer-shape fixtures
    Finished `test` profile [optimized + debuginfo] target(s) in 0.05s
     Running unittests src/lib.rs (target/debug/deps/rgk_asset-62819fe3dc6f14f9)

running 1 test
test native::tests::fungible_multi_output_fanout_2x2_is_production_zk_supported ... ok

test result: ok. 1 passed; 0 failed; 0 ignored; 0 measured; 44 filtered out; finished in 0.00s

    Finished `test` profile [optimized + debuginfo] target(s) in 0.05s
     Running unittests src/lib.rs (target/debug/deps/rgk_asset-62819fe3dc6f14f9)

running 1 test
test native::tests::fungible_multi_input_merge_3x2_is_production_zk_supported ... ok

test result: ok. 1 passed; 0 failed; 0 ignored; 0 measured; 44 filtered out; finished in 0.00s

    Finished `test` profile [optimized + debuginfo] target(s) in 0.05s
     Running unittests src/lib.rs (target/debug/deps/rgk_asset-62819fe3dc6f14f9)

running 1 test
test native::tests::fungible_batch_transfer_4x4_is_production_zk_supported ... ok

test result: ok. 1 passed; 0 failed; 0 ignored; 0 measured; 44 filtered out; finished in 0.00s

[e2e-devnet] running 4x4 allocation-vector VM fixture
   Compiling kaspa-wrpc-client v1.2.2-toc.4 (/Users/arthur/RustroverProjects/rusty-kaspa/rpc/wrpc/client)
   Compiling rgk-zk v0.1.0 (/Users/arthur/RustroverProjects/rgk/crates/rgk-zk)
   Compiling rgk-kaspa v0.1.0 (/Users/arthur/RustroverProjects/rgk/crates/rgk-kaspa)
   Compiling rgk-sync v0.1.0 (/Users/arthur/RustroverProjects/rgk/crates/rgk-sync)
   Compiling rgk-resolver v0.1.0 (/Users/arthur/RustroverProjects/rgk/crates/rgk-resolver)
   Compiling rgk-e2e v0.1.0 (/Users/arthur/RustroverProjects/rgk/tests/rgk-e2e)
    Finished `test` profile [optimized + debuginfo] target(s) in 3.37s
     Running tests/zk_precompile_vm.rs (target/debug/deps/zk_precompile_vm-bca54a0c6483f79c)

running 1 test
test rgk_allocation_4x4_groth16_proof_executes_in_upstream_toccata_vm has been running for over 60 seconds
[zk-precompile-vm] allocation_4x4 public_inputs=64 vk_bytes=2312 proof_bytes=128 script_bytes=4562
test rgk_allocation_4x4_groth16_proof_executes_in_upstream_toccata_vm ... ok

test result: ok. 1 passed; 0 failed; 0 ignored; 0 measured; 13 filtered out; finished in 149.13s

native allocation: production-ZK proof supported for shape=4x4
[e2e-devnet] running full covenant lifecycle on devnet
   Compiling kaspa-wrpc-client v1.2.2-toc.4 (/Users/arthur/RustroverProjects/rusty-kaspa/rpc/wrpc/client)
   Compiling rgk-kaspa v0.1.0 (/Users/arthur/RustroverProjects/rgk/crates/rgk-kaspa)
   Compiling rgk-resolver v0.1.0 (/Users/arthur/RustroverProjects/rgk/crates/rgk-resolver)
   Compiling rgk-sync v0.1.0 (/Users/arthur/RustroverProjects/rgk/crates/rgk-sync)
   Compiling rgk-e2e v0.1.0 (/Users/arthur/RustroverProjects/rgk/tests/rgk-e2e)
    Finished `test` profile [optimized + debuginfo] target(s) in 4.47s
     Running tests/live_covenant.rs (target/debug/deps/live_covenant-9a03687128952222)

running 1 test
live: connected to devnet wRPC (chain_id=KaspaDevnet)
live: server_version=1.2.2-toc.4 network_id=devnet is_synced=false has_utxo_index=true
live: fixed keypair address = kaspadev:qzzt7atzyc4m662qppt53ua7dta99t33w923s8kwxxmxx5wvl7jtq0ahp67m9
live: fixed pubkey x-only = [84, bf, 75, 62, 26, 2b, bd, 69, 40, 08, 57, 48, f3, be, 6a, fa, 52, ae, 31, 71, 55, 18, 1e, ce, 31, b6, 63, 51, cc, ff, a4, b0]
live: generated keypair, devnet address: kaspadev:qzzt7atzyc4m662qppt53ua7dta99t33w923s8kwxxmxx5wvl7jtq0ahp67m9
live: mined block, report: accepted=Success
live: reached DAA score 94142 (target 1)
live: coinbase block 1 mined; mining 2000 more so the FIRST coinbase UTXO matures (need DAA >= 1001 to spend it)...
live: mined 100/2000 blocks (0.1s)
live: mined 200/2000 blocks (0.1s)
live: mined 300/2000 blocks (0.2s)
live: mined 400/2000 blocks (0.3s)
live: mined 500/2000 blocks (0.4s)
live: mined 600/2000 blocks (0.4s)
live: mined 700/2000 blocks (0.5s)
live: mined 800/2000 blocks (0.6s)
live: mined 900/2000 blocks (0.6s)
live: mined 1000/2000 blocks (0.7s)
live: mined 1100/2000 blocks (0.8s)
live: mined 1200/2000 blocks (0.8s)
live: mined 1300/2000 blocks (0.9s)
live: mined 1400/2000 blocks (1.0s)
live: mined 1500/2000 blocks (1.0s)
live: mined 1600/2000 blocks (1.1s)
live: mined 1700/2000 blocks (1.2s)
live: mined 1800/2000 blocks (1.3s)
live: mined 1900/2000 blocks (1.3s)
live: mined 2000/2000 blocks (1.4s)
live: mined 2000 blocks in 1.4s
live: reached DAA score 96142 (target 2001)
live: oldest coinbase UTXO is now mature (DAA >= 2001)
live: selected funding UTXO at DAA 49 value=4400000000 coinbase=true
live: fetched funding UTXO txid=[a0, 17, ec, fa, 7f, 50, 65, 4c, 4e, fb, 3d, d1, 49, 41, fc, 5d, b9, c1, 3d, 96, 28, 10, 48, eb, 65, 28, 88, 3c, 79, e7, b8, ec] index=0 value=4400000000
live: computed covenant_id = [2b, 7f, 57, 22, 1f, 97, f9, 65, c9, 3a, 30, 94, 0b, 3c, 5c, 7e, b6, c7, 2a, c2, f2, da, 8b, cd, aa, 78, 6b, 44, 75, 61, cc, ca] for the genesis output (value=4396000000, fee=4000000)
live: signed covenant tx, txid = [7b, 75, 1c, 6d, 04, 22, 77, 57, da, 01, 1f, a8, b2, f9, 61, 14, bd, f2, 2d, 00, 50, 0a, 9d, ac, f3, 37, ad, 83, 5f, 4a, e6, 70]
live: covenant tx ACCEPTED by node: txid=[7b, 75, 1c, 6d, 04, 22, 77, 57, da, 01, 1f, a8, b2, f9, 61, 14, bd, f2, 2d, 00, 50, 0a, 9d, ac, f3, 37, ad, 83, 5f, 4a, e6, 70]
live: mined block, report: accepted=Success
live: reached DAA score 96143 (target 2)
live: confirmation block 2 mined
live: covenant output confirmed at DAA score 96143 with covenant_id=[2b, 7f, 57, 22, 1f, 97, f9, 65, c9, 3a, 30, 94, 0b, 3c, 5c, 7e, b6, c7, 2a, c2, f2, da, 8b, cd, aa, 78, 6b, 44, 75, 61, cc, ca]
live: native RGK asset state digest = 0xd20cfeffacf9ef195f657303dd6eeb8084312176bbb0184edd67bda1d7476911 (allocations=1 daa=96143 confirmations=1 privacy_policy=PrivateLane lane_id=0xf9e2d47ecda382db86ba713e640cb58f4a9f75a24d0820505148c302004436d9 policy_commitment=0x4663f5b9404ee4fe0358c6299f73422e955f5fea03e19545f5b8f99472d00bbf metadata_commitment=0x1dcb90cc6678da6e0248270924d10f26202bd969cc419dc49a3c8547b1562ecd owner_commitment=0x9fa3d5d0ab9507ac72aa2eeae17eedd457ef83031b710404d343b87cb0e3f60a)
live: ZK covenant spend enabled, public_inputs=29 vk_bytes=1192 proof_bytes=128
live: built P2SH covenant spend, txid = [d3, a2, 84, 90, 85, 80, 26, e1, a1, f5, 9f, 96, a0, 11, d4, de, 8c, e9, 85, b0, 37, 67, 6f, b7, 8e, 3d, 96, 0b, a1, ed, 55, 75]
live: P2SH covenant spend ACCEPTED by node: txid=[d3, a2, 84, 90, 85, 80, 26, e1, a1, f5, 9f, 96, a0, 11, d4, de, 8c, e9, 85, b0, 37, 67, 6f, b7, 8e, 3d, 96, 0b, a1, ed, 55, 75]
live: mined block, report: accepted=Success
live: reached DAA score 96144 (target 96144)
live: P2SH covenant spend confirmation block mined
live: continuation covenant output confirmed at DAA score 96144
live: native production-ZK allocation guard accepted shape=1x1 spent_allocations=1 new_allocations=1
live: native RGK transition digest = 0x5bb3ef001fc449204d241c22fecd808aee3538007aa651fcad88e111a5468767 (old_state=0xd20cfeffacf9ef195f657303dd6eeb8084312176bbb0184edd67bda1d7476911 new_state=0x59eee2621b1243e2306149598ba81aafebfcc6cdf5330d19afb05954835c9d45 witness_txid=0xd3a28490858026e1a1f59f96a011d4de8ce985b037676fb78e3d960ba1ed5575 spent_allocations=1 new_allocations=1 privacy_policy=PrivateLane lane_id=0xf9e2d47ecda382db86ba713e640cb58f4a9f75a24d0820505148c302004436d9 policy_commitment=0x4663f5b9404ee4fe0358c6299f73422e955f5fea03e19545f5b8f99472d00bbf metadata_commitment=0x1dcb90cc6678da6e0248270924d10f26202bd969cc419dc49a3c8547b1562ecd previous_owner_commitment=0x9fa3d5d0ab9507ac72aa2eeae17eedd457ef83031b710404d343b87cb0e3f60a new_owner_commitment=0x9fa3d5d0ab9507ac72aa2eeae17eedd457ef83031b710404d343b87cb0e3f60a ownership_authorization_commitment=0x0000000000000000000000000000000000000000000000000000000000000000)
live: semantic RGK transition statement public_inputs=512 continuation_shape_root=0x0d7edbf92fbe285aeb7a83001ad061f193fcb6b3362436daa7bc38d624d8ce7a policy_commitment=0x4663f5b9404ee4fe0358c6299f73422e955f5fea03e19545f5b8f99472d00bbf metadata_commitment=0x1dcb90cc6678da6e0248270924d10f26202bd969cc419dc49a3c8547b1562ecd previous_owner_commitment=0x9fa3d5d0ab9507ac72aa2eeae17eedd457ef83031b710404d343b87cb0e3f60a new_owner_commitment=0x9fa3d5d0ab9507ac72aa2eeae17eedd457ef83031b710404d343b87cb0e3f60a ownership_authorization_commitment=0x0000000000000000000000000000000000000000000000000000000000000000
live: semantic Groth16 proof verified public_inputs=64 vk_bytes=2312 proof_bytes=128
test live_toccata_full_covenant_lifecycle has been running for over 60 seconds
live: supported allocation-vector Groth16 proof verified shape=1x1 public_inputs=64 vk_bytes=2312 proof_bytes=128
live: allocation transcript segment Groth16 proof verified sides=2 segments=2 allocations=2 public_inputs_each=16 vk_bytes=776 proof_bytes_each=128 spent_root=0x88d92b26b0a984c977902098304c70494cd026689318c0ebc75275987d3c5ded new_root=0x9fcb1a079be9df8e54316b72e4659c8fe75730eed9261d094e43ea3e09b3e7c1 spent_amount_commitment=0x68c92efdcb7c6f9096537d37af74aba44d7615915ce88c51711c5c6d4983ff34 new_amount_commitment=0xc1760514d6f2d480507ea9247be6f416c04d9b32a5d210dba8d01d576c64a1b3
live: allocation conservation Groth16 chain verified sides=2 segments=2 allocations=2 public_inputs_each=24 final_public_inputs=10 segment_vk_bytes=1032 segment_proof_bytes_each=128 final_vk_bytes=584 final_proof_bytes=128 spent_total_commitment=0x1a0a0bbd33746c96287dfb9516ca9f5d84b84320e66092e64860c6c9e2e1bbff new_total_commitment=0x0b1f4432d9e6afc40148127ff4ae5fba3c356190d8ca733385f21e27cd88b7d7
live: allocation exclusion segment-pair Groth16 proof verified spent_segments=1 new_segments=1 pair_grid=1 public_inputs=29 vk_bytes=1192 proof_bytes=128 spent_root=0x88d92b26b0a984c977902098304c70494cd026689318c0ebc75275987d3c5ded new_root=0x9fcb1a079be9df8e54316b72e4659c8fe75730eed9261d094e43ea3e09b3e7c1 spent_amount_commitment=0x68c92efdcb7c6f9096537d37af74aba44d7615915ce88c51711c5c6d4983ff34 new_amount_commitment=0xc1760514d6f2d480507ea9247be6f416c04d9b32a5d210dba8d01d576c64a1b3
live: allocation audit bundle verified spent_segments=1 new_segments=1 exclusion_cells=1 spent_final_root=0x88d92b26b0a984c977902098304c70494cd026689318c0ebc75275987d3c5ded new_final_root=0x9fcb1a079be9df8e54316b72e4659c8fe75730eed9261d094e43ea3e09b3e7c1 spent_total_commitment=0x1a0a0bbd33746c96287dfb9516ca9f5d84b84320e66092e64860c6c9e2e1bbff new_total_commitment=0x0b1f4432d9e6afc40148127ff4ae5fba3c356190d8ca733385f21e27cd88b7d7
live: allocation audit certificate self-contained verified certificate_id=0xf28535cba75ee8266246498108cb6e8836710741f3d86875d3cebe9c8bc93206 proof_cells=6 canonical_bytes=11826
live: allocation audit certificate verified certificate_id=0xf28535cba75ee8266246498108cb6e8836710741f3d86875d3cebe9c8bc93206 proof_cells=6 vk_bytes_total=5392 proof_bytes_total=768 canonical_bytes=11826
live: allocation audit certificate indexed certificate_id=0xf28535cba75ee8266246498108cb6e8836710741f3d86875d3cebe9c8bc93206 canonical_bytes=11826
live: registered private lane for view-key discovery (lane_id=0xf9e2d47ecda382db86ba713e640cb58f4a9f75a24d0820505148c302004436d9 scan_tag=0x3539f43aecf990bfd09e4b081ddba2835253710fa8a4022904e6ea61b963c62d privacy_policy=PrivateLane)
live: lane-discovery Groth16 proof verified public_inputs=9 vk_bytes=552 proof_bytes=128 lane_id=0xf9e2d47ecda382db86ba713e640cb58f4a9f75a24d0820505148c302004436d9 scan_tag=0x3539f43aecf990bfd09e4b081ddba2835253710fa8a4022904e6ea61b963c62d
live: lane-graph Groth16 proof verified nodes=2 public_inputs=22 vk_bytes=968 proof_bytes=128 graph_root=0x6ab1ca5ef8165554c39398f6ee2cd4419bd605cc09e507fec6264f1bdebd4dfc current_lane=0xf9e2d47ecda382db86ba713e640cb58f4a9f75a24d0820505148c302004436d9 next_scan_tag=0xa1300bb57a56c79e1c43eda255ac6cb55b7e04c247681d77a754ed07551312ea
live: segmented lane-graph Groth16 proof chain verified segments=2 nodes=4 public_inputs_each=27 vk_bytes=1128 proof_bytes_each=128 start_root=0x78145c2e5e78351ffa3d0e266b1a5cb8c3eb318b074a9bcaa407fcdbc6068573 final_root=0x90f47d54d63afe8eb7e59071e891fc14e966bd0658f617d25711d29276b01bde current_lane=0xf9e2d47ecda382db86ba713e640cb58f4a9f75a24d0820505148c302004436d9 final_scan_tag=0x85fb37ef816bbbe85f5e9bb524575608a66e5914ee7bbd0507cf143449b00fdc
live: resolver state = NativeTransitionedValid { covenant: [43, 127, 87, 34, 31, 151, 249, 101, 201, 58, 48, 148, 11, 60, 92, 126, 182, 199, 42, 194, 242, 218, 139, 205, 170, 120, 107, 68, 117, 97, 204, 202], spent_outpoint: KaspaOutpoint { transaction_id: [123, 117, 28, 109, 4, 34, 119, 87, 218, 1, 31, 168, 178, 249, 97, 20, 189, 242, 45, 0, 80, 10, 157, 172, 243, 55, 173, 131, 95, 74, 230, 112], index: 0 }, new_outpoint: KaspaOutpoint { transaction_id: [211, 162, 132, 144, 133, 128, 38, 225, 161, 245, 159, 150, 160, 17, 212, 222, 140, 233, 133, 176, 55, 103, 111, 183, 142, 61, 150, 11, 161, 237, 85, 117], index: 0 }, receipt_id: [85, 135, 100, 165, 0, 32, 115, 166, 33, 27, 250, 70, 109, 71, 204, 202, 239, 136, 199, 121, 177, 48, 55, 204, 92, 189, 151, 198, 171, 157, 22, 216], new_state: RgkStateCommitment { version: 1, chain_id: KaspaDevnet, covenant_id: [43, 127, 87, 34, 31, 151, 249, 101, 201, 58, 48, 148, 11, 60, 92, 126, 182, 199, 42, 194, 242, 218, 139, 205, 170, 120, 107, 68, 117, 97, 204, 202], asset_id: [66, 66, 66, 66, 66, 66, 66, 66, 66, 66, 66, 66, 66, 66, 66, 66, 66, 66, 66, 66, 66, 66, 66, 66, 66, 66, 66, 66, 66, 66, 66, 66], state_digest: [89, 238, 226, 98, 27, 18, 67, 226, 48, 97, 73, 89, 139, 168, 26, 175, 235, 252, 198, 205, 245, 51, 13, 25, 175, 176, 89, 84, 131, 92, 157, 69], receipt_policy: ZkOrVerifier }, allocation_audit_certificate: Some(AllocationAuditCertificateRecord { certificate_id: "0xf28535cba75ee8266246498108cb6e8836710741f3d86875d3cebe9c8bc93206", canonical_bytes_len: 11826 }), confirmation_depth: 1 }
live: resolver carried phase-2 native state digest = 0x59eee2621b1243e2306149598ba81aafebfcc6cdf5330d19afb05954835c9d45
live: view-key lane resolver classified as NativeTransitionedValid (lane_id=0xf9e2d47ecda382db86ba713e640cb58f4a9f75a24d0820505148c302004436d9 scan_tag=0x3539f43aecf990bfd09e4b081ddba2835253710fa8a4022904e6ea61b963c62d)
live: covenant transition classified as NativeTransitionedValid from the confirmed live Kaspa Toccata devnet spend (covenant_id=[2b, 7f, 57, 22, 1f, 97, f9, 65, c9, 3a, 30, 94, 0b, 3c, 5c, 7e, b6, c7, 2a, c2, f2, da, 8b, cd, aa, 78, 6b, 44, 75, 61, cc, ca])
live: policy migration proof recovered after Sled reopen (previous_policy=verifier-only new_policy=zk-or-verifier migration=0xbf0447edce523158d33c21079ccf2cdc34f6c716fd3f5c67ccc186371db2c7a8 state_digest=0x59eee2621b1243e2306149598ba81aafebfcc6cdf5330d19afb05954835c9d45 resolver=NativeTransitionedValid)
live: persistent allocation audit certificate recovered certificate_id=0xf28535cba75ee8266246498108cb6e8836710741f3d86875d3cebe9c8bc93206 canonical_bytes=11826
live: persistent indexer recovered covenant after resolver indexing (covenant_id=[2b, 7f, 57, 22, 1f, 97, f9, 65, c9, 3a, 30, 94, 0b, 3c, 5c, 7e, b6, c7, 2a, c2, f2, da, 8b, cd, aa, 78, 6b, 44, 75, 61, cc, ca] cursor_daa=96144)
test live_toccata_full_covenant_lifecycle ... ok

test result: ok. 1 passed; 0 failed; 0 ignored; 0 measured; 0 filtered out; finished in 247.56s

[e2e-devnet] running rgk-sync scanner smoke (initialise cursor)
   Compiling kaspa-wrpc-client v1.2.2-toc.4 (/Users/arthur/RustroverProjects/rusty-kaspa/rpc/wrpc/client)
   Compiling rgk-kaspa v0.1.0 (/Users/arthur/RustroverProjects/rgk/crates/rgk-kaspa)
   Compiling rgk-sync v0.1.0 (/Users/arthur/RustroverProjects/rgk/crates/rgk-sync)
    Finished `dev` profile [optimized + debuginfo] target(s) in 3.38s
     Running `target/debug/rgk-sync --url 'ws://127.0.0.1:19111/v2/kaspa/devnet/no-tls/wrpc/borsh' --network devnet --db /Users/arthur/RustroverProjects/rgk/target/rgk-devnet-evidence/sled --once`
tick initialised=true added_chain_blocks=0 observed_spends=0 start_daa=96144 end_daa=96144 end_hash_prefix=97d72d6f15fab80f
[e2e-devnet] running rgk-sync scanner smoke (reload cursor)
    Finished `dev` profile [optimized + debuginfo] target(s) in 0.17s
     Running `target/debug/rgk-sync --url 'ws://127.0.0.1:19111/v2/kaspa/devnet/no-tls/wrpc/borsh' --network devnet --db /Users/arthur/RustroverProjects/rgk/target/rgk-devnet-evidence/sled --once`
tick initialised=false added_chain_blocks=0 observed_spends=0 start_daa=96144 end_daa=96144 end_hash_prefix=97d72d6f15fab80f
[e2e-devnet] verifying examples coverage matrix
[verify-silverscript-artifacts] ok: /Users/arthur/RustroverProjects/rgk/examples/silverscript/artifacts/manifest.tsv rows=9 compiler=d25bd3427a093c17327ca3d6b9e1aa5f7688c863
[verify-example-matrix] ok: /Users/arthur/RustroverProjects/rgk/examples/contract-matrix.tsv rows=9
[verify-devnet-evidence] ok: /Users/arthur/RustroverProjects/rgk/target/rgk-devnet-evidence/latest.txt
[e2e-devnet] evidence: /Users/arthur/RustroverProjects/rgk/target/rgk-devnet-evidence/latest.txt

== stderr ==
