== stdout ==

running 15 tests
test real_zk::tests::public_inputs_as_fr_layout_is_deterministic ... ok
test tests::proof_encode_for_precompile ... ok
test tests::proof_rejects_empty ... ok
test tests::chain_id_in_public_inputs_is_pinned ... ok
test tests::proof_rejects_oversize ... ok
test tests::public_inputs_length_is_pinned ... ok
test tests::statement_matches_receipt_round_trip ... ok
test tests::zk_receipt_local_verify_catches_statement_mismatch ... ok
test tests::tag_bytes_match_upstream ... ok
test tests::zk_receipt_local_verify_succeeds ... ok
test tests::zk_receipt_rejects_wrong_mode ... ok
test real_zk::tests::same_receipt_id_different_body_cannot_prove ... ok
test real_zk::tests::different_public_body_field_rejected ... ok
test real_zk::tests::prove_then_verify_zk_receipt ... ok
test real_zk::tests::tampered_proof_rejected ... FAILED

failures:

---- real_zk::tests::tampered_proof_rejected stdout ----

thread 'real_zk::tests::tampered_proof_rejected' (23819928) panicked at crates/rgk-zk/src/real_zk.rs:362:76:
deserialize: InvalidData
note: run with `RUST_BACKTRACE=1` environment variable to display a backtrace


failures:
    real_zk::tests::tampered_proof_rejected

test result: FAILED. 14 passed; 1 failed; 0 ignored; 0 measured; 0 filtered out; finished in 11.39s


== stderr ==
   Compiling rgk-covenant v0.1.0 (/Users/arthur/RustroverProjects/rgk/crates/rgk-covenant)
   Compiling rgk-zk v0.1.0 (/Users/arthur/RustroverProjects/rgk/crates/rgk-zk)
    Finished `test` profile [optimized + debuginfo] target(s) in 2.24s
     Running unittests src/lib.rs (target/debug/deps/rgk_zk-59c9df7f9170f138)
error: test failed, to rerun pass `-p rgk-zk --lib`
