== stdout ==
[e2e-local] mode: live
[e2e-local] live RPC: ws://127.0.0.1:18311/v2/kaspa/simnet/no-tls/wrpc/borsh
[e2e-local] running: cargo test -p rgk-e2e --features live-kaspa-wrpc --test live_covenant

running 1 test
test live_simnet_full_covenant_lifecycle ... ok

test result: ok. 1 passed; 0 failed; 0 ignored; 0 measured; 0 filtered out; finished in 1.25s

[e2e-local] OK

== stderr ==
   Compiling rgk-rgb v0.1.0 (/Users/arthur/RustroverProjects/rgk/crates/rgk-rgb)
   Compiling rgk-resolver v0.1.0 (/Users/arthur/RustroverProjects/rgk/crates/rgk-resolver)
   Compiling rgk-e2e v0.1.0 (/Users/arthur/RustroverProjects/rgk/tests/rgk-e2e)
    Finished `test` profile [optimized + debuginfo] target(s) in 2.70s
     Running tests/live_covenant.rs (target/debug/deps/live_covenant-bd7520c04ccb6512)
live: connected to simnet wRPC
live: fixed keypair address = kaspasim:qzzt7atzyc4m662qppt53ua7dta99t33w923s8kwxxmxx5wvl7jtqvn0x5as6
live: fixed pubkey x-only = [84, bf, 75, 62, 26, 2b, bd, 69, 40, 08, 57, 48, f3, be, 6a, fa, 52, ae, 31, 71, 55, 18, 1e, ce, 31, b6, 63, 51, cc, ff, a4, b0]
live: generated keypair, simnet address: kaspasim:qzzt7atzyc4m662qppt53ua7dta99t33w923s8kwxxmxx5wvl7jtqvn0x5as6
live: mined block, report: accepted=Success
live: reached DAA score 2003 (target 1)
live: coinbase block 1 mined; mining 2000 more so the FIRST coinbase UTXO matures (need DAA >= 1001 to spend it)...
live: mined 100/2000 blocks (0.1s)
live: mined 200/2000 blocks (0.1s)
live: mined 300/2000 blocks (0.2s)
live: mined 400/2000 blocks (0.2s)
live: mined 500/2000 blocks (0.3s)
live: mined 600/2000 blocks (0.3s)
live: mined 700/2000 blocks (0.4s)
live: mined 800/2000 blocks (0.5s)
live: mined 900/2000 blocks (0.5s)
live: mined 1000/2000 blocks (0.6s)
live: mined 1100/2000 blocks (0.6s)
live: mined 1200/2000 blocks (0.7s)
live: mined 1300/2000 blocks (0.8s)
live: mined 1400/2000 blocks (0.8s)
live: mined 1500/2000 blocks (0.9s)
live: mined 1600/2000 blocks (1.0s)
live: mined 1700/2000 blocks (1.1s)
live: mined 1800/2000 blocks (1.1s)
live: mined 1900/2000 blocks (1.2s)
live: mined 2000/2000 blocks (1.2s)
live: mined 2000 blocks in 1.2s
live: reached DAA score 4003 (target 2001)
live: oldest coinbase UTXO is now mature (DAA >= 2001)
live: selected coinbase UTXO at DAA 3 (oldest, mature)
live: fetched coinbase UTXO txid=[ed, 34, 4d, 52, 37, a5, 3e, c2, 2c, bd, 8e, 36, 04, c2, 7c, 8d, ee, 4b, ec, 2a, 89, dc, 15, cc, de, 02, 03, f8, b8, d1, ab, d2] index=0 value=5000000000
live: computed covenant_id = [54, fc, 81, 50, 2b, b4, 46, c9, 5b, 30, d1, a3, cc, 64, 43, 42, 14, 65, dd, b7, b3, 64, b7, e8, c8, d8, 83, ea, c6, 9e, 48, 9b] for the genesis output (value=4996000000, fee=4000000)
live: signed covenant tx, txid = [d7, 07, 26, 2a, 7b, 0e, d9, a2, bc, 7b, c0, 73, e4, 02, e5, 09, 74, 2e, 1d, 57, 57, 7a, ab, b8, 90, 18, bb, 0a, 53, e6, df, c0]
live: covenant tx ACCEPTED by node: txid=[d7, 07, 26, 2a, 7b, 0e, d9, a2, bc, 7b, c0, 73, e4, 02, e5, 09, 74, 2e, 1d, 57, 57, 7a, ab, b8, 90, 18, bb, 0a, 53, e6, df, c0]
live: mined block, report: accepted=Success
live: reached DAA score 4004 (target 2)
live: confirmation block 2 mined
live: covenant output confirmed at DAA score 4004 with covenant_id=[54, fc, 81, 50, 2b, b4, 46, c9, 5b, 30, d1, a3, cc, 64, 43, 42, 14, 65, dd, b7, b3, 64, b7, e8, c8, d8, 83, ea, c6, 9e, 48, 9b]
live: resolver state = TransitionedValid { covenant: [84, 252, 129, 80, 43, 180, 70, 201, 91, 48, 209, 163, 204, 100, 67, 66, 20, 101, 221, 183, 179, 100, 183, 232, 200, 216, 131, 234, 198, 158, 72, 155], spent_outpoint: KaspaOutpoint { transaction_id: [237, 52, 77, 82, 55, 165, 62, 194, 44, 189, 142, 54, 4, 194, 124, 141, 238, 75, 236, 42, 137, 220, 21, 204, 222, 2, 3, 248, 184, 209, 171, 210], index: 0 }, new_outpoint: KaspaOutpoint { transaction_id: [215, 7, 38, 42, 123, 14, 217, 162, 188, 123, 192, 115, 228, 2, 229, 9, 116, 46, 29, 87, 87, 122, 171, 184, 144, 24, 187, 10, 83, 230, 223, 192], index: 0 }, receipt_id: [0, 0, 0, 0, 0, 0, 0, 0, 0, 0, 0, 0, 0, 0, 0, 0, 0, 0, 0, 0, 0, 0, 0, 0, 0, 0, 0, 0, 0, 0, 0, 0], new_state: RgkStateCommitment { version: 0, chain_id: KaspaLocalToccata, covenant_id: [84, 252, 129, 80, 43, 180, 70, 201, 91, 48, 209, 163, 204, 100, 67, 66, 20, 101, 221, 183, 179, 100, 183, 232, 200, 216, 131, 234, 198, 158, 72, 155], rgb_contract_id: [0, 0, 0, 0, 0, 0, 0, 0, 0, 0, 0, 0, 0, 0, 0, 0, 0, 0, 0, 0, 0, 0, 0, 0, 0, 0, 0, 0, 0, 0, 0, 0], state_digest: [176, 176, 176, 176, 176, 176, 176, 176, 176, 176, 176, 176, 176, 176, 176, 176, 176, 176, 176, 176, 176, 176, 176, 176, 176, 176, 176, 176, 176, 176, 176, 176], receipt_policy: VerifierOnly }, confirmation_depth: 1 }
live: ✅ covenant transition classified as TransitionedValid from the confirmed live Kaspa Toccata simnet spend (covenant_id=[54, fc, 81, 50, 2b, b4, 46, c9, 5b, 30, d1, a3, cc, 64, 43, 42, 14, 65, dd, b7, b3, 64, b7, e8, c8, d8, 83, ea, c6, 9e, 48, 9b])
