== stdout ==

running 1 test
test live_simnet_full_covenant_lifecycle ... ok

test result: ok. 1 passed; 0 failed; 0 ignored; 0 measured; 0 filtered out; finished in 1.42s


== stderr ==
   Compiling ark-ff v0.6.0
   Compiling rgk-indexer v0.1.0 (/Users/arthur/RustroverProjects/rgk/crates/rgk-indexer)
   Compiling ark-poly v0.6.0
   Compiling ark-relations v0.6.0
   Compiling ark-ec v0.6.0
   Compiling ark-snark v0.6.0
   Compiling ark-crypto-primitives v0.6.0
   Compiling ark-bn254 v0.6.0
   Compiling ark-groth16 v0.6.0
   Compiling kaspa-txscript v1.2.2-toc.4 (/Users/arthur/RustroverProjects/rusty-kaspa/crypto/txscript)
   Compiling kaspa-notify v1.2.2-toc.4 (/Users/arthur/RustroverProjects/rusty-kaspa/notify)
   Compiling kaspa-consensus-client v1.2.2-toc.4 (/Users/arthur/RustroverProjects/rusty-kaspa/consensus/client)
   Compiling kaspa-consensus-notify v1.2.2-toc.4 (/Users/arthur/RustroverProjects/rusty-kaspa/consensus/notify)
   Compiling kaspa-index-core v1.2.2-toc.4 (/Users/arthur/RustroverProjects/rusty-kaspa/indexes/core)
   Compiling kaspa-consensus-wasm v1.2.2-toc.4 (/Users/arthur/RustroverProjects/rusty-kaspa/consensus/wasm)
   Compiling kaspa-rpc-core v1.2.2-toc.4 (/Users/arthur/RustroverProjects/rusty-kaspa/rpc/core)
   Compiling kaspa-wrpc-client v1.2.2-toc.4 (/Users/arthur/RustroverProjects/rusty-kaspa/rpc/wrpc/client)
   Compiling rgk-kaspa v0.1.0 (/Users/arthur/RustroverProjects/rgk/crates/rgk-kaspa)
   Compiling rgk-resolver v0.1.0 (/Users/arthur/RustroverProjects/rgk/crates/rgk-resolver)
   Compiling rgk-e2e v0.1.0 (/Users/arthur/RustroverProjects/rgk/tests/rgk-e2e)
    Finished `test` profile [optimized + debuginfo] target(s) in 20.37s
     Running tests/live_covenant.rs (target/debug/deps/live_covenant-2b5577ee2ac245ca)
live: connected to simnet wRPC
live: fixed keypair address = kaspasim:qzzt7atzyc4m662qppt53ua7dta99t33w923s8kwxxmxx5wvl7jtqvn0x5as6
live: fixed pubkey x-only = [84, bf, 75, 62, 26, 2b, bd, 69, 40, 08, 57, 48, f3, be, 6a, fa, 52, ae, 31, 71, 55, 18, 1e, ce, 31, b6, 63, 51, cc, ff, a4, b0]
live: generated keypair, simnet address: kaspasim:qzzt7atzyc4m662qppt53ua7dta99t33w923s8kwxxmxx5wvl7jtqvn0x5as6
live: mined block, report: accepted=Success
live: reached DAA score 28029 (target 1)
live: coinbase block 1 mined; mining 2000 more so the FIRST coinbase UTXO matures (need DAA >= 1001 to spend it)...
live: mined 100/2000 blocks (0.1s)
live: mined 200/2000 blocks (0.1s)
live: mined 300/2000 blocks (0.2s)
live: mined 400/2000 blocks (0.2s)
live: mined 500/2000 blocks (0.3s)
live: mined 600/2000 blocks (0.4s)
live: mined 700/2000 blocks (0.5s)
live: mined 800/2000 blocks (0.5s)
live: mined 900/2000 blocks (0.6s)
live: mined 1000/2000 blocks (0.6s)
live: mined 1100/2000 blocks (0.7s)
live: mined 1200/2000 blocks (0.7s)
live: mined 1300/2000 blocks (0.8s)
live: mined 1400/2000 blocks (0.9s)
live: mined 1500/2000 blocks (0.9s)
live: mined 1600/2000 blocks (1.0s)
live: mined 1700/2000 blocks (1.0s)
live: mined 1800/2000 blocks (1.1s)
live: mined 1900/2000 blocks (1.2s)
live: mined 2000/2000 blocks (1.2s)
live: mined 2000 blocks in 1.2s
live: reached DAA score 30029 (target 2001)
live: oldest coinbase UTXO is now mature (DAA >= 2001)
live: selected coinbase UTXO at DAA 16 (oldest, mature)
live: fetched coinbase UTXO txid=[70, 87, 51, bc, 8b, 8d, 8e, d2, 83, 63, 15, f6, 32, c5, 71, e3, f0, 6d, 10, 43, 4a, 36, 5d, 7c, df, 71, 11, 4e, 10, 19, 1f, 54] index=0 value=5000000000
live: computed covenant_id = [ff, 3d, ea, 8c, 04, 34, 8f, 6c, f1, b3, 01, 8d, f1, de, 94, 23, 6e, ab, c3, e0, a2, e7, 14, 17, 1e, 6b, 0f, 5d, 3c, 24, 63, d8] for the genesis output (value=4996000000, fee=4000000)
live: signed covenant tx, txid = [39, 0a, e2, c4, 52, 94, 74, 45, 6a, d4, fa, 58, db, 7b, f8, e5, 26, c1, 94, f5, 4b, 48, 1b, ed, 50, a3, f5, 49, e0, 4f, 48, dc]
live: covenant tx ACCEPTED by node: txid=[39, 0a, e2, c4, 52, 94, 74, 45, 6a, d4, fa, 58, db, 7b, f8, e5, 26, c1, 94, f5, 4b, 48, 1b, ed, 50, a3, f5, 49, e0, 4f, 48, dc]
live: mined block, report: accepted=Success
live: reached DAA score 30030 (target 2)
live: confirmation block 2 mined
live: covenant output confirmed at DAA score 30030 with covenant_id=[ff, 3d, ea, 8c, 04, 34, 8f, 6c, f1, b3, 01, 8d, f1, de, 94, 23, 6e, ab, c3, e0, a2, e7, 14, 17, 1e, 6b, 0f, 5d, 3c, 24, 63, d8]
live: resolver state = TransitionedValid { covenant: [255, 61, 234, 140, 4, 52, 143, 108, 241, 179, 1, 141, 241, 222, 148, 35, 110, 171, 195, 224, 162, 231, 20, 23, 30, 107, 15, 93, 60, 36, 99, 216], spent_outpoint: KaspaOutpoint { transaction_id: [112, 135, 81, 188, 139, 141, 142, 210, 131, 99, 21, 246, 50, 197, 113, 227, 240, 109, 16, 67, 74, 54, 93, 124, 223, 113, 17, 78, 16, 25, 31, 84], index: 0 }, new_outpoint: KaspaOutpoint { transaction_id: [57, 10, 226, 196, 82, 148, 116, 69, 106, 212, 250, 88, 219, 123, 248, 229, 38, 193, 148, 245, 75, 72, 27, 237, 80, 163, 245, 73, 224, 79, 72, 220], index: 0 }, receipt_id: [20, 185, 212, 230, 165, 30, 95, 26, 54, 86, 215, 247, 112, 226, 184, 194, 62, 89, 154, 197, 240, 128, 90, 3, 248, 28, 140, 38, 45, 133, 11, 69], new_state: RgkStateCommitment { version: 0, chain_id: KaspaLocalToccata, covenant_id: [255, 61, 234, 140, 4, 52, 143, 108, 241, 179, 1, 141, 241, 222, 148, 35, 110, 171, 195, 224, 162, 231, 20, 23, 30, 107, 15, 93, 60, 36, 99, 216], rgb_contract_id: [0, 0, 0, 0, 0, 0, 0, 0, 0, 0, 0, 0, 0, 0, 0, 0, 0, 0, 0, 0, 0, 0, 0, 0, 0, 0, 0, 0, 0, 0, 0, 0], state_digest: [176, 176, 176, 176, 176, 176, 176, 176, 176, 176, 176, 176, 176, 176, 176, 176, 176, 176, 176, 176, 176, 176, 176, 176, 176, 176, 176, 176, 176, 176, 176, 176], receipt_policy: VerifierOnly }, confirmation_depth: 1 }
live: covenant transition classified as TransitionedValid from the confirmed live Kaspa Toccata simnet spend (covenant_id=[ff, 3d, ea, 8c, 04, 34, 8f, 6c, f1, b3, 01, 8d, f1, de, 94, 23, 6e, ab, c3, e0, a2, e7, 14, 17, 1e, 6b, 0f, 5d, 3c, 24, 63, d8])
