== stdout ==
[run-kaspa-devnet] launching /Users/arthur/RustroverProjects/rgk/external/rusty-kaspa-toccata/target/release/kaspad in background
[run-kaspa-devnet] pid: 1861
[run-kaspa-devnet] log: /Users/arthur/RustroverProjects/rgk/.rgk-devnet/kaspad.log
[run-kaspa-devnet] waiting for wRPC at ws://127.0.0.1:19111
[run-kaspa-devnet] wRPC ready after 2s
[e2e-devnet] live devnet RPC: ws://127.0.0.1:19111/v2/kaspa/devnet/no-tls/wrpc/borsh
[e2e-devnet] running live_devnet test
   Compiling rgk-zk v0.1.0 (/Users/arthur/RustroverProjects/rgk/crates/rgk-zk)
   Compiling kaspa-wrpc-client v1.2.2-toc.4 (/Users/arthur/RustroverProjects/rusty-kaspa/rpc/wrpc/client)
   Compiling rgk-kaspa v0.1.0 (/Users/arthur/RustroverProjects/rgk/crates/rgk-kaspa)
   Compiling rgk-resolver v0.1.0 (/Users/arthur/RustroverProjects/rgk/crates/rgk-resolver)
   Compiling rgk-sync v0.1.0 (/Users/arthur/RustroverProjects/rgk/crates/rgk-sync)
   Compiling rgk-e2e v0.1.0 (/Users/arthur/RustroverProjects/rgk/tests/rgk-e2e)
    Finished `test` profile [optimized + debuginfo] target(s) in 3.42s
     Running tests/live_devnet.rs (target/debug/deps/live_devnet-a446d7acbb399c7f)

running 2 tests
live-devnet: server_version=1.2.2-toc.4 network_id=devnet is_synced=true has_utxo_index=true
test live_devnet_reports_toccata_node_identity ... ok
live-devnet: scan cursor initialised chain=KaspaDevnet daa=42063 hash_prefix=30571a8faeb11825
test live_devnet_initialises_persistent_scan_cursor ... ok

test result: ok. 2 passed; 0 failed; 0 ignored; 0 measured; 0 filtered out; finished in 0.06s

[e2e-devnet] running policy migration recovery fixture
   Compiling rgk-resolver v0.1.0 (/Users/arthur/RustroverProjects/rgk/crates/rgk-resolver)
   Compiling rgk-e2e v0.1.0 (/Users/arthur/RustroverProjects/rgk/tests/rgk-e2e)
    Finished `test` profile [optimized + debuginfo] target(s) in 0.99s
     Running unittests src/lib.rs (target/debug/deps/rgk_e2e-61e4ff2d6b6c07e6)

running 1 test
RGK policy migration recovery
  chain:           KaspaLocalToccata
  covenant:        0xc750aee85561dc562b16688f01a736f81ed26948e166280ff5cd2a6f970d6599
  spent_txid:      0x2121212121212121212121212121212121212121212121212121212121212121
  new_txid:        0x2222222222222222222222222222222222222222222222222222222222222222
  previous_policy: verifier-only
  new_policy:      zk-or-verifier
  migration:       0x595de1d206e02c94795f46e960bf6e2230dd921d0ebfa3470a36fe05ec972be6
  resolver:        NativeTransitionedValid { covenant: [199, 80, 174, 232, 85, 97, 220, 86, 43, 22, 104, 143, 1, 167, 54, 248, 30, 210, 105, 72, 225, 102, 40, 15, 245, 205, 42, 111, 151, 13, 101, 153], spent_outpoint: KaspaOutpoint { transaction_id: [33, 33, 33, 33, 33, 33, 33, 33, 33, 33, 33, 33, 33, 33, 33, 33, 33, 33, 33, 33, 33, 33, 33, 33, 33, 33, 33, 33, 33, 33, 33, 33], index: 0 }, new_outpoint: KaspaOutpoint { transaction_id: [34, 34, 34, 34, 34, 34, 34, 34, 34, 34, 34, 34, 34, 34, 34, 34, 34, 34, 34, 34, 34, 34, 34, 34, 34, 34, 34, 34, 34, 34, 34, 34], index: 0 }, receipt_id: [89, 93, 225, 210, 6, 224, 44, 148, 121, 95, 70, 233, 96, 191, 110, 34, 48, 221, 146, 29, 14, 191, 163, 71, 10, 54, 254, 5, 236, 151, 43, 230], new_state: RgkStateCommitment { version: 1, chain_id: KaspaLocalToccata, covenant_id: [199, 80, 174, 232, 85, 97, 220, 86, 43, 22, 104, 143, 1, 167, 54, 248, 30, 210, 105, 72, 225, 102, 40, 15, 245, 205, 42, 111, 151, 13, 101, 153], asset_id: [66, 66, 66, 66, 66, 66, 66, 66, 66, 66, 66, 66, 66, 66, 66, 66, 66, 66, 66, 66, 66, 66, 66, 66, 66, 66, 66, 66, 66, 66, 66, 66], state_digest: [50, 50, 50, 50, 50, 50, 50, 50, 50, 50, 50, 50, 50, 50, 50, 50, 50, 50, 50, 50, 50, 50, 50, 50, 50, 50, 50, 50, 50, 50, 50, 50], receipt_policy: ZkOrVerifier }, confirmation_depth: 1 }

test policy_migration_recovery_fixture_survives_reopen ... ok

test result: ok. 1 passed; 0 failed; 0 ignored; 0 measured; 4 filtered out; finished in 0.03s

[e2e-devnet] running full covenant lifecycle on devnet
   Compiling kaspa-wrpc-client v1.2.2-toc.4 (/Users/arthur/RustroverProjects/rusty-kaspa/rpc/wrpc/client)
   Compiling rgk-kaspa v0.1.0 (/Users/arthur/RustroverProjects/rgk/crates/rgk-kaspa)
   Compiling rgk-resolver v0.1.0 (/Users/arthur/RustroverProjects/rgk/crates/rgk-resolver)
   Compiling rgk-sync v0.1.0 (/Users/arthur/RustroverProjects/rgk/crates/rgk-sync)
   Compiling rgk-e2e v0.1.0 (/Users/arthur/RustroverProjects/rgk/tests/rgk-e2e)
    Finished `test` profile [optimized + debuginfo] target(s) in 2.23s
     Running tests/live_covenant.rs (target/debug/deps/live_covenant-7bf44a871ab07a5e)

running 1 test
live: connected to devnet wRPC (chain_id=KaspaDevnet)
live: fixed keypair address = kaspadev:qzzt7atzyc4m662qppt53ua7dta99t33w923s8kwxxmxx5wvl7jtq0ahp67m9
live: fixed pubkey x-only = [84, bf, 75, 62, 26, 2b, bd, 69, 40, 08, 57, 48, f3, be, 6a, fa, 52, ae, 31, 71, 55, 18, 1e, ce, 31, b6, 63, 51, cc, ff, a4, b0]
live: generated keypair, devnet address: kaspadev:qzzt7atzyc4m662qppt53ua7dta99t33w923s8kwxxmxx5wvl7jtq0ahp67m9
live: mined block, report: accepted=Success
live: reached DAA score 42064 (target 1)
live: coinbase block 1 mined; mining 2000 more so the FIRST coinbase UTXO matures (need DAA >= 1001 to spend it)...
live: mined 100/2000 blocks (0.1s)
live: mined 200/2000 blocks (0.1s)
live: mined 300/2000 blocks (0.2s)
live: mined 400/2000 blocks (0.3s)
live: mined 500/2000 blocks (0.3s)
live: mined 600/2000 blocks (0.4s)
live: mined 700/2000 blocks (0.5s)
live: mined 800/2000 blocks (0.5s)
live: mined 900/2000 blocks (0.6s)
live: mined 1000/2000 blocks (0.7s)
live: mined 1100/2000 blocks (0.7s)
live: mined 1200/2000 blocks (0.8s)
live: mined 1300/2000 blocks (0.9s)
live: mined 1400/2000 blocks (0.9s)
live: mined 1500/2000 blocks (1.0s)
live: mined 1600/2000 blocks (1.1s)
live: mined 1700/2000 blocks (1.2s)
live: mined 1800/2000 blocks (1.2s)
live: mined 1900/2000 blocks (1.3s)
live: mined 2000/2000 blocks (1.4s)
live: mined 2000 blocks in 1.4s
live: reached DAA score 44064 (target 2001)
live: oldest coinbase UTXO is now mature (DAA >= 2001)
live: selected coinbase UTXO at DAA 23 (oldest, mature)
live: fetched coinbase UTXO txid=[ab, c5, ea, 36, 0c, ba, 57, d9, d2, 28, bb, 2a, 8f, eb, 03, de, c5, 1e, 64, a5, 9c, 49, 5b, 4d, e7, 28, d3, d1, ba, 82, db, 0c] index=0 value=4400000000
live: computed covenant_id = [ec, 3f, 2f, f2, 0c, 5a, 96, a0, 3d, 79, 49, 4a, ef, 5d, 26, 24, 21, 1c, f4, 65, 1d, 48, 5c, 69, e9, dd, 09, dd, e8, 51, 5a, 9c] for the genesis output (value=4396000000, fee=4000000)
live: signed covenant tx, txid = [8f, de, 85, 6f, cb, 15, ef, f9, 39, da, d6, 91, ec, 9f, bf, 64, 11, b3, e3, 5d, 11, 1a, a6, 12, ca, 87, 8c, b6, eb, aa, a6, 2c]
live: covenant tx ACCEPTED by node: txid=[8f, de, 85, 6f, cb, 15, ef, f9, 39, da, d6, 91, ec, 9f, bf, 64, 11, b3, e3, 5d, 11, 1a, a6, 12, ca, 87, 8c, b6, eb, aa, a6, 2c]
live: mined block, report: accepted=Success
live: reached DAA score 44065 (target 2)
live: confirmation block 2 mined
live: covenant output confirmed at DAA score 44065 with covenant_id=[ec, 3f, 2f, f2, 0c, 5a, 96, a0, 3d, 79, 49, 4a, ef, 5d, 26, 24, 21, 1c, f4, 65, 1d, 48, 5c, 69, e9, dd, 09, dd, e8, 51, 5a, 9c]
live: native RGK asset state digest = 0x8bc59b475ae3bcb555aa185fc83c4b2f8b9ccb034b7eade6d9622093c16f77f5 (allocations=1 daa=44065 confirmations=1 privacy_policy=PrivateLane lane_id=0xf9e2d47ecda382db86ba713e640cb58f4a9f75a24d0820505148c302004436d9)
live: ZK covenant spend enabled, public_inputs=29 vk_bytes=1192 proof_bytes=128
live: built P2SH covenant spend, txid = [e5, de, 80, 9c, eb, cf, 12, 52, 35, a3, f9, 85, 3c, 06, b8, c1, 55, 5e, ee, 6e, 27, f9, 03, 4d, 0d, d1, e1, 54, 6b, e9, aa, 41]
live: P2SH covenant spend ACCEPTED by node: txid=[e5, de, 80, 9c, eb, cf, 12, 52, 35, a3, f9, 85, 3c, 06, b8, c1, 55, 5e, ee, 6e, 27, f9, 03, 4d, 0d, d1, e1, 54, 6b, e9, aa, 41]
live: mined block, report: accepted=Success
live: reached DAA score 44066 (target 44066)
live: P2SH covenant spend confirmation block mined
live: continuation covenant output confirmed at DAA score 44066
live: native production-ZK allocation guard accepted shape=1x1 spent_allocations=1 new_allocations=1
live: native RGK transition digest = 0x990250ea8734ae395deca01a29054cd35b844fe0886bb008dea4a8fbba86a2ae (old_state=0x8bc59b475ae3bcb555aa185fc83c4b2f8b9ccb034b7eade6d9622093c16f77f5 new_state=0x46195e3062773d45ac4735fb495c9030988a09a98c0b9617bb8bc9b5e92f5d2d witness_txid=0xe5de809cebcf125235a3f9853c06b8c1555eee6e27f9034d0dd1e1546be9aa41 spent_allocations=1 new_allocations=1 privacy_policy=PrivateLane lane_id=0xf9e2d47ecda382db86ba713e640cb58f4a9f75a24d0820505148c302004436d9)
live: semantic RGK transition statement public_inputs=328 continuation_shape_root=0xd0b007e4d323d20d9476cebf09514d02be8a96de0cc7dd4d0d575c75453cbc50 policy_commitment=0x4663f5b9404ee4fe0358c6299f73422e955f5fea03e19545f5b8f99472d00bbf
live: semantic Groth16 proof verified public_inputs=41 vk_bytes=1576 proof_bytes=128
test live_toccata_full_covenant_lifecycle has been running for over 60 seconds
live: supported allocation-vector Groth16 proof verified shape=1x1 public_inputs=41 vk_bytes=1576 proof_bytes=128
live: registered private lane for view-key discovery (lane_id=0xf9e2d47ecda382db86ba713e640cb58f4a9f75a24d0820505148c302004436d9 scan_tag=0x3539f43aecf990bfd09e4b081ddba2835253710fa8a4022904e6ea61b963c62d privacy_policy=PrivateLane)
live: resolver state = NativeTransitionedValid { covenant: [236, 63, 47, 242, 12, 90, 150, 160, 61, 121, 73, 74, 239, 93, 38, 36, 33, 28, 244, 101, 29, 72, 92, 105, 233, 221, 9, 221, 232, 81, 90, 156], spent_outpoint: KaspaOutpoint { transaction_id: [143, 222, 133, 111, 203, 21, 239, 249, 57, 218, 214, 145, 236, 159, 191, 100, 17, 179, 227, 93, 17, 26, 166, 18, 202, 135, 140, 182, 235, 170, 166, 44], index: 0 }, new_outpoint: KaspaOutpoint { transaction_id: [229, 222, 128, 156, 235, 207, 18, 82, 53, 163, 249, 133, 60, 6, 184, 193, 85, 94, 238, 110, 39, 249, 3, 77, 13, 209, 225, 84, 107, 233, 170, 65], index: 0 }, receipt_id: [50, 64, 72, 23, 219, 126, 246, 117, 251, 180, 62, 78, 82, 184, 73, 116, 231, 82, 171, 45, 59, 118, 196, 112, 133, 171, 235, 161, 91, 34, 178, 190], new_state: RgkStateCommitment { version: 1, chain_id: KaspaDevnet, covenant_id: [236, 63, 47, 242, 12, 90, 150, 160, 61, 121, 73, 74, 239, 93, 38, 36, 33, 28, 244, 101, 29, 72, 92, 105, 233, 221, 9, 221, 232, 81, 90, 156], asset_id: [66, 66, 66, 66, 66, 66, 66, 66, 66, 66, 66, 66, 66, 66, 66, 66, 66, 66, 66, 66, 66, 66, 66, 66, 66, 66, 66, 66, 66, 66, 66, 66], state_digest: [139, 197, 155, 71, 90, 227, 188, 181, 85, 170, 24, 95, 200, 60, 75, 47, 139, 156, 203, 3, 75, 126, 173, 230, 217, 98, 32, 147, 193, 111, 119, 245], receipt_policy: ZkOrVerifier }, confirmation_depth: 1 }
live: view-key lane resolver classified as NativeTransitionedValid (lane_id=0xf9e2d47ecda382db86ba713e640cb58f4a9f75a24d0820505148c302004436d9 scan_tag=0x3539f43aecf990bfd09e4b081ddba2835253710fa8a4022904e6ea61b963c62d)
live: covenant transition classified as NativeTransitionedValid from the confirmed live Kaspa Toccata devnet spend (covenant_id=[ec, 3f, 2f, f2, 0c, 5a, 96, a0, 3d, 79, 49, 4a, ef, 5d, 26, 24, 21, 1c, f4, 65, 1d, 48, 5c, 69, e9, dd, 09, dd, e8, 51, 5a, 9c])
test live_toccata_full_covenant_lifecycle ... ok

test result: ok. 1 passed; 0 failed; 0 ignored; 0 measured; 0 filtered out; finished in 85.33s

[e2e-devnet] running rgk-sync scanner smoke (initialise cursor)
   Compiling kaspa-wrpc-client v1.2.2-toc.4 (/Users/arthur/RustroverProjects/rusty-kaspa/rpc/wrpc/client)
   Compiling rgk-kaspa v0.1.0 (/Users/arthur/RustroverProjects/rgk/crates/rgk-kaspa)
   Compiling rgk-sync v0.1.0 (/Users/arthur/RustroverProjects/rgk/crates/rgk-sync)
    Finished `dev` profile [optimized + debuginfo] target(s) in 2.80s
     Running `target/debug/rgk-sync --url 'ws://127.0.0.1:19111/v2/kaspa/devnet/no-tls/wrpc/borsh' --network devnet --db /Users/arthur/RustroverProjects/rgk/target/rgk-devnet-evidence/sled --once`
tick initialised=true added_chain_blocks=0 observed_spends=0 start_daa=44066 end_daa=44066 end_hash_prefix=583871bc04fb7834
[e2e-devnet] running rgk-sync scanner smoke (reload cursor)
    Finished `dev` profile [optimized + debuginfo] target(s) in 0.18s
     Running `target/debug/rgk-sync --url 'ws://127.0.0.1:19111/v2/kaspa/devnet/no-tls/wrpc/borsh' --network devnet --db /Users/arthur/RustroverProjects/rgk/target/rgk-devnet-evidence/sled --once`
tick initialised=false added_chain_blocks=0 observed_spends=0 start_daa=44066 end_daa=44066 end_hash_prefix=583871bc04fb7834
[e2e-devnet] evidence: /Users/arthur/RustroverProjects/rgk/target/rgk-devnet-evidence/latest.txt

== stderr ==
