== stdout ==
[run-kaspa-devnet] launching /Users/arthur/RustroverProjects/rgk/external/rusty-kaspa-toccata/target/release/kaspad in background
[run-kaspa-devnet] pid: 61093
[run-kaspa-devnet] log: /Users/arthur/RustroverProjects/rgk/.rgk-devnet/kaspad.log
[run-kaspa-devnet] waiting for wRPC at ws://127.0.0.1:19111
[run-kaspa-devnet] wRPC ready after 2s
[e2e-devnet] live devnet RPC: ws://127.0.0.1:19111/v2/kaspa/devnet/no-tls/wrpc/borsh
[e2e-devnet] running live_devnet test
   Compiling kaspa-wrpc-client v1.2.2-toc.4 (/Users/arthur/RustroverProjects/rusty-kaspa/rpc/wrpc/client)
   Compiling rgk-kaspa v0.1.0 (/Users/arthur/RustroverProjects/rgk/crates/rgk-kaspa)
   Compiling rgk-resolver v0.1.0 (/Users/arthur/RustroverProjects/rgk/crates/rgk-resolver)
   Compiling rgk-sync v0.1.0 (/Users/arthur/RustroverProjects/rgk/crates/rgk-sync)
   Compiling rgk-e2e v0.1.0 (/Users/arthur/RustroverProjects/rgk/tests/rgk-e2e)
    Finished `test` profile [optimized + debuginfo] target(s) in 2.97s
     Running tests/live_devnet.rs (target/debug/deps/live_devnet-a446d7acbb399c7f)

running 2 tests
live-devnet: server_version=1.2.2-toc.4 network_id=devnet is_synced=false has_utxo_index=true
test live_devnet_reports_toccata_node_identity ... ok
live-devnet: scan cursor initialised chain=KaspaDevnet daa=32048 hash_prefix=0639d5b44a6fcb53
test live_devnet_initialises_persistent_scan_cursor ... ok

test result: ok. 2 passed; 0 failed; 0 ignored; 0 measured; 0 filtered out; finished in 0.07s

[e2e-devnet] running policy migration recovery fixture
    Finished `test` profile [optimized + debuginfo] target(s) in 0.09s
     Running unittests src/lib.rs (target/debug/deps/rgk_e2e-61e4ff2d6b6c07e6)

running 1 test
RGK policy migration recovery
  chain:           KaspaLocalToccata
  covenant:        0xc750aee85561dc562b16688f01a736f81ed26948e166280ff5cd2a6f970d6599
  spent_txid:      0x2121212121212121212121212121212121212121212121212121212121212121
  new_txid:        0x2222222222222222222222222222222222222222222222222222222222222222
  previous_policy: verifier-only
  new_policy:      zk-or-verifier
  migration:       0x595de1d206e02c94795f46e960bf6e2230dd921d0ebfa3470a36fe05ec972be6
  resolver:        NativeTransitionedValid { covenant: [199, 80, 174, 232, 85, 97, 220, 86, 43, 22, 104, 143, 1, 167, 54, 248, 30, 210, 105, 72, 225, 102, 40, 15, 245, 205, 42, 111, 151, 13, 101, 153], spent_outpoint: KaspaOutpoint { transaction_id: [33, 33, 33, 33, 33, 33, 33, 33, 33, 33, 33, 33, 33, 33, 33, 33, 33, 33, 33, 33, 33, 33, 33, 33, 33, 33, 33, 33, 33, 33, 33, 33], index: 0 }, new_outpoint: KaspaOutpoint { transaction_id: [34, 34, 34, 34, 34, 34, 34, 34, 34, 34, 34, 34, 34, 34, 34, 34, 34, 34, 34, 34, 34, 34, 34, 34, 34, 34, 34, 34, 34, 34, 34, 34], index: 0 }, receipt_id: [89, 93, 225, 210, 6, 224, 44, 148, 121, 95, 70, 233, 96, 191, 110, 34, 48, 221, 146, 29, 14, 191, 163, 71, 10, 54, 254, 5, 236, 151, 43, 230], new_state: RgkStateCommitment { version: 1, chain_id: KaspaLocalToccata, covenant_id: [199, 80, 174, 232, 85, 97, 220, 86, 43, 22, 104, 143, 1, 167, 54, 248, 30, 210, 105, 72, 225, 102, 40, 15, 245, 205, 42, 111, 151, 13, 101, 153], asset_id: [66, 66, 66, 66, 66, 66, 66, 66, 66, 66, 66, 66, 66, 66, 66, 66, 66, 66, 66, 66, 66, 66, 66, 66, 66, 66, 66, 66, 66, 66, 66, 66], state_digest: [50, 50, 50, 50, 50, 50, 50, 50, 50, 50, 50, 50, 50, 50, 50, 50, 50, 50, 50, 50, 50, 50, 50, 50, 50, 50, 50, 50, 50, 50, 50, 50], receipt_policy: ZkOrVerifier }, confirmation_depth: 1 }

test policy_migration_recovery_fixture_survives_reopen ... ok

test result: ok. 1 passed; 0 failed; 0 ignored; 0 measured; 4 filtered out; finished in 0.04s

[e2e-devnet] running full covenant lifecycle on devnet
   Compiling kaspa-wrpc-client v1.2.2-toc.4 (/Users/arthur/RustroverProjects/rusty-kaspa/rpc/wrpc/client)
   Compiling rgk-kaspa v0.1.0 (/Users/arthur/RustroverProjects/rgk/crates/rgk-kaspa)
   Compiling rgk-sync v0.1.0 (/Users/arthur/RustroverProjects/rgk/crates/rgk-sync)
   Compiling rgk-resolver v0.1.0 (/Users/arthur/RustroverProjects/rgk/crates/rgk-resolver)
   Compiling rgk-e2e v0.1.0 (/Users/arthur/RustroverProjects/rgk/tests/rgk-e2e)
    Finished `test` profile [optimized + debuginfo] target(s) in 2.29s
     Running tests/live_covenant.rs (target/debug/deps/live_covenant-7bf44a871ab07a5e)

running 1 test
live: connected to devnet wRPC (chain_id=KaspaDevnet)
live: fixed keypair address = kaspadev:qzzt7atzyc4m662qppt53ua7dta99t33w923s8kwxxmxx5wvl7jtq0ahp67m9
live: fixed pubkey x-only = [84, bf, 75, 62, 26, 2b, bd, 69, 40, 08, 57, 48, f3, be, 6a, fa, 52, ae, 31, 71, 55, 18, 1e, ce, 31, b6, 63, 51, cc, ff, a4, b0]
live: generated keypair, devnet address: kaspadev:qzzt7atzyc4m662qppt53ua7dta99t33w923s8kwxxmxx5wvl7jtq0ahp67m9
live: mined block, report: accepted=Success
live: reached DAA score 32049 (target 1)
live: coinbase block 1 mined; mining 2000 more so the FIRST coinbase UTXO matures (need DAA >= 1001 to spend it)...
live: mined 100/2000 blocks (0.2s)
live: mined 200/2000 blocks (0.3s)
live: mined 300/2000 blocks (0.4s)
live: mined 400/2000 blocks (0.5s)
live: mined 500/2000 blocks (0.5s)
live: mined 600/2000 blocks (0.6s)
live: mined 700/2000 blocks (0.7s)
live: mined 800/2000 blocks (0.7s)
live: mined 900/2000 blocks (0.8s)
live: mined 1000/2000 blocks (0.9s)
live: mined 1100/2000 blocks (0.9s)
live: mined 1200/2000 blocks (1.0s)
live: mined 1300/2000 blocks (1.0s)
live: mined 1400/2000 blocks (1.1s)
live: mined 1500/2000 blocks (1.2s)
live: mined 1600/2000 blocks (1.3s)
live: mined 1700/2000 blocks (1.3s)
live: mined 1800/2000 blocks (1.4s)
live: mined 1900/2000 blocks (1.5s)
live: mined 2000/2000 blocks (1.5s)
live: mined 2000 blocks in 1.5s
live: reached DAA score 34049 (target 2001)
live: oldest coinbase UTXO is now mature (DAA >= 2001)
live: selected coinbase UTXO at DAA 18 (oldest, mature)
live: fetched coinbase UTXO txid=[b3, 19, 14, 65, 42, 2f, df, 9c, 91, e1, b5, 5b, fb, a1, 5c, 5a, 47, 89, 5f, 43, 40, e5, 13, b9, a1, f4, e1, b1, df, 46, c7, 69] index=0 value=4400000000
live: computed covenant_id = [ed, cc, eb, 4f, 76, 94, 24, c8, 5c, 6d, 0c, da, a6, 5c, 78, 47, c8, 43, b1, 58, 86, 9a, d5, 55, 13, eb, b5, 57, 42, dc, 9c, 2a] for the genesis output (value=4396000000, fee=4000000)
live: signed covenant tx, txid = [6c, 87, 0a, b9, ad, b8, ec, 87, b5, 79, 23, c2, b5, db, 13, c9, 0b, 2b, 18, 55, 01, 40, 23, 7f, 47, 2c, 39, 00, 41, 98, ad, b3]
live: covenant tx ACCEPTED by node: txid=[6c, 87, 0a, b9, ad, b8, ec, 87, b5, 79, 23, c2, b5, db, 13, c9, 0b, 2b, 18, 55, 01, 40, 23, 7f, 47, 2c, 39, 00, 41, 98, ad, b3]
live: mined block, report: accepted=Success
live: reached DAA score 34050 (target 2)
live: confirmation block 2 mined
live: covenant output confirmed at DAA score 34050 with covenant_id=[ed, cc, eb, 4f, 76, 94, 24, c8, 5c, 6d, 0c, da, a6, 5c, 78, 47, c8, 43, b1, 58, 86, 9a, d5, 55, 13, eb, b5, 57, 42, dc, 9c, 2a]
live: native RGK asset state digest = 0x4686214875a2fcdea447eca36fb85c5e803a03ccc93b5a0e7ced91b899aecfb7 (allocations=1 daa=34050 confirmations=1 privacy_policy=PrivateLane lane_id=0xf9e2d47ecda382db86ba713e640cb58f4a9f75a24d0820505148c302004436d9)
live: ZK covenant spend enabled, public_inputs=29 vk_bytes=1192 proof_bytes=128
live: built P2SH covenant spend, txid = [e5, e8, 1e, cc, 1a, 0f, 3a, b4, 46, 0a, 0e, a9, 7c, 50, c0, 28, 19, 5c, df, 23, 30, dd, 0e, 28, cb, 6a, 7e, 85, e9, 3b, ac, ce]
live: P2SH covenant spend ACCEPTED by node: txid=[e5, e8, 1e, cc, 1a, 0f, 3a, b4, 46, 0a, 0e, a9, 7c, 50, c0, 28, 19, 5c, df, 23, 30, dd, 0e, 28, cb, 6a, 7e, 85, e9, 3b, ac, ce]
live: mined block, report: accepted=Success
live: reached DAA score 34051 (target 34051)
live: P2SH covenant spend confirmation block mined
live: continuation covenant output confirmed at DAA score 34051
live: native RGK transition digest = 0x7eca326f795225c366435492827b02d4c142e96956c08f021213e0212ec23f0e (old_state=0x4686214875a2fcdea447eca36fb85c5e803a03ccc93b5a0e7ced91b899aecfb7 new_state=0xca85a74492b46565936a85ac6f522e2a69fd8004e219310b55ec8d159b851a6c witness_txid=0xe5e81ecc1a0f3ab4460a0ea97c50c028195cdf2330dd0e28cb6a7e85e93bacce spent_allocations=1 new_allocations=1 privacy_policy=PrivateLane lane_id=0xf9e2d47ecda382db86ba713e640cb58f4a9f75a24d0820505148c302004436d9)
live: semantic RGK transition statement public_inputs=328 continuation_shape_root=0xc1c7b6e2f25c253b12323bbcb7d3f05346b96d8134e6166a1126b32757c372a9 policy_commitment=0x4663f5b9404ee4fe0358c6299f73422e955f5fea03e19545f5b8f99472d00bbf
live: semantic Groth16 proof verified public_inputs=41 vk_bytes=1576 proof_bytes=128
test live_toccata_full_covenant_lifecycle has been running for over 60 seconds
live: allocation-vector Groth16 proof verified public_inputs=41 vk_bytes=1576 proof_bytes=128
live: registered private lane for view-key discovery (lane_id=0xf9e2d47ecda382db86ba713e640cb58f4a9f75a24d0820505148c302004436d9 scan_tag=0x3539f43aecf990bfd09e4b081ddba2835253710fa8a4022904e6ea61b963c62d privacy_policy=PrivateLane)
live: resolver state = NativeTransitionedValid { covenant: [237, 204, 235, 79, 118, 148, 36, 200, 92, 109, 12, 218, 166, 92, 120, 71, 200, 67, 177, 88, 134, 154, 213, 85, 19, 235, 181, 87, 66, 220, 156, 42], spent_outpoint: KaspaOutpoint { transaction_id: [108, 135, 10, 185, 173, 184, 236, 135, 181, 121, 35, 194, 181, 219, 19, 201, 11, 43, 24, 85, 1, 64, 35, 127, 71, 44, 57, 0, 65, 152, 173, 179], index: 0 }, new_outpoint: KaspaOutpoint { transaction_id: [229, 232, 30, 204, 26, 15, 58, 180, 70, 10, 14, 169, 124, 80, 192, 40, 25, 92, 223, 35, 48, 221, 14, 40, 203, 106, 126, 133, 233, 59, 172, 206], index: 0 }, receipt_id: [104, 13, 32, 155, 155, 26, 77, 66, 140, 60, 154, 35, 191, 56, 143, 125, 128, 115, 120, 38, 150, 22, 46, 207, 78, 227, 217, 166, 106, 109, 233, 36], new_state: RgkStateCommitment { version: 1, chain_id: KaspaDevnet, covenant_id: [237, 204, 235, 79, 118, 148, 36, 200, 92, 109, 12, 218, 166, 92, 120, 71, 200, 67, 177, 88, 134, 154, 213, 85, 19, 235, 181, 87, 66, 220, 156, 42], asset_id: [66, 66, 66, 66, 66, 66, 66, 66, 66, 66, 66, 66, 66, 66, 66, 66, 66, 66, 66, 66, 66, 66, 66, 66, 66, 66, 66, 66, 66, 66, 66, 66], state_digest: [70, 134, 33, 72, 117, 162, 252, 222, 164, 71, 236, 163, 111, 184, 92, 94, 128, 58, 3, 204, 201, 59, 90, 14, 124, 237, 145, 184, 153, 174, 207, 183], receipt_policy: ZkOrVerifier }, confirmation_depth: 1 }
live: view-key lane resolver classified as NativeTransitionedValid (lane_id=0xf9e2d47ecda382db86ba713e640cb58f4a9f75a24d0820505148c302004436d9 scan_tag=0x3539f43aecf990bfd09e4b081ddba2835253710fa8a4022904e6ea61b963c62d)
live: covenant transition classified as NativeTransitionedValid from the confirmed live Kaspa Toccata devnet spend (covenant_id=[ed, cc, eb, 4f, 76, 94, 24, c8, 5c, 6d, 0c, da, a6, 5c, 78, 47, c8, 43, b1, 58, 86, 9a, d5, 55, 13, eb, b5, 57, 42, dc, 9c, 2a])
test live_toccata_full_covenant_lifecycle ... ok

test result: ok. 1 passed; 0 failed; 0 ignored; 0 measured; 0 filtered out; finished in 85.24s

[e2e-devnet] running rgk-sync scanner smoke (initialise cursor)
   Compiling kaspa-wrpc-client v1.2.2-toc.4 (/Users/arthur/RustroverProjects/rusty-kaspa/rpc/wrpc/client)
   Compiling rgk-kaspa v0.1.0 (/Users/arthur/RustroverProjects/rgk/crates/rgk-kaspa)
   Compiling rgk-sync v0.1.0 (/Users/arthur/RustroverProjects/rgk/crates/rgk-sync)
    Finished `dev` profile [optimized + debuginfo] target(s) in 2.21s
     Running `target/debug/rgk-sync --url 'ws://127.0.0.1:19111/v2/kaspa/devnet/no-tls/wrpc/borsh' --network devnet --db /Users/arthur/RustroverProjects/rgk/target/rgk-devnet-evidence/sled --once`
tick initialised=true added_chain_blocks=0 observed_spends=0 start_daa=34051 end_daa=34051 end_hash_prefix=ce56c1c194aa596d
[e2e-devnet] running rgk-sync scanner smoke (reload cursor)
    Finished `dev` profile [optimized + debuginfo] target(s) in 0.20s
     Running `target/debug/rgk-sync --url 'ws://127.0.0.1:19111/v2/kaspa/devnet/no-tls/wrpc/borsh' --network devnet --db /Users/arthur/RustroverProjects/rgk/target/rgk-devnet-evidence/sled --once`
tick initialised=false added_chain_blocks=0 observed_spends=0 start_daa=34051 end_daa=34051 end_hash_prefix=ce56c1c194aa596d
[e2e-devnet] evidence: /Users/arthur/RustroverProjects/rgk/target/rgk-devnet-evidence/latest.txt

== stderr ==
