== stdout ==

running 16 tests
test tests::chain_mismatch_in_open_rejected ... ok
test tests::no_op_state_rejected ... ok
test tests::empty_scan_cursor_name_rejected ... ok
test tests::apply_spend_records_receipt_and_state ... ok
test tests::open_then_lookup ... ok
test tests::open_twice_rejected ... ok
test tests::rebuild_from_verified_source_applies_spend_plan ... ok
test tests::rebuild_from_verified_source_is_idempotent ... ok
test tests::rebuild_rejects_chain_mismatch ... ok
test tests::rebuild_rejects_missing_spend_evidence ... ok
test tests::rebuild_rejects_unconfirmed_spend ... ok
test tests::rebuild_rejects_unexpected_spending_txid ... ok
test tests::replay_rejected ... ok
test tests::rollback_restores_previous_state ... ok
test tests::rollback_too_deep_rejected ... ok
test tests::scan_cursor_store_round_trips_in_memory ... ok

test result: ok. 16 passed; 0 failed; 0 ignored; 0 measured; 0 filtered out; finished in 0.00s


running 15 tests
test real_rgb::tests::state_commitment_bridge_round_trip ... ok
test real_rgb::tests::noop_resolver_returns_unknown ... ok
test real_rgb::tests::real_rgb_adapter_compiles_and_links ... ok
test tests::initial_state_digest_is_deterministic ... ok
test tests::apply_transition_extends_consignment ... ok
test tests::issue_nia_rejects_wrong_chain ... ok
test tests::issue_nia_rejects_wrong_schema ... ok
test real_rgb::tests::validity_mapping_is_correct ... ok
test tests::issue_nia_returns_contract_id ... ok
test tests::nia_schema_id_is_stable ... ok
test tests::state_commitment_includes_chain_and_covenant ... ok
test tests::validate_accepts_self_issued ... ok
test tests::validate_rejects_unknown_contract ... ok
test real_rgb::tests::validate_with_state_invokes_upstream_validator ... ok
test real_rgb::tests::validate_with_state_accepts_minimal_upstream_consignment ... ok

test result: ok. 15 passed; 0 failed; 0 ignored; 0 measured; 0 filtered out; finished in 0.00s


running 6 tests
test tests::run_until_idle_accumulates_batches ... ok
test tests::first_tick_initialises_missing_cursor ... ok
test tests::kaspa_rebuild_source_reads_fixture_spend_evidence ... ok
test tests::tick_rejects_cursor_chain_mismatch ... ok
test tests::tick_rejects_removed_chain_blocks ... ok
test tests::tick_advances_cursor_after_added_blocks ... ok

test result: ok. 6 passed; 0 failed; 0 ignored; 0 measured; 0 filtered out; finished in 0.00s


running 0 tests

test result: ok. 0 passed; 0 failed; 0 ignored; 0 measured; 0 filtered out; finished in 0.00s


running 0 tests

test result: ok. 0 passed; 0 failed; 0 ignored; 0 measured; 0 filtered out; finished in 0.00s


running 0 tests

test result: ok. 0 passed; 0 failed; 0 ignored; 0 measured; 0 filtered out; finished in 0.00s


== stderr ==
   Compiling chrono v0.4.45
   Compiling rgk-indexer v0.1.0 (/Users/arthur/RustroverProjects/rgk/crates/rgk-indexer)
   Compiling ciborium-ll v0.2.2
   Compiling rgk-kaspa v0.1.0 (/Users/arthur/RustroverProjects/rgk/crates/rgk-kaspa)
   Compiling ciborium v0.2.2
   Compiling rgk-sync v0.1.0 (/Users/arthur/RustroverProjects/rgk/crates/rgk-sync)
   Compiling criterion v0.7.0
   Compiling bp-consensus v0.11.1-alpha.2+unreviewed
   Compiling bp-dbc v0.11.1-alpha.2+unreviewed
   Compiling bp-seals v0.11.1-alpha.2+unreviewed
   Compiling bp-core v0.11.1-alpha.2+unreviewed
   Compiling rgb-core v0.11.1-alpha.3+unreviewed (https://github.com/RGB-WG/rgb-core.git?tag=v0.11.1-alpha.3#bbc63f84)
   Compiling rgk-rgb v0.1.0 (/Users/arthur/RustroverProjects/rgk/crates/rgk-rgb)
    Finished `test` profile [optimized + debuginfo] target(s) in 7.34s
     Running unittests src/lib.rs (target/debug/deps/rgk_indexer-5b055f5168ed750e)
     Running unittests src/lib.rs (target/debug/deps/rgk_rgb-64b2df157d74dd10)
     Running unittests src/lib.rs (target/debug/deps/rgk_sync-8797954700734ab0)
   Doc-tests rgk_indexer
   Doc-tests rgk_rgb
   Doc-tests rgk_sync
