== stdout ==
receipt_build           time:   [1.0810 µs 1.1044 µs 1.1228 µs]

receipt_verify_local    time:   [981.32 ns 1.1908 µs 1.5261 µs]
Found 2 outliers among 10 measurements (20.00%)
  1 (10.00%) high mild
  1 (10.00%) high severe


== stderr ==
    Blocking waiting for file lock on package cache
    Blocking waiting for file lock on package cache
    Blocking waiting for file lock on package cache
    Finished `bench` profile [optimized] target(s) in 0.19s
     Running benches/receipt_hot_paths.rs (target/release/deps/receipt_hot_paths-4ddad17d903febfd)
Gnuplot not found, using plotters backend
Benchmarking receipt_build
Benchmarking receipt_build: Warming up for 200.00 ms
Benchmarking receipt_build: Collecting 10 samples in estimated 500.01 ms (505k iterations)
Benchmarking receipt_build: Analyzing
Benchmarking receipt_verify_local
Benchmarking receipt_verify_local: Warming up for 200.00 ms
Benchmarking receipt_verify_local: Collecting 10 samples in estimated 500.04 ms (518k iterations)
Benchmarking receipt_verify_local: Analyzing
