== stdout ==

== stderr ==
    Checking rgk-indexer v0.1.0 (/Users/arthur/RustroverProjects/rgk/crates/rgk-indexer)
    Checking rgk-resolver v0.1.0 (/Users/arthur/RustroverProjects/rgk/crates/rgk-resolver)
    Checking rgk-e2e v0.1.0 (/Users/arthur/RustroverProjects/rgk/tests/rgk-e2e)
error: call to `std::mem::drop` with a value that does not implement `Drop`. Dropping such a type only extends its contained lifetimes
   --> tests/rgk-e2e/tests/live_covenant.rs:599:5
    |
599 |     drop(resolver);
    |     ^^^^^^^^^^^^^^
    |
note: argument has type `rgk_resolver::RgkResolver<'_, rgk_kaspa::WrpcBackend, rgk_indexer::SledIndexer>`
   --> tests/rgk-e2e/tests/live_covenant.rs:599:10
    |
599 |     drop(resolver);
    |          ^^^^^^^^
    = help: for further information visit https://rust-lang.github.io/rust-clippy/master/index.html#drop_non_drop
    = note: `-D clippy::drop-non-drop` implied by `-D warnings`
    = help: to override `-D warnings` add `#[allow(clippy::drop_non_drop)]`

error: could not compile `rgk-e2e` (test "live_covenant") due to 1 previous error
