== stdout ==

running 15 tests
test real_rgb::tests::noop_resolver_returns_unknown ... ok
test real_rgb::tests::state_commitment_bridge_round_trip ... ok
test real_rgb::tests::real_rgb_adapter_compiles_and_links ... ok
test tests::initial_state_digest_is_deterministic ... ok
test tests::issue_nia_rejects_wrong_schema ... ok
test tests::apply_transition_extends_consignment ... ok
test real_rgb::tests::validity_mapping_is_correct ... ok
test tests::issue_nia_rejects_wrong_chain ... ok
test tests::state_commitment_includes_chain_and_covenant ... ok
test tests::nia_schema_id_is_stable ... ok
test tests::issue_nia_returns_contract_id ... ok
test tests::validate_accepts_self_issued ... ok
test tests::validate_rejects_unknown_contract ... ok
test real_rgb::tests::validate_with_state_invokes_upstream_validator ... ok
test real_rgb::tests::validate_with_state_accepts_minimal_upstream_consignment ... ok

test result: ok. 15 passed; 0 failed; 0 ignored; 0 measured; 0 filtered out; finished in 0.00s


running 0 tests

test result: ok. 0 passed; 0 failed; 0 ignored; 0 measured; 0 filtered out; finished in 0.00s


== stderr ==
   Compiling rgk-rgb v0.1.0 (/Users/arthur/RustroverProjects/rgk/crates/rgk-rgb)
    Finished `test` profile [optimized + debuginfo] target(s) in 0.85s
     Running unittests src/lib.rs (target/debug/deps/rgk_rgb-97175099d49a05b3)
   Doc-tests rgk_rgb
