== stdout ==
Diff in /Users/arthur/RustroverProjects/rgk/crates/rgk-asset/src/lib.rs:25:
     extend_allocation_transcript_root, extend_private_lane_graph_root,
     private_lane_graph_empty_root, BlindedLaneId, ImageIdPolicy, LanePrivacyPolicy, RgkAllocation,
     RgkAllocationProofShape, RgkAllocationTranscriptSide, RgkAssetError, RgkAssetId,
-    RgkAssetIdDerivation, RgkAssetIssue, RgkBurnProof, RgkContinuationAllocationShape,
-    RgkCollectionId, RgkContinuationCommitment, RgkContinuationPlan, RgkContinuationReport,
-    RgkContinuationShapeRoot, RgkCovenantSeal, RgkFinalizedContinuation,
+    RgkAssetIdDerivation, RgkAssetIssue, RgkBurnProof, RgkCollectionId,
+    RgkContinuationAllocationShape, RgkContinuationCommitment, RgkContinuationPlan,
+    RgkContinuationReport, RgkContinuationShapeRoot, RgkCovenantSeal, RgkFinalizedContinuation,
     RgkFinalizedProductionZkTransfer, RgkIssueReport, RgkLane, RgkLaneGraphNode, RgkLaneState,
-    RgkLaneStateInput, RgkMetadataCommitment, RgkNftCollectionIdDerivation,
-    RgkNftCollectionPolicy, RgkNftMintReport, RgkNftPolicyCommitment,
-    RgkNftTemplateCommitment, RgkNftTokenCommitment, RgkNftTokenId, RgkNftTokenSpec,
-    RgkNftTransferReport, RgkNullifier, RgkOwnerCommitment, RgkOwnerDescriptor,
-    RgkPolicyCommitment, RgkPrivacyPolicy, RgkProductionZkTransferPlan, RgkProofPolicy,
-    RgkReceiptCommitment, RgkScanTag, RgkSchemaId, RgkStateDigest, RgkTransition,
+    RgkLaneStateInput, RgkMetadataCommitment, RgkNftCollectionIdDerivation, RgkNftCollectionPolicy,
+    RgkNftMintReport, RgkNftPolicyCommitment, RgkNftTemplateCommitment, RgkNftTokenCommitment,
+    RgkNftTokenId, RgkNftTokenSpec, RgkNftTransferReport, RgkNullifier, RgkOwnerCommitment,
+    RgkOwnerDescriptor, RgkPolicyCommitment, RgkPrivacyPolicy, RgkProductionZkTransferPlan,
+    RgkProofPolicy, RgkReceiptCommitment, RgkScanTag, RgkSchemaId, RgkStateDigest, RgkTransition,
     RgkTransitionDigest, RgkTransitionReport, RGK_PRODUCTION_ZK_ALLOCATION_MAX_NEW,
     RGK_PRODUCTION_ZK_ALLOCATION_MAX_SPENT, RGK_PRODUCTION_ZK_ALLOCATION_SHAPES,
     RGK_PRODUCTION_ZK_ALLOCATION_SHAPE_LABELS,
Diff in /Users/arthur/RustroverProjects/rgk/crates/rgk-asset/src/native.rs:2799:
         ));
 
         let mut duplicated_output = transition;
-        duplicated_output.new_allocations.push(allocation(0xd6, 1, 1));
+        duplicated_output
+            .new_allocations
+            .push(allocation(0xd6, 1, 1));
         assert!(matches!(
             spec.validate_single_token_transfer(&duplicated_output, new_owner),
             Err(RgkAssetError::NftAllocationShapeMismatch {

== stderr ==
