== stdout ==

running 23 tests
test native::tests::continuation_wrong_commitment_is_rejected ... ok
test native::tests::continuation_duplicate_output_shape_is_rejected ... ok
test native::tests::continuation_phase1_commitment_is_stable_without_future_txid ... ok
test native::tests::continuation_finalization_closes_old_seal_and_creates_new_seal ... ok
test native::tests::native_issue_rejects_duplicate_seal_outpoint ... ok
test native::tests::native_issue_digest_stable ... ok
test native::tests::native_issue_rejects_mismatched_seal_chain ... ok
test native::tests::continuation_replay_reusing_closed_seal_is_rejected ... ok
test native::tests::native_issue_rejects_supply_mismatch ... ok
test native::tests::continuation_phase2_binds_actual_txid ... ok
test native::tests::native_issue_digest_is_allocation_order_stable ... ok
test native::tests::native_negative_vectors_fail_expected_digest ... ok
test native::tests::native_transition_digest_stable ... ok
test native::tests::native_transition_rejects_closed_seal_reuse ... ok
test native::tests::native_transition_rejects_no_op ... ok
test native::tests::native_transition_digest_binds_mutations ... ok
test native::tests::native_transition_rejects_previous_state_mismatch ... ok
test native::tests::native_transition_rejects_supply_inflation_and_deflation ... ok
test native::tests::nullifier_is_stable_but_unlinked_to_lane_id ... ok
test native::tests::private_lane_discovery_and_tags_behave_as_commitments ... ok
test native::tests::public_and_private_lane_policies_have_different_visibility ... ok
test native::tests::unconstrained_image_id_is_rejected ... ok
test tests::schema_id_is_native_rgk_text ... ok

test result: ok. 23 passed; 0 failed; 0 ignored; 0 measured; 0 filtered out; finished in 0.00s


running 25 tests
test tests::contract_id_change_rejected ... ok
test tests::bad_magic_rejected ... ok
test tests::chain_domain_strings_stable ... ok
test tests::contract_ref_roundtrips ... ok
test tests::cross_chain_structural_rejected ... ok
test tests::domain_tags_are_distinct ... ok
test tests::eof_rejected ... ok
test tests::frozen_receipt_vector_anchor ... ok
test tests::frozen_state_commitment_vector ... ok
test tests::hex_rejects_bad ... ok
test tests::hex_round_trip ... ok
test tests::no_op_transition_rejected ... ok
test tests::outpoint_roundtrips ... ok
test tests::policy_admits_table ... ok
test tests::policy_migration_builder_binds_all_fields ... ok
test tests::policy_mode_mismatch_rejected ... ok
test tests::receipt_id_is_deterministic_and_payload_sensitive ... ok
test tests::receipt_roundtrips ... ok
test tests::replay_nonce_binds_inputs ... ok
test tests::state_commitment_is_deterministic ... ok
test tests::state_commitment_roundtrips ... ok
test tests::trailing_bytes_rejected ... ok
test tests::unknown_chain_rejected ... ok
test tests::unknown_proof_mode_rejected ... ok
test tests::unknown_version_rejected ... ok

test result: ok. 25 passed; 0 failed; 0 ignored; 0 measured; 0 filtered out; finished in 0.00s


running 18 tests
test tests::advance_produces_new_state ... ok
test tests::advance_rejects_no_op ... ok
test tests::covenant_id_is_deterministic ... ok
test tests::commitment_is_deterministic ... ok
test tests::expected_payload_hash_is_deterministic ... ok
test tests::covenant_id_changes_with_outputs ... ok
test tests::expected_payload_len_is_stable ... ok
test tests::frozen_covenant_id_vector ... ok
test tests::lineage_id_binds_outpoint_and_contract ... ok
test tests::opcode_values_match_toccata_checkout ... ok
test tests::payload_rejects_bad_tag ... ok
test tests::payload_rejects_truncated ... ok
test tests::payload_roundtrip ... ok
test tests::push_data_picks_correct_opcode ... ok
test tests::push_script_i64_matches_upstream_builder_vectors ... ok
test tests::push_var_int_compact ... ok
test tests::spec_script_is_non_empty_and_starts_with_valid_opcode ... ok
test tests::covenant_state_advance_sequences_preserve_static_fields ... ok

test result: ok. 18 passed; 0 failed; 0 ignored; 0 measured; 0 filtered out; finished in 0.00s


running 5 tests
test generic_library_live_dispatch_is_disabled ... ok
test e2e_summary_renders_all_fields ... ok
test canonical_state_digest_is_deterministic ... ok
test fixture_e2e_passes ... ok
test policy_migration_recovery_fixture_survives_reopen ... ok

test result: ok. 5 passed; 0 failed; 0 ignored; 0 measured; 0 filtered out; finished in 0.03s


running 3 tests
test covenant_spec_script_rejects_wrong_contract_payload ... ok
test covenant_spec_script_executes_in_upstream_vm ... ok
test covenant_spec_script_with_groth16_precompile_executes_in_upstream_vm ... ok

test result: ok. 3 passed; 0 failed; 0 ignored; 0 measured; 0 filtered out; finished in 21.86s


running 1 test
test live_toccata_full_covenant_lifecycle has been running for over 60 seconds
test live_toccata_full_covenant_lifecycle ... ok

test result: ok. 1 passed; 0 failed; 0 ignored; 0 measured; 0 filtered out; finished in 85.03s


running 2 tests
test live_devnet_initialises_persistent_scan_cursor ... ok
test live_devnet_reports_toccata_node_identity ... ok

test result: ok. 2 passed; 0 failed; 0 ignored; 0 measured; 0 filtered out; finished in 0.00s


running 3 tests
test live_simnet_get_server_info_reports_toccata ... ok
test live_simnet_covenant_tx_submission_reaches_validator ... ok
test live_simnet_get_block_dag_info_round_trip ... ok

test result: ok. 3 passed; 0 failed; 0 ignored; 0 measured; 0 filtered out; finished in 0.00s


running 5 tests
test rgk_semantic_groth16_proof_executes_in_upstream_toccata_vm ... ok
test upstream_toccata_vm_rejects_changed_public_input ... ok
test rgk_receipt_groth16_proof_executes_in_upstream_toccata_vm ... ok
test rgk_allocation_1x1_groth16_proof_executes_in_upstream_toccata_vm has been running for over 60 seconds
test rgk_allocation_2x2_groth16_proof_executes_in_upstream_toccata_vm has been running for over 60 seconds
test rgk_allocation_1x1_groth16_proof_executes_in_upstream_toccata_vm ... ok
test rgk_allocation_2x2_groth16_proof_executes_in_upstream_toccata_vm ... ok

test result: ok. 5 passed; 0 failed; 0 ignored; 0 measured; 0 filtered out; finished in 88.94s


running 32 tests
test tests::apply_spend_records_receipt_and_state ... ok
test tests::apply_spend_records_receipt_policy_change_for_resolver_classification ... ok
test tests::apply_spend_with_continuation_records_proof ... ok
test tests::apply_spend_with_continuation_rejects_incomplete_proof ... ok
test tests::apply_spend_with_policy_migration_records_explicit_proof ... ok
test tests::chain_mismatch_in_open_rejected ... ok
test tests::empty_scan_cursor_name_rejected ... ok
test tests::apply_spend_with_policy_migration_rejects_bad_commitment ... ok
test tests::no_op_state_rejected ... ok
test tests::open_then_lookup ... ok
test tests::open_twice_rejected ... ok
test tests::rebuild_from_verified_source_applies_spend_plan ... ok
test tests::rebuild_from_verified_source_is_idempotent ... ok
test tests::rebuild_rejects_chain_mismatch ... ok
test tests::rebuild_rejects_missing_spend_evidence ... ok
test tests::rebuild_rejects_unconfirmed_spend ... ok
test tests::rebuild_rejects_unexpected_spending_txid ... ok
test tests::register_lane_rejects_wrong_asset_state ... ok
test tests::register_lane_supports_exact_scan_tag_and_public_lookup ... ok
test tests::replay_rejected ... ok
test tests::rollback_restores_previous_receipt_policy ... ok
test tests::rollback_restores_previous_state ... ok
test tests::rollback_too_deep_rejected ... ok
test tests::scan_cursor_store_round_trips_in_memory ... ok
test tests::apply_spend_and_rollback_preserve_replay_prefix ... ok
test tests::sled_indexer_persists_continuation_proof_after_reopen ... ok
test tests::sled_indexer_persists_spend_receipt_policy_after_reopen ... ok
test tests::sled_scan_cursor_survives_reopen ... ok
test tests::sled_indexer_persists_policy_migration_proof_after_reopen ... ok
test tests::sled_indexer_persists_rebuild_result_after_reopen ... ok
test tests::sled_indexer_persists_lane_records_after_reopen ... ok
test tests::sled_indexer_recovers_100_covenants_after_reopen ... ok

test result: ok. 32 passed; 0 failed; 0 ignored; 0 measured; 0 filtered out; finished in 1.38s


running 8 tests
test tests::error_classify_distinguishes_paths ... ok
test tests::fixture_basics ... ok
test tests::fixture_failure_mode_propagates ... ok
test tests::fixture_utxo_lookup ... ok
test tests::fixture_spend_marks_utxo ... ok
test tests::submit_transaction_in_fixture_is_invariant ... ok
test wrpc::tests::wrpc_network_maps_rgk_local_toccata_to_simnet_transport ... ok
test wrpc::tests::wrpc_network_preserves_public_network_domains ... ok

test result: ok. 8 passed; 0 failed; 0 ignored; 0 measured; 0 filtered out; finished in 0.00s


running 16 tests
test tests::batch_err_string_renders ... ok
test tests::build_rejects_missing_nonce ... ok
test tests::build_round_trips_id_and_bytes ... ok
test tests::build_rejects_missing_continuation_commitment ... ok
test tests::build_rejects_missing_transition ... ok
test tests::contract_id_change_rejected ... ok
test tests::derive_replay_nonce_is_deterministic ... ok
test tests::no_op_transition_rejected ... ok
test tests::receipt_id_hex_format ... ok
test tests::replay_set_accepts_once ... ok
test tests::verifier_rejects_chain_mismatch ... ok
test tests::verifier_rejects_covenant_mismatch ... ok
test tests::verifier_rejects_old_state_mismatch ... ok
test tests::verifier_rejects_policy_mode_mismatch ... ok
test tests::verifier_summary_is_stable ... ok
test tests::receipt_round_trip_holds_for_random_admitted_fields ... ok

test result: ok. 16 passed; 0 failed; 0 ignored; 0 measured; 0 filtered out; finished in 0.00s


running 15 tests
test tests::node_down_propagates ... ok
test tests::competing_branch_when_observed_spend_disagrees_with_indexed_transition ... ok
test tests::competing_branch_when_continuation_txid_does_not_match_observed_spend ... ok
test tests::reorg_risk_when_spent_below_safety_depth ... ok
test tests::open_when_indexed_and_utxo_present ... ok
test tests::resolve_by_view_key_discovers_only_matching_private_lane ... ok
test tests::policy_migration_required_when_indexed_transition_changes_receipt_policy ... ok
test tests::resolve_lane_returns_registered_lane_state ... ok
test tests::resolve_public_lineage_returns_only_public_lanes_for_asset ... ok
test tests::transitioned_invalid_when_continuation_proof_is_missing ... ok
test tests::transitioned_valid_uses_latest_indexed_spent_outpoint ... ok
test tests::unknown_when_not_indexed ... ok
test tests::valid_policy_migration_proof_allows_explicit_policy_change ... ok
test tests::verify_receipt_against_indexer_rejects_mismatch ... ok
test tests::verify_receipt_against_indexer_rejects_replay_before_old_state_mismatch ... ok

test result: ok. 15 passed; 0 failed; 0 ignored; 0 measured; 0 filtered out; finished in 0.00s


running 6 tests
test tests::run_until_idle_accumulates_batches ... ok
test tests::first_tick_initialises_missing_cursor ... ok
test tests::kaspa_rebuild_source_reads_fixture_spend_evidence ... ok
test tests::tick_rejects_removed_chain_blocks ... ok
test tests::tick_advances_cursor_after_added_blocks ... ok
test tests::tick_rejects_cursor_chain_mismatch ... ok

test result: ok. 6 passed; 0 failed; 0 ignored; 0 measured; 0 filtered out; finished in 0.00s


running 0 tests

test result: ok. 0 passed; 0 failed; 0 ignored; 0 measured; 0 filtered out; finished in 0.00s


running 10 tests
test tests::build_genesis_output_rejects_empty_spk ... ok
test tests::build_genesis_output_rejects_zero_covenant ... ok
test tests::build_transition_outputs_balanced ... ok
test tests::build_transition_outputs_overflow_rejected ... ok
test tests::encode_output_roundtrip_structure ... ok
test tests::encode_input_has_expected_layout ... ok
test tests::encode_unsigned_tx ... ok
test tests::spec_from_state_round_trips ... ok
test tests::spk_from_redeem_script_starts_with_version_zero ... ok
test tests::validate_balanced_rejects_underfunded ... ok

test result: ok. 10 passed; 0 failed; 0 ignored; 0 measured; 0 filtered out; finished in 0.00s


running 31 tests
test real_zk::tests::public_inputs_as_fr_layout_is_deterministic ... ok
test real_zk::tests::invalid_semantic_statement_cannot_satisfy_constraints ... ok
test real_zk::tests::semantic_changed_public_input_rejected ... ok
test real_zk::tests::prove_then_verify_semantic_transition_statement ... ok
test tests::chain_id_in_public_inputs_is_pinned ... ok
test tests::proof_encode_for_precompile ... ok
test tests::proof_rejects_empty ... ok
test tests::proof_rejects_oversize ... ok
test tests::public_inputs_length_is_pinned ... ok
test tests::semantic_transition_statement_binds_native_reports ... ok
test tests::semantic_transition_statement_matches_receipt_statement ... ok
test tests::semantic_transition_statement_rejects_noop_digest ... ok
test tests::semantic_transition_statement_rejects_report_mismatch ... ok
test tests::statement_matches_receipt_round_trip ... ok
test tests::tag_bytes_match_upstream ... ok
test tests::zk_receipt_local_verify_catches_statement_mismatch ... ok
test tests::zk_receipt_local_verify_succeeds ... ok
test tests::zk_receipt_rejects_wrong_mode ... ok
test real_zk::tests::semantic_groth16_precompile_stack_shape_is_toccata_compatible ... ok
test real_zk::tests::same_receipt_id_different_body_cannot_prove ... ok
test real_zk::tests::allocation_1x1_rejects_closed_seal_reuse ... ok
test real_zk::tests::allocation_1x1_rejects_supply_mismatch ... ok
test real_zk::tests::allocation_2x2_rejects_supply_mismatch ... ok
test real_zk::tests::allocation_2x2_rejects_closed_seal_reuse ... ok
test real_zk::tests::different_public_body_field_rejected ... ok
test real_zk::tests::prove_then_verify_zk_receipt ... ok
test real_zk::tests::groth16_precompile_stack_shape_is_toccata_compatible ... ok
test real_zk::tests::tampered_proof_rejected ... ok
test real_zk::tests::allocation_1x1_precompile_stack_shape_is_toccata_compatible has been running for over 60 seconds
test real_zk::tests::prove_then_verify_allocation_1x1_transition has been running for over 60 seconds
test real_zk::tests::prove_then_verify_allocation_2x2_transition has been running for over 60 seconds
test real_zk::tests::prove_then_verify_allocation_1x1_transition ... ok
test real_zk::tests::allocation_1x1_precompile_stack_shape_is_toccata_compatible ... ok
test real_zk::tests::prove_then_verify_allocation_2x2_transition ... ok

test result: ok. 31 passed; 0 failed; 0 ignored; 0 measured; 0 filtered out; finished in 93.28s


running 0 tests

test result: ok. 0 passed; 0 failed; 0 ignored; 0 measured; 0 filtered out; finished in 0.00s


running 0 tests

test result: ok. 0 passed; 0 failed; 0 ignored; 0 measured; 0 filtered out; finished in 0.00s


running 0 tests

test result: ok. 0 passed; 0 failed; 0 ignored; 0 measured; 0 filtered out; finished in 0.00s


running 0 tests

test result: ok. 0 passed; 0 failed; 0 ignored; 0 measured; 0 filtered out; finished in 0.00s


running 0 tests

test result: ok. 0 passed; 0 failed; 0 ignored; 0 measured; 0 filtered out; finished in 0.00s


running 0 tests

test result: ok. 0 passed; 0 failed; 0 ignored; 0 measured; 0 filtered out; finished in 0.00s


running 0 tests

test result: ok. 0 passed; 0 failed; 0 ignored; 0 measured; 0 filtered out; finished in 0.00s


running 0 tests

test result: ok. 0 passed; 0 failed; 0 ignored; 0 measured; 0 filtered out; finished in 0.00s


running 0 tests

test result: ok. 0 passed; 0 failed; 0 ignored; 0 measured; 0 filtered out; finished in 0.00s


running 0 tests

test result: ok. 0 passed; 0 failed; 0 ignored; 0 measured; 0 filtered out; finished in 0.00s


running 0 tests

test result: ok. 0 passed; 0 failed; 0 ignored; 0 measured; 0 filtered out; finished in 0.00s


== stderr ==
    Finished `test` profile [optimized + debuginfo] target(s) in 0.26s
     Running unittests src/lib.rs (target/debug/deps/rgk_asset-204a5836217fa95a)
     Running unittests src/lib.rs (target/debug/deps/rgk_core-00b8321bf245e020)
     Running unittests src/lib.rs (target/debug/deps/rgk_covenant-508b3e39b4828012)
     Running unittests src/lib.rs (target/debug/deps/rgk_e2e-6a9dfe661e00c1a6)
RGK policy migration recovery
  chain:           KaspaLocalToccata
  covenant:        0xc750aee85561dc562b16688f01a736f81ed26948e166280ff5cd2a6f970d6599
  spent_txid:      0x2121212121212121212121212121212121212121212121212121212121212121
  new_txid:        0x2222222222222222222222222222222222222222222222222222222222222222
  previous_policy: verifier-only
  new_policy:      zk-or-verifier
  migration:       0x595de1d206e02c94795f46e960bf6e2230dd921d0ebfa3470a36fe05ec972be6
  resolver:        NativeTransitionedValid { covenant: [199, 80, 174, 232, 85, 97, 220, 86, 43, 22, 104, 143, 1, 167, 54, 248, 30, 210, 105, 72, 225, 102, 40, 15, 245, 205, 42, 111, 151, 13, 101, 153], spent_outpoint: KaspaOutpoint { transaction_id: [33, 33, 33, 33, 33, 33, 33, 33, 33, 33, 33, 33, 33, 33, 33, 33, 33, 33, 33, 33, 33, 33, 33, 33, 33, 33, 33, 33, 33, 33, 33, 33], index: 0 }, new_outpoint: KaspaOutpoint { transaction_id: [34, 34, 34, 34, 34, 34, 34, 34, 34, 34, 34, 34, 34, 34, 34, 34, 34, 34, 34, 34, 34, 34, 34, 34, 34, 34, 34, 34, 34, 34, 34, 34], index: 0 }, receipt_id: [89, 93, 225, 210, 6, 224, 44, 148, 121, 95, 70, 233, 96, 191, 110, 34, 48, 221, 146, 29, 14, 191, 163, 71, 10, 54, 254, 5, 236, 151, 43, 230], new_state: RgkStateCommitment { version: 1, chain_id: KaspaLocalToccata, covenant_id: [199, 80, 174, 232, 85, 97, 220, 86, 43, 22, 104, 143, 1, 167, 54, 248, 30, 210, 105, 72, 225, 102, 40, 15, 245, 205, 42, 111, 151, 13, 101, 153], asset_id: [66, 66, 66, 66, 66, 66, 66, 66, 66, 66, 66, 66, 66, 66, 66, 66, 66, 66, 66, 66, 66, 66, 66, 66, 66, 66, 66, 66, 66, 66, 66, 66], state_digest: [50, 50, 50, 50, 50, 50, 50, 50, 50, 50, 50, 50, 50, 50, 50, 50, 50, 50, 50, 50, 50, 50, 50, 50, 50, 50, 50, 50, 50, 50, 50, 50], receipt_policy: ZkOrVerifier }, confirmation_depth: 1 }

     Running tests/covenant_script_vm.rs (target/debug/deps/covenant_script_vm-34eda74d62434f41)
[zk-covenant-vm] used_script_units=21502927
     Running tests/live_covenant.rs (target/debug/deps/live_covenant-a96234a195a40f98)
live: connected to local-toccata wRPC (chain_id=KaspaLocalToccata)
live: fixed keypair address = kaspasim:qzzt7atzyc4m662qppt53ua7dta99t33w923s8kwxxmxx5wvl7jtqvn0x5as6
live: fixed pubkey x-only = [84, bf, 75, 62, 26, 2b, bd, 69, 40, 08, 57, 48, f3, be, 6a, fa, 52, ae, 31, 71, 55, 18, 1e, ce, 31, b6, 63, 51, cc, ff, a4, b0]
live: generated keypair, local-toccata address: kaspasim:qzzt7atzyc4m662qppt53ua7dta99t33w923s8kwxxmxx5wvl7jtqvn0x5as6
live: mined block, report: accepted=Success
live: reached DAA score 92114 (target 1)
live: coinbase block 1 mined; mining 2000 more so the FIRST coinbase UTXO matures (need DAA >= 1001 to spend it)...
live: mined 100/2000 blocks (0.1s)
live: mined 200/2000 blocks (0.2s)
live: mined 300/2000 blocks (0.3s)
live: mined 400/2000 blocks (0.4s)
live: mined 500/2000 blocks (0.5s)
live: mined 600/2000 blocks (0.6s)
live: mined 700/2000 blocks (0.7s)
live: mined 800/2000 blocks (0.7s)
live: mined 900/2000 blocks (0.8s)
live: mined 1000/2000 blocks (0.9s)
live: mined 1100/2000 blocks (1.0s)
live: mined 1200/2000 blocks (1.1s)
live: mined 1300/2000 blocks (1.1s)
live: mined 1400/2000 blocks (1.2s)
live: mined 1500/2000 blocks (1.3s)
live: mined 1600/2000 blocks (1.3s)
live: mined 1700/2000 blocks (1.4s)
live: mined 1800/2000 blocks (1.5s)
live: mined 1900/2000 blocks (1.5s)
live: mined 2000/2000 blocks (1.6s)
live: mined 2000 blocks in 1.6s
live: reached DAA score 94114 (target 2001)
live: oldest coinbase UTXO is now mature (DAA >= 2001)
live: selected coinbase UTXO at DAA 48 (oldest, mature)
live: fetched coinbase UTXO txid=[b1, 23, c7, 76, 69, 01, 96, d7, 96, 9c, 36, a4, 41, 18, b2, 62, ab, d4, 93, 98, 50, 3f, ff, 5c, 0d, 0d, e8, d0, 85, af, 1b, 9b] index=0 value=5000000000
live: computed covenant_id = [48, bd, dc, 1b, b7, 38, 10, af, ec, 9f, 95, 03, 2e, 3e, 5b, 55, a4, 7b, e6, ac, ba, 7f, 13, 6f, 45, de, d1, fa, 30, 23, 7a, 3a] for the genesis output (value=4996000000, fee=4000000)
live: signed covenant tx, txid = [09, f2, 5f, 9c, 15, cd, b3, 77, 20, b0, db, 20, e4, 99, 56, e4, 63, ed, ba, 09, 80, 04, f6, 1e, e9, 51, ad, 48, e8, 74, 9a, c6]
live: covenant tx ACCEPTED by node: txid=[09, f2, 5f, 9c, 15, cd, b3, 77, 20, b0, db, 20, e4, 99, 56, e4, 63, ed, ba, 09, 80, 04, f6, 1e, e9, 51, ad, 48, e8, 74, 9a, c6]
live: mined block, report: accepted=Success
live: reached DAA score 94115 (target 2)
live: confirmation block 2 mined
live: covenant output confirmed at DAA score 94115 with covenant_id=[48, bd, dc, 1b, b7, 38, 10, af, ec, 9f, 95, 03, 2e, 3e, 5b, 55, a4, 7b, e6, ac, ba, 7f, 13, 6f, 45, de, d1, fa, 30, 23, 7a, 3a]
live: native RGK asset state digest = 0xa9dcc8621dc17d2e79640fe44da7ab494d0f6cc12441456e4f7630e4baaf90af (allocations=1 daa=94115 confirmations=1 privacy_policy=PrivateLane lane_id=0xf9e2d47ecda382db86ba713e640cb58f4a9f75a24d0820505148c302004436d9)
live: ZK covenant spend enabled, public_inputs=29 vk_bytes=1192 proof_bytes=128
live: built P2SH covenant spend, txid = [63, e5, f3, 45, ae, 0a, 72, 04, 25, cf, c1, 90, ee, 75, a9, ce, c7, ae, 79, 26, 61, 15, bf, fe, 55, 63, 70, 8b, 08, 4b, ec, 06]
live: P2SH covenant spend ACCEPTED by node: txid=[63, e5, f3, 45, ae, 0a, 72, 04, 25, cf, c1, 90, ee, 75, a9, ce, c7, ae, 79, 26, 61, 15, bf, fe, 55, 63, 70, 8b, 08, 4b, ec, 06]
live: mined block, report: accepted=Success
live: reached DAA score 94116 (target 94116)
live: P2SH covenant spend confirmation block mined
live: continuation covenant output confirmed at DAA score 94116
live: native RGK transition digest = 0x0bd62ccf4531ba7e82d41c4065f2bba2173bb1f46a20d6b5d6aa8ecfeb6b616a (old_state=0xa9dcc8621dc17d2e79640fe44da7ab494d0f6cc12441456e4f7630e4baaf90af new_state=0x6477cc25ce18782209eb60982e92bd216639015dac6533b7de13ab986cf859b9 witness_txid=0x63e5f345ae0a720425cfc190ee75a9cec7ae79266115bffe5563708b084bec06 spent_allocations=1 new_allocations=1 privacy_policy=PrivateLane lane_id=0xf9e2d47ecda382db86ba713e640cb58f4a9f75a24d0820505148c302004436d9)
live: semantic RGK transition statement public_inputs=328 continuation_shape_root=0xbf7e5a80657e3584b9d995764a5cfb49b4413b2c7427b294a1eeeeb3e9e08b5e policy_commitment=0x4663f5b9404ee4fe0358c6299f73422e955f5fea03e19545f5b8f99472d00bbf
live: semantic Groth16 proof verified public_inputs=41 vk_bytes=1576 proof_bytes=128
live: allocation-vector Groth16 proof verified public_inputs=41 vk_bytes=1576 proof_bytes=128
live: registered private lane for view-key discovery (lane_id=0xf9e2d47ecda382db86ba713e640cb58f4a9f75a24d0820505148c302004436d9 scan_tag=0x3539f43aecf990bfd09e4b081ddba2835253710fa8a4022904e6ea61b963c62d privacy_policy=PrivateLane)
live: resolver state = NativeTransitionedValid { covenant: [72, 189, 220, 27, 183, 56, 16, 175, 236, 159, 149, 3, 46, 62, 91, 85, 164, 123, 230, 172, 186, 127, 19, 111, 69, 222, 209, 250, 48, 35, 122, 58], spent_outpoint: KaspaOutpoint { transaction_id: [9, 242, 95, 156, 21, 205, 179, 119, 32, 176, 219, 32, 228, 153, 86, 228, 99, 237, 186, 9, 128, 4, 246, 30, 233, 81, 173, 72, 232, 116, 154, 198], index: 0 }, new_outpoint: KaspaOutpoint { transaction_id: [99, 229, 243, 69, 174, 10, 114, 4, 37, 207, 193, 144, 238, 117, 169, 206, 199, 174, 121, 38, 97, 21, 191, 254, 85, 99, 112, 139, 8, 75, 236, 6], index: 0 }, receipt_id: [171, 188, 225, 244, 42, 151, 36, 109, 234, 165, 99, 118, 0, 124, 34, 141, 46, 211, 97, 88, 46, 90, 236, 83, 140, 232, 12, 142, 92, 89, 16, 226], new_state: RgkStateCommitment { version: 1, chain_id: KaspaLocalToccata, covenant_id: [72, 189, 220, 27, 183, 56, 16, 175, 236, 159, 149, 3, 46, 62, 91, 85, 164, 123, 230, 172, 186, 127, 19, 111, 69, 222, 209, 250, 48, 35, 122, 58], asset_id: [66, 66, 66, 66, 66, 66, 66, 66, 66, 66, 66, 66, 66, 66, 66, 66, 66, 66, 66, 66, 66, 66, 66, 66, 66, 66, 66, 66, 66, 66, 66, 66], state_digest: [169, 220, 200, 98, 29, 193, 125, 46, 121, 100, 15, 228, 77, 167, 171, 73, 77, 15, 108, 193, 36, 65, 69, 110, 79, 118, 48, 228, 186, 175, 144, 175], receipt_policy: ZkOrVerifier }, confirmation_depth: 1 }
live: view-key lane resolver classified as NativeTransitionedValid (lane_id=0xf9e2d47ecda382db86ba713e640cb58f4a9f75a24d0820505148c302004436d9 scan_tag=0x3539f43aecf990bfd09e4b081ddba2835253710fa8a4022904e6ea61b963c62d)
live: covenant transition classified as NativeTransitionedValid from the confirmed live Kaspa Toccata local-toccata spend (covenant_id=[48, bd, dc, 1b, b7, 38, 10, af, ec, 9f, 95, 03, 2e, 3e, 5b, 55, a4, 7b, e6, ac, ba, 7f, 13, 6f, 45, de, d1, fa, 30, 23, 7a, 3a])
     Running tests/live_devnet.rs (target/debug/deps/live_devnet-44ebf626012180a3)
live devnet scan evidence skipped: RGK_LIVE_DEVNET_URL is not set
live devnet evidence skipped: RGK_LIVE_DEVNET_URL is not set
     Running tests/live_kaspa.rs (target/debug/deps/live_kaspa-5602be69f816ed3b)
live: server_version=1.2.2-toc.4 network_id=simnet is_synced=true has_utxo_index=true
live: garbage covenant tx rejected as expected: RPC Server (remote error) -> Rejected transaction 23906a2798f26957e6b79648623bdfeadd93742c45b6c3f3d417a8b726ae9699: transaction 23906a2798f26957e6b79648623bdfeadd93742c45b6c3f3d417a8b726ae9699 is not standard: transaction output #0: non-standard script form
live: block_count=94116 header_count=94116 virtual_daa_score=94116 pruning_point=411f8cd26f3d41aea39e78573927da24d23995705b579f30959b9127e96b79e3
     Running tests/zk_precompile_vm.rs (target/debug/deps/zk_precompile_vm-1ed271987e9b5702)
[zk-precompile-vm] semantic public_inputs=41 vk_bytes=1576 proof_bytes=128 script_bytes=3067
[zk-precompile-vm] public_inputs=29 vk_bytes=1192 proof_bytes=128 script_bytes=2287
[zk-precompile-vm] allocation_1x1 public_inputs=41 vk_bytes=1576 proof_bytes=128 script_bytes=3067
[zk-precompile-vm] allocation_2x2 public_inputs=41 vk_bytes=1576 proof_bytes=128 script_bytes=3067
     Running unittests src/lib.rs (target/debug/deps/rgk_indexer-b46dd01e466cab81)
     Running unittests src/lib.rs (target/debug/deps/rgk_kaspa-1f96525474705eee)
     Running unittests src/lib.rs (target/debug/deps/rgk_receipt-638d2a0f4c184ea9)
     Running unittests src/lib.rs (target/debug/deps/rgk_resolver-b02538e0f4b221e2)
     Running unittests src/lib.rs (target/debug/deps/rgk_sync-058e4fc94d5d4f93)
     Running unittests src/bin/rgk-sync.rs (target/debug/deps/rgk_sync-b3cfd46b5ea83636)
     Running unittests src/lib.rs (target/debug/deps/rgk_tx-4a640dc3639e9ad0)
     Running unittests src/lib.rs (target/debug/deps/rgk_zk-8404acb0b7ac2a38)
[real-zk] proof size: 129 bytes
   Doc-tests rgk_asset
   Doc-tests rgk_core
   Doc-tests rgk_covenant
   Doc-tests rgk_e2e
   Doc-tests rgk_indexer
   Doc-tests rgk_kaspa
   Doc-tests rgk_receipt
   Doc-tests rgk_resolver
   Doc-tests rgk_sync
   Doc-tests rgk_tx
   Doc-tests rgk_zk
