== stdout ==

running 1 test
test live_simnet_full_covenant_lifecycle ... ok

test result: ok. 1 passed; 0 failed; 0 ignored; 0 measured; 0 filtered out; finished in 1.22s


== stderr ==
    Blocking waiting for file lock on build directory
   Compiling rgk-resolver v0.1.0 (/Users/arthur/RustroverProjects/rgk/crates/rgk-resolver)
   Compiling rgk-e2e v0.1.0 (/Users/arthur/RustroverProjects/rgk/tests/rgk-e2e)
    Finished `test` profile [optimized + debuginfo] target(s) in 1.57s
     Running tests/live_covenant.rs (target/debug/deps/live_covenant-752d8866f3b309ef)
live: connected to simnet wRPC
live: fixed keypair address = kaspasim:qzzt7atzyc4m662qppt53ua7dta99t33w923s8kwxxmxx5wvl7jtqvn0x5as6
live: fixed pubkey x-only = [84, bf, 75, 62, 26, 2b, bd, 69, 40, 08, 57, 48, f3, be, 6a, fa, 52, ae, 31, 71, 55, 18, 1e, ce, 31, b6, 63, 51, cc, ff, a4, b0]
live: generated keypair, simnet address: kaspasim:qzzt7atzyc4m662qppt53ua7dta99t33w923s8kwxxmxx5wvl7jtqvn0x5as6
live: mined block, report: accepted=Success
live: reached DAA score 14015 (target 1)
live: coinbase block 1 mined; mining 2000 more so the FIRST coinbase UTXO matures (need DAA >= 1001 to spend it)...
live: mined 100/2000 blocks (0.1s)
live: mined 200/2000 blocks (0.1s)
live: mined 300/2000 blocks (0.2s)
live: mined 400/2000 blocks (0.2s)
live: mined 500/2000 blocks (0.3s)
live: mined 600/2000 blocks (0.4s)
live: mined 700/2000 blocks (0.4s)
live: mined 800/2000 blocks (0.5s)
live: mined 900/2000 blocks (0.6s)
live: mined 1000/2000 blocks (0.6s)
live: mined 1100/2000 blocks (0.7s)
live: mined 1200/2000 blocks (0.7s)
live: mined 1300/2000 blocks (0.8s)
live: mined 1400/2000 blocks (0.8s)
live: mined 1500/2000 blocks (0.9s)
live: mined 1600/2000 blocks (1.0s)
live: mined 1700/2000 blocks (1.0s)
live: mined 1800/2000 blocks (1.1s)
live: mined 1900/2000 blocks (1.1s)
live: mined 2000/2000 blocks (1.2s)
live: mined 2000 blocks in 1.2s
live: reached DAA score 16015 (target 2001)
live: oldest coinbase UTXO is now mature (DAA >= 2001)
live: selected coinbase UTXO at DAA 9 (oldest, mature)
live: fetched coinbase UTXO txid=[82, 52, c7, f3, 4b, 7a, 8f, a4, 71, 60, 59, b2, 9a, 6b, 0d, c8, f5, f9, a8, 54, f8, 8b, 73, 0c, 25, 67, 9a, 70, 08, 55, 06, fb] index=0 value=5000000000
live: computed covenant_id = [cd, 10, a1, 1b, d7, 8b, 1b, 16, 3f, 2b, b6, 2f, 8f, 3e, 36, ed, 1f, e7, 62, 20, 6a, 7f, 20, 51, 28, 18, 97, c5, 24, 7f, a7, 8a] for the genesis output (value=4996000000, fee=4000000)
live: signed covenant tx, txid = [59, 32, b8, 3f, 60, b9, 55, ca, 15, c9, 26, 42, 6e, 9f, 93, 56, 3b, 14, 72, 8d, c5, 10, 63, c0, 9b, ad, 29, 1b, 36, 70, 0f, e4]
live: covenant tx ACCEPTED by node: txid=[59, 32, b8, 3f, 60, b9, 55, ca, 15, c9, 26, 42, 6e, 9f, 93, 56, 3b, 14, 72, 8d, c5, 10, 63, c0, 9b, ad, 29, 1b, 36, 70, 0f, e4]
live: mined block, report: accepted=Success
live: reached DAA score 16016 (target 2)
live: confirmation block 2 mined
live: covenant output confirmed at DAA score 16016 with covenant_id=[cd, 10, a1, 1b, d7, 8b, 1b, 16, 3f, 2b, b6, 2f, 8f, 3e, 36, ed, 1f, e7, 62, 20, 6a, 7f, 20, 51, 28, 18, 97, c5, 24, 7f, a7, 8a]
live: resolver state = TransitionedValid { covenant: [205, 16, 161, 27, 215, 139, 27, 22, 63, 43, 182, 47, 143, 62, 54, 237, 31, 231, 98, 32, 106, 127, 32, 81, 40, 24, 151, 197, 36, 127, 167, 138], spent_outpoint: KaspaOutpoint { transaction_id: [130, 82, 199, 243, 75, 122, 143, 164, 113, 96, 89, 178, 154, 107, 13, 200, 245, 249, 168, 84, 248, 139, 115, 12, 37, 103, 154, 112, 8, 85, 6, 251], index: 0 }, new_outpoint: KaspaOutpoint { transaction_id: [89, 50, 184, 63, 96, 185, 85, 202, 21, 201, 38, 66, 110, 159, 147, 86, 59, 20, 114, 141, 197, 16, 99, 192, 155, 173, 41, 27, 54, 112, 15, 228], index: 0 }, receipt_id: [184, 11, 76, 99, 144, 19, 22, 6, 133, 207, 127, 198, 92, 128, 8, 249, 37, 134, 116, 34, 185, 5, 203, 173, 75, 165, 245, 95, 74, 182, 76, 8], new_state: RgkStateCommitment { version: 0, chain_id: KaspaLocalToccata, covenant_id: [205, 16, 161, 27, 215, 139, 27, 22, 63, 43, 182, 47, 143, 62, 54, 237, 31, 231, 98, 32, 106, 127, 32, 81, 40, 24, 151, 197, 36, 127, 167, 138], rgb_contract_id: [0, 0, 0, 0, 0, 0, 0, 0, 0, 0, 0, 0, 0, 0, 0, 0, 0, 0, 0, 0, 0, 0, 0, 0, 0, 0, 0, 0, 0, 0, 0, 0], state_digest: [176, 176, 176, 176, 176, 176, 176, 176, 176, 176, 176, 176, 176, 176, 176, 176, 176, 176, 176, 176, 176, 176, 176, 176, 176, 176, 176, 176, 176, 176, 176, 176], receipt_policy: VerifierOnly }, confirmation_depth: 1 }
live: ✅ covenant transition classified as TransitionedValid from the confirmed live Kaspa Toccata simnet spend (covenant_id=[cd, 10, a1, 1b, d7, 8b, 1b, 16, 3f, 2b, b6, 2f, 8f, 3e, 36, ed, 1f, e7, 62, 20, 6a, 7f, 20, 51, 28, 18, 97, c5, 24, 7f, a7, 8a])
