== stdout ==
[run-kaspa-devnet] launching /Users/arthur/RustroverProjects/rgk/external/rusty-kaspa-toccata/target/release/kaspad in background
[run-kaspa-devnet] pid: 8568
[run-kaspa-devnet] log: /Users/arthur/RustroverProjects/rgk/.rgk-devnet/kaspad.log
[run-kaspa-devnet] waiting for wRPC at ws://127.0.0.1:19111
[run-kaspa-devnet] wRPC ready after 2s
[e2e-devnet] live devnet RPC: ws://127.0.0.1:19111/v2/kaspa/devnet/no-tls/wrpc/borsh
[e2e-devnet] running live_devnet test
   Compiling rgk-zk v0.1.0 (/Users/arthur/RustroverProjects/rgk/crates/rgk-zk)
   Compiling kaspa-wrpc-client v1.2.2-toc.4 (/Users/arthur/RustroverProjects/rusty-kaspa/rpc/wrpc/client)
   Compiling rgk-kaspa v0.1.0 (/Users/arthur/RustroverProjects/rgk/crates/rgk-kaspa)
   Compiling rgk-sync v0.1.0 (/Users/arthur/RustroverProjects/rgk/crates/rgk-sync)
   Compiling rgk-resolver v0.1.0 (/Users/arthur/RustroverProjects/rgk/crates/rgk-resolver)
   Compiling rgk-e2e v0.1.0 (/Users/arthur/RustroverProjects/rgk/tests/rgk-e2e)
    Finished `test` profile [optimized + debuginfo] target(s) in 2.86s
     Running tests/live_devnet.rs (target/debug/deps/live_devnet-a446d7acbb399c7f)

running 2 tests
live-devnet: server_version=1.2.2-toc.4 network_id=devnet is_synced=false has_utxo_index=true
test live_devnet_reports_toccata_node_identity ... ok
live-devnet: scan cursor initialised chain=KaspaDevnet daa=50075 hash_prefix=9ea3036927358fdc
test live_devnet_initialises_persistent_scan_cursor ... ok

test result: ok. 2 passed; 0 failed; 0 ignored; 0 measured; 0 filtered out; finished in 0.05s

[e2e-devnet] running policy migration recovery fixture
   Compiling rgk-asset v0.1.0 (/Users/arthur/RustroverProjects/rgk/crates/rgk-asset)
   Compiling rgk-zk v0.1.0 (/Users/arthur/RustroverProjects/rgk/crates/rgk-zk)
   Compiling rgk-resolver v0.1.0 (/Users/arthur/RustroverProjects/rgk/crates/rgk-resolver)
   Compiling rgk-e2e v0.1.0 (/Users/arthur/RustroverProjects/rgk/tests/rgk-e2e)
    Finished `test` profile [optimized + debuginfo] target(s) in 1.40s
     Running unittests src/lib.rs (target/debug/deps/rgk_e2e-61e4ff2d6b6c07e6)

running 1 test
RGK policy migration recovery
  chain:           KaspaLocalToccata
  covenant:        0xc750aee85561dc562b16688f01a736f81ed26948e166280ff5cd2a6f970d6599
  spent_txid:      0x2121212121212121212121212121212121212121212121212121212121212121
  new_txid:        0x2222222222222222222222222222222222222222222222222222222222222222
  previous_policy: verifier-only
  new_policy:      zk-or-verifier
  migration:       0x595de1d206e02c94795f46e960bf6e2230dd921d0ebfa3470a36fe05ec972be6
  resolver:        NativeTransitionedValid { covenant: [199, 80, 174, 232, 85, 97, 220, 86, 43, 22, 104, 143, 1, 167, 54, 248, 30, 210, 105, 72, 225, 102, 40, 15, 245, 205, 42, 111, 151, 13, 101, 153], spent_outpoint: KaspaOutpoint { transaction_id: [33, 33, 33, 33, 33, 33, 33, 33, 33, 33, 33, 33, 33, 33, 33, 33, 33, 33, 33, 33, 33, 33, 33, 33, 33, 33, 33, 33, 33, 33, 33, 33], index: 0 }, new_outpoint: KaspaOutpoint { transaction_id: [34, 34, 34, 34, 34, 34, 34, 34, 34, 34, 34, 34, 34, 34, 34, 34, 34, 34, 34, 34, 34, 34, 34, 34, 34, 34, 34, 34, 34, 34, 34, 34], index: 0 }, receipt_id: [89, 93, 225, 210, 6, 224, 44, 148, 121, 95, 70, 233, 96, 191, 110, 34, 48, 221, 146, 29, 14, 191, 163, 71, 10, 54, 254, 5, 236, 151, 43, 230], new_state: RgkStateCommitment { version: 1, chain_id: KaspaLocalToccata, covenant_id: [199, 80, 174, 232, 85, 97, 220, 86, 43, 22, 104, 143, 1, 167, 54, 248, 30, 210, 105, 72, 225, 102, 40, 15, 245, 205, 42, 111, 151, 13, 101, 153], asset_id: [66, 66, 66, 66, 66, 66, 66, 66, 66, 66, 66, 66, 66, 66, 66, 66, 66, 66, 66, 66, 66, 66, 66, 66, 66, 66, 66, 66, 66, 66, 66, 66], state_digest: [50, 50, 50, 50, 50, 50, 50, 50, 50, 50, 50, 50, 50, 50, 50, 50, 50, 50, 50, 50, 50, 50, 50, 50, 50, 50, 50, 50, 50, 50, 50, 50], receipt_policy: ZkOrVerifier }, confirmation_depth: 1 }

test policy_migration_recovery_fixture_survives_reopen ... ok

test result: ok. 1 passed; 0 failed; 0 ignored; 0 measured; 3 filtered out; finished in 0.05s

[e2e-devnet] running full covenant lifecycle on devnet
   Compiling kaspa-wrpc-client v1.2.2-toc.4 (/Users/arthur/RustroverProjects/rusty-kaspa/rpc/wrpc/client)
   Compiling rgk-kaspa v0.1.0 (/Users/arthur/RustroverProjects/rgk/crates/rgk-kaspa)
   Compiling rgk-sync v0.1.0 (/Users/arthur/RustroverProjects/rgk/crates/rgk-sync)
   Compiling rgk-resolver v0.1.0 (/Users/arthur/RustroverProjects/rgk/crates/rgk-resolver)
   Compiling rgk-e2e v0.1.0 (/Users/arthur/RustroverProjects/rgk/tests/rgk-e2e)
    Finished `test` profile [optimized + debuginfo] target(s) in 4.05s
     Running tests/live_covenant.rs (target/debug/deps/live_covenant-7bf44a871ab07a5e)

running 1 test
live: connected to devnet wRPC (chain_id=KaspaDevnet)
live: fixed keypair address = kaspadev:qzzt7atzyc4m662qppt53ua7dta99t33w923s8kwxxmxx5wvl7jtq0ahp67m9
live: fixed pubkey x-only = [84, bf, 75, 62, 26, 2b, bd, 69, 40, 08, 57, 48, f3, be, 6a, fa, 52, ae, 31, 71, 55, 18, 1e, ce, 31, b6, 63, 51, cc, ff, a4, b0]
live: generated keypair, devnet address: kaspadev:qzzt7atzyc4m662qppt53ua7dta99t33w923s8kwxxmxx5wvl7jtq0ahp67m9
live: mined block, report: accepted=Success
live: reached DAA score 50076 (target 1)
live: coinbase block 1 mined; mining 2000 more so the FIRST coinbase UTXO matures (need DAA >= 1001 to spend it)...
live: mined 100/2000 blocks (0.2s)
live: mined 200/2000 blocks (0.3s)
live: mined 300/2000 blocks (0.4s)
live: mined 400/2000 blocks (0.5s)
live: mined 500/2000 blocks (0.6s)
live: mined 600/2000 blocks (0.7s)
live: mined 700/2000 blocks (0.7s)
live: mined 800/2000 blocks (0.8s)
live: mined 900/2000 blocks (0.9s)
live: mined 1000/2000 blocks (0.9s)
live: mined 1100/2000 blocks (1.0s)
live: mined 1200/2000 blocks (1.1s)
live: mined 1300/2000 blocks (1.2s)
live: mined 1400/2000 blocks (1.3s)
live: mined 1500/2000 blocks (1.3s)
live: mined 1600/2000 blocks (1.4s)
live: mined 1700/2000 blocks (1.5s)
live: mined 1800/2000 blocks (1.5s)
live: mined 1900/2000 blocks (1.6s)
live: mined 2000/2000 blocks (1.7s)
live: mined 2000 blocks in 1.7s
live: reached DAA score 52076 (target 2001)
live: oldest coinbase UTXO is now mature (DAA >= 2001)
live: selected coinbase UTXO at DAA 27 (oldest, mature)
live: fetched coinbase UTXO txid=[a0, df, 8b, f6, 58, 95, 19, 1d, e9, 4b, 35, ee, ef, 0e, ce, d6, e2, ed, cb, e5, 87, c6, 2a, 91, e7, d8, e2, 7e, b0, 73, 37, c8] index=0 value=4400000000
live: computed covenant_id = [94, 4b, e5, 8b, 78, e7, 42, 5d, 19, 98, 95, 0f, ab, 58, 15, 87, 7f, 81, 20, 28, d3, 77, b3, f2, c5, 11, f6, 0a, c2, 60, 2d, c3] for the genesis output (value=4396000000, fee=4000000)
live: signed covenant tx, txid = [ac, 71, be, 8c, 39, 52, 6f, bd, a7, f7, 3f, e7, ed, 74, 82, ce, c2, 82, a4, 5a, 7f, cc, 4c, f2, 96, 8e, 1d, 4c, 37, 48, ff, 9a]
live: covenant tx ACCEPTED by node: txid=[ac, 71, be, 8c, 39, 52, 6f, bd, a7, f7, 3f, e7, ed, 74, 82, ce, c2, 82, a4, 5a, 7f, cc, 4c, f2, 96, 8e, 1d, 4c, 37, 48, ff, 9a]
live: mined block, report: accepted=Success
live: reached DAA score 52077 (target 2)
live: confirmation block 2 mined
live: covenant output confirmed at DAA score 52077 with covenant_id=[94, 4b, e5, 8b, 78, e7, 42, 5d, 19, 98, 95, 0f, ab, 58, 15, 87, 7f, 81, 20, 28, d3, 77, b3, f2, c5, 11, f6, 0a, c2, 60, 2d, c3]
live: native RGK asset state digest = 0xd19d4625ab19b3aa1877e2df3360f7bf7da1463e16b172ed5500974a2b660bb8 (allocations=1 daa=52077 confirmations=1 privacy_policy=PrivateLane lane_id=0xf9e2d47ecda382db86ba713e640cb58f4a9f75a24d0820505148c302004436d9)
live: ZK covenant spend enabled, public_inputs=29 vk_bytes=1192 proof_bytes=128
live: built P2SH covenant spend, txid = [55, 28, 85, 81, ee, aa, 7d, 0b, 80, a7, 25, 43, 57, b5, 1c, da, d1, ac, f2, 2e, 45, 23, f5, de, 54, 5c, bb, 90, 66, b8, 6b, 57]
live: P2SH covenant spend ACCEPTED by node: txid=[55, 28, 85, 81, ee, aa, 7d, 0b, 80, a7, 25, 43, 57, b5, 1c, da, d1, ac, f2, 2e, 45, 23, f5, de, 54, 5c, bb, 90, 66, b8, 6b, 57]
live: mined block, report: accepted=Success
live: reached DAA score 52078 (target 52078)
live: P2SH covenant spend confirmation block mined
live: continuation covenant output confirmed at DAA score 52078
live: native production-ZK allocation guard accepted shape=1x1 spent_allocations=1 new_allocations=1
live: native RGK transition digest = 0xbe5bbe51d19300a1ed856436c7d650b84c8a02242a0ff12b8ba7b6861c1188f8 (old_state=0xd19d4625ab19b3aa1877e2df3360f7bf7da1463e16b172ed5500974a2b660bb8 new_state=0x95654dd0ee4a43e2d081b2f379a90031d560dac5e9623780e6af55809cd7f40e witness_txid=0x55288581eeaa7d0b80a7254357b51cdad1acf22e4523f5de545cbb9066b86b57 spent_allocations=1 new_allocations=1 privacy_policy=PrivateLane lane_id=0xf9e2d47ecda382db86ba713e640cb58f4a9f75a24d0820505148c302004436d9)
live: semantic RGK transition statement public_inputs=328 continuation_shape_root=0xbe8c44aefa7f775610385ecb985e0dcfff061b56432ede5cfc8e9ef93be1ab3a policy_commitment=0x4663f5b9404ee4fe0358c6299f73422e955f5fea03e19545f5b8f99472d00bbf
live: semantic Groth16 proof verified public_inputs=41 vk_bytes=1576 proof_bytes=128
test live_toccata_full_covenant_lifecycle has been running for over 60 seconds
live: supported allocation-vector Groth16 proof verified shape=1x1 public_inputs=41 vk_bytes=1576 proof_bytes=128
live: registered private lane for view-key discovery (lane_id=0xf9e2d47ecda382db86ba713e640cb58f4a9f75a24d0820505148c302004436d9 scan_tag=0x3539f43aecf990bfd09e4b081ddba2835253710fa8a4022904e6ea61b963c62d privacy_policy=PrivateLane)
live: lane-discovery Groth16 proof verified public_inputs=9 vk_bytes=552 proof_bytes=128 lane_id=0xf9e2d47ecda382db86ba713e640cb58f4a9f75a24d0820505148c302004436d9 scan_tag=0x3539f43aecf990bfd09e4b081ddba2835253710fa8a4022904e6ea61b963c62d
live: lane-graph Groth16 proof verified nodes=2 public_inputs=22 vk_bytes=968 proof_bytes=128 graph_root=0x6ab1ca5ef8165554c39398f6ee2cd4419bd605cc09e507fec6264f1bdebd4dfc current_lane=0xf9e2d47ecda382db86ba713e640cb58f4a9f75a24d0820505148c302004436d9 next_scan_tag=0xa1300bb57a56c79e1c43eda255ac6cb55b7e04c247681d77a754ed07551312ea
live: resolver state = NativeTransitionedValid { covenant: [148, 75, 229, 139, 120, 231, 66, 93, 25, 152, 149, 15, 171, 88, 21, 135, 127, 129, 32, 40, 211, 119, 179, 242, 197, 17, 246, 10, 194, 96, 45, 195], spent_outpoint: KaspaOutpoint { transaction_id: [172, 113, 190, 140, 57, 82, 111, 189, 167, 247, 63, 231, 237, 116, 130, 206, 194, 130, 164, 90, 127, 204, 76, 242, 150, 142, 29, 76, 55, 72, 255, 154], index: 0 }, new_outpoint: KaspaOutpoint { transaction_id: [85, 40, 133, 129, 238, 170, 125, 11, 128, 167, 37, 67, 87, 181, 28, 218, 209, 172, 242, 46, 69, 35, 245, 222, 84, 92, 187, 144, 102, 184, 107, 87], index: 0 }, receipt_id: [233, 240, 194, 144, 247, 112, 97, 51, 197, 176, 191, 167, 176, 111, 152, 80, 121, 189, 77, 47, 168, 12, 253, 89, 135, 13, 111, 25, 227, 198, 169, 112], new_state: RgkStateCommitment { version: 1, chain_id: KaspaDevnet, covenant_id: [148, 75, 229, 139, 120, 231, 66, 93, 25, 152, 149, 15, 171, 88, 21, 135, 127, 129, 32, 40, 211, 119, 179, 242, 197, 17, 246, 10, 194, 96, 45, 195], asset_id: [66, 66, 66, 66, 66, 66, 66, 66, 66, 66, 66, 66, 66, 66, 66, 66, 66, 66, 66, 66, 66, 66, 66, 66, 66, 66, 66, 66, 66, 66, 66, 66], state_digest: [149, 101, 77, 208, 238, 74, 67, 226, 208, 129, 178, 243, 121, 169, 0, 49, 213, 96, 218, 197, 233, 98, 55, 128, 230, 175, 85, 128, 156, 215, 244, 14], receipt_policy: ZkOrVerifier }, confirmation_depth: 1 }
live: resolver carried phase-2 native state digest = 0x95654dd0ee4a43e2d081b2f379a90031d560dac5e9623780e6af55809cd7f40e
live: view-key lane resolver classified as NativeTransitionedValid (lane_id=0xf9e2d47ecda382db86ba713e640cb58f4a9f75a24d0820505148c302004436d9 scan_tag=0x3539f43aecf990bfd09e4b081ddba2835253710fa8a4022904e6ea61b963c62d)
live: covenant transition classified as NativeTransitionedValid from the confirmed live Kaspa Toccata devnet spend (covenant_id=[94, 4b, e5, 8b, 78, e7, 42, 5d, 19, 98, 95, 0f, ab, 58, 15, 87, 7f, 81, 20, 28, d3, 77, b3, f2, c5, 11, f6, 0a, c2, 60, 2d, c3])
live: policy migration proof recovered after Sled reopen (previous_policy=verifier-only new_policy=zk-or-verifier migration=0xbf69515176d304f5080ae83d0b0e6cf50abd5c72162953880791f766589eac78 state_digest=0x95654dd0ee4a43e2d081b2f379a90031d560dac5e9623780e6af55809cd7f40e resolver=NativeTransitionedValid)
live: persistent indexer recovered covenant after resolver indexing (covenant_id=[94, 4b, e5, 8b, 78, e7, 42, 5d, 19, 98, 95, 0f, ab, 58, 15, 87, 7f, 81, 20, 28, d3, 77, b3, f2, c5, 11, f6, 0a, c2, 60, 2d, c3] cursor_daa=52078)
test live_toccata_full_covenant_lifecycle ... ok

test result: ok. 1 passed; 0 failed; 0 ignored; 0 measured; 0 filtered out; finished in 116.60s

[e2e-devnet] running rgk-sync scanner smoke (initialise cursor)
   Compiling kaspa-wrpc-client v1.2.2-toc.4 (/Users/arthur/RustroverProjects/rusty-kaspa/rpc/wrpc/client)
   Compiling rgk-kaspa v0.1.0 (/Users/arthur/RustroverProjects/rgk/crates/rgk-kaspa)
   Compiling rgk-sync v0.1.0 (/Users/arthur/RustroverProjects/rgk/crates/rgk-sync)
    Finished `dev` profile [optimized + debuginfo] target(s) in 2.24s
     Running `target/debug/rgk-sync --url 'ws://127.0.0.1:19111/v2/kaspa/devnet/no-tls/wrpc/borsh' --network devnet --db /Users/arthur/RustroverProjects/rgk/target/rgk-devnet-evidence/sled --once`
tick initialised=true added_chain_blocks=0 observed_spends=0 start_daa=52078 end_daa=52078 end_hash_prefix=ccc14660058e8a40
[e2e-devnet] running rgk-sync scanner smoke (reload cursor)
    Finished `dev` profile [optimized + debuginfo] target(s) in 0.19s
     Running `target/debug/rgk-sync --url 'ws://127.0.0.1:19111/v2/kaspa/devnet/no-tls/wrpc/borsh' --network devnet --db /Users/arthur/RustroverProjects/rgk/target/rgk-devnet-evidence/sled --once`
tick initialised=false added_chain_blocks=0 observed_spends=0 start_daa=52078 end_daa=52078 end_hash_prefix=ccc14660058e8a40
[verify-devnet-evidence] ok: /Users/arthur/RustroverProjects/rgk/target/rgk-devnet-evidence/latest.txt
[e2e-devnet] evidence: /Users/arthur/RustroverProjects/rgk/target/rgk-devnet-evidence/latest.txt

== stderr ==
