== stdout ==
/Users/arthur/RustroverProjects/rusty-kaspa/rpc/service/src/service.rs:114:    wrpc_borsh_counters: Arc<WrpcServerCounters>,
/Users/arthur/RustroverProjects/rusty-kaspa/rpc/service/src/service.rs:115:    wrpc_json_counters: Arc<WrpcServerCounters>,
/Users/arthur/RustroverProjects/rusty-kaspa/rpc/service/src/service.rs:144:        wrpc_borsh_counters: Arc<WrpcServerCounters>,
/Users/arthur/RustroverProjects/rusty-kaspa/rpc/service/src/service.rs:145:        wrpc_json_counters: Arc<WrpcServerCounters>,
/Users/arthur/RustroverProjects/rusty-kaspa/rpc/service/src/service.rs:219:            wrpc_borsh_counters,
/Users/arthur/RustroverProjects/rusty-kaspa/rpc/service/src/service.rs:220:            wrpc_json_counters,
/Users/arthur/RustroverProjects/rusty-kaspa/rpc/service/src/service.rs:795:        // as the two pruning points used are both either from before activation or after. The only exception are
/Users/arthur/RustroverProjects/rusty-kaspa/rpc/service/src/service.rs:796:        // the two pruning points before and after activation. However this inaccuracy can be considered negligible.
/Users/arthur/RustroverProjects/rusty-kaspa/rpc/service/src/service.rs:798:        // moment of activation.
/Users/arthur/RustroverProjects/rusty-kaspa/rpc/service/src/service.rs:1090:        let clients = (self.wrpc_borsh_counters.active_connections.load(Ordering::Relaxed)
/Users/arthur/RustroverProjects/rusty-kaspa/rpc/service/src/service.rs:1091:            + self.wrpc_json_counters.active_connections.load(Ordering::Relaxed)) as u32;
/Users/arthur/RustroverProjects/rusty-kaspa/rpc/service/src/service.rs:1129:            borsh_live_connections: self.wrpc_borsh_counters.active_connections.load(Ordering::Relaxed) as u32,
/Users/arthur/RustroverProjects/rusty-kaspa/rpc/service/src/service.rs:1130:            borsh_connection_attempts: self.wrpc_borsh_counters.total_connections.load(Ordering::Relaxed) as u64,
/Users/arthur/RustroverProjects/rusty-kaspa/rpc/service/src/service.rs:1131:            borsh_handshake_failures: self.wrpc_borsh_counters.handshake_failures.load(Ordering::Relaxed) as u64,
/Users/arthur/RustroverProjects/rusty-kaspa/rpc/service/src/service.rs:1132:            json_live_connections: self.wrpc_json_counters.active_connections.load(Ordering::Relaxed) as u32,
/Users/arthur/RustroverProjects/rusty-kaspa/rpc/service/src/service.rs:1133:            json_connection_attempts: self.wrpc_json_counters.total_connections.load(Ordering::Relaxed) as u64,
/Users/arthur/RustroverProjects/rusty-kaspa/rpc/service/src/service.rs:1134:            json_handshake_failures: self.wrpc_json_counters.handshake_failures.load(Ordering::Relaxed) as u64,
/Users/arthur/RustroverProjects/rusty-kaspa/rpc/service/src/service.rs:1140:            borsh_bytes_tx: self.wrpc_borsh_counters.tx_bytes.load(Ordering::Relaxed) as u64,
/Users/arthur/RustroverProjects/rusty-kaspa/rpc/service/src/service.rs:1141:            borsh_bytes_rx: self.wrpc_borsh_counters.rx_bytes.load(Ordering::Relaxed) as u64,
/Users/arthur/RustroverProjects/rusty-kaspa/rpc/service/src/service.rs:1142:            json_bytes_tx: self.wrpc_json_counters.tx_bytes.load(Ordering::Relaxed) as u64,
/Users/arthur/RustroverProjects/rusty-kaspa/rpc/service/src/service.rs:1143:            json_bytes_rx: self.wrpc_json_counters.rx_bytes.load(Ordering::Relaxed) as u64,
/Users/arthur/RustroverProjects/rusty-kaspa/consensus/src/model/services/seq_commit_accessor.rs:19:    pub toccata_activation: ForkActivation,
/Users/arthur/RustroverProjects/rusty-kaspa/consensus/src/model/services/seq_commit_accessor.rs:27:        toccata_activation: ForkActivation,
/Users/arthur/RustroverProjects/rusty-kaspa/consensus/src/model/services/seq_commit_accessor.rs:30:        Self { threshold, selected_parent, reachability_service, headers_store, toccata_activation }
/Users/arthur/RustroverProjects/rusty-kaspa/consensus/src/model/services/seq_commit_accessor.rs:41:        if !self.toccata_activation.is_active(header.daa_score) {
/Users/arthur/RustroverProjects/rusty-kaspa/rpc/wrpc/client/src/client.rs:15:pub use kaspa_rpc_macros::build_wrpc_client_interface;
/Users/arthur/RustroverProjects/rusty-kaspa/rpc/wrpc/client/src/client.rs:32:    wrpc_ctl_multiplexer: Multiplexer<WrpcCtl>,
/Users/arthur/RustroverProjects/rusty-kaspa/rpc/wrpc/client/src/client.rs:57:        let wrpc_ctl_multiplexer = Multiplexer::<WrpcCtl>::new();
/Users/arthur/RustroverProjects/rusty-kaspa/rpc/wrpc/client/src/client.rs:59:        let options = RpcClientOptions::new().with_ctl_multiplexer(wrpc_ctl_multiplexer.clone());
/Users/arthur/RustroverProjects/rusty-kaspa/rpc/wrpc/client/src/client.rs:109:            wrpc_ctl_multiplexer,
/Users/arthur/RustroverProjects/rusty-kaspa/rpc/wrpc/client/src/client.rs:249:const WRPC_CLIENT: &str = "wrpc-client";
/Users/arthur/RustroverProjects/rusty-kaspa/rpc/wrpc/client/src/client.rs:401:        self.inner.wrpc_ctl_multiplexer.clone()
/Users/arthur/RustroverProjects/rusty-kaspa/rpc/wrpc/client/src/client.rs:557:        let wrpc_ctl_channel = inner.wrpc_ctl_multiplexer.channel();
/Users/arthur/RustroverProjects/rusty-kaspa/rpc/wrpc/client/src/client.rs:575:                    msg = wrpc_ctl_channel.receiver.recv().fuse() => {
/Users/arthur/RustroverProjects/rusty-kaspa/rpc/wrpc/client/src/client.rs:586:                            log_error!("wrpc_ctl_channel.receiver.recv() error");
/Users/arthur/RustroverProjects/rusty-kaspa/rpc/wrpc/client/src/client.rs:621:    build_wrpc_client_interface!(
/Users/arthur/RustroverProjects/rusty-kaspa/rpc/wrpc/client/src/parse.rs:355:    fn wrpc_parse_mixed_subdomains() {
/Users/arthur/RustroverProjects/rusty-kaspa/rpc/wrpc/client/src/lib.rs:10://! [examples](https://github.com/kaspanet/rusty-kaspa/tree/master/rpc/wrpc/examples) folder.
/Users/arthur/RustroverProjects/rusty-kaspa/rpc/wrpc/client/src/lib.rs:12://! WASM bindings for wRPC client can be found in the [`kaspa-wrpc-wasm`](https://docs.rs/kaspa-wrpc-wasm) crate.
/Users/arthur/RustroverProjects/rusty-kaspa/rpc/wrpc/client/src/resolver.rs:143:        format!("{url}/v{CURRENT_VERSION}/kaspa/{network_id}/{tls}/wrpc/{encoding}")
/Users/arthur/RustroverProjects/rusty-kaspa/rpc/wrpc/examples/simple_client/src/main.rs:4:use kaspa_wrpc_client::{
/Users/arthur/RustroverProjects/rusty-kaspa/rpc/wrpc/examples/simple_client/src/main.rs:32:    // Verify your Kaspa node is runnning with --rpclisten-borsh=0.0.0.0:17110 parameter
/Users/arthur/RustroverProjects/rusty-kaspa/consensus/src/consensus/mod.rs:8:#[cfg(feature = "devnet-prealloc")]
/Users/arthur/RustroverProjects/rusty-kaspa/consensus/src/consensus/mod.rs:1537:                // The selected parent header is used within to check for sampling activation, so we verify its existence first
/Users/arthur/RustroverProjects/rusty-kaspa/rpc/wrpc/proxy/src/main.rs:7:use kaspa_wrpc_server::{
/Users/arthur/RustroverProjects/rusty-kaspa/rpc/wrpc/proxy/src/main.rs:23:    /// proxy for testnet network
/Users/arthur/RustroverProjects/rusty-kaspa/rpc/wrpc/proxy/src/main.rs:25:    testnet: bool,
/Users/arthur/RustroverProjects/rusty-kaspa/rpc/wrpc/proxy/src/main.rs:29:    /// proxy for devnet network
/Users/arthur/RustroverProjects/rusty-kaspa/rpc/wrpc/proxy/src/main.rs:31:    devnet: bool,
/Users/arthur/RustroverProjects/rusty-kaspa/rpc/wrpc/proxy/src/main.rs:38:    /// interface:port for wRPC server (wrpc://127.0.0.1:17110)
/Users/arthur/RustroverProjects/rusty-kaspa/rpc/wrpc/proxy/src/main.rs:54:    let Args { testnet, simnet, devnet, grpc_proxy_address, interface, verbose, threads, encoding } = Args::parse();
/Users/arthur/RustroverProjects/rusty-kaspa/rpc/wrpc/proxy/src/main.rs:56:    let network_type = if testnet {
/Users/arthur/RustroverProjects/rusty-kaspa/rpc/wrpc/proxy/src/main.rs:60:    } else if devnet {
/Users/arthur/RustroverProjects/rusty-kaspa/rpc/wrpc/proxy/src/main.rs:75:        listen_address: interface.unwrap_or_else(|| format!("wrpc://127.0.0.1:{proxy_port}")),
/Users/arthur/RustroverProjects/rusty-kaspa/consensus/src/model/stores/virtual_state.rs:8:use kaspa_consensus_core::utxo::pre_toccata::PreToccataUtxoDiff;
/Users/arthur/RustroverProjects/rusty-kaspa/consensus/src/model/stores/virtual_state.rs:290:    use kaspa_consensus_core::utxo::pre_toccata::{PreToccataUtxoDiff, PreToccataUtxoEntry};
/Users/arthur/RustroverProjects/rusty-kaspa/consensus/src/model/stores/virtual_state.rs:307:    fn pre_toccata_entry(amount: u64, daa: u64, coinbase: bool, spk: &[u8]) -> PreToccataUtxoEntry {
/Users/arthur/RustroverProjects/rusty-kaspa/consensus/src/model/stores/virtual_state.rs:332:        add.insert(outpoint(0x11, 0), pre_toccata_entry(0x0123_4567_89ab_cdef, 42, true, &[0x76, 0xa9, 0x14]));
/Users/arthur/RustroverProjects/rusty-kaspa/consensus/src/model/stores/virtual_state.rs:333:        add.insert(outpoint(0x33, 4), pre_toccata_entry(500, 100, false, &[0xaa, 0xbb]));
/Users/arthur/RustroverProjects/rusty-kaspa/consensus/src/model/stores/virtual_state.rs:335:        remove.insert(outpoint(0x22, 7), pre_toccata_entry(2_000_000, 99, false, &[0x51, 0x52]));
/Users/arthur/RustroverProjects/rusty-kaspa/consensus/src/model/stores/virtual_state.rs:336:        remove.insert(outpoint(0x44, 11), pre_toccata_entry(777, 12, true, &[0xde, 0xad, 0xbe, 0xef]));
/Users/arthur/RustroverProjects/rusty-kaspa/consensus/src/model/stores/virtual_state.rs:378:    fn post_toccata_set_lands_at_versioned_key() {
/Users/arthur/RustroverProjects/rusty-kaspa/consensus/pow/src/wasm.rs:28:    pre_pow_hash: Hash,
/Users/arthur/RustroverProjects/rusty-kaspa/consensus/pow/src/wasm.rs:36:        // the pre_pow_hash value internally, making it available
/Users/arthur/RustroverProjects/rusty-kaspa/consensus/pow/src/wasm.rs:37:        // via the `pre_pow_hash` property getter.
/Users/arthur/RustroverProjects/rusty-kaspa/consensus/pow/src/wasm.rs:45:        let pre_pow_hash = hashing::header::hash_override_nonce_time(header, 0, 0);
/Users/arthur/RustroverProjects/rusty-kaspa/consensus/pow/src/wasm.rs:47:        let hasher = PowHash::new(pre_pow_hash, timestamp.unwrap_or(header.timestamp));
/Users/arthur/RustroverProjects/rusty-kaspa/consensus/pow/src/wasm.rs:48:        let matrix = Matrix::generate(pre_pow_hash);
/Users/arthur/RustroverProjects/rusty-kaspa/consensus/pow/src/wasm.rs:50:        Ok(Self { inner: crate::State { matrix, target, hasher }, pre_pow_hash })
/Users/arthur/RustroverProjects/rusty-kaspa/consensus/pow/src/wasm.rs:63:        let (c, v) = self.inner.check_pow(nonce);
/Users/arthur/RustroverProjects/rusty-kaspa/consensus/pow/src/wasm.rs:73:    pub fn get_pre_pow_hash(&self) -> String {
/Users/arthur/RustroverProjects/rusty-kaspa/consensus/pow/src/wasm.rs:74:        self.pre_pow_hash.to_hex()
/Users/arthur/RustroverProjects/rusty-kaspa/consensus/pow/src/wasm.rs:79:    pub fn from_raw(pre_pow_hash: &str, timestamp: u64, target_bits: Option<u32>) -> Result<PoW> {
/Users/arthur/RustroverProjects/rusty-kaspa/consensus/pow/src/wasm.rs:80:        // Convert the pre_pow_hash from hex string to Hash
/Users/arthur/RustroverProjects/rusty-kaspa/consensus/pow/src/wasm.rs:81:        let pre_pow_hash = Hash::from_hex(pre_pow_hash).map_err(|err| Error::custom(format!("{err:?}")))?;
/Users/arthur/RustroverProjects/rusty-kaspa/consensus/pow/src/wasm.rs:86:        // Initialize the matrix and hasher using pre_pow_hash and timestamp
/Users/arthur/RustroverProjects/rusty-kaspa/consensus/pow/src/wasm.rs:87:        let matrix = Matrix::generate(pre_pow_hash);
/Users/arthur/RustroverProjects/rusty-kaspa/consensus/pow/src/wasm.rs:88:        let hasher = PowHash::new(pre_pow_hash, timestamp);
/Users/arthur/RustroverProjects/rusty-kaspa/consensus/pow/src/wasm.rs:90:        Ok(PoW { inner: crate::State { matrix, target, hasher }, pre_pow_hash })
/Users/arthur/RustroverProjects/rusty-kaspa/consensus/src/model/stores/utxo_diffs.rs:3:use kaspa_consensus_core::{BlockHasher, utxo::pre_toccata::PreToccataUtxoDiff, utxo::utxo_diff::UtxoDiff};
/Users/arthur/RustroverProjects/rusty-kaspa/consensus/src/model/stores/utxo_diffs.rs:115:    fn pre_toccata_bytes() -> Vec<u8> {
/Users/arthur/RustroverProjects/rusty-kaspa/consensus/src/model/stores/utxo_diffs.rs:135:    fn assert_pre_toccata_diff(diff: &UtxoDiff) {
/Users/arthur/RustroverProjects/rusty-kaspa/consensus/src/model/stores/utxo_diffs.rs:179:    fn get_decodes_pre_toccata_row() {
/Users/arthur/RustroverProjects/rusty-kaspa/consensus/src/model/stores/utxo_diffs.rs:184:        db.put(legacy_row_key(hash), pre_toccata_bytes()).unwrap();
/Users/arthur/RustroverProjects/rusty-kaspa/consensus/src/model/stores/utxo_diffs.rs:187:        assert_pre_toccata_diff(&diff);
/Users/arthur/RustroverProjects/rusty-kaspa/consensus/src/model/stores/utxo_diffs.rs:199:    fn post_toccata_round_trip_uses_versioned_layout() {
/Users/arthur/RustroverProjects/rusty-kaspa/consensus/src/model/stores/utxo_diffs.rs:238:        db.put(legacy_row_key(hash), pre_toccata_bytes()).unwrap();
/Users/arthur/RustroverProjects/rusty-kaspa/consensus/src/model/stores/utxo_diffs.rs:256:        db.put(legacy_row_key(hash_legacy), pre_toccata_bytes()).unwrap();
/Users/arthur/RustroverProjects/rusty-kaspa/rpc/wrpc/examples/subscriber/src/main.rs:17:use kaspa_wrpc_client::prelude::*;
/Users/arthur/RustroverProjects/rusty-kaspa/rpc/wrpc/examples/subscriber/src/main.rs:19:use kaspa_wrpc_client::result::Result;
/Users/arthur/RustroverProjects/rusty-kaspa/rpc/wrpc/examples/subscriber/src/main.rs:117:            "wrpc-example-subscriber",
/Users/arthur/RustroverProjects/rusty-kaspa/rpc/wrpc/examples/subscriber/src/main.rs:252:            // handle our own power down on the rpc channel that remains connected
/Users/arthur/RustroverProjects/rusty-kaspa/rpc/wrpc/proxy/src/error.rs:13:    Wrpc(#[from] kaspa_wrpc_server::error::Error),
/Users/arthur/RustroverProjects/rusty-kaspa/consensus/core/src/network.rs:4://! This module implements [`NetworkType`] (such as `mainnet`, `testnet`, `devnet`, and `simnet`)
/Users/arthur/RustroverProjects/rusty-kaspa/consensus/core/src/network.rs:8://! explicitly with `testnet` networks, allowing declaration of testnet versions such as
/Users/arthur/RustroverProjects/rusty-kaspa/consensus/core/src/network.rs:9://! `testnet-10`, `testnet-11`, etc.
/Users/arthur/RustroverProjects/rusty-kaspa/consensus/core/src/network.rs:107:            "testnet" => Ok(NetworkType::Testnet),
/Users/arthur/RustroverProjects/rusty-kaspa/consensus/core/src/network.rs:109:            "devnet" => Ok(NetworkType::Devnet),
/Users/arthur/RustroverProjects/rusty-kaspa/consensus/core/src/network.rs:120:            NetworkType::Testnet => "testnet",
/Users/arthur/RustroverProjects/rusty-kaspa/consensus/core/src/network.rs:122:            NetworkType::Devnet => "devnet",
/Users/arthur/RustroverProjects/rusty-kaspa/consensus/core/src/network.rs:239:        // We define the P2P port on the [`networkId`] type in order to adapt testnet ports according to testnet suffix,
/Users/arthur/RustroverProjects/rusty-kaspa/consensus/core/src/network.rs:312:        // Disallow testnet network without suffix.
/Users/arthur/RustroverProjects/rusty-kaspa/consensus/core/src/network.rs:314:        // multiple testnet networks
/Users/arthur/RustroverProjects/rusty-kaspa/consensus/core/src/network.rs:455:            Test { name: "Valid testnet", expr: "testnet-88", expected: Ok(NetworkId::with_suffix(NetworkType::Testnet, 88)) },
/Users/arthur/RustroverProjects/rusty-kaspa/consensus/core/src/network.rs:462:            Test { name: "Invalid suffix", expr: "testnet-x", expected: Err(NetworkIdError::InvalidSuffix("x".to_string())) },
/Users/arthur/RustroverProjects/rusty-kaspa/consensus/core/src/network.rs:465:                expr: "testnet-10-x",
/Users/arthur/RustroverProjects/rusty-kaspa/consensus/src/consensus/services.rs:130:            params.toccata_activation,
/Users/arthur/RustroverProjects/rusty-kaspa/consensus/src/consensus/services.rs:146:            params.toccata_activation,
/Users/arthur/RustroverProjects/rusty-kaspa/consensus/src/consensus/services.rs:185:            params.toccata_activation,
/Users/arthur/RustroverProjects/rusty-kaspa/rpc/wrpc/server/src/router.rs:4:use kaspa_rpc_macros::build_wrpc_server_interface;
/Users/arthur/RustroverProjects/rusty-kaspa/rpc/wrpc/server/src/router.rs:30:        let mut interface = build_wrpc_server_interface!(
/Users/arthur/RustroverProjects/rusty-kaspa/consensus/pow/src/lib.rs:29:        let pre_pow_hash = hashing::header::hash_override_nonce_time(header, 0, 0);
/Users/arthur/RustroverProjects/rusty-kaspa/consensus/pow/src/lib.rs:31:        let hasher = PowHash::new(pre_pow_hash, header.timestamp);
/Users/arthur/RustroverProjects/rusty-kaspa/consensus/pow/src/lib.rs:32:        let matrix = Matrix::generate(pre_pow_hash);
/Users/arthur/RustroverProjects/rusty-kaspa/consensus/pow/src/lib.rs:40:    pub fn calculate_pow(&self, nonce: u64) -> Uint256 {
/Users/arthur/RustroverProjects/rusty-kaspa/consensus/pow/src/lib.rs:49:    pub fn check_pow(&self, nonce: u64) -> (bool, Uint256) {
/Users/arthur/RustroverProjects/rusty-kaspa/consensus/pow/src/lib.rs:50:        let pow = self.calculate_pow(nonce);
/Users/arthur/RustroverProjects/rusty-kaspa/consensus/pow/src/lib.rs:51:        // The pow hash must be less or equal than the claimed target.
/Users/arthur/RustroverProjects/rusty-kaspa/consensus/pow/src/lib.rs:52:        (pow <= self.target, pow)
/Users/arthur/RustroverProjects/rusty-kaspa/consensus/pow/src/lib.rs:57:    let (block_level, _) = calc_block_level_check_pow(header, max_block_level);
/Users/arthur/RustroverProjects/rusty-kaspa/consensus/pow/src/lib.rs:61:pub fn calc_block_level_check_pow(header: &Header, max_block_level: BlockLevel) -> (BlockLevel, bool) {
/Users/arthur/RustroverProjects/rusty-kaspa/consensus/pow/src/lib.rs:67:    let (passed, pow) = state.check_pow(header.nonce);
/Users/arthur/RustroverProjects/rusty-kaspa/consensus/pow/src/lib.rs:68:    let block_level = calc_level_from_pow(pow, max_block_level);
/Users/arthur/RustroverProjects/rusty-kaspa/consensus/pow/src/lib.rs:72:pub fn calc_level_from_pow(pow: Uint256, max_block_level: BlockLevel) -> BlockLevel {
/Users/arthur/RustroverProjects/rusty-kaspa/consensus/pow/src/lib.rs:73:    let signed_block_level = max_block_level as i64 - pow.bits() as i64;
/Users/arthur/RustroverProjects/rusty-kaspa/rpc/wrpc/server/src/service.rs:166:const WRPC_SERVER: &str = "wrpc-service";
/Users/arthur/RustroverProjects/rusty-kaspa/consensus/pow/benches/bench.rs:4:use kaspa_pow::{matrix::Matrix, xoshiro::XoShiRo256PlusPlus};
/Users/arthur/RustroverProjects/rusty-kaspa/consensus/pow/benches/bench.rs:9:fn bench_pow(c: &mut Criterion) {
/Users/arthur/RustroverProjects/rusty-kaspa/consensus/pow/benches/bench.rs:32:criterion_group!(benches, bench_pow);
/Users/arthur/RustroverProjects/rusty-kaspa/rpc/wrpc/examples/vcc_v2/src/main.rs:5:use kaspa_wrpc_client::{
/Users/arthur/RustroverProjects/rusty-kaspa/rpc/wrpc/server/src/server.rs:37:    pub wrpc_notifier: Arc<WrpcNotifier>,
/Users/arthur/RustroverProjects/rusty-kaspa/rpc/wrpc/server/src/server.rs:53:const WRPC_SERVER: &str = "wrpc-server";
/Users/arthur/RustroverProjects/rusty-kaspa/rpc/wrpc/server/src/server.rs:80:            let wrpc_notifier = Arc::new(Notifier::new(
/Users/arthur/RustroverProjects/rusty-kaspa/rpc/wrpc/server/src/server.rs:89:            Some(RpcCore { service, wrpc_notifier })
/Users/arthur/RustroverProjects/rusty-kaspa/rpc/wrpc/server/src/server.rs:108:            rpc_core.wrpc_notifier.clone().start();
/Users/arthur/RustroverProjects/rusty-kaspa/rpc/wrpc/server/src/server.rs:119:            log_info!("Routing wrpc://{peer} -> {grpc_proxy_address}");
/Users/arthur/RustroverProjects/rusty-kaspa/rpc/wrpc/server/src/server.rs:151:                rpc_core.wrpc_notifier.unregister_listener(listener_id).unwrap_or_else(|err| {
/Users/arthur/RustroverProjects/rusty-kaspa/rpc/wrpc/server/src/server.rs:168:        self.inner.rpc_core.as_ref().map(|x| x.wrpc_notifier.clone())
/Users/arthur/RustroverProjects/rusty-kaspa/rpc/wrpc/server/src/server.rs:190:            rpc_core.wrpc_notifier.clone().try_start_notify(listener_id, scope)?;
/Users/arthur/RustroverProjects/rusty-kaspa/rpc/wrpc/server/src/server.rs:201:                rpc_core.wrpc_notifier.clone().try_stop_notify(listener_id, scope)?;
/Users/arthur/RustroverProjects/rusty-kaspa/rpc/wrpc/server/src/server.rs:218:            rpc_core.wrpc_notifier.join().await?;
/Users/arthur/RustroverProjects/rusty-kaspa/rpc/wrpc/server/src/address.rs:82:    fn test_wrpc_net_address_from_str() {
/Users/arthur/RustroverProjects/rusty-kaspa/consensus/src/consensus/utxo_set_override.rs:1:#[cfg(feature = "devnet-prealloc")]
/Users/arthur/RustroverProjects/rusty-kaspa/consensus/src/consensus/utxo_set_override.rs:33:#[cfg(feature = "devnet-prealloc")]
/Users/arthur/RustroverProjects/rusty-kaspa/rpc/macros/src/wrpc/wasm.rs:26:                "usage: build_wrpc_wasm_bindgen_interface!([fn no args, ..],[fn with args, ..])".to_string(),
/Users/arthur/RustroverProjects/rusty-kaspa/rpc/macros/src/wrpc/wasm.rs:105:pub fn build_wrpc_wasm_bindgen_interface(input: proc_macro::TokenStream) -> proc_macro::TokenStream {
/Users/arthur/RustroverProjects/rusty-kaspa/rpc/macros/src/wrpc/wasm.rs:125:                "usage: build_wrpc_wasm_bindgen_interface!([fn no args, ..],[fn with args, ..])".to_string(),
/Users/arthur/RustroverProjects/rusty-kaspa/rpc/macros/src/wrpc/wasm.rs:195:pub fn build_wrpc_wasm_bindgen_subscriptions(input: proc_macro::TokenStream) -> proc_macro::TokenStream {
/Users/arthur/RustroverProjects/rusty-kaspa/consensus/core/src/errors/config.rs:20:    #[cfg(feature = "devnet-prealloc")]
/Users/arthur/RustroverProjects/rusty-kaspa/consensus/core/src/errors/config.rs:21:    #[error("Cannot preallocate UTXOs on any network except devnet")]
/Users/arthur/RustroverProjects/rusty-kaspa/consensus/core/src/errors/config.rs:24:    #[cfg(feature = "devnet-prealloc")]
/Users/arthur/RustroverProjects/rusty-kaspa/rpc/macros/src/wrpc/server.rs:26:                "usage: build_wrpc_server_interface!(server_instance,router_instance,ServerType,ConnectionType,RpcApiOps,[getInfo, ..])".to_string()));
/Users/arthur/RustroverProjects/rusty-kaspa/rpc/macros/src/wrpc/server.rs:90:pub fn build_wrpc_server_interface(input: proc_macro::TokenStream) -> proc_macro::TokenStream {
/Users/arthur/RustroverProjects/rusty-kaspa/rpc/macros/src/wrpc/client.rs:24:                "usage: build_wrpc_client_interface!(interface, RpcApiOps,[getInfo, ..])".to_string(),
/Users/arthur/RustroverProjects/rusty-kaspa/rpc/macros/src/wrpc/client.rs:91:pub fn build_wrpc_client_interface(input: proc_macro::TokenStream) -> proc_macro::TokenStream {
/Users/arthur/RustroverProjects/rusty-kaspa/consensus/src/consensus/factory.rs:1:#[cfg(feature = "devnet-prealloc")]
/Users/arthur/RustroverProjects/rusty-kaspa/consensus/src/consensus/factory.rs:282:        #[cfg(feature = "devnet-prealloc")]
/Users/arthur/RustroverProjects/rusty-kaspa/consensus/src/consensus/factory.rs:351:            #[cfg(feature = "devnet-prealloc")]
/Users/arthur/RustroverProjects/rusty-kaspa/rpc/macros/src/wrpc/test.rs:41:        let fn_test = Ident::new(&format!("test_wrpc_serializer_{}", name.to_case(Case::Snake)), Span::call_site());
/Users/arthur/RustroverProjects/rusty-kaspa/consensus/src/processes/ghostdag/protocol.rs:37:    /// For instance, assuming level 80 (i.e., pow hash has at least 80 zeros) is always
/Users/arthur/RustroverProjects/rusty-kaspa/rpc/macros/src/lib.rs:5:mod wrpc;
/Users/arthur/RustroverProjects/rusty-kaspa/rpc/macros/src/lib.rs:9:pub fn build_wrpc_client_interface(input: TokenStream) -> TokenStream {
/Users/arthur/RustroverProjects/rusty-kaspa/rpc/macros/src/lib.rs:10:    wrpc::client::build_wrpc_client_interface(input)
/Users/arthur/RustroverProjects/rusty-kaspa/rpc/macros/src/lib.rs:16:    wrpc::wasm::declare_typescript_wasm_interface(input)
/Users/arthur/RustroverProjects/rusty-kaspa/rpc/macros/src/lib.rs:21:pub fn build_wrpc_server_interface(input: TokenStream) -> TokenStream {
/Users/arthur/RustroverProjects/rusty-kaspa/rpc/macros/src/lib.rs:22:    wrpc::server::build_wrpc_server_interface(input)
/Users/arthur/RustroverProjects/rusty-kaspa/rpc/macros/src/lib.rs:27:pub fn build_wrpc_wasm_bindgen_interface(input: TokenStream) -> TokenStream {
/Users/arthur/RustroverProjects/rusty-kaspa/rpc/macros/src/lib.rs:28:    wrpc::wasm::build_wrpc_wasm_bindgen_interface(input)
/Users/arthur/RustroverProjects/rusty-kaspa/rpc/macros/src/lib.rs:33:pub fn build_wrpc_wasm_bindgen_subscriptions(input: TokenStream) -> TokenStream {
/Users/arthur/RustroverProjects/rusty-kaspa/rpc/macros/src/lib.rs:34:    wrpc::wasm::build_wrpc_wasm_bindgen_subscriptions(input)
/Users/arthur/RustroverProjects/rusty-kaspa/rpc/macros/src/lib.rs:45:pub fn test_wrpc_serializer(input: TokenStream) -> TokenStream {
/Users/arthur/RustroverProjects/rusty-kaspa/rpc/macros/src/lib.rs:46:    wrpc::test::build_test(input)
/Users/arthur/RustroverProjects/rusty-kaspa/consensus/core/src/api/mod.rs:328:    /// block-to-seq_commit fold is just a header read + activation check).
/Users/arthur/RustroverProjects/rusty-kaspa/consensus/core/src/config/bps.rs:12:    let (mut k_hat, mut sigma, mut fraction, exp) = (0u64, 0.0, 1.0, std::f64::consts::E.powf(-x));
/Users/arthur/RustroverProjects/rusty-kaspa/consensus/core/src/config/genesis.rs:145:        0x6b, 0x61, 0x73, 0x70, 0x61, 0x2d, 0x74, 0x65, 0x73, 0x74, 0x6e, 0x65, 0x74, // kaspa-testnet
/Users/arthur/RustroverProjects/rusty-kaspa/consensus/core/src/config/genesis.rs:177:        // Golang devnet genesis hash
/Users/arthur/RustroverProjects/rusty-kaspa/consensus/core/src/config/genesis.rs:181:        // New rust devnet genesis hash updated according to the modified bits field (see below)
/Users/arthur/RustroverProjects/rusty-kaspa/consensus/core/src/config/genesis.rs:192:    // bits: 525264379, // Golang devnet genesis bits
/Users/arthur/RustroverProjects/rusty-kaspa/consensus/core/src/config/genesis.rs:193:    bits: 0x1e21bc1c, // Bits with ~testnet-like difficulty for slow devnet start
/Users/arthur/RustroverProjects/rusty-kaspa/consensus/core/src/config/genesis.rs:203:        0x6b, 0x61, 0x73, 0x70, 0x61, 0x2d, 0x64, 0x65, 0x76, 0x6e, 0x65, 0x74, // kaspa-devnet
/Users/arthur/RustroverProjects/rusty-kaspa/consensus/core/src/config/mod.rs:8:#[cfg(feature = "devnet-prealloc")]
/Users/arthur/RustroverProjects/rusty-kaspa/consensus/core/src/config/mod.rs:10:#[cfg(feature = "devnet-prealloc")]
/Users/arthur/RustroverProjects/rusty-kaspa/consensus/core/src/config/mod.rs:67:    #[cfg(feature = "devnet-prealloc")]
/Users/arthur/RustroverProjects/rusty-kaspa/consensus/core/src/config/mod.rs:101:            #[cfg(feature = "devnet-prealloc")]
/Users/arthur/RustroverProjects/rusty-kaspa/consensus/src/pipeline/body_processor/body_validation_in_isolation.rs:99:            // so applying these lane/gas limits unconditionally is harmless before activation.
/Users/arthur/RustroverProjects/rusty-kaspa/consensus/src/pipeline/body_processor/body_validation_in_isolation.rs:191:    fn toccata_lane_tx(index: u8, lane: SubnetworkId, gas: u64) -> Transaction {
/Users/arthur/RustroverProjects/rusty-kaspa/consensus/src/pipeline/body_processor/body_validation_in_isolation.rs:481:            vec![block.transactions[0].clone(), toccata_lane_tx(1, lane(1), body_processor.block_lane_limits.gas_per_lane + 1)];
/Users/arthur/RustroverProjects/rusty-kaspa/consensus/src/pipeline/body_processor/body_validation_in_isolation.rs:490:            .chain((1..=body_processor.block_lane_limits.lanes_per_block as u8 + 1).map(|i| toccata_lane_tx(i, lane(i), 0)))
/Users/arthur/RustroverProjects/rusty-kaspa/consensus/core/src/config/params.rs:25:// TODO(post-toccata): check whether this early signature-script length guard can be
/Users/arthur/RustroverProjects/rusty-kaspa/consensus/core/src/config/params.rs:48:    /// Returns the actual DAA score triggering the activation. Should be used only
/Users/arthur/RustroverProjects/rusty-kaspa/consensus/core/src/config/params.rs:50:    /// Otherwise, **activation checks should always go through `self.is_active(..)`**
/Users/arthur/RustroverProjects/rusty-kaspa/consensus/core/src/config/params.rs:75:    pub fn is_within_range_from_activation(self, current_daa_score: u64, range: u64) -> bool {
/Users/arthur/RustroverProjects/rusty-kaspa/consensus/core/src/config/params.rs:80:    /// Returns the distance from activation if so, or `None` otherwise.
/Users/arthur/RustroverProjects/rusty-kaspa/consensus/core/src/config/params.rs:81:    pub fn is_within_range_before_activation(self, current_daa_score: u64, range: u64) -> Option<u64> {
/Users/arthur/RustroverProjects/rusty-kaspa/consensus/core/src/config/params.rs:86:/// A consensus parameter which depends on forking activation
/Users/arthur/RustroverProjects/rusty-kaspa/consensus/core/src/config/params.rs:91:    activation: ForkActivation,
/Users/arthur/RustroverProjects/rusty-kaspa/consensus/core/src/config/params.rs:95:    const fn new(pre: T, post: T, activation: ForkActivation) -> Self {
/Users/arthur/RustroverProjects/rusty-kaspa/consensus/core/src/config/params.rs:96:        Self { pre, post, activation }
/Users/arthur/RustroverProjects/rusty-kaspa/consensus/core/src/config/params.rs:100:        Self { pre: val, post: val, activation: ForkActivation::never() }
/Users/arthur/RustroverProjects/rusty-kaspa/consensus/core/src/config/params.rs:103:    pub fn activation(&self) -> ForkActivation {
/Users/arthur/RustroverProjects/rusty-kaspa/consensus/core/src/config/params.rs:104:        self.activation
/Users/arthur/RustroverProjects/rusty-kaspa/consensus/core/src/config/params.rs:108:        if self.activation.is_active(daa_score) { self.post } else { self.pre }
/Users/arthur/RustroverProjects/rusty-kaspa/consensus/core/src/config/params.rs:111:    pub fn with_delayed_activation(&self, delay_daa_score: u64) -> Self {
/Users/arthur/RustroverProjects/rusty-kaspa/consensus/core/src/config/params.rs:112:        Self::new(self.pre, self.post, self.activation.delayed_by(delay_daa_score))
/Users/arthur/RustroverProjects/rusty-kaspa/consensus/core/src/config/params.rs:115:    /// Returns the value before activation (=pre unless activation = always)
/Users/arthur/RustroverProjects/rusty-kaspa/consensus/core/src/config/params.rs:117:        match self.activation.0 {
/Users/arthur/RustroverProjects/rusty-kaspa/consensus/core/src/config/params.rs:123:    /// Returns the permanent long-term value after activation (=post unless the activation is never scheduled)
/Users/arthur/RustroverProjects/rusty-kaspa/consensus/core/src/config/params.rs:125:        match self.activation.0 {
/Users/arthur/RustroverProjects/rusty-kaspa/consensus/core/src/config/params.rs:131:    /// Returns the configured post-fork value regardless of whether activation is scheduled.
/Users/arthur/RustroverProjects/rusty-kaspa/consensus/core/src/config/params.rs:138:        ForkedParam::new(f(self.pre), f(self.post), self.activation)
/Users/arthur/RustroverProjects/rusty-kaspa/consensus/core/src/config/params.rs:152:    /// Note that if activation is not scheduled (set to never) then pre is always returned,
/Users/arthur/RustroverProjects/rusty-kaspa/consensus/core/src/config/params.rs:153:    /// and if activation is set to always (since inception), post will be returned.
/Users/arthur/RustroverProjects/rusty-kaspa/consensus/core/src/config/params.rs:155:        match self.activation.0 {
/Users/arthur/RustroverProjects/rusty-kaspa/consensus/core/src/config/params.rs:165:    /// Note that if activation is not scheduled (set to never) then pre is always returned,
/Users/arthur/RustroverProjects/rusty-kaspa/consensus/core/src/config/params.rs:166:    /// and if activation is set to always (since inception), post will be returned.
/Users/arthur/RustroverProjects/rusty-kaspa/consensus/core/src/config/params.rs:168:        match self.activation.0 {
/Users/arthur/RustroverProjects/rusty-kaspa/consensus/core/src/config/params.rs:266:    /// Crescendo activation DAA score
/Users/arthur/RustroverProjects/rusty-kaspa/consensus/core/src/config/params.rs:267:    pub crescendo_activation: Option<ForkActivation>,
/Users/arthur/RustroverProjects/rusty-kaspa/consensus/core/src/config/params.rs:269:    pub toccata_activation: Option<ForkActivation>,
/Users/arthur/RustroverProjects/rusty-kaspa/consensus/core/src/config/params.rs:300:            crescendo_activation: Some(p.crescendo_activation),
/Users/arthur/RustroverProjects/rusty-kaspa/consensus/core/src/config/params.rs:301:            toccata_activation: Some(p.toccata_activation),
/Users/arthur/RustroverProjects/rusty-kaspa/consensus/core/src/config/params.rs:367:    /// Crescendo activation DAA score
/Users/arthur/RustroverProjects/rusty-kaspa/consensus/core/src/config/params.rs:368:    pub crescendo_activation: ForkActivation,
/Users/arthur/RustroverProjects/rusty-kaspa/consensus/core/src/config/params.rs:370:    pub toccata_activation: ForkActivation,
/Users/arthur/RustroverProjects/rusty-kaspa/consensus/core/src/config/params.rs:410:            self.crescendo_activation,
/Users/arthur/RustroverProjects/rusty-kaspa/consensus/core/src/config/params.rs:420:        ForkedParam::new(self.prior_block_mass_limits, new_block_mass_limits, self.toccata_activation)
/Users/arthur/RustroverProjects/rusty-kaspa/consensus/core/src/config/params.rs:433:    /// near activation are normalized by the stricter pre-activation limits.
/Users/arthur/RustroverProjects/rusty-kaspa/consensus/core/src/config/params.rs:442:            "delaying mempool mass activation assumes the compute mass limit does not change"
/Users/arthur/RustroverProjects/rusty-kaspa/consensus/core/src/config/params.rs:446:            "delaying mempool mass activation assumes the storage mass limit does not change"
/Users/arthur/RustroverProjects/rusty-kaspa/consensus/core/src/config/params.rs:450:            "delaying mempool mass activation is only safe when the post-activation transient limit is not stricter"
/Users/arthur/RustroverProjects/rusty-kaspa/consensus/core/src/config/params.rs:453:        block_mass_limits.with_delayed_activation(MEMPOOL_BLOCK_MASS_ACTIVATION_DELAY_SECONDS.saturating_mul(self.bps()))
/Users/arthur/RustroverProjects/rusty-kaspa/consensus/core/src/config/params.rs:464:            "mempool mass normalization assumes the reference mass is stable across activation"
/Users/arthur/RustroverProjects/rusty-kaspa/consensus/core/src/config/params.rs:473:        ForkedParam::new(self.prior_max_signature_script_len, self.new_max_signature_script_len, self.toccata_activation)
/Users/arthur/RustroverProjects/rusty-kaspa/consensus/core/src/config/params.rs:535:        ForkedParam::new(BLOCK_VERSION, TOCCATA_BLOCK_VERSION, self.toccata_activation)
/Users/arthur/RustroverProjects/rusty-kaspa/consensus/core/src/config/params.rs:607:            crescendo_activation: overrides.crescendo_activation.unwrap_or(self.crescendo_activation),
/Users/arthur/RustroverProjects/rusty-kaspa/consensus/core/src/config/params.rs:608:            toccata_activation: overrides.toccata_activation.unwrap_or(self.toccata_activation),
/Users/arthur/RustroverProjects/rusty-kaspa/consensus/core/src/config/params.rs:721:    crescendo_activation: ForkActivation::new(110_165_000),
/Users/arthur/RustroverProjects/rusty-kaspa/consensus/core/src/config/params.rs:723:    toccata_activation: ForkActivation::never(),
/Users/arthur/RustroverProjects/rusty-kaspa/consensus/core/src/config/params.rs:731:        "dnsseeder-kaspa-testnet.x-con.at",
/Users/arthur/RustroverProjects/rusty-kaspa/consensus/core/src/config/params.rs:733:        "n-testnet-10.kaspa.ws",
/Users/arthur/RustroverProjects/rusty-kaspa/consensus/core/src/config/params.rs:781:    crescendo_activation: ForkActivation::new(88_657_000),
/Users/arthur/RustroverProjects/rusty-kaspa/consensus/core/src/config/params.rs:784:    toccata_activation: ForkActivation::new(467_579_632),
/Users/arthur/RustroverProjects/rusty-kaspa/consensus/core/src/config/params.rs:828:    crescendo_activation: ForkActivation::always(),
/Users/arthur/RustroverProjects/rusty-kaspa/consensus/core/src/config/params.rs:829:    toccata_activation: ForkActivation::always(),
/Users/arthur/RustroverProjects/rusty-kaspa/consensus/core/src/config/params.rs:872:    crescendo_activation: ForkActivation::always(),
/Users/arthur/RustroverProjects/rusty-kaspa/consensus/core/src/config/params.rs:873:    toccata_activation: ForkActivation::never(),
/Users/arthur/RustroverProjects/rusty-kaspa/consensus/core/src/config/params.rs:881:    fn override_params_deserializes_toccata_activation() {
/Users/arthur/RustroverProjects/rusty-kaspa/consensus/core/src/config/params.rs:882:        let override_params: OverrideParams = serde_json::from_str(r#"{"toccata_activation":42}"#).unwrap();
/Users/arthur/RustroverProjects/rusty-kaspa/consensus/core/src/config/params.rs:884:        assert_eq!(override_params.toccata_activation, Some(ForkActivation::new(42)));
/Users/arthur/RustroverProjects/rusty-kaspa/consensus/src/processes/transaction_validator/tx_validation_in_isolation.rs:15:    /// header contextual validation if it becomes HF activation dependent. This is bcs we rely
/Users/arthur/RustroverProjects/rusty-kaspa/consensus/src/processes/transaction_validator/tx_validation_in_isolation.rs:92:        // TODO(post-toccata): restore this to the const post-activation limit and remove
/Users/arthur/RustroverProjects/rusty-kaspa/consensus/src/processes/transaction_validator/tx_validation_in_isolation.rs:357:        forked_params.toccata_activation = ForkActivation::new(100);
/Users/arthur/RustroverProjects/rusty-kaspa/consensus/src/processes/transaction_validator/tx_validation_in_isolation.rs:412:        // TODO(post-toccata): turn back into pure in-isolation test
/Users/arthur/RustroverProjects/rusty-kaspa/rpc/core/src/api/rpc.rs:141:    /// Requests the list of known kaspad addresses in the current network (mainnet, testnet, etc.)
/Users/arthur/RustroverProjects/rusty-kaspa/consensus/src/processes/transaction_validator/tx_validation_in_utxo_context.rs:171:        let covenants_enabled = self.toccata_activation.is_active(block_daa_score);
/Users/arthur/RustroverProjects/rusty-kaspa/consensus/src/processes/transaction_validator/tx_validation_in_utxo_context.rs:178:        if !self.toccata_activation.is_active(block_daa_score) {
/Users/arthur/RustroverProjects/rusty-kaspa/rpc/wrpc/wasm/src/resolver.rs:9:use kaspa_wrpc_client::Resolver as NativeResolver;
/Users/arthur/RustroverProjects/rusty-kaspa/rpc/wrpc/wasm/src/resolver.rs:10:use kaspa_wrpc_client::node::NodeDescriptor;
/Users/arthur/RustroverProjects/rusty-kaspa/rpc/wrpc/wasm/src/resolver.rs:61:         * Network identifier: `mainnet` or `testnet-11` etc.
/Users/arthur/RustroverProjects/rusty-kaspa/consensus/core/src/constants.rs:2:// TODO(post-toccata): Change this to 2 and remove TOCCATA_BLOCK_VERSION.
/Users/arthur/RustroverProjects/rusty-kaspa/consensus/core/src/constants.rs:7:// TODO(post-toccata): Remove this and change BLOCK_VERSION to 2.
/Users/arthur/RustroverProjects/rusty-kaspa/consensus/src/processes/transaction_validator/tx_validation_in_header_context.rs:95:    // TODO(post-toccata): Remove the contextual check and only leave the isolated one after the HF
/Users/arthur/RustroverProjects/rusty-kaspa/consensus/src/processes/transaction_validator/tx_validation_in_header_context.rs:97:        if self.toccata_activation.is_active(block_daa_score) {
/Users/arthur/RustroverProjects/rusty-kaspa/consensus/src/processes/transaction_validator/tx_validation_in_header_context.rs:111:    // TODO(post-toccata): Remove this and restore the context-free check_transaction_signature_scripts.
/Users/arthur/RustroverProjects/rusty-kaspa/rpc/wrpc/wasm/src/lib.rs:2://! WASM bindings for the [Rusty Kaspa p2p Node wRPC Client](kaspa-wrpc-client)
/Users/arthur/RustroverProjects/rusty-kaspa/rpc/wrpc/wasm/src/client.rs:24:    build_wrpc_wasm_bindgen_interface, build_wrpc_wasm_bindgen_subscriptions, declare_typescript_wasm_interface as declare,
/Users/arthur/RustroverProjects/rusty-kaspa/rpc/wrpc/wasm/src/client.rs:58:         * Network identifier: `mainnet`, `testnet-10` etc.
/Users/arthur/RustroverProjects/rusty-kaspa/rpc/wrpc/wasm/src/client.rs:203:/// let rpc = new RpcClient({ url : "wss://<node-wrpc-address>" });
/Users/arthur/RustroverProjects/rusty-kaspa/rpc/wrpc/wasm/src/client.rs:666:                                        "kaspa-wrpc-client-wasm",
/Users/arthur/RustroverProjects/rusty-kaspa/rpc/wrpc/wasm/src/client.rs:881:build_wrpc_wasm_bindgen_subscriptions!([
/Users/arthur/RustroverProjects/rusty-kaspa/rpc/wrpc/wasm/src/client.rs:918:build_wrpc_wasm_bindgen_interface!(
/Users/arthur/RustroverProjects/rusty-kaspa/consensus/core/src/utxo/mod.rs:1:pub mod pre_toccata;
/Users/arthur/RustroverProjects/rusty-kaspa/consensus/src/processes/transaction_validator/mod.rs:28:    toccata_activation: ForkActivation,
/Users/arthur/RustroverProjects/rusty-kaspa/consensus/src/processes/transaction_validator/mod.rs:46:        toccata_activation: ForkActivation,
/Users/arthur/RustroverProjects/rusty-kaspa/consensus/src/processes/transaction_validator/mod.rs:59:            toccata_activation,
/Users/arthur/RustroverProjects/rusty-kaspa/consensus/src/processes/transaction_validator/mod.rs:84:            toccata_activation: ForkActivation::never(),
/Users/arthur/RustroverProjects/rusty-kaspa/rpc/wrpc/wasm/src/imports.rs:24:pub use kaspa_wrpc_client::client::*;
/Users/arthur/RustroverProjects/rusty-kaspa/rpc/wrpc/wasm/src/imports.rs:25:pub use kaspa_wrpc_client::error::Error;
/Users/arthur/RustroverProjects/rusty-kaspa/rpc/wrpc/wasm/src/imports.rs:26:pub use kaspa_wrpc_client::result::Result;
/Users/arthur/RustroverProjects/rusty-kaspa/consensus/src/pipeline/header_processor/pre_pow_validation.rs:8:    pub(super) fn pre_pow_validation(&self, ctx: &mut HeaderProcessingContext, header: &Header) -> BlockProcessResult<()> {
/Users/arthur/RustroverProjects/rusty-kaspa/consensus/core/src/utxo/utxo_entry.rs:137:    fn pre_toccata_bytes() -> Vec<u8> {
/Users/arthur/RustroverProjects/rusty-kaspa/consensus/core/src/utxo/utxo_entry.rs:150:    fn decode_pre_toccata() {
/Users/arthur/RustroverProjects/rusty-kaspa/consensus/core/src/utxo/utxo_entry.rs:151:        let decoded: UtxoEntry = bincode::deserialize(&pre_toccata_bytes()).expect("decode pre-Toccata UtxoEntry");
/Users/arthur/RustroverProjects/rusty-kaspa/consensus/core/src/utxo/utxo_entry.rs:161:    fn pre_toccata_hex_decodes_as_pre_toccata_entry() {
/Users/arthur/RustroverProjects/rusty-kaspa/consensus/core/src/utxo/utxo_entry.rs:162:        use crate::utxo::pre_toccata::PreToccataUtxoEntry;
/Users/arthur/RustroverProjects/rusty-kaspa/consensus/core/src/utxo/utxo_entry.rs:163:        let bytes = pre_toccata_bytes();
/Users/arthur/RustroverProjects/rusty-kaspa/consensus/core/src/utxo/utxo_entry.rs:176:    fn decode_post_toccata_none() {
/Users/arthur/RustroverProjects/rusty-kaspa/consensus/core/src/utxo/utxo_entry.rs:185:    fn decode_post_toccata_some() {
/Users/arthur/RustroverProjects/rusty-kaspa/consensus/core/src/utxo/utxo_entry.rs:194:    fn bincode_roundtrip_pre_toccata() {
/Users/arthur/RustroverProjects/rusty-kaspa/consensus/core/src/utxo/utxo_entry.rs:195:        let decoded: UtxoEntry = bincode::deserialize(&pre_toccata_bytes()).expect("decode pre-Toccata UtxoEntry");
/Users/arthur/RustroverProjects/rusty-kaspa/consensus/core/src/utxo/utxo_entry.rs:202:    fn bincode_roundtrip_post_toccata() {
/Users/arthur/RustroverProjects/rusty-kaspa/consensus/src/pipeline/header_processor/post_pow_validation.rs:10:    pub fn post_pow_validation(&self, ctx: &mut HeaderProcessingContext, header: &Header) -> BlockProcessResult<()> {
/Users/arthur/RustroverProjects/rusty-kaspa/consensus/src/pipeline/header_processor/post_pow_validation.rs:104:    // TODO(post-toccata): Remove this and restore the context-free check_header_version.
/Users/arthur/RustroverProjects/rusty-kaspa/consensus/src/pipeline/pruning_processor/processor.rs:586:        if self.config.toccata_activation.is_active(pp_header.daa_score) {
/Users/arthur/RustroverProjects/rusty-kaspa/consensus/core/src/utxo/utxo_diff.rs:593:    fn decode_pre_toccata_utxo_diff_fixture() {
/Users/arthur/RustroverProjects/rusty-kaspa/consensus/core/src/utxo/utxo_diff.rs:594:        use crate::utxo::pre_toccata::PreToccataUtxoDiff;
/Users/arthur/RustroverProjects/rusty-kaspa/consensus/benches/parallel_muhash.rs:10:use kaspa_utils::iter::parallelism_in_power_steps;
/Users/arthur/RustroverProjects/rusty-kaspa/consensus/benches/parallel_muhash.rs:46:    for threads in parallelism_in_power_steps() {
/Users/arthur/RustroverProjects/rusty-kaspa/consensus/src/pipeline/header_processor/pre_ghostdag_validation.rs:11:use kaspa_pow::calc_level_from_pow;
/Users/arthur/RustroverProjects/rusty-kaspa/consensus/src/pipeline/header_processor/pre_ghostdag_validation.rs:14:    /// Validates the header in isolation including pow check against header declared bits.
/Users/arthur/RustroverProjects/rusty-kaspa/consensus/src/pipeline/header_processor/pre_ghostdag_validation.rs:15:    /// Returns the block level as computed from pow state or a rule error if such was encountered
/Users/arthur/RustroverProjects/rusty-kaspa/consensus/src/pipeline/header_processor/pre_ghostdag_validation.rs:21:        self.check_pow_and_calc_block_level(header)
/Users/arthur/RustroverProjects/rusty-kaspa/consensus/src/pipeline/header_processor/pre_ghostdag_validation.rs:31:        // TODO(post-toccata): Uncomment this and remove check_header_version_in_context.
/Users/arthur/RustroverProjects/rusty-kaspa/consensus/src/pipeline/header_processor/pre_ghostdag_validation.rs:102:    fn check_pow_and_calc_block_level(&self, header: &Header) -> BlockProcessResult<BlockLevel> {
/Users/arthur/RustroverProjects/rusty-kaspa/consensus/src/pipeline/header_processor/pre_ghostdag_validation.rs:103:        let state = kaspa_pow::State::new(header);
/Users/arthur/RustroverProjects/rusty-kaspa/consensus/src/pipeline/header_processor/pre_ghostdag_validation.rs:104:        let (passed, pow) = state.check_pow(header.nonce);
/Users/arthur/RustroverProjects/rusty-kaspa/consensus/src/pipeline/header_processor/pre_ghostdag_validation.rs:105:        if passed || self.skip_proof_of_work { Ok(calc_level_from_pow(pow, self.max_block_level)) } else { Err(RuleError::InvalidPoW) }
/Users/arthur/RustroverProjects/rusty-kaspa/consensus/benches/check_scripts.rs:12:use kaspa_utils::iter::parallelism_in_power_steps;
/Users/arthur/RustroverProjects/rusty-kaspa/consensus/benches/check_scripts.rs:122:            for i in parallelism_in_power_steps() {
/Users/arthur/RustroverProjects/rusty-kaspa/rpc/core/src/model/tests.rs:13:    use kaspa_rpc_macros::test_wrpc_serializer as test;
/Users/arthur/RustroverProjects/rusty-kaspa/consensus/src/pipeline/header_processor/mod.rs:1:pub mod post_pow_validation;
/Users/arthur/RustroverProjects/rusty-kaspa/consensus/src/pipeline/header_processor/mod.rs:3:mod pre_pow_validation;
/Users/arthur/RustroverProjects/rusty-kaspa/consensus/core/src/mass/mod.rs:633:                storage_mass_parameter: 10_u64.pow(12),
/Users/arthur/RustroverProjects/rusty-kaspa/consensus/core/src/mass/mod.rs:644:                storage_mass_parameter: 10_u64.pow(12),
/Users/arthur/RustroverProjects/rusty-kaspa/consensus/core/src/mass/mod.rs:655:                storage_mass_parameter: 10_u64.pow(12),
/Users/arthur/RustroverProjects/rusty-kaspa/consensus/core/src/mass/mod.rs:666:                storage_mass_parameter: 10_u64.pow(12),
/Users/arthur/RustroverProjects/rusty-kaspa/consensus/core/src/mass/mod.rs:677:                storage_mass_parameter: 10_u64.pow(12),
/Users/arthur/RustroverProjects/rusty-kaspa/consensus/core/src/mass/mod.rs:688:                storage_mass_parameter: 10_u64.pow(12),
/Users/arthur/RustroverProjects/rusty-kaspa/consensus/core/src/mass/mod.rs:699:                storage_mass_parameter: 10_u64.pow(12),
/Users/arthur/RustroverProjects/rusty-kaspa/consensus/core/src/mass/mod.rs:717:                storage_mass_parameter: 10_u64.pow(12),
/Users/arthur/RustroverProjects/rusty-kaspa/consensus/core/src/mass/mod.rs:742:        let storage_mass = MassCalculator::new(0, 0, 10u64.pow(12)).calc_contextual_masses(&tx.as_verifiable()).unwrap();
/Users/arthur/RustroverProjects/rusty-kaspa/consensus/core/src/mass/mod.rs:748:        let storage_mass_parameter = 10u64.pow(12);
/Users/arthur/RustroverProjects/rusty-kaspa/consensus/core/src/mass/mod.rs:775:        let storage_mass_parameter = 10u64.pow(12);
/Users/arthur/RustroverProjects/rusty-kaspa/consensus/core/src/mass/mod.rs:860:            // 5. Mersenne-like — near powers of two, reference = 524_287
/Users/arthur/RustroverProjects/rusty-kaspa/consensus/core/src/utxo/pre_toccata.rs:106:    fn pre_toccata_entry_self_roundtrip() {
/Users/arthur/RustroverProjects/rusty-kaspa/consensus/core/src/utxo/pre_toccata.rs:114:    fn pre_toccata_entry_decodes_as_post_toccata() {
/Users/arthur/RustroverProjects/rusty-kaspa/consensus/core/src/utxo/pre_toccata.rs:127:    fn pre_toccata_diff_via_shadow_yields_post_toccata() {
/Users/arthur/RustroverProjects/rusty-kaspa/consensus/src/pipeline/header_processor/processor.rs:117:    pub(crate) toccata_activation: ForkActivation,
/Users/arthur/RustroverProjects/rusty-kaspa/consensus/src/pipeline/header_processor/processor.rs:118:    pub(crate) toccata_logger: ForkLogger,
/Users/arthur/RustroverProjects/rusty-kaspa/consensus/src/pipeline/header_processor/processor.rs:206:            toccata_activation: params.toccata_activation,
/Users/arthur/RustroverProjects/rusty-kaspa/consensus/src/pipeline/header_processor/processor.rs:207:            toccata_logger: ForkLogger::new("header in context validation", false),
/Users/arthur/RustroverProjects/rusty-kaspa/consensus/src/pipeline/header_processor/processor.rs:301:        self.pre_pow_validation(&mut ctx, header)?;
/Users/arthur/RustroverProjects/rusty-kaspa/consensus/src/pipeline/header_processor/processor.rs:303:        if let Err(e) = self.post_pow_validation(&mut ctx, header) {
/Users/arthur/RustroverProjects/rusty-kaspa/consensus/src/pipeline/header_processor/processor.rs:308:        if self.toccata_activation.is_within_range_from_activation(header.daa_score, 10_000) {
/Users/arthur/RustroverProjects/rusty-kaspa/consensus/src/pipeline/header_processor/processor.rs:309:            self.toccata_logger.report_activation();
/Users/arthur/RustroverProjects/rusty-kaspa/consensus/src/pipeline/header_processor/processor.rs:470:        // Note that for official nets (mainnet, testnet etc) they are guaranteed to be equal as enforced by a test in genesis.rs
/Users/arthur/RustroverProjects/rusty-kaspa/consensus/src/pipeline/virtual_processor/fork_logger.rs:32:    pub fn report_activation(&self) -> bool {
/Users/arthur/RustroverProjects/rusty-kaspa/consensus/src/pipeline/virtual_processor/tests.rs:177:async fn block_template_version_changes_to_v2_upon_activation() {
/Users/arthur/RustroverProjects/rusty-kaspa/consensus/src/pipeline/virtual_processor/tests.rs:178:    let activation = MAINNET_PARAMS.genesis.daa_score + 10;
/Users/arthur/RustroverProjects/rusty-kaspa/consensus/src/pipeline/virtual_processor/tests.rs:181:        .edit_consensus_params(|p| p.toccata_activation = ForkActivation::new(activation))
/Users/arthur/RustroverProjects/rusty-kaspa/consensus/src/pipeline/virtual_processor/tests.rs:187:    let mut saw_pre_activation_template = false;
/Users/arthur/RustroverProjects/rusty-kaspa/consensus/src/pipeline/virtual_processor/tests.rs:196:        if template.block.header.daa_score >= activation {
/Users/arthur/RustroverProjects/rusty-kaspa/consensus/src/pipeline/virtual_processor/tests.rs:197:            assert!(saw_pre_activation_template);
/Users/arthur/RustroverProjects/rusty-kaspa/consensus/src/pipeline/virtual_processor/tests.rs:202:        saw_pre_activation_template = true;
/Users/arthur/RustroverProjects/rusty-kaspa/consensus/src/pipeline/virtual_processor/tests.rs:351:            p.toccata_activation = ForkActivation::always();
/Users/arthur/RustroverProjects/rusty-kaspa/consensus/src/pipeline/virtual_processor/utxo_validation.rs:210:        let (expected_accepted_id_merkle_root, smt_build) = if self.toccata_activation.is_active(header.daa_score) {
/Users/arthur/RustroverProjects/rusty-kaspa/consensus/src/pipeline/virtual_processor/utxo_validation.rs:249:        if self.toccata_activation.is_active(header.daa_score) {
/Users/arthur/RustroverProjects/rusty-kaspa/consensus/src/pipeline/virtual_processor/utxo_validation.rs:387:        let seq_commit_accessor = if self.toccata_activation.is_active(pov_daa_score) {
/Users/arthur/RustroverProjects/rusty-kaspa/consensus/src/pipeline/virtual_processor/utxo_validation.rs:392:                self.toccata_activation,
/Users/arthur/RustroverProjects/rusty-kaspa/consensus/src/pipeline/virtual_processor/utxo_validation.rs:468:        let seq_commit_accessor = if self.toccata_activation.is_active(pov_daa_score) {
/Users/arthur/RustroverProjects/rusty-kaspa/consensus/src/pipeline/virtual_processor/utxo_validation.rs:473:                self.toccata_activation,
/Users/arthur/RustroverProjects/rusty-kaspa/consensus/src/pipeline/virtual_processor/utxo_validation.rs:557:            // the current block's POV the lane expired, so a re-touch is a re-activation
/Users/arthur/RustroverProjects/rusty-kaspa/consensus/src/processes/past_median_time.rs:24:            // This indicates we are in the few seconds post hardfork/network activation where the window is
/Users/arthur/RustroverProjects/rusty-kaspa/consensus/src/processes/Parallel Processing.md:13:* Pre pow (aka "*header in isolation*" -- no DB writes to avoid spamming):
/Users/arthur/RustroverProjects/rusty-kaspa/consensus/src/processes/Parallel Processing.md:24:    * check pow of block (against block declared target)
/Users/arthur/RustroverProjects/rusty-kaspa/consensus/src/processes/Parallel Processing.md:29:* Post pow (aka "*header in context*"):
/Users/arthur/RustroverProjects/rusty-kaspa/consensus/src/processes/difficulty.rs:228:    // We use 256 here so the result corresponds to the work at the level from calc_level_from_pow
/Users/arthur/RustroverProjects/rusty-kaspa/consensus/src/processes/difficulty.rs:263:    use kaspa_pow::calc_level_from_pow;
/Users/arthur/RustroverProjects/rusty-kaspa/consensus/src/processes/difficulty.rs:272:            // required pow for level
/Users/arthur/RustroverProjects/rusty-kaspa/consensus/src/processes/difficulty.rs:275:            let calculated_level = calc_level_from_pow(level_target, max_block_level);
/Users/arthur/RustroverProjects/rusty-kaspa/consensus/src/processes/difficulty.rs:295:            println!("    pow  | {}", level_target.to_hex());
/Users/arthur/RustroverProjects/rusty-kaspa/consensus/src/processes/reachability/interval.rs:169:    let mut fractions = sizes.iter().map(|s| 1f64 / 2f64.powf((max_size - s) as f64)).collect::<Vec<f64>>();
/Users/arthur/RustroverProjects/rusty-kaspa/consensus/src/processes/coinbase.rs:35:    toccata_activation: ForkActivation,
/Users/arthur/RustroverProjects/rusty-kaspa/consensus/src/processes/coinbase.rs:41:    /// The crescendo activation DAA score where BPS increased from 1 to 10.
/Users/arthur/RustroverProjects/rusty-kaspa/consensus/src/processes/coinbase.rs:44:    crescendo_activation_daa_score: u64,
/Users/arthur/RustroverProjects/rusty-kaspa/consensus/src/processes/coinbase.rs:72:        toccata_activation: ForkActivation,
/Users/arthur/RustroverProjects/rusty-kaspa/consensus/src/processes/coinbase.rs:87:            toccata_activation,
/Users/arthur/RustroverProjects/rusty-kaspa/consensus/src/processes/coinbase.rs:90:            crescendo_activation_daa_score: bps_history.activation().daa_score(),
/Users/arthur/RustroverProjects/rusty-kaspa/consensus/src/processes/coinbase.rs:142:            if self.toccata_activation.is_active(daa_score) { constants::TX_VERSION_TOCCATA } else { constants::TX_VERSION };
/Users/arthur/RustroverProjects/rusty-kaspa/consensus/src/processes/coinbase.rs:234:        let subsidy_table = if self.bps_history.activation().is_active(daa_score) {
/Users/arthur/RustroverProjects/rusty-kaspa/consensus/src/processes/coinbase.rs:246:        let seconds_since_deflationary_phase_started = if self.crescendo_activation_daa_score < self.deflationary_phase_daa_score {
/Users/arthur/RustroverProjects/rusty-kaspa/consensus/src/processes/coinbase.rs:247:            // crescendo_activation < deflationary_phase <= daa_score (activated before deflation)
/Users/arthur/RustroverProjects/rusty-kaspa/consensus/src/processes/coinbase.rs:249:        } else if daa_score < self.crescendo_activation_daa_score {
/Users/arthur/RustroverProjects/rusty-kaspa/consensus/src/processes/coinbase.rs:250:            // deflationary_phase <= daa_score < crescendo_activation (pre activation)
/Users/arthur/RustroverProjects/rusty-kaspa/consensus/src/processes/coinbase.rs:253:            // Else - deflationary_phase <= crescendo_activation <= daa_score.
/Users/arthur/RustroverProjects/rusty-kaspa/consensus/src/processes/coinbase.rs:254:            // Count seconds differently before and after Crescendo activation
/Users/arthur/RustroverProjects/rusty-kaspa/consensus/src/processes/coinbase.rs:255:            (self.crescendo_activation_daa_score - self.deflationary_phase_daa_score) / self.bps_history.before()
/Users/arthur/RustroverProjects/rusty-kaspa/consensus/src/processes/coinbase.rs:256:                + (daa_score - self.crescendo_activation_daa_score) / self.bps_history.after()
/Users/arthur/RustroverProjects/rusty-kaspa/consensus/src/processes/coinbase.rs:323:        let testnet_11_bps = SIMNET_PARAMS.bps();
/Users/arthur/RustroverProjects/rusty-kaspa/consensus/src/processes/coinbase.rs:325:            + SUBSIDY_BY_MONTH_TABLE.iter().map(|x| (x.div_ceil(testnet_11_bps) * testnet_11_bps) * SECONDS_PER_MONTH).sum::<u64>();
/Users/arthur/RustroverProjects/rusty-kaspa/consensus/src/processes/coinbase.rs:373:        // deflation and activation DAA scores (and the test is long anyway)
/Users/arthur/RustroverProjects/rusty-kaspa/consensus/src/processes/coinbase.rs:376:            params.crescendo_activation = ForkActivation::never();
/Users/arthur/RustroverProjects/rusty-kaspa/consensus/src/processes/coinbase.rs:380:            let mut activations = vec![10000, 33444444, 120727479];
/Users/arthur/RustroverProjects/rusty-kaspa/consensus/src/processes/coinbase.rs:382:                let activation = Params::from(network_id).crescendo_activation;
/Users/arthur/RustroverProjects/rusty-kaspa/consensus/src/processes/coinbase.rs:383:                if activation != ForkActivation::never() && activation != ForkActivation::always() {
/Users/arthur/RustroverProjects/rusty-kaspa/consensus/src/processes/coinbase.rs:384:                    activations.push(activation.daa_score());
/Users/arthur/RustroverProjects/rusty-kaspa/consensus/src/processes/coinbase.rs:388:            // Loop over a few random activation points + specified activation points for all nets
/Users/arthur/RustroverProjects/rusty-kaspa/consensus/src/processes/coinbase.rs:389:            for activation in activations {
/Users/arthur/RustroverProjects/rusty-kaspa/consensus/src/processes/coinbase.rs:390:                params.crescendo_activation = ForkActivation::new(activation);
/Users/arthur/RustroverProjects/rusty-kaspa/consensus/src/processes/coinbase.rs:394:                // Epochs only represents the number of times the subsidy changed (lower after activation due to rounding)
/Users/arthur/RustroverProjects/rusty-kaspa/consensus/src/processes/coinbase.rs:396:                println!("CRESCENDO:\t{}\tepochs, total emission: {}, activation: {}", new_epochs, new_total, activation);
/Users/arthur/RustroverProjects/rusty-kaspa/consensus/src/processes/coinbase.rs:399:                assert!(diff.abs() <= 51, "activation: {}", activation);
/Users/arthur/RustroverProjects/rusty-kaspa/consensus/src/processes/coinbase.rs:406:        let activation = cbm.bps().activation().daa_score();
/Users/arthur/RustroverProjects/rusty-kaspa/consensus/src/processes/coinbase.rs:413:            // Pre activation we expect the legacy calc (1bps)
/Users/arthur/RustroverProjects/rusty-kaspa/consensus/src/processes/coinbase.rs:414:            if current < activation {
/Users/arthur/RustroverProjects/rusty-kaspa/consensus/src/processes/coinbase.rs:441:            if params.crescendo_activation != ForkActivation::always() {
/Users/arthur/RustroverProjects/rusty-kaspa/consensus/src/processes/coinbase.rs:442:                // We test activation scenarios in verify_crescendo_emission_schedule
/Users/arthur/RustroverProjects/rusty-kaspa/consensus/src/processes/coinbase.rs:443:                params.crescendo_activation = ForkActivation::never();
/Users/arthur/RustroverProjects/rusty-kaspa/consensus/src/processes/coinbase.rs:491:                    expected: (DEFLATIONARY_PHASE_INITIAL_SUBSIDY / 2_u64.pow(32)).div_ceil(bps),
/Users/arthur/RustroverProjects/rusty-kaspa/consensus/src/processes/coinbase.rs:599:    fn expected_coinbase_transaction_selects_version_by_toccata_activation() {
/Users/arthur/RustroverProjects/rusty-kaspa/consensus/src/processes/coinbase.rs:601:        params.toccata_activation = ForkActivation::new(100);
/Users/arthur/RustroverProjects/rusty-kaspa/consensus/src/processes/coinbase.rs:608:        let pre_activation =
/Users/arthur/RustroverProjects/rusty-kaspa/consensus/src/processes/coinbase.rs:610:        let post_activation =
/Users/arthur/RustroverProjects/rusty-kaspa/consensus/src/processes/coinbase.rs:613:        assert_eq!(pre_activation.tx.version, constants::TX_VERSION);
/Users/arthur/RustroverProjects/rusty-kaspa/consensus/src/processes/coinbase.rs:614:        assert_eq!(post_activation.tx.version, constants::TX_VERSION_TOCCATA);
/Users/arthur/RustroverProjects/rusty-kaspa/consensus/src/processes/coinbase.rs:624:            params.toccata_activation,
/Users/arthur/RustroverProjects/rusty-kaspa/consensus/src/pipeline/virtual_processor/processor.rs:176:    // Toccata activation
/Users/arthur/RustroverProjects/rusty-kaspa/consensus/src/pipeline/virtual_processor/processor.rs:177:    pub(crate) toccata_activation: ForkActivation,
/Users/arthur/RustroverProjects/rusty-kaspa/consensus/src/pipeline/virtual_processor/processor.rs:178:    pub(crate) toccata_logger: ForkLogger,
/Users/arthur/RustroverProjects/rusty-kaspa/consensus/src/pipeline/virtual_processor/processor.rs:252:            toccata_activation: params.toccata_activation,
/Users/arthur/RustroverProjects/rusty-kaspa/consensus/src/pipeline/virtual_processor/processor.rs:253:            toccata_logger: ForkLogger::new("virtual state processing rules", true),
/Users/arthur/RustroverProjects/rusty-kaspa/consensus/src/pipeline/virtual_processor/processor.rs:585:        if self.toccata_activation.is_within_range_from_activation(virtual_daa_window.daa_score, 10_000) {
/Users/arthur/RustroverProjects/rusty-kaspa/consensus/src/pipeline/virtual_processor/processor.rs:586:            self.toccata_logger.report_activation();
/Users/arthur/RustroverProjects/rusty-kaspa/consensus/src/pipeline/virtual_processor/processor.rs:590:        let accepted_id_digests = if self.toccata_activation.is_active(virtual_daa_window.daa_score) {
/Users/arthur/RustroverProjects/rusty-kaspa/consensus/src/pipeline/virtual_processor/processor.rs:666:        if !self.toccata_activation.is_active(self.genesis.daa_score) {
/Users/arthur/RustroverProjects/rusty-kaspa/consensus/src/pipeline/virtual_processor/processor.rs:824:        // descendant of pp, or a pre-Toccata selected parent right after activation:
/Users/arthur/RustroverProjects/rusty-kaspa/consensus/src/pipeline/virtual_processor/processor.rs:856:        if !self.toccata_activation.is_active(header.daa_score) {
/Users/arthur/RustroverProjects/rusty-kaspa/consensus/src/pipeline/virtual_processor/processor.rs:894:    /// When the parent has no stored metadata (e.g. pre-toccata or origin predecessor),
/Users/arthur/RustroverProjects/rusty-kaspa/consensus/src/pipeline/virtual_processor/processor.rs:1464:        let accepted_id_merkle_root = if self.toccata_activation.is_active(virtual_state.daa_score) {
/Users/arthur/RustroverProjects/rusty-kaspa/consensus/src/processes/pruning_proof/mod.rs:32:use kaspa_pow::calc_block_level;
/Users/arthur/RustroverProjects/rusty-kaspa/consensus/src/processes/pruning_proof/mod.rs:122:    toccata_activation: ForkActivation,
/Users/arthur/RustroverProjects/rusty-kaspa/consensus/src/processes/pruning_proof/mod.rs:144:        toccata_activation: ForkActivation,
/Users/arthur/RustroverProjects/rusty-kaspa/consensus/src/processes/pruning_proof/mod.rs:180:            toccata_activation,
/Users/arthur/RustroverProjects/rusty-kaspa/consensus/src/processes/pruning_proof/mod.rs:301:                    // TODO(post-toccata): remove the redundant `ghostdag_blocks` field as part of cleaning up old P2P versions
/Users/arthur/RustroverProjects/rusty-kaspa/consensus/src/processes/pruning_proof/mod.rs:342:        if self.toccata_activation.is_active(self.headers_store.get_daa_score(pruning_point).unwrap()) {
/Users/arthur/RustroverProjects/rusty-kaspa/consensus/src/processes/pruning_proof/mod.rs:372:                if !self.toccata_activation.is_active(current_header.daa_score) {
/Users/arthur/RustroverProjects/rusty-kaspa/consensus/src/processes/pruning_proof/mod.rs:373:                    // We are not demanded to provide the chain segment for blocks below the Toccata activation
/Users/arthur/RustroverProjects/rusty-kaspa/consensus/src/processes/pruning_proof/apply.rs:19:use kaspa_pow::calc_block_level;
/Users/arthur/RustroverProjects/rusty-kaspa/consensus/src/processes/pruning_proof/apply.rs:194:                // pow passing has already been checked during validation
/Users/arthur/RustroverProjects/rusty-kaspa/consensus/src/processes/pruning_proof/apply.rs:302:        if self.toccata_activation.is_active(pruning_point_header.daa_score) {
/Users/arthur/RustroverProjects/rusty-kaspa/consensus/src/processes/pruning_proof/apply.rs:325:                if !self.toccata_activation.is_active(current_header.daa_score) {
/Users/arthur/RustroverProjects/rusty-kaspa/consensus/src/processes/pruning_proof/apply.rs:326:                    // We cannot demand chain-qualification for blocks below the Toccata activation
/Users/arthur/RustroverProjects/rusty-kaspa/rpc/core/src/lib.rs:8://! [`kaspa_wrpc_client`](https://docs.rs/kaspa_wrpc_client) crates, which provide gRPC and WebSocket
/Users/arthur/RustroverProjects/rusty-kaspa/rpc/core/src/lib.rs:10://! implementation](https://docs.rs/kaspa-wrpc-client/latest/kaspa_wrpc_client/wasm/struct.RpcClient.html)
/Users/arthur/RustroverProjects/rusty-kaspa/consensus/src/processes/pruning_proof/validate.rs:20:use kaspa_pow::{calc_block_level, calc_block_level_check_pow};
/Users/arthur/RustroverProjects/rusty-kaspa/consensus/src/processes/pruning_proof/validate.rs:189:                let (header_level, pow_passes) = calc_block_level_check_pow(header, ppm.max_block_level);
/Users/arthur/RustroverProjects/rusty-kaspa/consensus/src/processes/pruning_proof/validate.rs:193:                if !ppm.skip_proof_of_work && !pow_passes {
/Users/arthur/RustroverProjects/rusty-kaspa/consensus/core/tests/db_compat.rs:5://! `tests/fixtures/pre_toccata_db_compat_hex`) using the post-Toccata types,
/Users/arthur/RustroverProjects/rusty-kaspa/consensus/core/tests/db_compat.rs:19:const FIXTURE: &str = include_str!("fixtures/pre_toccata_db_compat_hex");
/Users/arthur/RustroverProjects/rusty-kaspa/consensus/core/tests/db_compat.rs:81:fn decode_pre_toccata_coinbase_transaction() {
/Users/arthur/RustroverProjects/rusty-kaspa/consensus/core/tests/db_compat.rs:88:fn decode_pre_toccata_regular_transaction() {
/Users/arthur/RustroverProjects/rusty-kaspa/consensus/core/tests/db_compat.rs:95:fn decode_pre_toccata_block_body() {
/Users/arthur/RustroverProjects/rusty-kaspa/consensus/core/tests/db_compat.rs:102:fn roundtrip_pre_toccata_regular_transaction() {
/Users/arthur/RustroverProjects/rusty-kaspa/consensus/core/tests/db_compat.rs:111:fn roundtrip_pre_toccata_block_body() {
/Users/arthur/RustroverProjects/rusty-kaspa/consensus/core/tests/db_compat.rs:119:fn roundtrip_post_toccata_transaction_with_compute_budget_and_covenant() {
/Users/arthur/RustroverProjects/rusty-kaspa/consensus/core/tests/db_compat.rs:136:fn roundtrip_mixed_pre_and_post_toccata_block_body() {

== stderr ==
rg: /Users/arthur/RustroverProjects/rusty-kaspa/cmd: No such file or directory (os error 2)
