== stdout ==
[run-kaspa-devnet] launching /Users/arthur/RustroverProjects/rgk/external/rusty-kaspa-toccata/target/release/kaspad in background
[run-kaspa-devnet] pid: 52254
[run-kaspa-devnet] log: /Users/arthur/RustroverProjects/rgk/.rgk-devnet/kaspad.log
[run-kaspa-devnet] waiting for wRPC at ws://127.0.0.1:19111
[run-kaspa-devnet] wRPC ready after 2s
[e2e-devnet] live devnet RPC: ws://127.0.0.1:19111/v2/kaspa/devnet/no-tls/wrpc/borsh
[e2e-devnet] running live_devnet test
   Compiling kaspa-wrpc-client v1.2.2-toc.4 (/Users/arthur/RustroverProjects/rusty-kaspa/rpc/wrpc/client)
   Compiling rgk-kaspa v0.1.0 (/Users/arthur/RustroverProjects/rgk/crates/rgk-kaspa)
   Compiling rgk-resolver v0.1.0 (/Users/arthur/RustroverProjects/rgk/crates/rgk-resolver)
   Compiling rgk-sync v0.1.0 (/Users/arthur/RustroverProjects/rgk/crates/rgk-sync)
   Compiling rgk-e2e v0.1.0 (/Users/arthur/RustroverProjects/rgk/tests/rgk-e2e)
    Finished `test` profile [optimized + debuginfo] target(s) in 3.36s
     Running tests/live_devnet.rs (target/debug/deps/live_devnet-a446d7acbb399c7f)

running 2 tests
live-devnet: server_version=1.2.2-toc.4 network_id=devnet is_synced=false has_utxo_index=true
test live_devnet_reports_toccata_node_identity ... ok
live-devnet: scan cursor initialised chain=KaspaDevnet daa=64096 hash_prefix=075bf3dc3fab3ad6
test live_devnet_initialises_persistent_scan_cursor ... ok

test result: ok. 2 passed; 0 failed; 0 ignored; 0 measured; 0 filtered out; finished in 0.05s

[e2e-devnet] running policy migration recovery fixture
    Finished `test` profile [optimized + debuginfo] target(s) in 0.09s
     Running unittests src/lib.rs (target/debug/deps/rgk_e2e-61e4ff2d6b6c07e6)

running 1 test
RGK policy migration recovery
  chain:           KaspaLocalToccata
  covenant:        0xc750aee85561dc562b16688f01a736f81ed26948e166280ff5cd2a6f970d6599
  spent_txid:      0x2121212121212121212121212121212121212121212121212121212121212121
  new_txid:        0x2222222222222222222222222222222222222222222222222222222222222222
  previous_policy: verifier-only
  new_policy:      zk-or-verifier
  migration:       0x595de1d206e02c94795f46e960bf6e2230dd921d0ebfa3470a36fe05ec972be6
  resolver:        NativeTransitionedValid { covenant: [199, 80, 174, 232, 85, 97, 220, 86, 43, 22, 104, 143, 1, 167, 54, 248, 30, 210, 105, 72, 225, 102, 40, 15, 245, 205, 42, 111, 151, 13, 101, 153], spent_outpoint: KaspaOutpoint { transaction_id: [33, 33, 33, 33, 33, 33, 33, 33, 33, 33, 33, 33, 33, 33, 33, 33, 33, 33, 33, 33, 33, 33, 33, 33, 33, 33, 33, 33, 33, 33, 33, 33], index: 0 }, new_outpoint: KaspaOutpoint { transaction_id: [34, 34, 34, 34, 34, 34, 34, 34, 34, 34, 34, 34, 34, 34, 34, 34, 34, 34, 34, 34, 34, 34, 34, 34, 34, 34, 34, 34, 34, 34, 34, 34], index: 0 }, receipt_id: [89, 93, 225, 210, 6, 224, 44, 148, 121, 95, 70, 233, 96, 191, 110, 34, 48, 221, 146, 29, 14, 191, 163, 71, 10, 54, 254, 5, 236, 151, 43, 230], new_state: RgkStateCommitment { version: 1, chain_id: KaspaLocalToccata, covenant_id: [199, 80, 174, 232, 85, 97, 220, 86, 43, 22, 104, 143, 1, 167, 54, 248, 30, 210, 105, 72, 225, 102, 40, 15, 245, 205, 42, 111, 151, 13, 101, 153], asset_id: [66, 66, 66, 66, 66, 66, 66, 66, 66, 66, 66, 66, 66, 66, 66, 66, 66, 66, 66, 66, 66, 66, 66, 66, 66, 66, 66, 66, 66, 66, 66, 66], state_digest: [50, 50, 50, 50, 50, 50, 50, 50, 50, 50, 50, 50, 50, 50, 50, 50, 50, 50, 50, 50, 50, 50, 50, 50, 50, 50, 50, 50, 50, 50, 50, 50], receipt_policy: ZkOrVerifier }, confirmation_depth: 1 }

test policy_migration_recovery_fixture_survives_reopen ... ok

test result: ok. 1 passed; 0 failed; 0 ignored; 0 measured; 3 filtered out; finished in 0.04s

[e2e-devnet] running full covenant lifecycle on devnet
   Compiling kaspa-wrpc-client v1.2.2-toc.4 (/Users/arthur/RustroverProjects/rusty-kaspa/rpc/wrpc/client)
   Compiling rgk-kaspa v0.1.0 (/Users/arthur/RustroverProjects/rgk/crates/rgk-kaspa)
   Compiling rgk-sync v0.1.0 (/Users/arthur/RustroverProjects/rgk/crates/rgk-sync)
   Compiling rgk-resolver v0.1.0 (/Users/arthur/RustroverProjects/rgk/crates/rgk-resolver)
   Compiling rgk-e2e v0.1.0 (/Users/arthur/RustroverProjects/rgk/tests/rgk-e2e)
    Finished `test` profile [optimized + debuginfo] target(s) in 2.55s
     Running tests/live_covenant.rs (target/debug/deps/live_covenant-7bf44a871ab07a5e)

running 1 test
live: connected to devnet wRPC (chain_id=KaspaDevnet)
live: fixed keypair address = kaspadev:qzzt7atzyc4m662qppt53ua7dta99t33w923s8kwxxmxx5wvl7jtq0ahp67m9
live: fixed pubkey x-only = [84, bf, 75, 62, 26, 2b, bd, 69, 40, 08, 57, 48, f3, be, 6a, fa, 52, ae, 31, 71, 55, 18, 1e, ce, 31, b6, 63, 51, cc, ff, a4, b0]
live: generated keypair, devnet address: kaspadev:qzzt7atzyc4m662qppt53ua7dta99t33w923s8kwxxmxx5wvl7jtq0ahp67m9
live: mined block, report: accepted=Success
live: reached DAA score 64097 (target 1)
live: coinbase block 1 mined; mining 2000 more so the FIRST coinbase UTXO matures (need DAA >= 1001 to spend it)...
live: mined 100/2000 blocks (0.2s)
live: mined 200/2000 blocks (0.4s)
live: mined 300/2000 blocks (0.5s)
live: mined 400/2000 blocks (0.6s)
live: mined 500/2000 blocks (0.7s)
live: mined 600/2000 blocks (0.8s)
live: mined 700/2000 blocks (0.9s)
live: mined 800/2000 blocks (0.9s)
live: mined 900/2000 blocks (1.0s)
live: mined 1000/2000 blocks (1.1s)
live: mined 1100/2000 blocks (1.2s)
live: mined 1200/2000 blocks (1.3s)
live: mined 1300/2000 blocks (1.3s)
live: mined 1400/2000 blocks (1.4s)
live: mined 1500/2000 blocks (1.5s)
live: mined 1600/2000 blocks (1.6s)
live: mined 1700/2000 blocks (1.6s)
live: mined 1800/2000 blocks (1.7s)
live: mined 1900/2000 blocks (1.8s)
live: mined 2000/2000 blocks (1.9s)
live: mined 2000 blocks in 1.9s
live: reached DAA score 66097 (target 2001)
live: oldest coinbase UTXO is now mature (DAA >= 2001)
live: selected coinbase UTXO at DAA 34 (oldest, mature)
live: fetched coinbase UTXO txid=[b5, 3d, fd, 1e, 03, b7, 44, b1, 37, db, a6, df, ab, 5f, a4, 1b, e1, 63, 1d, 58, c2, 08, 1a, 50, 46, 02, 3a, ef, 4b, d5, 25, f1] index=0 value=4400000000
live: computed covenant_id = [fd, 2c, 0d, 91, 87, ad, 10, 1b, 8c, 04, df, 6a, b5, 56, 5a, 40, 5b, da, 31, e4, 55, 80, d2, 15, 00, 12, 6e, 72, a8, 86, d2, b3] for the genesis output (value=4396000000, fee=4000000)
live: signed covenant tx, txid = [0e, 15, 1e, 17, 33, 6f, c6, ad, ea, 31, d1, 40, 9f, f2, f6, 24, 9b, a9, 9d, 49, 8f, cb, 53, c5, fc, 79, 76, 68, 62, 17, be, 9d]
live: covenant tx ACCEPTED by node: txid=[0e, 15, 1e, 17, 33, 6f, c6, ad, ea, 31, d1, 40, 9f, f2, f6, 24, 9b, a9, 9d, 49, 8f, cb, 53, c5, fc, 79, 76, 68, 62, 17, be, 9d]
live: mined block, report: accepted=Success
live: reached DAA score 66098 (target 2)
live: confirmation block 2 mined
live: covenant output confirmed at DAA score 66098 with covenant_id=[fd, 2c, 0d, 91, 87, ad, 10, 1b, 8c, 04, df, 6a, b5, 56, 5a, 40, 5b, da, 31, e4, 55, 80, d2, 15, 00, 12, 6e, 72, a8, 86, d2, b3]
live: native RGK asset state digest = 0xf82431e92c03c6ea84d84ffe5de354560c262c049bc1e002c8bef12d2fce81a0 (allocations=1 daa=66098 confirmations=1 privacy_policy=PrivateLane lane_id=0xf9e2d47ecda382db86ba713e640cb58f4a9f75a24d0820505148c302004436d9)
live: ZK covenant spend enabled, public_inputs=29 vk_bytes=1192 proof_bytes=128
live: built P2SH covenant spend, txid = [d9, b4, 82, 5e, ff, 9e, 2c, 29, b2, 7f, 08, cc, a5, 9c, 18, a2, 47, c7, 01, 55, 07, ca, 7b, 3d, d9, 8a, f0, 50, ba, 40, 5e, 1b]
live: P2SH covenant spend ACCEPTED by node: txid=[d9, b4, 82, 5e, ff, 9e, 2c, 29, b2, 7f, 08, cc, a5, 9c, 18, a2, 47, c7, 01, 55, 07, ca, 7b, 3d, d9, 8a, f0, 50, ba, 40, 5e, 1b]
live: mined block, report: accepted=Success
live: reached DAA score 66099 (target 66099)
live: P2SH covenant spend confirmation block mined
live: continuation covenant output confirmed at DAA score 66099
live: native production-ZK allocation guard accepted shape=1x1 spent_allocations=1 new_allocations=1
live: native RGK transition digest = 0x28b671d92ba4f7093258bb8a98aeca0be5d3f256f3269fe01d95a4fd34552498 (old_state=0xf82431e92c03c6ea84d84ffe5de354560c262c049bc1e002c8bef12d2fce81a0 new_state=0xfc45495fa515d23888e2c8d1c7b5f31cc92a4b5113ddb5fbcb2cc5deb7cb2ebb witness_txid=0xd9b4825eff9e2c29b27f08cca59c18a247c7015507ca7b3dd98af050ba405e1b spent_allocations=1 new_allocations=1 privacy_policy=PrivateLane lane_id=0xf9e2d47ecda382db86ba713e640cb58f4a9f75a24d0820505148c302004436d9)
live: semantic RGK transition statement public_inputs=328 continuation_shape_root=0xf17943d216a86a105d0397e806c8a0dddc2ea0c5a7c070d9c443eb00db960040 policy_commitment=0x4663f5b9404ee4fe0358c6299f73422e955f5fea03e19545f5b8f99472d00bbf
live: semantic Groth16 proof verified public_inputs=41 vk_bytes=1576 proof_bytes=128
test live_toccata_full_covenant_lifecycle has been running for over 60 seconds
live: supported allocation-vector Groth16 proof verified shape=1x1 public_inputs=41 vk_bytes=1576 proof_bytes=128
live: allocation transcript segment Groth16 proof verified sides=2 segments=2 allocations=2 public_inputs_each=16 vk_bytes=776 proof_bytes_each=128 spent_root=0xa220629b4058b269724542c0ab7f618964d9892e9403cab87868272c6176be59 new_root=0xd8d5ae8db016f74a6b743bd17dd39e717f22bcc6af62840fe7aad2453e5a1450 spent_amount_commitment=0x68c92efdcb7c6f9096537d37af74aba44d7615915ce88c51711c5c6d4983ff34 new_amount_commitment=0xc1760514d6f2d480507ea9247be6f416c04d9b32a5d210dba8d01d576c64a1b3
live: allocation conservation Groth16 chain verified sides=2 segments=2 allocations=2 public_inputs_each=24 final_public_inputs=10 segment_vk_bytes=1032 segment_proof_bytes_each=128 final_vk_bytes=584 final_proof_bytes=128 spent_total_commitment=0x1a0a0bbd33746c96287dfb9516ca9f5d84b84320e66092e64860c6c9e2e1bbff new_total_commitment=0x0b1f4432d9e6afc40148127ff4ae5fba3c356190d8ca733385f21e27cd88b7d7
live: allocation exclusion segment-pair Groth16 proof verified spent_segments=1 new_segments=1 pair_grid=1 public_inputs=29 vk_bytes=1192 proof_bytes=128 spent_root=0xa220629b4058b269724542c0ab7f618964d9892e9403cab87868272c6176be59 new_root=0xd8d5ae8db016f74a6b743bd17dd39e717f22bcc6af62840fe7aad2453e5a1450 spent_amount_commitment=0x68c92efdcb7c6f9096537d37af74aba44d7615915ce88c51711c5c6d4983ff34 new_amount_commitment=0xc1760514d6f2d480507ea9247be6f416c04d9b32a5d210dba8d01d576c64a1b3
live: allocation audit bundle verified spent_segments=1 new_segments=1 exclusion_cells=1 spent_final_root=0xa220629b4058b269724542c0ab7f618964d9892e9403cab87868272c6176be59 new_final_root=0xd8d5ae8db016f74a6b743bd17dd39e717f22bcc6af62840fe7aad2453e5a1450 spent_total_commitment=0x1a0a0bbd33746c96287dfb9516ca9f5d84b84320e66092e64860c6c9e2e1bbff new_total_commitment=0x0b1f4432d9e6afc40148127ff4ae5fba3c356190d8ca733385f21e27cd88b7d7
live: allocation audit certificate verified certificate_id=0x06eacc39599b8617e5b6b783ced2136b0bd2d70b935147fac7c47d0496827c48 proof_cells=6 vk_bytes_total=5392 proof_bytes_total=768
live: registered private lane for view-key discovery (lane_id=0xf9e2d47ecda382db86ba713e640cb58f4a9f75a24d0820505148c302004436d9 scan_tag=0x3539f43aecf990bfd09e4b081ddba2835253710fa8a4022904e6ea61b963c62d privacy_policy=PrivateLane)
live: lane-discovery Groth16 proof verified public_inputs=9 vk_bytes=552 proof_bytes=128 lane_id=0xf9e2d47ecda382db86ba713e640cb58f4a9f75a24d0820505148c302004436d9 scan_tag=0x3539f43aecf990bfd09e4b081ddba2835253710fa8a4022904e6ea61b963c62d
live: lane-graph Groth16 proof verified nodes=2 public_inputs=22 vk_bytes=968 proof_bytes=128 graph_root=0x6ab1ca5ef8165554c39398f6ee2cd4419bd605cc09e507fec6264f1bdebd4dfc current_lane=0xf9e2d47ecda382db86ba713e640cb58f4a9f75a24d0820505148c302004436d9 next_scan_tag=0xa1300bb57a56c79e1c43eda255ac6cb55b7e04c247681d77a754ed07551312ea
live: segmented lane-graph Groth16 proof chain verified segments=2 nodes=4 public_inputs_each=27 vk_bytes=1128 proof_bytes_each=128 start_root=0x78145c2e5e78351ffa3d0e266b1a5cb8c3eb318b074a9bcaa407fcdbc6068573 final_root=0x90f47d54d63afe8eb7e59071e891fc14e966bd0658f617d25711d29276b01bde current_lane=0xf9e2d47ecda382db86ba713e640cb58f4a9f75a24d0820505148c302004436d9 final_scan_tag=0x85fb37ef816bbbe85f5e9bb524575608a66e5914ee7bbd0507cf143449b00fdc
live: resolver state = NativeTransitionedValid { covenant: [253, 44, 13, 145, 135, 173, 16, 27, 140, 4, 223, 106, 181, 86, 90, 64, 91, 218, 49, 228, 85, 128, 210, 21, 0, 18, 110, 114, 168, 134, 210, 179], spent_outpoint: KaspaOutpoint { transaction_id: [14, 21, 30, 23, 51, 111, 198, 173, 234, 49, 209, 64, 159, 242, 246, 36, 155, 169, 157, 73, 143, 203, 83, 197, 252, 121, 118, 104, 98, 23, 190, 157], index: 0 }, new_outpoint: KaspaOutpoint { transaction_id: [217, 180, 130, 94, 255, 158, 44, 41, 178, 127, 8, 204, 165, 156, 24, 162, 71, 199, 1, 85, 7, 202, 123, 61, 217, 138, 240, 80, 186, 64, 94, 27], index: 0 }, receipt_id: [33, 38, 222, 53, 218, 80, 54, 37, 174, 230, 139, 119, 182, 127, 189, 183, 185, 16, 18, 38, 55, 249, 39, 157, 138, 220, 1, 143, 175, 188, 50, 255], new_state: RgkStateCommitment { version: 1, chain_id: KaspaDevnet, covenant_id: [253, 44, 13, 145, 135, 173, 16, 27, 140, 4, 223, 106, 181, 86, 90, 64, 91, 218, 49, 228, 85, 128, 210, 21, 0, 18, 110, 114, 168, 134, 210, 179], asset_id: [66, 66, 66, 66, 66, 66, 66, 66, 66, 66, 66, 66, 66, 66, 66, 66, 66, 66, 66, 66, 66, 66, 66, 66, 66, 66, 66, 66, 66, 66, 66, 66], state_digest: [252, 69, 73, 95, 165, 21, 210, 56, 136, 226, 200, 209, 199, 181, 243, 28, 201, 42, 75, 81, 19, 221, 181, 251, 203, 44, 197, 222, 183, 203, 46, 187], receipt_policy: ZkOrVerifier }, confirmation_depth: 1 }
live: resolver carried phase-2 native state digest = 0xfc45495fa515d23888e2c8d1c7b5f31cc92a4b5113ddb5fbcb2cc5deb7cb2ebb
live: view-key lane resolver classified as NativeTransitionedValid (lane_id=0xf9e2d47ecda382db86ba713e640cb58f4a9f75a24d0820505148c302004436d9 scan_tag=0x3539f43aecf990bfd09e4b081ddba2835253710fa8a4022904e6ea61b963c62d)
live: covenant transition classified as NativeTransitionedValid from the confirmed live Kaspa Toccata devnet spend (covenant_id=[fd, 2c, 0d, 91, 87, ad, 10, 1b, 8c, 04, df, 6a, b5, 56, 5a, 40, 5b, da, 31, e4, 55, 80, d2, 15, 00, 12, 6e, 72, a8, 86, d2, b3])
live: policy migration proof recovered after Sled reopen (previous_policy=verifier-only new_policy=zk-or-verifier migration=0xf73af858e1f8506ecd947f9da7ba6380050f5fb9d99fa9b077f24dcefac3e33b state_digest=0xfc45495fa515d23888e2c8d1c7b5f31cc92a4b5113ddb5fbcb2cc5deb7cb2ebb resolver=NativeTransitionedValid)
live: persistent indexer recovered covenant after resolver indexing (covenant_id=[fd, 2c, 0d, 91, 87, ad, 10, 1b, 8c, 04, df, 6a, b5, 56, 5a, 40, 5b, da, 31, e4, 55, 80, d2, 15, 00, 12, 6e, 72, a8, 86, d2, b3] cursor_daa=66099)
test live_toccata_full_covenant_lifecycle ... ok

test result: ok. 1 passed; 0 failed; 0 ignored; 0 measured; 0 filtered out; finished in 247.37s

[e2e-devnet] running rgk-sync scanner smoke (initialise cursor)
   Compiling kaspa-wrpc-client v1.2.2-toc.4 (/Users/arthur/RustroverProjects/rusty-kaspa/rpc/wrpc/client)
   Compiling rgk-kaspa v0.1.0 (/Users/arthur/RustroverProjects/rgk/crates/rgk-kaspa)
   Compiling rgk-sync v0.1.0 (/Users/arthur/RustroverProjects/rgk/crates/rgk-sync)
    Finished `dev` profile [optimized + debuginfo] target(s) in 3.35s
     Running `target/debug/rgk-sync --url 'ws://127.0.0.1:19111/v2/kaspa/devnet/no-tls/wrpc/borsh' --network devnet --db /Users/arthur/RustroverProjects/rgk/target/rgk-devnet-evidence/sled --once`
tick initialised=true added_chain_blocks=0 observed_spends=0 start_daa=66099 end_daa=66099 end_hash_prefix=6473374016cdfed2
[e2e-devnet] running rgk-sync scanner smoke (reload cursor)
    Finished `dev` profile [optimized + debuginfo] target(s) in 0.21s
     Running `target/debug/rgk-sync --url 'ws://127.0.0.1:19111/v2/kaspa/devnet/no-tls/wrpc/borsh' --network devnet --db /Users/arthur/RustroverProjects/rgk/target/rgk-devnet-evidence/sled --once`
tick initialised=false added_chain_blocks=0 observed_spends=0 start_daa=66099 end_daa=66099 end_hash_prefix=6473374016cdfed2
[verify-devnet-evidence] ok: /Users/arthur/RustroverProjects/rgk/target/rgk-devnet-evidence/latest.txt
[e2e-devnet] evidence: /Users/arthur/RustroverProjects/rgk/target/rgk-devnet-evidence/latest.txt

== stderr ==
