== stdout ==
covenant_build_script   time:   [978.57 ns 1.1239 µs 1.4268 µs]
Found 1 outliers among 10 measurements (10.00%)
  1 (10.00%) high severe

covenant_state_advance  time:   [13.817 ns 17.932 ns 22.697 ns]
Found 2 outliers among 10 measurements (20.00%)
  1 (10.00%) high mild
  1 (10.00%) high severe


== stderr ==
    Blocking waiting for file lock on package cache
    Blocking waiting for file lock on package cache
    Blocking waiting for file lock on package cache
    Finished `bench` profile [optimized] target(s) in 0.16s
     Running benches/covenant_hot_paths.rs (target/release/deps/covenant_hot_paths-b52e413f2364f773)
Gnuplot not found, using plotters backend
Benchmarking covenant_build_script
Benchmarking covenant_build_script: Warming up for 200.00 ms
Benchmarking covenant_build_script: Collecting 10 samples in estimated 500.04 ms (534k iterations)
Benchmarking covenant_build_script: Analyzing
Benchmarking covenant_state_advance
Benchmarking covenant_state_advance: Warming up for 200.00 ms
Benchmarking covenant_state_advance: Collecting 10 samples in estimated 500.00 ms (25M iterations)
Benchmarking covenant_state_advance: Analyzing
