== stdout ==
[run-kaspa-devnet] launching /Users/arthur/RustroverProjects/rgk/external/rusty-kaspa-toccata/target/release/kaspad in background
[run-kaspa-devnet] pid: 13351
[run-kaspa-devnet] log: /Users/arthur/RustroverProjects/rgk/.rgk-devnet/kaspad.log
[run-kaspa-devnet] waiting for wRPC at ws://127.0.0.1:19111
[run-kaspa-devnet] wRPC ready after 2s
[e2e-devnet] live devnet RPC: ws://127.0.0.1:19111/v2/kaspa/devnet/no-tls/wrpc/borsh
[e2e-devnet] running live_devnet test
   Compiling kaspa-wrpc-client v1.2.2-toc.4 (/Users/arthur/RustroverProjects/rusty-kaspa/rpc/wrpc/client)
   Compiling rgk-kaspa v0.1.0 (/Users/arthur/RustroverProjects/rgk/crates/rgk-kaspa)
   Compiling rgk-resolver v0.1.0 (/Users/arthur/RustroverProjects/rgk/crates/rgk-resolver)
   Compiling rgk-sync v0.1.0 (/Users/arthur/RustroverProjects/rgk/crates/rgk-sync)
   Compiling rgk-e2e v0.1.0 (/Users/arthur/RustroverProjects/rgk/tests/rgk-e2e)
    Finished `test` profile [optimized + debuginfo] target(s) in 2.09s
     Running tests/live_devnet.rs (target/debug/deps/live_devnet-a446d7acbb399c7f)

running 2 tests
live-devnet: server_version=1.2.2-toc.4 network_id=devnet is_synced=true has_utxo_index=true
test live_devnet_reports_toccata_node_identity ... ok
live-devnet: scan cursor initialised chain=KaspaDevnet daa=40060 hash_prefix=617f4709d980f7af
test live_devnet_initialises_persistent_scan_cursor ... ok

test result: ok. 2 passed; 0 failed; 0 ignored; 0 measured; 0 filtered out; finished in 0.27s

[e2e-devnet] running policy migration recovery fixture
   Compiling rgk-e2e v0.1.0 (/Users/arthur/RustroverProjects/rgk/tests/rgk-e2e)
    Finished `test` profile [optimized + debuginfo] target(s) in 0.63s
     Running unittests src/lib.rs (target/debug/deps/rgk_e2e-61e4ff2d6b6c07e6)

running 1 test
RGK policy migration recovery
  chain:           KaspaLocalToccata
  covenant:        0xc750aee85561dc562b16688f01a736f81ed26948e166280ff5cd2a6f970d6599
  spent_txid:      0x2121212121212121212121212121212121212121212121212121212121212121
  new_txid:        0x2222222222222222222222222222222222222222222222222222222222222222
  previous_policy: verifier-only
  new_policy:      zk-or-verifier
  migration:       0x595de1d206e02c94795f46e960bf6e2230dd921d0ebfa3470a36fe05ec972be6
  resolver:        NativeTransitionedValid { covenant: [199, 80, 174, 232, 85, 97, 220, 86, 43, 22, 104, 143, 1, 167, 54, 248, 30, 210, 105, 72, 225, 102, 40, 15, 245, 205, 42, 111, 151, 13, 101, 153], spent_outpoint: KaspaOutpoint { transaction_id: [33, 33, 33, 33, 33, 33, 33, 33, 33, 33, 33, 33, 33, 33, 33, 33, 33, 33, 33, 33, 33, 33, 33, 33, 33, 33, 33, 33, 33, 33, 33, 33], index: 0 }, new_outpoint: KaspaOutpoint { transaction_id: [34, 34, 34, 34, 34, 34, 34, 34, 34, 34, 34, 34, 34, 34, 34, 34, 34, 34, 34, 34, 34, 34, 34, 34, 34, 34, 34, 34, 34, 34, 34, 34], index: 0 }, receipt_id: [89, 93, 225, 210, 6, 224, 44, 148, 121, 95, 70, 233, 96, 191, 110, 34, 48, 221, 146, 29, 14, 191, 163, 71, 10, 54, 254, 5, 236, 151, 43, 230], new_state: RgkStateCommitment { version: 1, chain_id: KaspaLocalToccata, covenant_id: [199, 80, 174, 232, 85, 97, 220, 86, 43, 22, 104, 143, 1, 167, 54, 248, 30, 210, 105, 72, 225, 102, 40, 15, 245, 205, 42, 111, 151, 13, 101, 153], asset_id: [66, 66, 66, 66, 66, 66, 66, 66, 66, 66, 66, 66, 66, 66, 66, 66, 66, 66, 66, 66, 66, 66, 66, 66, 66, 66, 66, 66, 66, 66, 66, 66], state_digest: [50, 50, 50, 50, 50, 50, 50, 50, 50, 50, 50, 50, 50, 50, 50, 50, 50, 50, 50, 50, 50, 50, 50, 50, 50, 50, 50, 50, 50, 50, 50, 50], receipt_policy: ZkOrVerifier }, confirmation_depth: 1 }

test policy_migration_recovery_fixture_survives_reopen ... ok

test result: ok. 1 passed; 0 failed; 0 ignored; 0 measured; 4 filtered out; finished in 0.05s

[e2e-devnet] running full covenant lifecycle on devnet
   Compiling kaspa-wrpc-client v1.2.2-toc.4 (/Users/arthur/RustroverProjects/rusty-kaspa/rpc/wrpc/client)
   Compiling rgk-kaspa v0.1.0 (/Users/arthur/RustroverProjects/rgk/crates/rgk-kaspa)
   Compiling rgk-resolver v0.1.0 (/Users/arthur/RustroverProjects/rgk/crates/rgk-resolver)
   Compiling rgk-sync v0.1.0 (/Users/arthur/RustroverProjects/rgk/crates/rgk-sync)
   Compiling rgk-e2e v0.1.0 (/Users/arthur/RustroverProjects/rgk/tests/rgk-e2e)
    Finished `test` profile [optimized + debuginfo] target(s) in 1.95s
     Running tests/live_covenant.rs (target/debug/deps/live_covenant-7bf44a871ab07a5e)

running 1 test
live: connected to devnet wRPC (chain_id=KaspaDevnet)
live: fixed keypair address = kaspadev:qzzt7atzyc4m662qppt53ua7dta99t33w923s8kwxxmxx5wvl7jtq0ahp67m9
live: fixed pubkey x-only = [84, bf, 75, 62, 26, 2b, bd, 69, 40, 08, 57, 48, f3, be, 6a, fa, 52, ae, 31, 71, 55, 18, 1e, ce, 31, b6, 63, 51, cc, ff, a4, b0]
live: generated keypair, devnet address: kaspadev:qzzt7atzyc4m662qppt53ua7dta99t33w923s8kwxxmxx5wvl7jtq0ahp67m9
live: mined block, report: accepted=Success
live: reached DAA score 40061 (target 1)
live: coinbase block 1 mined; mining 2000 more so the FIRST coinbase UTXO matures (need DAA >= 1001 to spend it)...
live: mined 100/2000 blocks (0.1s)
live: mined 200/2000 blocks (0.1s)
live: mined 300/2000 blocks (0.2s)
live: mined 400/2000 blocks (0.3s)
live: mined 500/2000 blocks (0.3s)
live: mined 600/2000 blocks (0.4s)
live: mined 700/2000 blocks (0.5s)
live: mined 800/2000 blocks (0.6s)
live: mined 900/2000 blocks (0.6s)
live: mined 1000/2000 blocks (0.7s)
live: mined 1100/2000 blocks (0.8s)
live: mined 1200/2000 blocks (0.8s)
live: mined 1300/2000 blocks (0.9s)
live: mined 1400/2000 blocks (1.0s)
live: mined 1500/2000 blocks (1.0s)
live: mined 1600/2000 blocks (1.1s)
live: mined 1700/2000 blocks (1.2s)
live: mined 1800/2000 blocks (1.3s)
live: mined 1900/2000 blocks (1.3s)
live: mined 2000/2000 blocks (1.4s)
live: mined 2000 blocks in 1.4s
live: reached DAA score 42061 (target 2001)
live: oldest coinbase UTXO is now mature (DAA >= 2001)
live: selected coinbase UTXO at DAA 22 (oldest, mature)
live: fetched coinbase UTXO txid=[da, 65, a8, 7b, e0, 35, df, 6a, f4, f5, 88, cd, de, 56, fd, cd, b6, 30, 77, 92, 01, b4, 40, db, 27, dd, 28, 8e, 7b, 28, 6a, 34] index=0 value=4400000000
live: computed covenant_id = [eb, 0c, a6, b7, 0e, 89, 76, 94, 29, 08, ac, 9e, b4, 32, da, 6c, a2, 73, 35, 54, 06, 0b, af, 78, dd, 90, 97, 7b, 16, e3, b6, ce] for the genesis output (value=4396000000, fee=4000000)
live: signed covenant tx, txid = [99, 8f, 79, a5, 39, b8, 75, e4, a3, a3, 23, f7, 61, 5f, f8, 2d, eb, 4f, e3, d9, 91, 62, a9, 4a, dc, 1e, b9, 36, 6d, 71, fa, e7]
live: covenant tx ACCEPTED by node: txid=[99, 8f, 79, a5, 39, b8, 75, e4, a3, a3, 23, f7, 61, 5f, f8, 2d, eb, 4f, e3, d9, 91, 62, a9, 4a, dc, 1e, b9, 36, 6d, 71, fa, e7]
live: mined block, report: accepted=Success
live: reached DAA score 42062 (target 2)
live: confirmation block 2 mined
live: covenant output confirmed at DAA score 42062 with covenant_id=[eb, 0c, a6, b7, 0e, 89, 76, 94, 29, 08, ac, 9e, b4, 32, da, 6c, a2, 73, 35, 54, 06, 0b, af, 78, dd, 90, 97, 7b, 16, e3, b6, ce]
live: native RGK asset state digest = 0x3544bb142a8f10585baef9d0ce697024e41bb89a6be1623395b04b5266b772a3 (allocations=1 daa=42062 confirmations=1 privacy_policy=PrivateLane lane_id=0xf9e2d47ecda382db86ba713e640cb58f4a9f75a24d0820505148c302004436d9)
live: ZK covenant spend enabled, public_inputs=29 vk_bytes=1192 proof_bytes=128
live: built P2SH covenant spend, txid = [54, 02, aa, 01, 5a, b5, 0d, 3b, ed, 7b, d4, 3c, dd, 59, 37, 27, d3, cc, 08, 90, 49, 89, ea, de, 1a, cc, 38, 6e, e4, d9, 3d, 8e]
live: P2SH covenant spend ACCEPTED by node: txid=[54, 02, aa, 01, 5a, b5, 0d, 3b, ed, 7b, d4, 3c, dd, 59, 37, 27, d3, cc, 08, 90, 49, 89, ea, de, 1a, cc, 38, 6e, e4, d9, 3d, 8e]
live: mined block, report: accepted=Success
live: reached DAA score 42063 (target 42063)
live: P2SH covenant spend confirmation block mined
live: continuation covenant output confirmed at DAA score 42063
live: native production-ZK allocation guard accepted shape=1x1 spent_allocations=1 new_allocations=1
live: native RGK transition digest = 0xbdac6e808c86d239ca4c7e520e4b77395fbc7e92c975f3f3d2c89a12de530721 (old_state=0x3544bb142a8f10585baef9d0ce697024e41bb89a6be1623395b04b5266b772a3 new_state=0x247ed2ad2e56694b87ba5a95fbe81a97ee6f5cff13ffd2b93ba8b4e05c9923f0 witness_txid=0x5402aa015ab50d3bed7bd43cdd593727d3cc08904989eade1acc386ee4d93d8e spent_allocations=1 new_allocations=1 privacy_policy=PrivateLane lane_id=0xf9e2d47ecda382db86ba713e640cb58f4a9f75a24d0820505148c302004436d9)
live: semantic RGK transition statement public_inputs=328 continuation_shape_root=0x7206190e596791fa9125a5a00389ea01232826646838348d60e8bdfd7449a336 policy_commitment=0x4663f5b9404ee4fe0358c6299f73422e955f5fea03e19545f5b8f99472d00bbf
live: semantic Groth16 proof verified public_inputs=41 vk_bytes=1576 proof_bytes=128
test live_toccata_full_covenant_lifecycle has been running for over 60 seconds
live: supported allocation-vector Groth16 proof verified shape=1x1 public_inputs=41 vk_bytes=1576 proof_bytes=128
live: registered private lane for view-key discovery (lane_id=0xf9e2d47ecda382db86ba713e640cb58f4a9f75a24d0820505148c302004436d9 scan_tag=0x3539f43aecf990bfd09e4b081ddba2835253710fa8a4022904e6ea61b963c62d privacy_policy=PrivateLane)
live: resolver state = NativeTransitionedValid { covenant: [235, 12, 166, 183, 14, 137, 118, 148, 41, 8, 172, 158, 180, 50, 218, 108, 162, 115, 53, 84, 6, 11, 175, 120, 221, 144, 151, 123, 22, 227, 182, 206], spent_outpoint: KaspaOutpoint { transaction_id: [153, 143, 121, 165, 57, 184, 117, 228, 163, 163, 35, 247, 97, 95, 248, 45, 235, 79, 227, 217, 145, 98, 169, 74, 220, 30, 185, 54, 109, 113, 250, 231], index: 0 }, new_outpoint: KaspaOutpoint { transaction_id: [84, 2, 170, 1, 90, 181, 13, 59, 237, 123, 212, 60, 221, 89, 55, 39, 211, 204, 8, 144, 73, 137, 234, 222, 26, 204, 56, 110, 228, 217, 61, 142], index: 0 }, receipt_id: [108, 135, 15, 144, 63, 250, 180, 251, 157, 125, 210, 148, 8, 212, 53, 206, 219, 154, 140, 142, 164, 35, 170, 133, 143, 64, 202, 62, 58, 100, 253, 92], new_state: RgkStateCommitment { version: 1, chain_id: KaspaDevnet, covenant_id: [235, 12, 166, 183, 14, 137, 118, 148, 41, 8, 172, 158, 180, 50, 218, 108, 162, 115, 53, 84, 6, 11, 175, 120, 221, 144, 151, 123, 22, 227, 182, 206], asset_id: [66, 66, 66, 66, 66, 66, 66, 66, 66, 66, 66, 66, 66, 66, 66, 66, 66, 66, 66, 66, 66, 66, 66, 66, 66, 66, 66, 66, 66, 66, 66, 66], state_digest: [53, 68, 187, 20, 42, 143, 16, 88, 91, 174, 249, 208, 206, 105, 112, 36, 228, 27, 184, 154, 107, 225, 98, 51, 149, 176, 75, 82, 102, 183, 114, 163], receipt_policy: ZkOrVerifier }, confirmation_depth: 1 }
live: view-key lane resolver classified as NativeTransitionedValid (lane_id=0xf9e2d47ecda382db86ba713e640cb58f4a9f75a24d0820505148c302004436d9 scan_tag=0x3539f43aecf990bfd09e4b081ddba2835253710fa8a4022904e6ea61b963c62d)
live: covenant transition classified as NativeTransitionedValid from the confirmed live Kaspa Toccata devnet spend (covenant_id=[eb, 0c, a6, b7, 0e, 89, 76, 94, 29, 08, ac, 9e, b4, 32, da, 6c, a2, 73, 35, 54, 06, 0b, af, 78, dd, 90, 97, 7b, 16, e3, b6, ce])
test live_toccata_full_covenant_lifecycle ... ok

test result: ok. 1 passed; 0 failed; 0 ignored; 0 measured; 0 filtered out; finished in 83.86s

[e2e-devnet] running rgk-sync scanner smoke (initialise cursor)
   Compiling kaspa-wrpc-client v1.2.2-toc.4 (/Users/arthur/RustroverProjects/rusty-kaspa/rpc/wrpc/client)
   Compiling rgk-kaspa v0.1.0 (/Users/arthur/RustroverProjects/rgk/crates/rgk-kaspa)
   Compiling rgk-sync v0.1.0 (/Users/arthur/RustroverProjects/rgk/crates/rgk-sync)
    Finished `dev` profile [optimized + debuginfo] target(s) in 1.71s
     Running `target/debug/rgk-sync --url 'ws://127.0.0.1:19111/v2/kaspa/devnet/no-tls/wrpc/borsh' --network devnet --db /Users/arthur/RustroverProjects/rgk/target/rgk-devnet-evidence/sled --once`
tick initialised=true added_chain_blocks=0 observed_spends=0 start_daa=42063 end_daa=42063 end_hash_prefix=30571a8faeb11825
[e2e-devnet] running rgk-sync scanner smoke (reload cursor)
    Finished `dev` profile [optimized + debuginfo] target(s) in 0.18s
     Running `target/debug/rgk-sync --url 'ws://127.0.0.1:19111/v2/kaspa/devnet/no-tls/wrpc/borsh' --network devnet --db /Users/arthur/RustroverProjects/rgk/target/rgk-devnet-evidence/sled --once`
tick initialised=false added_chain_blocks=0 observed_spends=0 start_daa=42063 end_daa=42063 end_hash_prefix=30571a8faeb11825
[e2e-devnet] evidence: /Users/arthur/RustroverProjects/rgk/target/rgk-devnet-evidence/latest.txt

== stderr ==
