== stdout ==

running 8 tests
test tests::error_classify_distinguishes_paths ... ok
test tests::fixture_basics ... ok
test tests::fixture_spend_marks_utxo ... ok
test tests::submit_transaction_in_fixture_is_invariant ... ok
test tests::fixture_failure_mode_propagates ... ok
test wrpc::tests::wrpc_network_maps_rgk_local_toccata_to_simnet_transport ... ok
test wrpc::tests::wrpc_network_preserves_public_network_domains ... ok
test tests::fixture_utxo_lookup ... ok

test result: ok. 8 passed; 0 failed; 0 ignored; 0 measured; 0 filtered out; finished in 0.00s


running 0 tests

test result: ok. 0 passed; 0 failed; 0 ignored; 0 measured; 0 filtered out; finished in 0.00s


== stderr ==
    Blocking waiting for file lock on package cache
    Blocking waiting for file lock on package cache
    Blocking waiting for file lock on package cache
   Compiling kaspa-wrpc-client v1.2.2-toc.4 (/Users/arthur/RustroverProjects/rusty-kaspa/rpc/wrpc/client)
   Compiling rgk-kaspa v0.1.0 (/Users/arthur/RustroverProjects/rgk/crates/rgk-kaspa)
    Finished `test` profile [optimized + debuginfo] target(s) in 8.77s
     Running unittests src/lib.rs (target/debug/deps/rgk_kaspa-5ce4a591e3f1eb99)
   Doc-tests rgk_kaspa
