== stdout ==
[run-kaspa-devnet] launching /Users/arthur/RustroverProjects/rgk/external/rusty-kaspa-toccata/target/release/kaspad in background
[run-kaspa-devnet] pid: 86754
[run-kaspa-devnet] log: /Users/arthur/RustroverProjects/rgk/.rgk-devnet/kaspad.log
[run-kaspa-devnet] waiting for wRPC at ws://127.0.0.1:19111
[run-kaspa-devnet] wRPC ready after 2s
[e2e-devnet] live devnet RPC: ws://127.0.0.1:19111/v2/kaspa/devnet/no-tls/wrpc/borsh
[e2e-devnet] running live_devnet test
   Compiling kaspa-wrpc-client v1.2.2-toc.4 (/Users/arthur/RustroverProjects/rusty-kaspa/rpc/wrpc/client)
   Compiling rgk-kaspa v0.1.0 (/Users/arthur/RustroverProjects/rgk/crates/rgk-kaspa)
   Compiling rgk-sync v0.1.0 (/Users/arthur/RustroverProjects/rgk/crates/rgk-sync)
   Compiling rgk-resolver v0.1.0 (/Users/arthur/RustroverProjects/rgk/crates/rgk-resolver)
   Compiling rgk-e2e v0.1.0 (/Users/arthur/RustroverProjects/rgk/tests/rgk-e2e)
    Finished `test` profile [optimized + debuginfo] target(s) in 1.89s
     Running tests/live_devnet.rs (target/debug/deps/live_devnet-a446d7acbb399c7f)

running 2 tests
live-devnet: server_version=1.2.2-toc.4 network_id=devnet is_synced=true has_utxo_index=true
test live_devnet_reports_toccata_node_identity ... ok
live-devnet: scan cursor initialised chain=KaspaDevnet daa=48072 hash_prefix=751d18b9a26b1a8d
test live_devnet_initialises_persistent_scan_cursor ... ok

test result: ok. 2 passed; 0 failed; 0 ignored; 0 measured; 0 filtered out; finished in 0.08s

[e2e-devnet] running policy migration recovery fixture
    Finished `test` profile [optimized + debuginfo] target(s) in 0.07s
     Running unittests src/lib.rs (target/debug/deps/rgk_e2e-61e4ff2d6b6c07e6)

running 1 test
RGK policy migration recovery
  chain:           KaspaLocalToccata
  covenant:        0xc750aee85561dc562b16688f01a736f81ed26948e166280ff5cd2a6f970d6599
  spent_txid:      0x2121212121212121212121212121212121212121212121212121212121212121
  new_txid:        0x2222222222222222222222222222222222222222222222222222222222222222
  previous_policy: verifier-only
  new_policy:      zk-or-verifier
  migration:       0x595de1d206e02c94795f46e960bf6e2230dd921d0ebfa3470a36fe05ec972be6
  resolver:        NativeTransitionedValid { covenant: [199, 80, 174, 232, 85, 97, 220, 86, 43, 22, 104, 143, 1, 167, 54, 248, 30, 210, 105, 72, 225, 102, 40, 15, 245, 205, 42, 111, 151, 13, 101, 153], spent_outpoint: KaspaOutpoint { transaction_id: [33, 33, 33, 33, 33, 33, 33, 33, 33, 33, 33, 33, 33, 33, 33, 33, 33, 33, 33, 33, 33, 33, 33, 33, 33, 33, 33, 33, 33, 33, 33, 33], index: 0 }, new_outpoint: KaspaOutpoint { transaction_id: [34, 34, 34, 34, 34, 34, 34, 34, 34, 34, 34, 34, 34, 34, 34, 34, 34, 34, 34, 34, 34, 34, 34, 34, 34, 34, 34, 34, 34, 34, 34, 34], index: 0 }, receipt_id: [89, 93, 225, 210, 6, 224, 44, 148, 121, 95, 70, 233, 96, 191, 110, 34, 48, 221, 146, 29, 14, 191, 163, 71, 10, 54, 254, 5, 236, 151, 43, 230], new_state: RgkStateCommitment { version: 1, chain_id: KaspaLocalToccata, covenant_id: [199, 80, 174, 232, 85, 97, 220, 86, 43, 22, 104, 143, 1, 167, 54, 248, 30, 210, 105, 72, 225, 102, 40, 15, 245, 205, 42, 111, 151, 13, 101, 153], asset_id: [66, 66, 66, 66, 66, 66, 66, 66, 66, 66, 66, 66, 66, 66, 66, 66, 66, 66, 66, 66, 66, 66, 66, 66, 66, 66, 66, 66, 66, 66, 66, 66], state_digest: [50, 50, 50, 50, 50, 50, 50, 50, 50, 50, 50, 50, 50, 50, 50, 50, 50, 50, 50, 50, 50, 50, 50, 50, 50, 50, 50, 50, 50, 50, 50, 50], receipt_policy: ZkOrVerifier }, confirmation_depth: 1 }

test policy_migration_recovery_fixture_survives_reopen ... ok

test result: ok. 1 passed; 0 failed; 0 ignored; 0 measured; 3 filtered out; finished in 0.03s

[e2e-devnet] running full covenant lifecycle on devnet
   Compiling kaspa-wrpc-client v1.2.2-toc.4 (/Users/arthur/RustroverProjects/rusty-kaspa/rpc/wrpc/client)
   Compiling rgk-kaspa v0.1.0 (/Users/arthur/RustroverProjects/rgk/crates/rgk-kaspa)
   Compiling rgk-resolver v0.1.0 (/Users/arthur/RustroverProjects/rgk/crates/rgk-resolver)
   Compiling rgk-sync v0.1.0 (/Users/arthur/RustroverProjects/rgk/crates/rgk-sync)
   Compiling rgk-e2e v0.1.0 (/Users/arthur/RustroverProjects/rgk/tests/rgk-e2e)
    Finished `test` profile [optimized + debuginfo] target(s) in 1.88s
     Running tests/live_covenant.rs (target/debug/deps/live_covenant-7bf44a871ab07a5e)

running 1 test
live: connected to devnet wRPC (chain_id=KaspaDevnet)
live: fixed keypair address = kaspadev:qzzt7atzyc4m662qppt53ua7dta99t33w923s8kwxxmxx5wvl7jtq0ahp67m9
live: fixed pubkey x-only = [84, bf, 75, 62, 26, 2b, bd, 69, 40, 08, 57, 48, f3, be, 6a, fa, 52, ae, 31, 71, 55, 18, 1e, ce, 31, b6, 63, 51, cc, ff, a4, b0]
live: generated keypair, devnet address: kaspadev:qzzt7atzyc4m662qppt53ua7dta99t33w923s8kwxxmxx5wvl7jtq0ahp67m9
live: mined block, report: accepted=Success
live: reached DAA score 48073 (target 1)
live: coinbase block 1 mined; mining 2000 more so the FIRST coinbase UTXO matures (need DAA >= 1001 to spend it)...
live: mined 100/2000 blocks (0.1s)
live: mined 200/2000 blocks (0.1s)
live: mined 300/2000 blocks (0.2s)
live: mined 400/2000 blocks (0.3s)
live: mined 500/2000 blocks (0.3s)
live: mined 600/2000 blocks (0.4s)
live: mined 700/2000 blocks (0.5s)
live: mined 800/2000 blocks (0.5s)
live: mined 900/2000 blocks (0.6s)
live: mined 1000/2000 blocks (0.7s)
live: mined 1100/2000 blocks (0.7s)
live: mined 1200/2000 blocks (0.8s)
live: mined 1300/2000 blocks (0.9s)
live: mined 1400/2000 blocks (0.9s)
live: mined 1500/2000 blocks (1.0s)
live: mined 1600/2000 blocks (1.1s)
live: mined 1700/2000 blocks (1.1s)
live: mined 1800/2000 blocks (1.2s)
live: mined 1900/2000 blocks (1.3s)
live: mined 2000/2000 blocks (1.4s)
live: mined 2000 blocks in 1.4s
live: reached DAA score 50073 (target 2001)
live: oldest coinbase UTXO is now mature (DAA >= 2001)
live: selected coinbase UTXO at DAA 26 (oldest, mature)
live: fetched coinbase UTXO txid=[b1, cc, ca, 07, 99, 41, 89, e9, a9, d8, ad, fb, 3c, 27, 3f, 99, 25, ba, 95, 1a, ff, 19, 6d, 72, 8a, 5c, 1f, f9, d2, 5f, 64, ce] index=0 value=4400000000
live: computed covenant_id = [94, 4c, 38, 0c, ff, 35, 55, 04, fb, 89, 62, 79, 93, cf, 93, 97, 23, 6d, c1, 74, a6, e7, b9, 17, cc, 8d, 3b, 70, 47, a2, 48, 77] for the genesis output (value=4396000000, fee=4000000)
live: signed covenant tx, txid = [75, 62, fb, 2b, ad, d6, 10, 7b, 27, c7, db, a0, cf, 16, 0f, fb, 6a, fe, 07, 0a, db, 5a, 23, 5a, b3, e0, 20, 3d, 37, 8d, 5c, c9]
live: covenant tx ACCEPTED by node: txid=[75, 62, fb, 2b, ad, d6, 10, 7b, 27, c7, db, a0, cf, 16, 0f, fb, 6a, fe, 07, 0a, db, 5a, 23, 5a, b3, e0, 20, 3d, 37, 8d, 5c, c9]
live: mined block, report: accepted=Success
live: reached DAA score 50074 (target 2)
live: confirmation block 2 mined
live: covenant output confirmed at DAA score 50074 with covenant_id=[94, 4c, 38, 0c, ff, 35, 55, 04, fb, 89, 62, 79, 93, cf, 93, 97, 23, 6d, c1, 74, a6, e7, b9, 17, cc, 8d, 3b, 70, 47, a2, 48, 77]
live: native RGK asset state digest = 0xc8d50874edd3fc3bb6f89160c3dfcb78abebcb83fbfc706ce2c85f0bef9261d3 (allocations=1 daa=50074 confirmations=1 privacy_policy=PrivateLane lane_id=0xf9e2d47ecda382db86ba713e640cb58f4a9f75a24d0820505148c302004436d9)
live: ZK covenant spend enabled, public_inputs=29 vk_bytes=1192 proof_bytes=128
live: built P2SH covenant spend, txid = [81, 29, ca, b7, e5, e0, 32, 0d, 4f, 23, 82, eb, 56, e9, ce, fa, b3, 07, 9a, 57, 19, 9e, 8d, f4, fe, 5d, ba, 1f, 13, 92, e0, d8]
live: P2SH covenant spend ACCEPTED by node: txid=[81, 29, ca, b7, e5, e0, 32, 0d, 4f, 23, 82, eb, 56, e9, ce, fa, b3, 07, 9a, 57, 19, 9e, 8d, f4, fe, 5d, ba, 1f, 13, 92, e0, d8]
live: mined block, report: accepted=Success
live: reached DAA score 50075 (target 50075)
live: P2SH covenant spend confirmation block mined
live: continuation covenant output confirmed at DAA score 50075
live: native production-ZK allocation guard accepted shape=1x1 spent_allocations=1 new_allocations=1
live: native RGK transition digest = 0xc282d3061cb7c7180b87634dbe2b058f9c6aadefd2558a26473c2f99cf41975c (old_state=0xc8d50874edd3fc3bb6f89160c3dfcb78abebcb83fbfc706ce2c85f0bef9261d3 new_state=0x87ffad6f15586f5d61282c8166c0123bdca9b18391c8b5088fa4afa69a0362a0 witness_txid=0x8129cab7e5e0320d4f2382eb56e9cefab3079a57199e8df4fe5dba1f1392e0d8 spent_allocations=1 new_allocations=1 privacy_policy=PrivateLane lane_id=0xf9e2d47ecda382db86ba713e640cb58f4a9f75a24d0820505148c302004436d9)
live: semantic RGK transition statement public_inputs=328 continuation_shape_root=0xce5ac8054efca3a13afeeb57a32a840dfcd8fd2552fa6f81b378f8b925d2b1ad policy_commitment=0x4663f5b9404ee4fe0358c6299f73422e955f5fea03e19545f5b8f99472d00bbf
live: semantic Groth16 proof verified public_inputs=41 vk_bytes=1576 proof_bytes=128
test live_toccata_full_covenant_lifecycle has been running for over 60 seconds
live: supported allocation-vector Groth16 proof verified shape=1x1 public_inputs=41 vk_bytes=1576 proof_bytes=128
live: registered private lane for view-key discovery (lane_id=0xf9e2d47ecda382db86ba713e640cb58f4a9f75a24d0820505148c302004436d9 scan_tag=0x3539f43aecf990bfd09e4b081ddba2835253710fa8a4022904e6ea61b963c62d privacy_policy=PrivateLane)
live: lane-discovery Groth16 proof verified public_inputs=9 vk_bytes=552 proof_bytes=128 lane_id=0xf9e2d47ecda382db86ba713e640cb58f4a9f75a24d0820505148c302004436d9 scan_tag=0x3539f43aecf990bfd09e4b081ddba2835253710fa8a4022904e6ea61b963c62d
live: resolver state = NativeTransitionedValid { covenant: [148, 76, 56, 12, 255, 53, 85, 4, 251, 137, 98, 121, 147, 207, 147, 151, 35, 109, 193, 116, 166, 231, 185, 23, 204, 141, 59, 112, 71, 162, 72, 119], spent_outpoint: KaspaOutpoint { transaction_id: [117, 98, 251, 43, 173, 214, 16, 123, 39, 199, 219, 160, 207, 22, 15, 251, 106, 254, 7, 10, 219, 90, 35, 90, 179, 224, 32, 61, 55, 141, 92, 201], index: 0 }, new_outpoint: KaspaOutpoint { transaction_id: [129, 41, 202, 183, 229, 224, 50, 13, 79, 35, 130, 235, 86, 233, 206, 250, 179, 7, 154, 87, 25, 158, 141, 244, 254, 93, 186, 31, 19, 146, 224, 216], index: 0 }, receipt_id: [96, 86, 2, 37, 39, 162, 9, 225, 36, 42, 205, 105, 77, 80, 201, 152, 187, 142, 209, 156, 247, 193, 10, 69, 205, 82, 61, 211, 33, 122, 94, 164], new_state: RgkStateCommitment { version: 1, chain_id: KaspaDevnet, covenant_id: [148, 76, 56, 12, 255, 53, 85, 4, 251, 137, 98, 121, 147, 207, 147, 151, 35, 109, 193, 116, 166, 231, 185, 23, 204, 141, 59, 112, 71, 162, 72, 119], asset_id: [66, 66, 66, 66, 66, 66, 66, 66, 66, 66, 66, 66, 66, 66, 66, 66, 66, 66, 66, 66, 66, 66, 66, 66, 66, 66, 66, 66, 66, 66, 66, 66], state_digest: [135, 255, 173, 111, 21, 88, 111, 93, 97, 40, 44, 129, 102, 192, 18, 59, 220, 169, 177, 131, 145, 200, 181, 8, 143, 164, 175, 166, 154, 3, 98, 160], receipt_policy: ZkOrVerifier }, confirmation_depth: 1 }
live: resolver carried phase-2 native state digest = 0x87ffad6f15586f5d61282c8166c0123bdca9b18391c8b5088fa4afa69a0362a0
live: view-key lane resolver classified as NativeTransitionedValid (lane_id=0xf9e2d47ecda382db86ba713e640cb58f4a9f75a24d0820505148c302004436d9 scan_tag=0x3539f43aecf990bfd09e4b081ddba2835253710fa8a4022904e6ea61b963c62d)
live: covenant transition classified as NativeTransitionedValid from the confirmed live Kaspa Toccata devnet spend (covenant_id=[94, 4c, 38, 0c, ff, 35, 55, 04, fb, 89, 62, 79, 93, cf, 93, 97, 23, 6d, c1, 74, a6, e7, b9, 17, cc, 8d, 3b, 70, 47, a2, 48, 77])
live: policy migration proof recovered after Sled reopen (previous_policy=verifier-only new_policy=zk-or-verifier migration=0x4785989febc32ea5b05144519ceb83a8d4bfd3efa68f84c715dce3efd692147a state_digest=0x87ffad6f15586f5d61282c8166c0123bdca9b18391c8b5088fa4afa69a0362a0 resolver=NativeTransitionedValid)
live: persistent indexer recovered covenant after resolver indexing (covenant_id=[94, 4c, 38, 0c, ff, 35, 55, 04, fb, 89, 62, 79, 93, cf, 93, 97, 23, 6d, c1, 74, a6, e7, b9, 17, cc, 8d, 3b, 70, 47, a2, 48, 77] cursor_daa=50075)
test live_toccata_full_covenant_lifecycle ... ok

test result: ok. 1 passed; 0 failed; 0 ignored; 0 measured; 0 filtered out; finished in 93.90s

[e2e-devnet] running rgk-sync scanner smoke (initialise cursor)
    Blocking waiting for file lock on package cache
    Blocking waiting for file lock on package cache
    Blocking waiting for file lock on package cache
   Compiling kaspa-wrpc-client v1.2.2-toc.4 (/Users/arthur/RustroverProjects/rusty-kaspa/rpc/wrpc/client)
   Compiling rgk-kaspa v0.1.0 (/Users/arthur/RustroverProjects/rgk/crates/rgk-kaspa)
   Compiling rgk-sync v0.1.0 (/Users/arthur/RustroverProjects/rgk/crates/rgk-sync)
    Finished `dev` profile [optimized + debuginfo] target(s) in 1.79s
     Running `target/debug/rgk-sync --url 'ws://127.0.0.1:19111/v2/kaspa/devnet/no-tls/wrpc/borsh' --network devnet --db /Users/arthur/RustroverProjects/rgk/target/rgk-devnet-evidence/sled --once`
tick initialised=true added_chain_blocks=0 observed_spends=0 start_daa=50075 end_daa=50075 end_hash_prefix=9ea3036927358fdc
[e2e-devnet] running rgk-sync scanner smoke (reload cursor)
    Finished `dev` profile [optimized + debuginfo] target(s) in 0.18s
     Running `target/debug/rgk-sync --url 'ws://127.0.0.1:19111/v2/kaspa/devnet/no-tls/wrpc/borsh' --network devnet --db /Users/arthur/RustroverProjects/rgk/target/rgk-devnet-evidence/sled --once`
tick initialised=false added_chain_blocks=0 observed_spends=0 start_daa=50075 end_daa=50075 end_hash_prefix=9ea3036927358fdc
[verify-devnet-evidence] ok: /Users/arthur/RustroverProjects/rgk/target/rgk-devnet-evidence/latest.txt
[e2e-devnet] evidence: /Users/arthur/RustroverProjects/rgk/target/rgk-devnet-evidence/latest.txt

== stderr ==
