== stdout ==
[run-kaspa-devnet] launching /Users/arthur/RustroverProjects/rgk/external/rusty-kaspa-toccata/target/release/kaspad in background
[run-kaspa-devnet] pid: 95543
[run-kaspa-devnet] log: /Users/arthur/RustroverProjects/rgk/.rgk-devnet/kaspad.log
[run-kaspa-devnet] waiting for wRPC at ws://127.0.0.1:19111
[run-kaspa-devnet] wRPC ready after 2s
[e2e-devnet] live devnet RPC: ws://127.0.0.1:19111/v2/kaspa/devnet/no-tls/wrpc/borsh
[e2e-devnet] running live_devnet test
   Compiling kaspa-wrpc-client v1.2.2-toc.4 (/Users/arthur/RustroverProjects/rusty-kaspa/rpc/wrpc/client)
   Compiling rgk-kaspa v0.1.0 (/Users/arthur/RustroverProjects/rgk/crates/rgk-kaspa)
   Compiling rgk-sync v0.1.0 (/Users/arthur/RustroverProjects/rgk/crates/rgk-sync)
   Compiling rgk-resolver v0.1.0 (/Users/arthur/RustroverProjects/rgk/crates/rgk-resolver)
   Compiling rgk-e2e v0.1.0 (/Users/arthur/RustroverProjects/rgk/tests/rgk-e2e)
    Finished `test` profile [optimized + debuginfo] target(s) in 2.15s
     Running tests/live_devnet.rs (target/debug/deps/live_devnet-a446d7acbb399c7f)

running 2 tests
live-devnet: server_version=1.2.2-toc.4 network_id=devnet is_synced=true has_utxo_index=true
test live_devnet_reports_toccata_node_identity ... ok
live-devnet: scan cursor initialised chain=KaspaDevnet daa=74111 hash_prefix=e82caf2018050ff7
test live_devnet_initialises_persistent_scan_cursor ... ok

test result: ok. 2 passed; 0 failed; 0 ignored; 0 measured; 0 filtered out; finished in 0.08s

[e2e-devnet] running policy migration recovery fixture
    Finished `test` profile [optimized + debuginfo] target(s) in 0.08s
     Running unittests src/lib.rs (target/debug/deps/rgk_e2e-61e4ff2d6b6c07e6)

running 1 test
RGK policy migration recovery
  chain:           KaspaLocalToccata
  covenant:        0xc750aee85561dc562b16688f01a736f81ed26948e166280ff5cd2a6f970d6599
  spent_txid:      0x2121212121212121212121212121212121212121212121212121212121212121
  new_txid:        0x2222222222222222222222222222222222222222222222222222222222222222
  previous_policy: verifier-only
  new_policy:      zk-or-verifier
  migration:       0x595de1d206e02c94795f46e960bf6e2230dd921d0ebfa3470a36fe05ec972be6
  resolver:        NativeTransitionedValid { covenant: [199, 80, 174, 232, 85, 97, 220, 86, 43, 22, 104, 143, 1, 167, 54, 248, 30, 210, 105, 72, 225, 102, 40, 15, 245, 205, 42, 111, 151, 13, 101, 153], spent_outpoint: KaspaOutpoint { transaction_id: [33, 33, 33, 33, 33, 33, 33, 33, 33, 33, 33, 33, 33, 33, 33, 33, 33, 33, 33, 33, 33, 33, 33, 33, 33, 33, 33, 33, 33, 33, 33, 33], index: 0 }, new_outpoint: KaspaOutpoint { transaction_id: [34, 34, 34, 34, 34, 34, 34, 34, 34, 34, 34, 34, 34, 34, 34, 34, 34, 34, 34, 34, 34, 34, 34, 34, 34, 34, 34, 34, 34, 34, 34, 34], index: 0 }, receipt_id: [89, 93, 225, 210, 6, 224, 44, 148, 121, 95, 70, 233, 96, 191, 110, 34, 48, 221, 146, 29, 14, 191, 163, 71, 10, 54, 254, 5, 236, 151, 43, 230], new_state: RgkStateCommitment { version: 1, chain_id: KaspaLocalToccata, covenant_id: [199, 80, 174, 232, 85, 97, 220, 86, 43, 22, 104, 143, 1, 167, 54, 248, 30, 210, 105, 72, 225, 102, 40, 15, 245, 205, 42, 111, 151, 13, 101, 153], asset_id: [66, 66, 66, 66, 66, 66, 66, 66, 66, 66, 66, 66, 66, 66, 66, 66, 66, 66, 66, 66, 66, 66, 66, 66, 66, 66, 66, 66, 66, 66, 66, 66], state_digest: [50, 50, 50, 50, 50, 50, 50, 50, 50, 50, 50, 50, 50, 50, 50, 50, 50, 50, 50, 50, 50, 50, 50, 50, 50, 50, 50, 50, 50, 50, 50, 50], receipt_policy: ZkOrVerifier }, allocation_audit_certificate: None, confirmation_depth: 1 }

test policy_migration_recovery_fixture_survives_reopen ... ok

test result: ok. 1 passed; 0 failed; 0 ignored; 0 measured; 3 filtered out; finished in 0.04s

[e2e-devnet] running full covenant lifecycle on devnet
   Compiling kaspa-wrpc-client v1.2.2-toc.4 (/Users/arthur/RustroverProjects/rusty-kaspa/rpc/wrpc/client)
   Compiling rgk-kaspa v0.1.0 (/Users/arthur/RustroverProjects/rgk/crates/rgk-kaspa)
   Compiling rgk-resolver v0.1.0 (/Users/arthur/RustroverProjects/rgk/crates/rgk-resolver)
   Compiling rgk-sync v0.1.0 (/Users/arthur/RustroverProjects/rgk/crates/rgk-sync)
   Compiling rgk-e2e v0.1.0 (/Users/arthur/RustroverProjects/rgk/tests/rgk-e2e)
    Finished `test` profile [optimized + debuginfo] target(s) in 2.10s
     Running tests/live_covenant.rs (target/debug/deps/live_covenant-7bf44a871ab07a5e)

running 1 test
live: connected to devnet wRPC (chain_id=KaspaDevnet)
live: fixed keypair address = kaspadev:qzzt7atzyc4m662qppt53ua7dta99t33w923s8kwxxmxx5wvl7jtq0ahp67m9
live: fixed pubkey x-only = [84, bf, 75, 62, 26, 2b, bd, 69, 40, 08, 57, 48, f3, be, 6a, fa, 52, ae, 31, 71, 55, 18, 1e, ce, 31, b6, 63, 51, cc, ff, a4, b0]
live: generated keypair, devnet address: kaspadev:qzzt7atzyc4m662qppt53ua7dta99t33w923s8kwxxmxx5wvl7jtq0ahp67m9
live: mined block, report: accepted=Success
live: reached DAA score 74112 (target 1)
live: coinbase block 1 mined; mining 2000 more so the FIRST coinbase UTXO matures (need DAA >= 1001 to spend it)...
live: mined 100/2000 blocks (0.1s)
live: mined 200/2000 blocks (0.1s)
live: mined 300/2000 blocks (0.2s)
live: mined 400/2000 blocks (0.3s)
live: mined 500/2000 blocks (0.3s)
live: mined 600/2000 blocks (0.4s)
live: mined 700/2000 blocks (0.5s)
live: mined 800/2000 blocks (0.5s)
live: mined 900/2000 blocks (0.6s)
live: mined 1000/2000 blocks (0.7s)
live: mined 1100/2000 blocks (0.8s)
live: mined 1200/2000 blocks (0.8s)
live: mined 1300/2000 blocks (0.9s)
live: mined 1400/2000 blocks (1.0s)
live: mined 1500/2000 blocks (1.0s)
live: mined 1600/2000 blocks (1.1s)
live: mined 1700/2000 blocks (1.2s)
live: mined 1800/2000 blocks (1.2s)
live: mined 1900/2000 blocks (1.3s)
live: mined 2000/2000 blocks (1.4s)
live: mined 2000 blocks in 1.4s
live: reached DAA score 76112 (target 2001)
live: oldest coinbase UTXO is now mature (DAA >= 2001)
live: selected coinbase UTXO at DAA 39 (oldest, mature)
live: fetched coinbase UTXO txid=[c9, d4, ae, 46, 5d, 7a, c6, 35, 48, ad, 36, dd, 12, 1b, 71, 71, 07, 12, 37, 1d, 51, de, ef, 9e, 23, 16, 6f, b8, c3, 88, 34, b4] index=0 value=4400000000
live: computed covenant_id = [4e, 6b, c5, 46, 07, d3, 9b, e3, bf, f2, 05, 4d, 39, f4, 0e, 7d, 66, 9d, 3a, 10, 88, 05, 5b, 0e, 4c, a7, 28, f0, e8, fb, 7d, af] for the genesis output (value=4396000000, fee=4000000)
live: signed covenant tx, txid = [54, db, 61, ad, 9c, 4e, aa, 57, fe, 99, a2, c0, 6a, 61, 98, 45, 1b, f5, cc, eb, de, 58, d6, 4d, fa, e3, 79, 9b, 8e, f7, 95, f9]
live: covenant tx ACCEPTED by node: txid=[54, db, 61, ad, 9c, 4e, aa, 57, fe, 99, a2, c0, 6a, 61, 98, 45, 1b, f5, cc, eb, de, 58, d6, 4d, fa, e3, 79, 9b, 8e, f7, 95, f9]
live: mined block, report: accepted=Success
live: reached DAA score 76113 (target 2)
live: confirmation block 2 mined
live: covenant output confirmed at DAA score 76113 with covenant_id=[4e, 6b, c5, 46, 07, d3, 9b, e3, bf, f2, 05, 4d, 39, f4, 0e, 7d, 66, 9d, 3a, 10, 88, 05, 5b, 0e, 4c, a7, 28, f0, e8, fb, 7d, af]
live: native RGK asset state digest = 0x765de751cd3cbcfd3f7dc2566260c0736a47c4cad58c8a4affeaedaf51f7a4e2 (allocations=1 daa=76113 confirmations=1 privacy_policy=PrivateLane lane_id=0xf9e2d47ecda382db86ba713e640cb58f4a9f75a24d0820505148c302004436d9)
live: ZK covenant spend enabled, public_inputs=29 vk_bytes=1192 proof_bytes=128
live: built P2SH covenant spend, txid = [79, cb, 5c, 3c, 77, 1e, f5, 6d, 09, 03, c3, db, 2f, 36, ee, 49, 86, a3, 22, c6, 63, 35, a4, bf, 08, 4a, 82, eb, bb, 8a, 53, ef]
live: P2SH covenant spend ACCEPTED by node: txid=[79, cb, 5c, 3c, 77, 1e, f5, 6d, 09, 03, c3, db, 2f, 36, ee, 49, 86, a3, 22, c6, 63, 35, a4, bf, 08, 4a, 82, eb, bb, 8a, 53, ef]
live: mined block, report: accepted=Success
live: reached DAA score 76114 (target 76114)
live: P2SH covenant spend confirmation block mined
live: continuation covenant output confirmed at DAA score 76114
live: native production-ZK allocation guard accepted shape=1x1 spent_allocations=1 new_allocations=1
live: native RGK transition digest = 0xdadc5e295d5318132d9d2a756c30684fc84e4f0aad4567b7413d3b23a54b4b28 (old_state=0x765de751cd3cbcfd3f7dc2566260c0736a47c4cad58c8a4affeaedaf51f7a4e2 new_state=0x9b4b5ec8c79145dda0f6e4103de3543f37024510e5a6bbcb60c88f46cad47c64 witness_txid=0x79cb5c3c771ef56d0903c3db2f36ee4986a322c66335a4bf084a82ebbb8a53ef spent_allocations=1 new_allocations=1 privacy_policy=PrivateLane lane_id=0xf9e2d47ecda382db86ba713e640cb58f4a9f75a24d0820505148c302004436d9)
live: semantic RGK transition statement public_inputs=328 continuation_shape_root=0xbf5201e719cc374e1b960848d476ee1192ecee1fa7a521c2f4ddb1f95b2dbcc6 policy_commitment=0x4663f5b9404ee4fe0358c6299f73422e955f5fea03e19545f5b8f99472d00bbf
live: semantic Groth16 proof verified public_inputs=41 vk_bytes=1576 proof_bytes=128
test live_toccata_full_covenant_lifecycle has been running for over 60 seconds
live: supported allocation-vector Groth16 proof verified shape=1x1 public_inputs=41 vk_bytes=1576 proof_bytes=128
live: allocation transcript segment Groth16 proof verified sides=2 segments=2 allocations=2 public_inputs_each=16 vk_bytes=776 proof_bytes_each=128 spent_root=0xc6d8f817948321d4dad86dbcd4870588fa1ba0e12f9948084afbdfdc2fa32e8d new_root=0x5d3f668ffb755dcaddce147281bfbdb89cc90a2f8aa7d8b5d4f72e931826f77d spent_amount_commitment=0x68c92efdcb7c6f9096537d37af74aba44d7615915ce88c51711c5c6d4983ff34 new_amount_commitment=0xc1760514d6f2d480507ea9247be6f416c04d9b32a5d210dba8d01d576c64a1b3
live: allocation conservation Groth16 chain verified sides=2 segments=2 allocations=2 public_inputs_each=24 final_public_inputs=10 segment_vk_bytes=1032 segment_proof_bytes_each=128 final_vk_bytes=584 final_proof_bytes=128 spent_total_commitment=0x1a0a0bbd33746c96287dfb9516ca9f5d84b84320e66092e64860c6c9e2e1bbff new_total_commitment=0x0b1f4432d9e6afc40148127ff4ae5fba3c356190d8ca733385f21e27cd88b7d7
live: allocation exclusion segment-pair Groth16 proof verified spent_segments=1 new_segments=1 pair_grid=1 public_inputs=29 vk_bytes=1192 proof_bytes=128 spent_root=0xc6d8f817948321d4dad86dbcd4870588fa1ba0e12f9948084afbdfdc2fa32e8d new_root=0x5d3f668ffb755dcaddce147281bfbdb89cc90a2f8aa7d8b5d4f72e931826f77d spent_amount_commitment=0x68c92efdcb7c6f9096537d37af74aba44d7615915ce88c51711c5c6d4983ff34 new_amount_commitment=0xc1760514d6f2d480507ea9247be6f416c04d9b32a5d210dba8d01d576c64a1b3
live: allocation audit bundle verified spent_segments=1 new_segments=1 exclusion_cells=1 spent_final_root=0xc6d8f817948321d4dad86dbcd4870588fa1ba0e12f9948084afbdfdc2fa32e8d new_final_root=0x5d3f668ffb755dcaddce147281bfbdb89cc90a2f8aa7d8b5d4f72e931826f77d spent_total_commitment=0x1a0a0bbd33746c96287dfb9516ca9f5d84b84320e66092e64860c6c9e2e1bbff new_total_commitment=0x0b1f4432d9e6afc40148127ff4ae5fba3c356190d8ca733385f21e27cd88b7d7
live: allocation audit certificate verified certificate_id=0x7a86f470e953757e380d0e7f108244a68b6739f576265d159ea7bbafdb59b0cc proof_cells=6 vk_bytes_total=5392 proof_bytes_total=768 canonical_bytes=11826
live: allocation audit certificate indexed certificate_id=0x7a86f470e953757e380d0e7f108244a68b6739f576265d159ea7bbafdb59b0cc canonical_bytes=11826
live: registered private lane for view-key discovery (lane_id=0xf9e2d47ecda382db86ba713e640cb58f4a9f75a24d0820505148c302004436d9 scan_tag=0x3539f43aecf990bfd09e4b081ddba2835253710fa8a4022904e6ea61b963c62d privacy_policy=PrivateLane)
live: lane-discovery Groth16 proof verified public_inputs=9 vk_bytes=552 proof_bytes=128 lane_id=0xf9e2d47ecda382db86ba713e640cb58f4a9f75a24d0820505148c302004436d9 scan_tag=0x3539f43aecf990bfd09e4b081ddba2835253710fa8a4022904e6ea61b963c62d
live: lane-graph Groth16 proof verified nodes=2 public_inputs=22 vk_bytes=968 proof_bytes=128 graph_root=0x6ab1ca5ef8165554c39398f6ee2cd4419bd605cc09e507fec6264f1bdebd4dfc current_lane=0xf9e2d47ecda382db86ba713e640cb58f4a9f75a24d0820505148c302004436d9 next_scan_tag=0xa1300bb57a56c79e1c43eda255ac6cb55b7e04c247681d77a754ed07551312ea
live: segmented lane-graph Groth16 proof chain verified segments=2 nodes=4 public_inputs_each=27 vk_bytes=1128 proof_bytes_each=128 start_root=0x78145c2e5e78351ffa3d0e266b1a5cb8c3eb318b074a9bcaa407fcdbc6068573 final_root=0x90f47d54d63afe8eb7e59071e891fc14e966bd0658f617d25711d29276b01bde current_lane=0xf9e2d47ecda382db86ba713e640cb58f4a9f75a24d0820505148c302004436d9 final_scan_tag=0x85fb37ef816bbbe85f5e9bb524575608a66e5914ee7bbd0507cf143449b00fdc
live: resolver state = NativeTransitionedValid { covenant: [78, 107, 197, 70, 7, 211, 155, 227, 191, 242, 5, 77, 57, 244, 14, 125, 102, 157, 58, 16, 136, 5, 91, 14, 76, 167, 40, 240, 232, 251, 125, 175], spent_outpoint: KaspaOutpoint { transaction_id: [84, 219, 97, 173, 156, 78, 170, 87, 254, 153, 162, 192, 106, 97, 152, 69, 27, 245, 204, 235, 222, 88, 214, 77, 250, 227, 121, 155, 142, 247, 149, 249], index: 0 }, new_outpoint: KaspaOutpoint { transaction_id: [121, 203, 92, 60, 119, 30, 245, 109, 9, 3, 195, 219, 47, 54, 238, 73, 134, 163, 34, 198, 99, 53, 164, 191, 8, 74, 130, 235, 187, 138, 83, 239], index: 0 }, receipt_id: [146, 229, 138, 176, 2, 97, 186, 79, 203, 151, 49, 16, 214, 6, 176, 203, 103, 253, 182, 186, 181, 103, 192, 166, 113, 179, 233, 10, 106, 187, 170, 31], new_state: RgkStateCommitment { version: 1, chain_id: KaspaDevnet, covenant_id: [78, 107, 197, 70, 7, 211, 155, 227, 191, 242, 5, 77, 57, 244, 14, 125, 102, 157, 58, 16, 136, 5, 91, 14, 76, 167, 40, 240, 232, 251, 125, 175], asset_id: [66, 66, 66, 66, 66, 66, 66, 66, 66, 66, 66, 66, 66, 66, 66, 66, 66, 66, 66, 66, 66, 66, 66, 66, 66, 66, 66, 66, 66, 66, 66, 66], state_digest: [155, 75, 94, 200, 199, 145, 69, 221, 160, 246, 228, 16, 61, 227, 84, 63, 55, 2, 69, 16, 229, 166, 187, 203, 96, 200, 143, 70, 202, 212, 124, 100], receipt_policy: ZkOrVerifier }, allocation_audit_certificate: Some(AllocationAuditCertificateRecord { certificate_id: "0x7a86f470e953757e380d0e7f108244a68b6739f576265d159ea7bbafdb59b0cc", canonical_bytes_len: 11826 }), confirmation_depth: 1 }
live: resolver carried phase-2 native state digest = 0x9b4b5ec8c79145dda0f6e4103de3543f37024510e5a6bbcb60c88f46cad47c64
live: view-key lane resolver classified as NativeTransitionedValid (lane_id=0xf9e2d47ecda382db86ba713e640cb58f4a9f75a24d0820505148c302004436d9 scan_tag=0x3539f43aecf990bfd09e4b081ddba2835253710fa8a4022904e6ea61b963c62d)
live: covenant transition classified as NativeTransitionedValid from the confirmed live Kaspa Toccata devnet spend (covenant_id=[4e, 6b, c5, 46, 07, d3, 9b, e3, bf, f2, 05, 4d, 39, f4, 0e, 7d, 66, 9d, 3a, 10, 88, 05, 5b, 0e, 4c, a7, 28, f0, e8, fb, 7d, af])
live: policy migration proof recovered after Sled reopen (previous_policy=verifier-only new_policy=zk-or-verifier migration=0xeb4060c56638fe3d3da707e5f2b34fe77b4aa699a917235528ca146c1321e487 state_digest=0x9b4b5ec8c79145dda0f6e4103de3543f37024510e5a6bbcb60c88f46cad47c64 resolver=NativeTransitionedValid)
live: persistent allocation audit certificate recovered certificate_id=0x7a86f470e953757e380d0e7f108244a68b6739f576265d159ea7bbafdb59b0cc canonical_bytes=11826
live: persistent indexer recovered covenant after resolver indexing (covenant_id=[4e, 6b, c5, 46, 07, d3, 9b, e3, bf, f2, 05, 4d, 39, f4, 0e, 7d, 66, 9d, 3a, 10, 88, 05, 5b, 0e, 4c, a7, 28, f0, e8, fb, 7d, af] cursor_daa=76114)
test live_toccata_full_covenant_lifecycle ... ok

test result: ok. 1 passed; 0 failed; 0 ignored; 0 measured; 0 filtered out; finished in 244.43s

[e2e-devnet] running rgk-sync scanner smoke (initialise cursor)
   Compiling kaspa-wrpc-client v1.2.2-toc.4 (/Users/arthur/RustroverProjects/rusty-kaspa/rpc/wrpc/client)
   Compiling rgk-kaspa v0.1.0 (/Users/arthur/RustroverProjects/rgk/crates/rgk-kaspa)
   Compiling rgk-sync v0.1.0 (/Users/arthur/RustroverProjects/rgk/crates/rgk-sync)
    Finished `dev` profile [optimized + debuginfo] target(s) in 2.96s
     Running `target/debug/rgk-sync --url 'ws://127.0.0.1:19111/v2/kaspa/devnet/no-tls/wrpc/borsh' --network devnet --db /Users/arthur/RustroverProjects/rgk/target/rgk-devnet-evidence/sled --once`
tick initialised=true added_chain_blocks=0 observed_spends=0 start_daa=76114 end_daa=76114 end_hash_prefix=be12a28647484205
[e2e-devnet] running rgk-sync scanner smoke (reload cursor)
    Finished `dev` profile [optimized + debuginfo] target(s) in 0.18s
     Running `target/debug/rgk-sync --url 'ws://127.0.0.1:19111/v2/kaspa/devnet/no-tls/wrpc/borsh' --network devnet --db /Users/arthur/RustroverProjects/rgk/target/rgk-devnet-evidence/sled --once`
tick initialised=false added_chain_blocks=0 observed_spends=0 start_daa=76114 end_daa=76114 end_hash_prefix=be12a28647484205
[e2e-devnet] verifying examples coverage matrix
[verify-example-matrix] ok: /Users/arthur/RustroverProjects/rgk/examples/contract-matrix.tsv rows=4
[verify-devnet-evidence] ok: /Users/arthur/RustroverProjects/rgk/target/rgk-devnet-evidence/latest.txt
[e2e-devnet] evidence: /Users/arthur/RustroverProjects/rgk/target/rgk-devnet-evidence/latest.txt

== stderr ==
