== stdout ==

running 1 test
test live_toccata_full_covenant_lifecycle has been running for over 60 seconds
test live_toccata_full_covenant_lifecycle ... ok

test result: ok. 1 passed; 0 failed; 0 ignored; 0 measured; 0 filtered out; finished in 88.61s


== stderr ==
    Blocking waiting for file lock on build directory
   Compiling kaspa-wrpc-client v1.2.2-toc.4 (/Users/arthur/RustroverProjects/rusty-kaspa/rpc/wrpc/client)
   Compiling rgk-kaspa v0.1.0 (/Users/arthur/RustroverProjects/rgk/crates/rgk-kaspa)
   Compiling rgk-resolver v0.1.0 (/Users/arthur/RustroverProjects/rgk/crates/rgk-resolver)
   Compiling rgk-sync v0.1.0 (/Users/arthur/RustroverProjects/rgk/crates/rgk-sync)
   Compiling rgk-e2e v0.1.0 (/Users/arthur/RustroverProjects/rgk/tests/rgk-e2e)
    Finished `test` profile [optimized + debuginfo] target(s) in 3.56s
     Running tests/live_covenant.rs (target/debug/deps/live_covenant-7bf44a871ab07a5e)
live: connected to local-toccata wRPC (chain_id=KaspaLocalToccata)
live: fixed keypair address = kaspasim:qzzt7atzyc4m662qppt53ua7dta99t33w923s8kwxxmxx5wvl7jtqvn0x5as6
live: fixed pubkey x-only = [84, bf, 75, 62, 26, 2b, bd, 69, 40, 08, 57, 48, f3, be, 6a, fa, 52, ae, 31, 71, 55, 18, 1e, ce, 31, b6, 63, 51, cc, ff, a4, b0]
live: generated keypair, local-toccata address: kaspasim:qzzt7atzyc4m662qppt53ua7dta99t33w923s8kwxxmxx5wvl7jtqvn0x5as6
live: mined block, report: accepted=Success
live: reached DAA score 94117 (target 1)
live: coinbase block 1 mined; mining 2000 more so the FIRST coinbase UTXO matures (need DAA >= 1001 to spend it)...
live: mined 100/2000 blocks (0.1s)
live: mined 200/2000 blocks (0.2s)
live: mined 300/2000 blocks (0.3s)
live: mined 400/2000 blocks (0.4s)
live: mined 500/2000 blocks (0.5s)
live: mined 600/2000 blocks (0.6s)
live: mined 700/2000 blocks (0.7s)
live: mined 800/2000 blocks (0.8s)
live: mined 900/2000 blocks (0.9s)
live: mined 1000/2000 blocks (0.9s)
live: mined 1100/2000 blocks (1.0s)
live: mined 1200/2000 blocks (1.1s)
live: mined 1300/2000 blocks (1.2s)
live: mined 1400/2000 blocks (1.3s)
live: mined 1500/2000 blocks (1.4s)
live: mined 1600/2000 blocks (1.5s)
live: mined 1700/2000 blocks (1.6s)
live: mined 1800/2000 blocks (1.7s)
live: mined 1900/2000 blocks (1.8s)
live: mined 2000/2000 blocks (1.8s)
live: mined 2000 blocks in 1.8s
live: reached DAA score 96117 (target 2001)
live: oldest coinbase UTXO is now mature (DAA >= 2001)
live: selected coinbase UTXO at DAA 49 (oldest, mature)
live: fetched coinbase UTXO txid=[bf, ef, b3, e5, df, 02, e4, 5d, 04, 5d, 70, 42, 1f, 3a, c2, 4a, 61, ad, af, cd, 30, af, fa, b5, a5, 63, b5, 1d, 36, 1b, 46, 41] index=0 value=5000000000
live: computed covenant_id = [fe, 67, 88, 00, 60, 6d, a5, e3, b5, 42, 92, 90, d1, ce, bb, ae, 61, 22, 04, 89, 76, 2b, 7f, ff, 79, 6f, 33, e0, 94, ec, 52, 00] for the genesis output (value=4996000000, fee=4000000)
live: signed covenant tx, txid = [23, 81, 39, b6, 58, 55, 3f, b5, 00, 00, d9, 0f, ec, 57, 13, 26, b3, 3a, 70, 13, 1d, 46, e6, bd, 6e, 77, 2a, a4, 83, cc, 77, 63]
live: covenant tx ACCEPTED by node: txid=[23, 81, 39, b6, 58, 55, 3f, b5, 00, 00, d9, 0f, ec, 57, 13, 26, b3, 3a, 70, 13, 1d, 46, e6, bd, 6e, 77, 2a, a4, 83, cc, 77, 63]
live: mined block, report: accepted=Success
live: reached DAA score 96118 (target 2)
live: confirmation block 2 mined
live: covenant output confirmed at DAA score 96118 with covenant_id=[fe, 67, 88, 00, 60, 6d, a5, e3, b5, 42, 92, 90, d1, ce, bb, ae, 61, 22, 04, 89, 76, 2b, 7f, ff, 79, 6f, 33, e0, 94, ec, 52, 00]
live: native RGK asset state digest = 0x0596c64f44964b263539a58c3da5f62a3fce8ea8b178c8f1934042941f39f079 (allocations=1 daa=96118 confirmations=1 privacy_policy=PrivateLane lane_id=0xf9e2d47ecda382db86ba713e640cb58f4a9f75a24d0820505148c302004436d9)
live: ZK covenant spend enabled, public_inputs=29 vk_bytes=1192 proof_bytes=128
live: built P2SH covenant spend, txid = [87, 72, 43, a5, dd, ec, 5e, fc, f4, 12, 7f, e5, 30, 65, 4c, fa, 64, 60, 8e, 42, 16, be, d2, f9, 94, db, 8c, ef, 3e, d6, e2, 65]
live: P2SH covenant spend ACCEPTED by node: txid=[87, 72, 43, a5, dd, ec, 5e, fc, f4, 12, 7f, e5, 30, 65, 4c, fa, 64, 60, 8e, 42, 16, be, d2, f9, 94, db, 8c, ef, 3e, d6, e2, 65]
live: mined block, report: accepted=Success
live: reached DAA score 96119 (target 96119)
live: P2SH covenant spend confirmation block mined
live: continuation covenant output confirmed at DAA score 96119
live: native RGK transition digest = 0xd175d61d61b497360327326276f2261536e5cd4c42a0277819bf1df5ace4c6a4 (old_state=0x0596c64f44964b263539a58c3da5f62a3fce8ea8b178c8f1934042941f39f079 new_state=0x4b7c971eeb2f0349333560d7ebac7a4e85066855ae0101cc424b0a1b08cf3501 witness_txid=0x877243a5ddec5efcf4127fe530654cfa64608e4216bed2f994db8cef3ed6e265 spent_allocations=1 new_allocations=1 privacy_policy=PrivateLane lane_id=0xf9e2d47ecda382db86ba713e640cb58f4a9f75a24d0820505148c302004436d9)
live: semantic RGK transition statement public_inputs=328 continuation_shape_root=0x33cd92c0293215fb7aadcc71d64d03e42b9d7e13adeec7197131640c21be8b5b policy_commitment=0x4663f5b9404ee4fe0358c6299f73422e955f5fea03e19545f5b8f99472d00bbf
live: semantic Groth16 proof verified public_inputs=41 vk_bytes=1576 proof_bytes=128
live: supported allocation-vector Groth16 proof verified shape=1x1 public_inputs=41 vk_bytes=1576 proof_bytes=128
live: registered private lane for view-key discovery (lane_id=0xf9e2d47ecda382db86ba713e640cb58f4a9f75a24d0820505148c302004436d9 scan_tag=0x3539f43aecf990bfd09e4b081ddba2835253710fa8a4022904e6ea61b963c62d privacy_policy=PrivateLane)
live: resolver state = NativeTransitionedValid { covenant: [254, 103, 136, 0, 96, 109, 165, 227, 181, 66, 146, 144, 209, 206, 187, 174, 97, 34, 4, 137, 118, 43, 127, 255, 121, 111, 51, 224, 148, 236, 82, 0], spent_outpoint: KaspaOutpoint { transaction_id: [35, 129, 57, 182, 88, 85, 63, 181, 0, 0, 217, 15, 236, 87, 19, 38, 179, 58, 112, 19, 29, 70, 230, 189, 110, 119, 42, 164, 131, 204, 119, 99], index: 0 }, new_outpoint: KaspaOutpoint { transaction_id: [135, 114, 67, 165, 221, 236, 94, 252, 244, 18, 127, 229, 48, 101, 76, 250, 100, 96, 142, 66, 22, 190, 210, 249, 148, 219, 140, 239, 62, 214, 226, 101], index: 0 }, receipt_id: [71, 208, 80, 242, 157, 195, 255, 16, 86, 200, 223, 122, 183, 245, 74, 135, 244, 182, 119, 220, 170, 54, 190, 80, 86, 79, 170, 233, 131, 126, 22, 181], new_state: RgkStateCommitment { version: 1, chain_id: KaspaLocalToccata, covenant_id: [254, 103, 136, 0, 96, 109, 165, 227, 181, 66, 146, 144, 209, 206, 187, 174, 97, 34, 4, 137, 118, 43, 127, 255, 121, 111, 51, 224, 148, 236, 82, 0], asset_id: [66, 66, 66, 66, 66, 66, 66, 66, 66, 66, 66, 66, 66, 66, 66, 66, 66, 66, 66, 66, 66, 66, 66, 66, 66, 66, 66, 66, 66, 66, 66, 66], state_digest: [5, 150, 198, 79, 68, 150, 75, 38, 53, 57, 165, 140, 61, 165, 246, 42, 63, 206, 142, 168, 177, 120, 200, 241, 147, 64, 66, 148, 31, 57, 240, 121], receipt_policy: ZkOrVerifier }, confirmation_depth: 1 }
live: view-key lane resolver classified as NativeTransitionedValid (lane_id=0xf9e2d47ecda382db86ba713e640cb58f4a9f75a24d0820505148c302004436d9 scan_tag=0x3539f43aecf990bfd09e4b081ddba2835253710fa8a4022904e6ea61b963c62d)
live: covenant transition classified as NativeTransitionedValid from the confirmed live Kaspa Toccata local-toccata spend (covenant_id=[fe, 67, 88, 00, 60, 6d, a5, e3, b5, 42, 92, 90, d1, ce, bb, ae, 61, 22, 04, 89, 76, 2b, 7f, ff, 79, 6f, 33, e0, 94, ec, 52, 00])
