== stdout ==
[run-kaspa-devnet] launching /Users/arthur/RustroverProjects/rgk/external/rusty-kaspa-toccata/target/release/kaspad in background
[run-kaspa-devnet] pid: 38641
[run-kaspa-devnet] log: /Users/arthur/RustroverProjects/rgk/.rgk-devnet/kaspad.log
[run-kaspa-devnet] waiting for wRPC at ws://127.0.0.1:19111
[run-kaspa-devnet] wRPC ready after 2s
[e2e-devnet] live devnet RPC: ws://127.0.0.1:19111/v2/kaspa/devnet/no-tls/wrpc/borsh
[e2e-devnet] running live_devnet test
   Compiling kaspa-wrpc-client v1.2.2-toc.4 (/Users/arthur/RustroverProjects/rusty-kaspa/rpc/wrpc/client)
   Compiling rgk-kaspa v0.1.0 (/Users/arthur/RustroverProjects/rgk/crates/rgk-kaspa)
   Compiling rgk-resolver v0.1.0 (/Users/arthur/RustroverProjects/rgk/crates/rgk-resolver)
   Compiling rgk-sync v0.1.0 (/Users/arthur/RustroverProjects/rgk/crates/rgk-sync)
   Compiling rgk-e2e v0.1.0 (/Users/arthur/RustroverProjects/rgk/tests/rgk-e2e)
    Finished `test` profile [optimized + debuginfo] target(s) in 3.39s
     Running tests/live_devnet.rs (target/debug/deps/live_devnet-a446d7acbb399c7f)

running 2 tests
live-devnet: server_version=1.2.2-toc.4 network_id=devnet is_synced=false has_utxo_index=true
test live_devnet_reports_toccata_node_identity ... ok
live-devnet: scan cursor initialised chain=KaspaDevnet daa=58087 hash_prefix=374d312bc204cb18
test live_devnet_initialises_persistent_scan_cursor ... ok

test result: ok. 2 passed; 0 failed; 0 ignored; 0 measured; 0 filtered out; finished in 0.05s

[e2e-devnet] running policy migration recovery fixture
    Finished `test` profile [optimized + debuginfo] target(s) in 0.13s
     Running unittests src/lib.rs (target/debug/deps/rgk_e2e-61e4ff2d6b6c07e6)

running 1 test
RGK policy migration recovery
  chain:           KaspaLocalToccata
  covenant:        0xc750aee85561dc562b16688f01a736f81ed26948e166280ff5cd2a6f970d6599
  spent_txid:      0x2121212121212121212121212121212121212121212121212121212121212121
  new_txid:        0x2222222222222222222222222222222222222222222222222222222222222222
  previous_policy: verifier-only
  new_policy:      zk-or-verifier
  migration:       0x595de1d206e02c94795f46e960bf6e2230dd921d0ebfa3470a36fe05ec972be6
  resolver:        NativeTransitionedValid { covenant: [199, 80, 174, 232, 85, 97, 220, 86, 43, 22, 104, 143, 1, 167, 54, 248, 30, 210, 105, 72, 225, 102, 40, 15, 245, 205, 42, 111, 151, 13, 101, 153], spent_outpoint: KaspaOutpoint { transaction_id: [33, 33, 33, 33, 33, 33, 33, 33, 33, 33, 33, 33, 33, 33, 33, 33, 33, 33, 33, 33, 33, 33, 33, 33, 33, 33, 33, 33, 33, 33, 33, 33], index: 0 }, new_outpoint: KaspaOutpoint { transaction_id: [34, 34, 34, 34, 34, 34, 34, 34, 34, 34, 34, 34, 34, 34, 34, 34, 34, 34, 34, 34, 34, 34, 34, 34, 34, 34, 34, 34, 34, 34, 34, 34], index: 0 }, receipt_id: [89, 93, 225, 210, 6, 224, 44, 148, 121, 95, 70, 233, 96, 191, 110, 34, 48, 221, 146, 29, 14, 191, 163, 71, 10, 54, 254, 5, 236, 151, 43, 230], new_state: RgkStateCommitment { version: 1, chain_id: KaspaLocalToccata, covenant_id: [199, 80, 174, 232, 85, 97, 220, 86, 43, 22, 104, 143, 1, 167, 54, 248, 30, 210, 105, 72, 225, 102, 40, 15, 245, 205, 42, 111, 151, 13, 101, 153], asset_id: [66, 66, 66, 66, 66, 66, 66, 66, 66, 66, 66, 66, 66, 66, 66, 66, 66, 66, 66, 66, 66, 66, 66, 66, 66, 66, 66, 66, 66, 66, 66, 66], state_digest: [50, 50, 50, 50, 50, 50, 50, 50, 50, 50, 50, 50, 50, 50, 50, 50, 50, 50, 50, 50, 50, 50, 50, 50, 50, 50, 50, 50, 50, 50, 50, 50], receipt_policy: ZkOrVerifier }, confirmation_depth: 1 }

test policy_migration_recovery_fixture_survives_reopen ... ok

test result: ok. 1 passed; 0 failed; 0 ignored; 0 measured; 3 filtered out; finished in 0.04s

[e2e-devnet] running full covenant lifecycle on devnet
   Compiling kaspa-wrpc-client v1.2.2-toc.4 (/Users/arthur/RustroverProjects/rusty-kaspa/rpc/wrpc/client)
   Compiling rgk-kaspa v0.1.0 (/Users/arthur/RustroverProjects/rgk/crates/rgk-kaspa)
   Compiling rgk-resolver v0.1.0 (/Users/arthur/RustroverProjects/rgk/crates/rgk-resolver)
   Compiling rgk-sync v0.1.0 (/Users/arthur/RustroverProjects/rgk/crates/rgk-sync)
   Compiling rgk-e2e v0.1.0 (/Users/arthur/RustroverProjects/rgk/tests/rgk-e2e)
    Finished `test` profile [optimized + debuginfo] target(s) in 2.60s
     Running tests/live_covenant.rs (target/debug/deps/live_covenant-7bf44a871ab07a5e)

running 1 test
live: connected to devnet wRPC (chain_id=KaspaDevnet)
live: fixed keypair address = kaspadev:qzzt7atzyc4m662qppt53ua7dta99t33w923s8kwxxmxx5wvl7jtq0ahp67m9
live: fixed pubkey x-only = [84, bf, 75, 62, 26, 2b, bd, 69, 40, 08, 57, 48, f3, be, 6a, fa, 52, ae, 31, 71, 55, 18, 1e, ce, 31, b6, 63, 51, cc, ff, a4, b0]
live: generated keypair, devnet address: kaspadev:qzzt7atzyc4m662qppt53ua7dta99t33w923s8kwxxmxx5wvl7jtq0ahp67m9
live: mined block, report: accepted=Success
live: reached DAA score 58088 (target 1)
live: coinbase block 1 mined; mining 2000 more so the FIRST coinbase UTXO matures (need DAA >= 1001 to spend it)...
live: mined 100/2000 blocks (0.1s)
live: mined 200/2000 blocks (0.1s)
live: mined 300/2000 blocks (0.2s)
live: mined 400/2000 blocks (0.3s)
live: mined 500/2000 blocks (0.4s)
live: mined 600/2000 blocks (0.4s)
live: mined 700/2000 blocks (0.5s)
live: mined 800/2000 blocks (0.6s)
live: mined 900/2000 blocks (0.6s)
live: mined 1000/2000 blocks (0.7s)
live: mined 1100/2000 blocks (0.8s)
live: mined 1200/2000 blocks (0.8s)
live: mined 1300/2000 blocks (0.9s)
live: mined 1400/2000 blocks (1.0s)
live: mined 1500/2000 blocks (1.1s)
live: mined 1600/2000 blocks (1.1s)
live: mined 1700/2000 blocks (1.2s)
live: mined 1800/2000 blocks (1.3s)
live: mined 1900/2000 blocks (1.4s)
live: mined 2000/2000 blocks (1.4s)
live: mined 2000 blocks in 1.4s
live: reached DAA score 60088 (target 2001)
live: oldest coinbase UTXO is now mature (DAA >= 2001)
live: selected coinbase UTXO at DAA 31 (oldest, mature)
live: fetched coinbase UTXO txid=[dc, 6e, 74, 55, 5c, 53, ad, 79, 84, 2f, f7, 38, 23, 10, 8a, b0, 61, ad, 27, 84, 8f, ec, 24, 4c, 98, 3b, d0, 46, 3c, 0f, 47, 42] index=0 value=4400000000
live: computed covenant_id = [2b, 0f, 94, f3, 64, 71, 67, f5, d7, 88, fe, 74, 70, 44, 1a, 4d, 2a, de, 5b, 46, 07, 99, 70, 2e, a7, ce, f3, 1b, b1, 20, 9c, 13] for the genesis output (value=4396000000, fee=4000000)
live: signed covenant tx, txid = [54, b3, ac, be, 3b, c0, 59, f3, 23, 0a, 2e, 61, 8e, 0b, ab, 1b, cb, 58, 0a, 91, 20, f5, 8e, 94, 96, 6d, e5, bb, 6f, 6e, c4, 4f]
live: covenant tx ACCEPTED by node: txid=[54, b3, ac, be, 3b, c0, 59, f3, 23, 0a, 2e, 61, 8e, 0b, ab, 1b, cb, 58, 0a, 91, 20, f5, 8e, 94, 96, 6d, e5, bb, 6f, 6e, c4, 4f]
live: mined block, report: accepted=Success
live: reached DAA score 60089 (target 2)
live: confirmation block 2 mined
live: covenant output confirmed at DAA score 60089 with covenant_id=[2b, 0f, 94, f3, 64, 71, 67, f5, d7, 88, fe, 74, 70, 44, 1a, 4d, 2a, de, 5b, 46, 07, 99, 70, 2e, a7, ce, f3, 1b, b1, 20, 9c, 13]
live: native RGK asset state digest = 0x6ece801bc556f85c8dcdb0962e9b404643e27171a5c419919aa1ccc8eeedfc5e (allocations=1 daa=60089 confirmations=1 privacy_policy=PrivateLane lane_id=0xf9e2d47ecda382db86ba713e640cb58f4a9f75a24d0820505148c302004436d9)
live: ZK covenant spend enabled, public_inputs=29 vk_bytes=1192 proof_bytes=128
live: built P2SH covenant spend, txid = [f7, 6e, a5, 71, f9, 43, a2, 4a, e0, 18, 99, 06, dd, 51, 41, d1, 28, 13, f9, f1, 74, e0, 0c, 94, 42, f5, cd, 1c, 38, 44, 97, 65]
live: P2SH covenant spend ACCEPTED by node: txid=[f7, 6e, a5, 71, f9, 43, a2, 4a, e0, 18, 99, 06, dd, 51, 41, d1, 28, 13, f9, f1, 74, e0, 0c, 94, 42, f5, cd, 1c, 38, 44, 97, 65]
live: mined block, report: accepted=Success
live: reached DAA score 60090 (target 60090)
live: P2SH covenant spend confirmation block mined
live: continuation covenant output confirmed at DAA score 60090
live: native production-ZK allocation guard accepted shape=1x1 spent_allocations=1 new_allocations=1
live: native RGK transition digest = 0x94c299be556f92007a6fe4716a64a7116b9a2774cad9fcfe5eb779d06f5a7042 (old_state=0x6ece801bc556f85c8dcdb0962e9b404643e27171a5c419919aa1ccc8eeedfc5e new_state=0x0d2e900ca85ddfb06a2e174f0b44e507f45054b7640d07d2e15fc96800ae5adb witness_txid=0xf76ea571f943a24ae0189906dd5141d12813f9f174e00c9442f5cd1c38449765 spent_allocations=1 new_allocations=1 privacy_policy=PrivateLane lane_id=0xf9e2d47ecda382db86ba713e640cb58f4a9f75a24d0820505148c302004436d9)
live: semantic RGK transition statement public_inputs=328 continuation_shape_root=0x6a33b6f720cb3868fcc017ad5bd4b7dcb8355ad4cef00d16406b7b4127d8282a policy_commitment=0x4663f5b9404ee4fe0358c6299f73422e955f5fea03e19545f5b8f99472d00bbf
live: semantic Groth16 proof verified public_inputs=41 vk_bytes=1576 proof_bytes=128
test live_toccata_full_covenant_lifecycle has been running for over 60 seconds
live: supported allocation-vector Groth16 proof verified shape=1x1 public_inputs=41 vk_bytes=1576 proof_bytes=128
live: allocation transcript segment Groth16 proof verified sides=2 segments=2 allocations=2 public_inputs_each=16 vk_bytes=776 proof_bytes_each=128 spent_root=0x5020dc186680c1295da59e327125abd63076d9de4073d1e5b112113f52b24385 new_root=0xc3250bbbf2406e009a888cf0d36686a6a663970e65d32ae88bf003f1d8423b66 spent_amount_commitment=0x68c92efdcb7c6f9096537d37af74aba44d7615915ce88c51711c5c6d4983ff34 new_amount_commitment=0xc1760514d6f2d480507ea9247be6f416c04d9b32a5d210dba8d01d576c64a1b3
live: allocation exclusion segment-pair Groth16 proof verified spent_segments=1 new_segments=1 pair_grid=1 public_inputs=29 vk_bytes=1192 proof_bytes=128 spent_root=0x5020dc186680c1295da59e327125abd63076d9de4073d1e5b112113f52b24385 new_root=0xc3250bbbf2406e009a888cf0d36686a6a663970e65d32ae88bf003f1d8423b66 spent_amount_commitment=0x68c92efdcb7c6f9096537d37af74aba44d7615915ce88c51711c5c6d4983ff34 new_amount_commitment=0xc1760514d6f2d480507ea9247be6f416c04d9b32a5d210dba8d01d576c64a1b3
live: registered private lane for view-key discovery (lane_id=0xf9e2d47ecda382db86ba713e640cb58f4a9f75a24d0820505148c302004436d9 scan_tag=0x3539f43aecf990bfd09e4b081ddba2835253710fa8a4022904e6ea61b963c62d privacy_policy=PrivateLane)
live: lane-discovery Groth16 proof verified public_inputs=9 vk_bytes=552 proof_bytes=128 lane_id=0xf9e2d47ecda382db86ba713e640cb58f4a9f75a24d0820505148c302004436d9 scan_tag=0x3539f43aecf990bfd09e4b081ddba2835253710fa8a4022904e6ea61b963c62d
live: lane-graph Groth16 proof verified nodes=2 public_inputs=22 vk_bytes=968 proof_bytes=128 graph_root=0x6ab1ca5ef8165554c39398f6ee2cd4419bd605cc09e507fec6264f1bdebd4dfc current_lane=0xf9e2d47ecda382db86ba713e640cb58f4a9f75a24d0820505148c302004436d9 next_scan_tag=0xa1300bb57a56c79e1c43eda255ac6cb55b7e04c247681d77a754ed07551312ea
live: segmented lane-graph Groth16 proof chain verified segments=2 nodes=4 public_inputs_each=27 vk_bytes=1128 proof_bytes_each=128 start_root=0x78145c2e5e78351ffa3d0e266b1a5cb8c3eb318b074a9bcaa407fcdbc6068573 final_root=0x90f47d54d63afe8eb7e59071e891fc14e966bd0658f617d25711d29276b01bde current_lane=0xf9e2d47ecda382db86ba713e640cb58f4a9f75a24d0820505148c302004436d9 final_scan_tag=0x85fb37ef816bbbe85f5e9bb524575608a66e5914ee7bbd0507cf143449b00fdc
live: resolver state = NativeTransitionedValid { covenant: [43, 15, 148, 243, 100, 113, 103, 245, 215, 136, 254, 116, 112, 68, 26, 77, 42, 222, 91, 70, 7, 153, 112, 46, 167, 206, 243, 27, 177, 32, 156, 19], spent_outpoint: KaspaOutpoint { transaction_id: [84, 179, 172, 190, 59, 192, 89, 243, 35, 10, 46, 97, 142, 11, 171, 27, 203, 88, 10, 145, 32, 245, 142, 148, 150, 109, 229, 187, 111, 110, 196, 79], index: 0 }, new_outpoint: KaspaOutpoint { transaction_id: [247, 110, 165, 113, 249, 67, 162, 74, 224, 24, 153, 6, 221, 81, 65, 209, 40, 19, 249, 241, 116, 224, 12, 148, 66, 245, 205, 28, 56, 68, 151, 101], index: 0 }, receipt_id: [209, 93, 239, 175, 219, 253, 103, 141, 26, 7, 169, 74, 177, 143, 157, 97, 103, 15, 173, 29, 177, 207, 95, 15, 88, 92, 36, 76, 237, 79, 11, 179], new_state: RgkStateCommitment { version: 1, chain_id: KaspaDevnet, covenant_id: [43, 15, 148, 243, 100, 113, 103, 245, 215, 136, 254, 116, 112, 68, 26, 77, 42, 222, 91, 70, 7, 153, 112, 46, 167, 206, 243, 27, 177, 32, 156, 19], asset_id: [66, 66, 66, 66, 66, 66, 66, 66, 66, 66, 66, 66, 66, 66, 66, 66, 66, 66, 66, 66, 66, 66, 66, 66, 66, 66, 66, 66, 66, 66, 66, 66], state_digest: [13, 46, 144, 12, 168, 93, 223, 176, 106, 46, 23, 79, 11, 68, 229, 7, 244, 80, 84, 183, 100, 13, 7, 210, 225, 95, 201, 104, 0, 174, 90, 219], receipt_policy: ZkOrVerifier }, confirmation_depth: 1 }
live: resolver carried phase-2 native state digest = 0x0d2e900ca85ddfb06a2e174f0b44e507f45054b7640d07d2e15fc96800ae5adb
live: view-key lane resolver classified as NativeTransitionedValid (lane_id=0xf9e2d47ecda382db86ba713e640cb58f4a9f75a24d0820505148c302004436d9 scan_tag=0x3539f43aecf990bfd09e4b081ddba2835253710fa8a4022904e6ea61b963c62d)
live: covenant transition classified as NativeTransitionedValid from the confirmed live Kaspa Toccata devnet spend (covenant_id=[2b, 0f, 94, f3, 64, 71, 67, f5, d7, 88, fe, 74, 70, 44, 1a, 4d, 2a, de, 5b, 46, 07, 99, 70, 2e, a7, ce, f3, 1b, b1, 20, 9c, 13])
live: policy migration proof recovered after Sled reopen (previous_policy=verifier-only new_policy=zk-or-verifier migration=0xccafeeed083da0a2f7bfd2509cd223d4ee8e110c06565d61dfb60d7305a70210 state_digest=0x0d2e900ca85ddfb06a2e174f0b44e507f45054b7640d07d2e15fc96800ae5adb resolver=NativeTransitionedValid)
live: persistent indexer recovered covenant after resolver indexing (covenant_id=[2b, 0f, 94, f3, 64, 71, 67, f5, d7, 88, fe, 74, 70, 44, 1a, 4d, 2a, de, 5b, 46, 07, 99, 70, 2e, a7, ce, f3, 1b, b1, 20, 9c, 13] cursor_daa=60090)
test live_toccata_full_covenant_lifecycle ... ok

test result: ok. 1 passed; 0 failed; 0 ignored; 0 measured; 0 filtered out; finished in 216.51s

[e2e-devnet] running rgk-sync scanner smoke (initialise cursor)
   Compiling kaspa-wrpc-client v1.2.2-toc.4 (/Users/arthur/RustroverProjects/rusty-kaspa/rpc/wrpc/client)
   Compiling rgk-kaspa v0.1.0 (/Users/arthur/RustroverProjects/rgk/crates/rgk-kaspa)
   Compiling rgk-sync v0.1.0 (/Users/arthur/RustroverProjects/rgk/crates/rgk-sync)
    Finished `dev` profile [optimized + debuginfo] target(s) in 4.01s
     Running `target/debug/rgk-sync --url 'ws://127.0.0.1:19111/v2/kaspa/devnet/no-tls/wrpc/borsh' --network devnet --db /Users/arthur/RustroverProjects/rgk/target/rgk-devnet-evidence/sled --once`
tick initialised=true added_chain_blocks=0 observed_spends=0 start_daa=60090 end_daa=60090 end_hash_prefix=e8c42f2b257e68ae
[e2e-devnet] running rgk-sync scanner smoke (reload cursor)
    Finished `dev` profile [optimized + debuginfo] target(s) in 0.20s
     Running `target/debug/rgk-sync --url 'ws://127.0.0.1:19111/v2/kaspa/devnet/no-tls/wrpc/borsh' --network devnet --db /Users/arthur/RustroverProjects/rgk/target/rgk-devnet-evidence/sled --once`
tick initialised=false added_chain_blocks=0 observed_spends=0 start_daa=60090 end_daa=60090 end_hash_prefix=e8c42f2b257e68ae
[verify-devnet-evidence] ok: /Users/arthur/RustroverProjects/rgk/target/rgk-devnet-evidence/latest.txt
[e2e-devnet] evidence: /Users/arthur/RustroverProjects/rgk/target/rgk-devnet-evidence/latest.txt

== stderr ==
