== stdout ==

running 9 tests
test tests::chain_mismatch_in_open_rejected ... ok
test tests::no_op_state_rejected ... ok
test tests::replay_rejected ... ok
test tests::open_then_lookup ... ok
test tests::apply_spend_records_receipt_and_state ... ok
test tests::rollback_restores_previous_state ... ok
test tests::open_twice_rejected ... ok
test tests::rollback_too_deep_rejected ... ok
test tests::sled_indexer_recovers_100_covenants_after_reopen ... ok

test result: ok. 9 passed; 0 failed; 0 ignored; 0 measured; 0 filtered out; finished in 1.16s


running 0 tests

test result: ok. 0 passed; 0 failed; 0 ignored; 0 measured; 0 filtered out; finished in 0.00s


== stderr ==
    Updating crates.io index
     Locking 6 packages to latest compatible versions
      Adding fs2 v0.4.3
      Adding fxhash v0.2.1
      Adding parking_lot v0.11.2
      Adding parking_lot_core v0.8.6
      Adding redox_syscall v0.2.16
      Adding sled v0.34.7
   Compiling libc v0.2.186
   Compiling parking_lot_core v0.8.6
   Compiling smallvec v1.15.2
   Compiling instant v0.1.13
   Compiling fxhash v0.2.1
   Compiling crossbeam-epoch v0.9.18
   Compiling cpufeatures v0.2.17
   Compiling fs2 v0.4.3
   Compiling sha2 v0.10.9
   Compiling rgk-core v0.1.0 (/Users/arthur/RustroverProjects/rgk/crates/rgk-core)
   Compiling parking_lot v0.11.2
   Compiling rgk-receipt v0.1.0 (/Users/arthur/RustroverProjects/rgk/crates/rgk-receipt)
   Compiling sled v0.34.7
   Compiling rgk-covenant v0.1.0 (/Users/arthur/RustroverProjects/rgk/crates/rgk-covenant)
   Compiling rgk-indexer v0.1.0 (/Users/arthur/RustroverProjects/rgk/crates/rgk-indexer)
    Finished `test` profile [optimized + debuginfo] target(s) in 11.09s
     Running unittests src/lib.rs (target/debug/deps/rgk_indexer-b4abf3a05b327cef)
   Doc-tests rgk_indexer
