== stdout ==
README.md:65:| sync service               | `rgk-sync::ScanService` drives restart-safe cursor-based scans over `WrpcBackend` |
README.md:91:  `persistent-indexer`, the live e2e uses `rgk-sync::ScanService` and proves
docs/ROADMAP.md:24:| `rgk-sync::ScanService` restart-safe scanner driver | LIVE (`wrpc`) |
docs/ROADMAP.md:41:`rgk-sync::ScanService`, persists the scan cursor, reopens sled before and
docs/ROADMAP.md:45:`CovenantSpec::build_script` payload-hash script and wrap `ScanService` in an
docs/ROADMAP.md:55:   pair with `ScanCursorStore` for restart-safe cursor persistence.
docs/ROADMAP.md:56:3. DONE: `rgk-sync::ScanService` loads a durable cursor, initialises it from
docs/ROADMAP.md:60:   NEXT: add an unattended process wrapper around `ScanService`.
docs/ROADMAP.md:76:test drives scanning through `ScanService` and proves sled scan-cursor and
docs/ROADMAP.md:79:unattended process wrapper around `ScanService`.
docs/ROADMAP.md:168:3. DONE: `ScanCursorStore` persists named scanner cursors; `SledIndexer`
docs/ROADMAP.md:178:   pre-scan cursor through `ScanService`, recovers it before scanning,
docs/ROADMAP.md:181:8. DONE: `rgk-sync::ScanService` provides a reusable tick/run-until-idle
docs/ROADMAP.md:182:   scanner driver over `ScanBackend + ScanCursorStore`.
docs/ROADMAP.md:187:`ScanService`, and live e2e reopen evidence are present. The remaining
docs/E2E.md:116:`rgk-sync::ScanService`, reopens sled before scanning, advances and persists
docs/E2E.md:170:  `ScanService` now drives restart-safe ticks over `SledIndexer`, but a
crates/rgk-kaspa/src/wrpc.rs:21:use kaspa_wrpc_client::prelude::{NetworkId, NetworkType};
crates/rgk-kaspa/src/wrpc.rs:40:pub struct WrpcBackend {
crates/rgk-kaspa/src/wrpc.rs:65:    pub async fn connect_simnet_borsh(
crates/rgk-kaspa/src/wrpc.rs:70:        let selected_network = Some(NetworkId::new(NetworkType::Simnet));
crates/rgk-indexer/src/lib.rs:27://!   [`ScanCursorStore`] with a chain backend or listener and persist the
crates/rgk-indexer/src/lib.rs:192:pub trait ScanCursorStore {
crates/rgk-indexer/src/lib.rs:340:impl ScanCursorStore for InMemoryIndexer {
crates/rgk-indexer/src/lib.rs:387:    pub fn open_path(path: impl AsRef<std::path::Path>) -> Result<Self, IndexerError> {
crates/rgk-indexer/src/lib.rs:428:impl ScanCursorStore for SledIndexer {
crates/rgk-indexer/src/lib.rs:1005:            let mut idx = SledIndexer::open_path(&path).unwrap();
crates/rgk-indexer/src/lib.rs:1035:            let idx = SledIndexer::open_path(&path).unwrap();
crates/rgk-indexer/src/lib.rs:1077:            let mut idx = SledIndexer::open_path(&path).unwrap();
crates/rgk-indexer/src/lib.rs:1084:            let idx = SledIndexer::open_path(&path).unwrap();
tests/rgk-e2e/tests/live_kaspa.rs:56:use kaspa_wrpc_client::prelude::{NetworkId, NetworkType};
tests/rgk-e2e/tests/live_kaspa.rs:70:    let network = Some(NetworkId::new(NetworkType::Simnet));
tests/rgk-e2e/tests/live_kaspa.rs:160:        NetworkType::Simnet,
tests/rgk-e2e/tests/live_covenant.rs:49:use kaspa_wrpc_client::prelude::{NetworkId, NetworkType};
tests/rgk-e2e/tests/live_covenant.rs:63:use rgk_indexer::{ScanCursorStore, SledIndexer, DEFAULT_SCAN_CURSOR};
tests/rgk-e2e/tests/live_covenant.rs:68:use rgk_sync::{ScanService, ScanServiceConfig};
tests/rgk-e2e/tests/live_covenant.rs:83:    let network = Some(NetworkId::new(NetworkType::Simnet));
tests/rgk-e2e/tests/live_covenant.rs:404:            SledIndexer::open_path(&persistent_indexer_path).expect("open persistent cursor store");
tests/rgk-e2e/tests/live_covenant.rs:405:        let mut scan_service = ScanService::new(
tests/rgk-e2e/tests/live_covenant.rs:408:            ScanServiceConfig::new(KASPA_LOCAL_TOCCATA),
tests/rgk-e2e/tests/live_covenant.rs:416:            "ScanService should initialise from the live pre-confirmation tip"
tests/rgk-e2e/tests/live_covenant.rs:424:        let cursor_indexer = SledIndexer::open_path(&persistent_indexer_path)
tests/rgk-e2e/tests/live_covenant.rs:489:        let mut cursor_indexer = SledIndexer::open_path(&persistent_indexer_path)
tests/rgk-e2e/tests/live_covenant.rs:490:            .expect("reopen cursor store for ScanService tick");
tests/rgk-e2e/tests/live_covenant.rs:491:        let mut scan_service = ScanService::new(
tests/rgk-e2e/tests/live_covenant.rs:494:            ScanServiceConfig::new(KASPA_LOCAL_TOCCATA),
tests/rgk-e2e/tests/live_covenant.rs:498:            .expect("scan confirmed covenant transaction through ScanService");
tests/rgk-e2e/tests/live_covenant.rs:505:            SledIndexer::open_path(&persistent_indexer_path).expect("reopen advanced cursor store");
tests/rgk-e2e/tests/live_covenant.rs:594:        SledIndexer::open_path(&persistent_indexer_path).expect("reopen persistent indexer");
tests/rgk-e2e/tests/live_covenant.rs:638:        let indexer = SledIndexer::open_path(&persistent_indexer_path)
crates/rgk-sync/src/lib.rs:21:use rgk_indexer::{IndexerError, ScanCursor, ScanCursorStore, DEFAULT_SCAN_CURSOR};
crates/rgk-sync/src/lib.rs:44:/// Minimal chain-scanner contract used by [`ScanService`].
crates/rgk-sync/src/lib.rs:45:pub trait ScanBackend {
crates/rgk-sync/src/lib.rs:56:pub struct ScanServiceConfig {
crates/rgk-sync/src/lib.rs:62:impl ScanServiceConfig {
crates/rgk-sync/src/lib.rs:114:pub struct ScanService<'a, B: ScanBackend, C: ScanCursorStore> {
crates/rgk-sync/src/lib.rs:117:    config: ScanServiceConfig,
crates/rgk-sync/src/lib.rs:120:impl<'a, B: ScanBackend, C: ScanCursorStore> ScanService<'a, B, C> {
crates/rgk-sync/src/lib.rs:121:    pub fn new(backend: &'a B, cursor_store: &'a mut C, config: ScanServiceConfig) -> Self {
crates/rgk-sync/src/lib.rs:226:impl ScanBackend for rgk_kaspa::WrpcBackend {
crates/rgk-sync/src/lib.rs:270:    impl ScanBackend for FakeBackend {
crates/rgk-sync/src/lib.rs:294:    impl ScanBackend for MutatingFakeBackend {
crates/rgk-sync/src/lib.rs:329:        let mut service = ScanService::new(
crates/rgk-sync/src/lib.rs:332:            ScanServiceConfig::new(KASPA_LOCAL_TOCCATA),
crates/rgk-sync/src/lib.rs:362:        let mut service = ScanService::new(
crates/rgk-sync/src/lib.rs:365:            ScanServiceConfig::new(KASPA_LOCAL_TOCCATA),
crates/rgk-sync/src/lib.rs:397:        let mut service = ScanService::new(
crates/rgk-sync/src/lib.rs:400:            ScanServiceConfig::new(KASPA_LOCAL_TOCCATA),
crates/rgk-sync/src/lib.rs:427:        let mut service = ScanService::new(
crates/rgk-sync/src/lib.rs:430:            ScanServiceConfig::new(KASPA_LOCAL_TOCCATA),
crates/rgk-sync/src/lib.rs:453:        let mut service = ScanService::new(
crates/rgk-sync/src/lib.rs:456:            ScanServiceConfig::new(KASPA_LOCAL_TOCCATA),
crates/rgk-core/src/chain.rs:19:pub enum KaspaChainId {

== stderr ==
