== stdout ==
[run-kaspa-devnet] launching /Users/arthur/RustroverProjects/rgk/external/rusty-kaspa-toccata/target/release/kaspad in background
[run-kaspa-devnet] pid: 83267
[run-kaspa-devnet] log: /Users/arthur/RustroverProjects/rgk/.rgk-devnet/kaspad.log
[run-kaspa-devnet] waiting for wRPC at ws://127.0.0.1:19111
[run-kaspa-devnet] wRPC ready after 2s
[e2e-devnet] live devnet RPC: ws://127.0.0.1:19111/v2/kaspa/devnet/no-tls/wrpc/borsh
[e2e-devnet] running live_devnet test
   Compiling kaspa-wrpc-client v1.2.2-toc.4 (/Users/arthur/RustroverProjects/rusty-kaspa/rpc/wrpc/client)
   Compiling rgk-kaspa v0.1.0 (/Users/arthur/RustroverProjects/rgk/crates/rgk-kaspa)
   Compiling rgk-resolver v0.1.0 (/Users/arthur/RustroverProjects/rgk/crates/rgk-resolver)
   Compiling rgk-sync v0.1.0 (/Users/arthur/RustroverProjects/rgk/crates/rgk-sync)
   Compiling rgk-e2e v0.1.0 (/Users/arthur/RustroverProjects/rgk/tests/rgk-e2e)
    Finished `test` profile [optimized + debuginfo] target(s) in 13.69s
     Running tests/live_devnet.rs (target/debug/deps/live_devnet-a446d7acbb399c7f)

running 2 tests
live-devnet: server_version=1.2.2-toc.4 network_id=devnet is_synced=false has_utxo_index=true
test live_devnet_reports_toccata_node_identity ... ok
live-devnet: scan cursor initialised chain=KaspaDevnet daa=76114 hash_prefix=be12a28647484205
test live_devnet_initialises_persistent_scan_cursor ... ok

test result: ok. 2 passed; 0 failed; 0 ignored; 0 measured; 0 filtered out; finished in 0.07s

[e2e-devnet] running policy migration recovery fixture
    Finished `test` profile [optimized + debuginfo] target(s) in 0.08s
     Running unittests src/lib.rs (target/debug/deps/rgk_e2e-61e4ff2d6b6c07e6)

running 1 test
RGK policy migration recovery
  chain:           KaspaLocalToccata
  covenant:        0xc750aee85561dc562b16688f01a736f81ed26948e166280ff5cd2a6f970d6599
  spent_txid:      0x2121212121212121212121212121212121212121212121212121212121212121
  new_txid:        0x2222222222222222222222222222222222222222222222222222222222222222
  previous_policy: verifier-only
  new_policy:      zk-or-verifier
  migration:       0x595de1d206e02c94795f46e960bf6e2230dd921d0ebfa3470a36fe05ec972be6
  resolver:        NativeTransitionedValid { covenant: [199, 80, 174, 232, 85, 97, 220, 86, 43, 22, 104, 143, 1, 167, 54, 248, 30, 210, 105, 72, 225, 102, 40, 15, 245, 205, 42, 111, 151, 13, 101, 153], spent_outpoint: KaspaOutpoint { transaction_id: [33, 33, 33, 33, 33, 33, 33, 33, 33, 33, 33, 33, 33, 33, 33, 33, 33, 33, 33, 33, 33, 33, 33, 33, 33, 33, 33, 33, 33, 33, 33, 33], index: 0 }, new_outpoint: KaspaOutpoint { transaction_id: [34, 34, 34, 34, 34, 34, 34, 34, 34, 34, 34, 34, 34, 34, 34, 34, 34, 34, 34, 34, 34, 34, 34, 34, 34, 34, 34, 34, 34, 34, 34, 34], index: 0 }, receipt_id: [89, 93, 225, 210, 6, 224, 44, 148, 121, 95, 70, 233, 96, 191, 110, 34, 48, 221, 146, 29, 14, 191, 163, 71, 10, 54, 254, 5, 236, 151, 43, 230], new_state: RgkStateCommitment { version: 1, chain_id: KaspaLocalToccata, covenant_id: [199, 80, 174, 232, 85, 97, 220, 86, 43, 22, 104, 143, 1, 167, 54, 248, 30, 210, 105, 72, 225, 102, 40, 15, 245, 205, 42, 111, 151, 13, 101, 153], asset_id: [66, 66, 66, 66, 66, 66, 66, 66, 66, 66, 66, 66, 66, 66, 66, 66, 66, 66, 66, 66, 66, 66, 66, 66, 66, 66, 66, 66, 66, 66, 66, 66], state_digest: [50, 50, 50, 50, 50, 50, 50, 50, 50, 50, 50, 50, 50, 50, 50, 50, 50, 50, 50, 50, 50, 50, 50, 50, 50, 50, 50, 50, 50, 50, 50, 50], receipt_policy: ZkOrVerifier }, allocation_audit_certificate: None, confirmation_depth: 1 }

test policy_migration_recovery_fixture_survives_reopen ... ok

test result: ok. 1 passed; 0 failed; 0 ignored; 0 measured; 3 filtered out; finished in 0.04s

[e2e-devnet] running full covenant lifecycle on devnet
   Compiling kaspa-wrpc-client v1.2.2-toc.4 (/Users/arthur/RustroverProjects/rusty-kaspa/rpc/wrpc/client)
   Compiling rgk-kaspa v0.1.0 (/Users/arthur/RustroverProjects/rgk/crates/rgk-kaspa)
   Compiling rgk-resolver v0.1.0 (/Users/arthur/RustroverProjects/rgk/crates/rgk-resolver)
   Compiling rgk-sync v0.1.0 (/Users/arthur/RustroverProjects/rgk/crates/rgk-sync)
   Compiling rgk-e2e v0.1.0 (/Users/arthur/RustroverProjects/rgk/tests/rgk-e2e)
    Finished `test` profile [optimized + debuginfo] target(s) in 3.37s
     Running tests/live_covenant.rs (target/debug/deps/live_covenant-7bf44a871ab07a5e)

running 1 test
live: connected to devnet wRPC (chain_id=KaspaDevnet)
live: fixed keypair address = kaspadev:qzzt7atzyc4m662qppt53ua7dta99t33w923s8kwxxmxx5wvl7jtq0ahp67m9
live: fixed pubkey x-only = [84, bf, 75, 62, 26, 2b, bd, 69, 40, 08, 57, 48, f3, be, 6a, fa, 52, ae, 31, 71, 55, 18, 1e, ce, 31, b6, 63, 51, cc, ff, a4, b0]
live: generated keypair, devnet address: kaspadev:qzzt7atzyc4m662qppt53ua7dta99t33w923s8kwxxmxx5wvl7jtq0ahp67m9
live: mined block, report: accepted=Success
live: reached DAA score 76115 (target 1)
live: coinbase block 1 mined; mining 2000 more so the FIRST coinbase UTXO matures (need DAA >= 1001 to spend it)...
live: mined 100/2000 blocks (0.1s)
live: mined 200/2000 blocks (0.2s)
live: mined 300/2000 blocks (0.3s)
live: mined 400/2000 blocks (0.4s)
live: mined 500/2000 blocks (0.5s)
live: mined 600/2000 blocks (0.5s)
live: mined 700/2000 blocks (0.6s)
live: mined 800/2000 blocks (0.7s)
live: mined 900/2000 blocks (0.7s)
live: mined 1000/2000 blocks (0.8s)
live: mined 1100/2000 blocks (0.9s)
live: mined 1200/2000 blocks (0.9s)
live: mined 1300/2000 blocks (1.0s)
live: mined 1400/2000 blocks (1.0s)
live: mined 1500/2000 blocks (1.1s)
live: mined 1600/2000 blocks (1.2s)
live: mined 1700/2000 blocks (1.2s)
live: mined 1800/2000 blocks (1.3s)
live: mined 1900/2000 blocks (1.4s)
live: mined 2000/2000 blocks (1.4s)
live: mined 2000 blocks in 1.4s
live: reached DAA score 78115 (target 2001)
live: oldest coinbase UTXO is now mature (DAA >= 2001)
live: selected coinbase UTXO at DAA 40 (oldest, mature)
live: fetched coinbase UTXO txid=[cd, da, f7, 37, aa, 4c, 67, 6b, ac, 7b, d9, 31, ca, 04, 96, 38, 32, fb, e0, 9b, db, 8e, f7, 89, 89, dc, 6d, 20, 46, 88, dc, 63] index=0 value=4400000000
live: computed covenant_id = [52, 18, eb, b6, c8, 20, 95, 3e, cf, 62, 97, aa, c5, 87, 96, 3b, 63, 50, 5b, 85, 73, 12, 30, 55, 19, 81, cf, 3d, b2, a1, ff, e7] for the genesis output (value=4396000000, fee=4000000)
live: signed covenant tx, txid = [17, 4c, f4, d1, 46, b3, 32, 10, 70, 41, 9a, da, 1c, 5c, 1a, a9, dc, 6c, 81, 7b, 3a, b1, 6f, 5e, ea, 73, 6d, 03, b1, 88, c6, 0c]
live: covenant tx ACCEPTED by node: txid=[17, 4c, f4, d1, 46, b3, 32, 10, 70, 41, 9a, da, 1c, 5c, 1a, a9, dc, 6c, 81, 7b, 3a, b1, 6f, 5e, ea, 73, 6d, 03, b1, 88, c6, 0c]
live: mined block, report: accepted=Success
live: reached DAA score 78116 (target 2)
live: confirmation block 2 mined
live: covenant output confirmed at DAA score 78116 with covenant_id=[52, 18, eb, b6, c8, 20, 95, 3e, cf, 62, 97, aa, c5, 87, 96, 3b, 63, 50, 5b, 85, 73, 12, 30, 55, 19, 81, cf, 3d, b2, a1, ff, e7]
live: native RGK asset state digest = 0x89696e6a86f022f08797a0bd12bb8f5958c97d72578abcbb5c2dca9a0cea1681 (allocations=1 daa=78116 confirmations=1 privacy_policy=PrivateLane lane_id=0xf9e2d47ecda382db86ba713e640cb58f4a9f75a24d0820505148c302004436d9)
live: ZK covenant spend enabled, public_inputs=29 vk_bytes=1192 proof_bytes=128
live: built P2SH covenant spend, txid = [05, ce, b6, 14, 76, 1f, 99, 84, b2, 30, c0, 4d, 92, a6, 82, e4, 70, ff, aa, 26, 91, a4, 45, a9, 2c, 6b, ea, 0f, 55, 21, ef, a1]
live: P2SH covenant spend ACCEPTED by node: txid=[05, ce, b6, 14, 76, 1f, 99, 84, b2, 30, c0, 4d, 92, a6, 82, e4, 70, ff, aa, 26, 91, a4, 45, a9, 2c, 6b, ea, 0f, 55, 21, ef, a1]
live: mined block, report: accepted=Success
live: reached DAA score 78117 (target 78117)
live: P2SH covenant spend confirmation block mined
live: continuation covenant output confirmed at DAA score 78117
live: native production-ZK allocation guard accepted shape=1x1 spent_allocations=1 new_allocations=1
live: native RGK transition digest = 0xd3e6dfa88632dd244b8fbf67eaad892a80788807dac186399fa25ce82f66295f (old_state=0x89696e6a86f022f08797a0bd12bb8f5958c97d72578abcbb5c2dca9a0cea1681 new_state=0x3b6f72f062aec62f1bcdb70ea5af0108f0c35f2463ffb44acc6b9965c2bfa142 witness_txid=0x05ceb614761f9984b230c04d92a682e470ffaa2691a445a92c6bea0f5521efa1 spent_allocations=1 new_allocations=1 privacy_policy=PrivateLane lane_id=0xf9e2d47ecda382db86ba713e640cb58f4a9f75a24d0820505148c302004436d9)
live: semantic RGK transition statement public_inputs=328 continuation_shape_root=0x758c28b5d5bb42578389e7e5aaa5fbe4e80113d6bdcc140983216e4122ecbdff policy_commitment=0x4663f5b9404ee4fe0358c6299f73422e955f5fea03e19545f5b8f99472d00bbf
live: semantic Groth16 proof verified public_inputs=41 vk_bytes=1576 proof_bytes=128
test live_toccata_full_covenant_lifecycle has been running for over 60 seconds
live: supported allocation-vector Groth16 proof verified shape=1x1 public_inputs=41 vk_bytes=1576 proof_bytes=128
live: allocation transcript segment Groth16 proof verified sides=2 segments=2 allocations=2 public_inputs_each=16 vk_bytes=776 proof_bytes_each=128 spent_root=0xc4158ece824c6f561c6e2dfb3e1c943a2b3d3f591d6e6b47b2f5801adc88e31f new_root=0x57a295a06aecf3ac4436cc5f711cee06438e46e9ff7cd9da7c2d4ed52c7763ec spent_amount_commitment=0x68c92efdcb7c6f9096537d37af74aba44d7615915ce88c51711c5c6d4983ff34 new_amount_commitment=0xc1760514d6f2d480507ea9247be6f416c04d9b32a5d210dba8d01d576c64a1b3
live: allocation conservation Groth16 chain verified sides=2 segments=2 allocations=2 public_inputs_each=24 final_public_inputs=10 segment_vk_bytes=1032 segment_proof_bytes_each=128 final_vk_bytes=584 final_proof_bytes=128 spent_total_commitment=0x1a0a0bbd33746c96287dfb9516ca9f5d84b84320e66092e64860c6c9e2e1bbff new_total_commitment=0x0b1f4432d9e6afc40148127ff4ae5fba3c356190d8ca733385f21e27cd88b7d7
live: allocation exclusion segment-pair Groth16 proof verified spent_segments=1 new_segments=1 pair_grid=1 public_inputs=29 vk_bytes=1192 proof_bytes=128 spent_root=0xc4158ece824c6f561c6e2dfb3e1c943a2b3d3f591d6e6b47b2f5801adc88e31f new_root=0x57a295a06aecf3ac4436cc5f711cee06438e46e9ff7cd9da7c2d4ed52c7763ec spent_amount_commitment=0x68c92efdcb7c6f9096537d37af74aba44d7615915ce88c51711c5c6d4983ff34 new_amount_commitment=0xc1760514d6f2d480507ea9247be6f416c04d9b32a5d210dba8d01d576c64a1b3
live: allocation audit bundle verified spent_segments=1 new_segments=1 exclusion_cells=1 spent_final_root=0xc4158ece824c6f561c6e2dfb3e1c943a2b3d3f591d6e6b47b2f5801adc88e31f new_final_root=0x57a295a06aecf3ac4436cc5f711cee06438e46e9ff7cd9da7c2d4ed52c7763ec spent_total_commitment=0x1a0a0bbd33746c96287dfb9516ca9f5d84b84320e66092e64860c6c9e2e1bbff new_total_commitment=0x0b1f4432d9e6afc40148127ff4ae5fba3c356190d8ca733385f21e27cd88b7d7
live: allocation audit certificate verified certificate_id=0xc262078dc65b723e5b97e70407b7a1281b6747fe4cfca97b4651274831d8fbcd proof_cells=6 vk_bytes_total=5392 proof_bytes_total=768 canonical_bytes=11826
live: allocation audit certificate indexed certificate_id=0xc262078dc65b723e5b97e70407b7a1281b6747fe4cfca97b4651274831d8fbcd canonical_bytes=11826
live: registered private lane for view-key discovery (lane_id=0xf9e2d47ecda382db86ba713e640cb58f4a9f75a24d0820505148c302004436d9 scan_tag=0x3539f43aecf990bfd09e4b081ddba2835253710fa8a4022904e6ea61b963c62d privacy_policy=PrivateLane)
live: lane-discovery Groth16 proof verified public_inputs=9 vk_bytes=552 proof_bytes=128 lane_id=0xf9e2d47ecda382db86ba713e640cb58f4a9f75a24d0820505148c302004436d9 scan_tag=0x3539f43aecf990bfd09e4b081ddba2835253710fa8a4022904e6ea61b963c62d
live: lane-graph Groth16 proof verified nodes=2 public_inputs=22 vk_bytes=968 proof_bytes=128 graph_root=0x6ab1ca5ef8165554c39398f6ee2cd4419bd605cc09e507fec6264f1bdebd4dfc current_lane=0xf9e2d47ecda382db86ba713e640cb58f4a9f75a24d0820505148c302004436d9 next_scan_tag=0xa1300bb57a56c79e1c43eda255ac6cb55b7e04c247681d77a754ed07551312ea
live: segmented lane-graph Groth16 proof chain verified segments=2 nodes=4 public_inputs_each=27 vk_bytes=1128 proof_bytes_each=128 start_root=0x78145c2e5e78351ffa3d0e266b1a5cb8c3eb318b074a9bcaa407fcdbc6068573 final_root=0x90f47d54d63afe8eb7e59071e891fc14e966bd0658f617d25711d29276b01bde current_lane=0xf9e2d47ecda382db86ba713e640cb58f4a9f75a24d0820505148c302004436d9 final_scan_tag=0x85fb37ef816bbbe85f5e9bb524575608a66e5914ee7bbd0507cf143449b00fdc
live: resolver state = NativeTransitionedValid { covenant: [82, 24, 235, 182, 200, 32, 149, 62, 207, 98, 151, 170, 197, 135, 150, 59, 99, 80, 91, 133, 115, 18, 48, 85, 25, 129, 207, 61, 178, 161, 255, 231], spent_outpoint: KaspaOutpoint { transaction_id: [23, 76, 244, 209, 70, 179, 50, 16, 112, 65, 154, 218, 28, 92, 26, 169, 220, 108, 129, 123, 58, 177, 111, 94, 234, 115, 109, 3, 177, 136, 198, 12], index: 0 }, new_outpoint: KaspaOutpoint { transaction_id: [5, 206, 182, 20, 118, 31, 153, 132, 178, 48, 192, 77, 146, 166, 130, 228, 112, 255, 170, 38, 145, 164, 69, 169, 44, 107, 234, 15, 85, 33, 239, 161], index: 0 }, receipt_id: [210, 153, 206, 220, 240, 174, 111, 218, 150, 138, 210, 71, 35, 205, 62, 58, 89, 28, 59, 247, 97, 9, 111, 207, 228, 143, 30, 10, 139, 129, 134, 66], new_state: RgkStateCommitment { version: 1, chain_id: KaspaDevnet, covenant_id: [82, 24, 235, 182, 200, 32, 149, 62, 207, 98, 151, 170, 197, 135, 150, 59, 99, 80, 91, 133, 115, 18, 48, 85, 25, 129, 207, 61, 178, 161, 255, 231], asset_id: [66, 66, 66, 66, 66, 66, 66, 66, 66, 66, 66, 66, 66, 66, 66, 66, 66, 66, 66, 66, 66, 66, 66, 66, 66, 66, 66, 66, 66, 66, 66, 66], state_digest: [59, 111, 114, 240, 98, 174, 198, 47, 27, 205, 183, 14, 165, 175, 1, 8, 240, 195, 95, 36, 99, 255, 180, 74, 204, 107, 153, 101, 194, 191, 161, 66], receipt_policy: ZkOrVerifier }, allocation_audit_certificate: Some(AllocationAuditCertificateRecord { certificate_id: "0xc262078dc65b723e5b97e70407b7a1281b6747fe4cfca97b4651274831d8fbcd", canonical_bytes_len: 11826 }), confirmation_depth: 1 }
live: resolver carried phase-2 native state digest = 0x3b6f72f062aec62f1bcdb70ea5af0108f0c35f2463ffb44acc6b9965c2bfa142
live: view-key lane resolver classified as NativeTransitionedValid (lane_id=0xf9e2d47ecda382db86ba713e640cb58f4a9f75a24d0820505148c302004436d9 scan_tag=0x3539f43aecf990bfd09e4b081ddba2835253710fa8a4022904e6ea61b963c62d)
live: covenant transition classified as NativeTransitionedValid from the confirmed live Kaspa Toccata devnet spend (covenant_id=[52, 18, eb, b6, c8, 20, 95, 3e, cf, 62, 97, aa, c5, 87, 96, 3b, 63, 50, 5b, 85, 73, 12, 30, 55, 19, 81, cf, 3d, b2, a1, ff, e7])
live: policy migration proof recovered after Sled reopen (previous_policy=verifier-only new_policy=zk-or-verifier migration=0xb45e044ae1a781e4ffc63b30521e0e603315904cd15ca9e7eaaf9d1e2b96409a state_digest=0x3b6f72f062aec62f1bcdb70ea5af0108f0c35f2463ffb44acc6b9965c2bfa142 resolver=NativeTransitionedValid)
live: persistent allocation audit certificate recovered certificate_id=0xc262078dc65b723e5b97e70407b7a1281b6747fe4cfca97b4651274831d8fbcd canonical_bytes=11826
live: persistent indexer recovered covenant after resolver indexing (covenant_id=[52, 18, eb, b6, c8, 20, 95, 3e, cf, 62, 97, aa, c5, 87, 96, 3b, 63, 50, 5b, 85, 73, 12, 30, 55, 19, 81, cf, 3d, b2, a1, ff, e7] cursor_daa=78117)
test live_toccata_full_covenant_lifecycle ... ok

test result: ok. 1 passed; 0 failed; 0 ignored; 0 measured; 0 filtered out; finished in 239.14s

[e2e-devnet] running rgk-sync scanner smoke (initialise cursor)
   Compiling kaspa-wrpc-client v1.2.2-toc.4 (/Users/arthur/RustroverProjects/rusty-kaspa/rpc/wrpc/client)
   Compiling rgk-kaspa v0.1.0 (/Users/arthur/RustroverProjects/rgk/crates/rgk-kaspa)
   Compiling rgk-sync v0.1.0 (/Users/arthur/RustroverProjects/rgk/crates/rgk-sync)
    Finished `dev` profile [optimized + debuginfo] target(s) in 2.39s
     Running `target/debug/rgk-sync --url 'ws://127.0.0.1:19111/v2/kaspa/devnet/no-tls/wrpc/borsh' --network devnet --db /Users/arthur/RustroverProjects/rgk/target/rgk-devnet-evidence/sled --once`
tick initialised=true added_chain_blocks=0 observed_spends=0 start_daa=78117 end_daa=78117 end_hash_prefix=d3983359e1d3a2c0
[e2e-devnet] running rgk-sync scanner smoke (reload cursor)
    Finished `dev` profile [optimized + debuginfo] target(s) in 0.18s
     Running `target/debug/rgk-sync --url 'ws://127.0.0.1:19111/v2/kaspa/devnet/no-tls/wrpc/borsh' --network devnet --db /Users/arthur/RustroverProjects/rgk/target/rgk-devnet-evidence/sled --once`
tick initialised=false added_chain_blocks=0 observed_spends=0 start_daa=78117 end_daa=78117 end_hash_prefix=d3983359e1d3a2c0
[e2e-devnet] verifying examples coverage matrix
[verify-silverscript-artifacts] ok: /Users/arthur/RustroverProjects/rgk/examples/silverscript/artifacts/manifest.tsv rows=4 compiler=d25bd3427a093c17327ca3d6b9e1aa5f7688c863
[verify-example-matrix] ok: /Users/arthur/RustroverProjects/rgk/examples/contract-matrix.tsv rows=4
[verify-devnet-evidence] ok: /Users/arthur/RustroverProjects/rgk/target/rgk-devnet-evidence/latest.txt
[e2e-devnet] evidence: /Users/arthur/RustroverProjects/rgk/target/rgk-devnet-evidence/latest.txt

== stderr ==
