== stdout ==

running 15 tests
test tests::advance_produces_new_state ... ok
test tests::advance_rejects_no_op ... ok
test tests::covenant_id_changes_with_outputs ... ok
test tests::expected_payload_len_is_stable ... ok
test tests::expected_payload_hash_is_deterministic ... ok
test tests::covenant_id_is_deterministic ... ok
test tests::commitment_is_deterministic ... ok
test tests::frozen_covenant_id_vector ... ok
test tests::lineage_id_binds_outpoint_and_contract ... ok
test tests::payload_rejects_bad_tag ... ok
test tests::payload_rejects_truncated ... ok
test tests::payload_roundtrip ... ok
test tests::push_data_picks_correct_opcode ... ok
test tests::push_var_int_compact ... ok
test tests::spec_script_is_non_empty_and_starts_with_valid_opcode ... ok

test result: ok. 15 passed; 0 failed; 0 ignored; 0 measured; 0 filtered out; finished in 0.00s


running 9 tests
test tests::apply_spend_records_receipt_and_state ... ok
test tests::chain_mismatch_in_open_rejected ... ok
test tests::no_op_state_rejected ... ok
test tests::open_twice_rejected ... ok
test tests::replay_rejected ... ok
test tests::rollback_restores_previous_state ... ok
test tests::rollback_too_deep_rejected ... ok
test tests::open_then_lookup ... ok
test tests::sled_indexer_recovers_100_covenants_after_reopen ... ok

test result: ok. 9 passed; 0 failed; 0 ignored; 0 measured; 0 filtered out; finished in 1.56s


running 6 tests
test tests::error_classify_distinguishes_paths ... ok
test tests::fixture_basics ... ok
test tests::fixture_failure_mode_propagates ... ok
test tests::fixture_spend_marks_utxo ... ok
test tests::fixture_utxo_lookup ... ok
test tests::submit_transaction_in_fixture_is_invariant ... ok

test result: ok. 6 passed; 0 failed; 0 ignored; 0 measured; 0 filtered out; finished in 0.00s


running 0 tests

test result: ok. 0 passed; 0 failed; 0 ignored; 0 measured; 0 filtered out; finished in 0.00s


running 0 tests

test result: ok. 0 passed; 0 failed; 0 ignored; 0 measured; 0 filtered out; finished in 0.00s


running 0 tests

test result: ok. 0 passed; 0 failed; 0 ignored; 0 measured; 0 filtered out; finished in 0.00s


== stderr ==
   Compiling rgk-covenant v0.1.0 (/Users/arthur/RustroverProjects/rgk/crates/rgk-covenant)
   Compiling rgk-indexer v0.1.0 (/Users/arthur/RustroverProjects/rgk/crates/rgk-indexer)
   Compiling rgk-kaspa v0.1.0 (/Users/arthur/RustroverProjects/rgk/crates/rgk-kaspa)
    Finished `test` profile [optimized + debuginfo] target(s) in 1.00s
     Running unittests src/lib.rs (target/debug/deps/rgk_covenant-0eef0ac1abcf070e)
     Running unittests src/lib.rs (target/debug/deps/rgk_indexer-b4abf3a05b327cef)
     Running unittests src/lib.rs (target/debug/deps/rgk_kaspa-6115c8649757815b)
   Doc-tests rgk_covenant
   Doc-tests rgk_indexer
   Doc-tests rgk_kaspa
