== stdout ==
[run-kaspa-devnet] launching /Users/arthur/RustroverProjects/rgk/external/rusty-kaspa-toccata/target/release/kaspad in background
[run-kaspa-devnet] pid: 71601
[run-kaspa-devnet] log: /Users/arthur/RustroverProjects/rgk/.rgk-devnet/kaspad.log
[run-kaspa-devnet] waiting for wRPC at ws://127.0.0.1:19111
[run-kaspa-devnet] wRPC ready after 2s
[e2e-devnet] live devnet RPC: ws://127.0.0.1:19111/v2/kaspa/devnet/no-tls/wrpc/borsh
[e2e-devnet] running live_devnet test
   Compiling rgk-indexer v0.1.0 (/Users/arthur/RustroverProjects/rgk/crates/rgk-indexer)
   Compiling kaspa-wrpc-client v1.2.2-toc.4 (/Users/arthur/RustroverProjects/rusty-kaspa/rpc/wrpc/client)
   Compiling rgk-kaspa v0.1.0 (/Users/arthur/RustroverProjects/rgk/crates/rgk-kaspa)
   Compiling rgk-resolver v0.1.0 (/Users/arthur/RustroverProjects/rgk/crates/rgk-resolver)
   Compiling rgk-sync v0.1.0 (/Users/arthur/RustroverProjects/rgk/crates/rgk-sync)
   Compiling rgk-e2e v0.1.0 (/Users/arthur/RustroverProjects/rgk/tests/rgk-e2e)
    Finished `test` profile [optimized + debuginfo] target(s) in 4.01s
     Running tests/live_devnet.rs (target/debug/deps/live_devnet-a446d7acbb399c7f)

running 2 tests
live-devnet: server_version=1.2.2-toc.4 network_id=devnet is_synced=true has_utxo_index=true
test live_devnet_reports_toccata_node_identity ... ok
live-devnet: scan cursor initialised chain=KaspaDevnet daa=70105 hash_prefix=c73db7cae3206b33
test live_devnet_initialises_persistent_scan_cursor ... ok

test result: ok. 2 passed; 0 failed; 0 ignored; 0 measured; 0 filtered out; finished in 0.07s

[e2e-devnet] running policy migration recovery fixture
   Compiling rgk-indexer v0.1.0 (/Users/arthur/RustroverProjects/rgk/crates/rgk-indexer)
   Compiling rgk-sync v0.1.0 (/Users/arthur/RustroverProjects/rgk/crates/rgk-sync)
   Compiling rgk-resolver v0.1.0 (/Users/arthur/RustroverProjects/rgk/crates/rgk-resolver)
   Compiling rgk-e2e v0.1.0 (/Users/arthur/RustroverProjects/rgk/tests/rgk-e2e)
    Finished `test` profile [optimized + debuginfo] target(s) in 1.80s
     Running unittests src/lib.rs (target/debug/deps/rgk_e2e-61e4ff2d6b6c07e6)

running 1 test
RGK policy migration recovery
  chain:           KaspaLocalToccata
  covenant:        0xc750aee85561dc562b16688f01a736f81ed26948e166280ff5cd2a6f970d6599
  spent_txid:      0x2121212121212121212121212121212121212121212121212121212121212121
  new_txid:        0x2222222222222222222222222222222222222222222222222222222222222222
  previous_policy: verifier-only
  new_policy:      zk-or-verifier
  migration:       0x595de1d206e02c94795f46e960bf6e2230dd921d0ebfa3470a36fe05ec972be6
  resolver:        NativeTransitionedValid { covenant: [199, 80, 174, 232, 85, 97, 220, 86, 43, 22, 104, 143, 1, 167, 54, 248, 30, 210, 105, 72, 225, 102, 40, 15, 245, 205, 42, 111, 151, 13, 101, 153], spent_outpoint: KaspaOutpoint { transaction_id: [33, 33, 33, 33, 33, 33, 33, 33, 33, 33, 33, 33, 33, 33, 33, 33, 33, 33, 33, 33, 33, 33, 33, 33, 33, 33, 33, 33, 33, 33, 33, 33], index: 0 }, new_outpoint: KaspaOutpoint { transaction_id: [34, 34, 34, 34, 34, 34, 34, 34, 34, 34, 34, 34, 34, 34, 34, 34, 34, 34, 34, 34, 34, 34, 34, 34, 34, 34, 34, 34, 34, 34, 34, 34], index: 0 }, receipt_id: [89, 93, 225, 210, 6, 224, 44, 148, 121, 95, 70, 233, 96, 191, 110, 34, 48, 221, 146, 29, 14, 191, 163, 71, 10, 54, 254, 5, 236, 151, 43, 230], new_state: RgkStateCommitment { version: 1, chain_id: KaspaLocalToccata, covenant_id: [199, 80, 174, 232, 85, 97, 220, 86, 43, 22, 104, 143, 1, 167, 54, 248, 30, 210, 105, 72, 225, 102, 40, 15, 245, 205, 42, 111, 151, 13, 101, 153], asset_id: [66, 66, 66, 66, 66, 66, 66, 66, 66, 66, 66, 66, 66, 66, 66, 66, 66, 66, 66, 66, 66, 66, 66, 66, 66, 66, 66, 66, 66, 66, 66, 66], state_digest: [50, 50, 50, 50, 50, 50, 50, 50, 50, 50, 50, 50, 50, 50, 50, 50, 50, 50, 50, 50, 50, 50, 50, 50, 50, 50, 50, 50, 50, 50, 50, 50], receipt_policy: ZkOrVerifier }, allocation_audit_certificate: None, confirmation_depth: 1 }

test policy_migration_recovery_fixture_survives_reopen ... ok

test result: ok. 1 passed; 0 failed; 0 ignored; 0 measured; 3 filtered out; finished in 0.04s

[e2e-devnet] running full covenant lifecycle on devnet
   Compiling kaspa-wrpc-client v1.2.2-toc.4 (/Users/arthur/RustroverProjects/rusty-kaspa/rpc/wrpc/client)
   Compiling rgk-kaspa v0.1.0 (/Users/arthur/RustroverProjects/rgk/crates/rgk-kaspa)
   Compiling rgk-sync v0.1.0 (/Users/arthur/RustroverProjects/rgk/crates/rgk-sync)
   Compiling rgk-resolver v0.1.0 (/Users/arthur/RustroverProjects/rgk/crates/rgk-resolver)
   Compiling rgk-e2e v0.1.0 (/Users/arthur/RustroverProjects/rgk/tests/rgk-e2e)
    Finished `test` profile [optimized + debuginfo] target(s) in 4.25s
     Running tests/live_covenant.rs (target/debug/deps/live_covenant-7bf44a871ab07a5e)

running 1 test
live: connected to devnet wRPC (chain_id=KaspaDevnet)
live: fixed keypair address = kaspadev:qzzt7atzyc4m662qppt53ua7dta99t33w923s8kwxxmxx5wvl7jtq0ahp67m9
live: fixed pubkey x-only = [84, bf, 75, 62, 26, 2b, bd, 69, 40, 08, 57, 48, f3, be, 6a, fa, 52, ae, 31, 71, 55, 18, 1e, ce, 31, b6, 63, 51, cc, ff, a4, b0]
live: generated keypair, devnet address: kaspadev:qzzt7atzyc4m662qppt53ua7dta99t33w923s8kwxxmxx5wvl7jtq0ahp67m9
live: mined block, report: accepted=Success
live: reached DAA score 70106 (target 1)
live: coinbase block 1 mined; mining 2000 more so the FIRST coinbase UTXO matures (need DAA >= 1001 to spend it)...
live: mined 100/2000 blocks (0.1s)
live: mined 200/2000 blocks (0.2s)
live: mined 300/2000 blocks (0.2s)
live: mined 400/2000 blocks (0.3s)
live: mined 500/2000 blocks (0.3s)
live: mined 600/2000 blocks (0.4s)
live: mined 700/2000 blocks (0.5s)
live: mined 800/2000 blocks (0.5s)
live: mined 900/2000 blocks (0.6s)
live: mined 1000/2000 blocks (0.6s)
live: mined 1100/2000 blocks (0.7s)
live: mined 1200/2000 blocks (0.8s)
live: mined 1300/2000 blocks (0.8s)
live: mined 1400/2000 blocks (0.9s)
live: mined 1500/2000 blocks (1.0s)
live: mined 1600/2000 blocks (1.0s)
live: mined 1700/2000 blocks (1.1s)
live: mined 1800/2000 blocks (1.2s)
live: mined 1900/2000 blocks (1.2s)
live: mined 2000/2000 blocks (1.3s)
live: mined 2000 blocks in 1.3s
live: reached DAA score 72106 (target 2001)
live: oldest coinbase UTXO is now mature (DAA >= 2001)
live: selected coinbase UTXO at DAA 37 (oldest, mature)
live: fetched coinbase UTXO txid=[94, 16, 4d, cc, 55, 68, 2a, fb, 77, ee, 51, a2, 66, d7, a9, 3d, 4e, 1c, e7, 05, 21, 68, ab, 20, cc, 66, cd, f8, 5e, 50, df, 36] index=0 value=4400000000
live: computed covenant_id = [2d, 4d, 68, e3, 7f, e8, 97, 62, 3f, 80, 10, 91, 7d, bb, 0d, 33, 06, 06, 4f, 38, 22, e6, 0f, 34, 3b, 0a, 24, 00, 0a, 69, 79, bb] for the genesis output (value=4396000000, fee=4000000)
live: signed covenant tx, txid = [03, f1, cb, d1, 69, 7c, 3b, 97, 4c, 97, f3, 2c, 8a, 96, 86, 33, f9, de, 70, 0a, e1, a9, 57, d5, b0, 1b, 49, 3e, f4, 01, a3, fc]
live: covenant tx ACCEPTED by node: txid=[03, f1, cb, d1, 69, 7c, 3b, 97, 4c, 97, f3, 2c, 8a, 96, 86, 33, f9, de, 70, 0a, e1, a9, 57, d5, b0, 1b, 49, 3e, f4, 01, a3, fc]
live: mined block, report: accepted=Success
live: reached DAA score 72107 (target 2)
live: confirmation block 2 mined
live: covenant output confirmed at DAA score 72107 with covenant_id=[2d, 4d, 68, e3, 7f, e8, 97, 62, 3f, 80, 10, 91, 7d, bb, 0d, 33, 06, 06, 4f, 38, 22, e6, 0f, 34, 3b, 0a, 24, 00, 0a, 69, 79, bb]
live: native RGK asset state digest = 0x09db48568cbee9cbd5c968aae5d4cb05b53d70a8129119efb844eed10e46d3f1 (allocations=1 daa=72107 confirmations=1 privacy_policy=PrivateLane lane_id=0xf9e2d47ecda382db86ba713e640cb58f4a9f75a24d0820505148c302004436d9)
live: ZK covenant spend enabled, public_inputs=29 vk_bytes=1192 proof_bytes=128
live: built P2SH covenant spend, txid = [ff, 32, f7, f2, 9e, 32, e1, 40, d8, 2f, 45, 85, 72, b7, 11, 36, d1, f5, 17, fc, c1, 36, 2e, 49, d9, 26, dc, 97, 15, 27, d2, c2]
live: P2SH covenant spend ACCEPTED by node: txid=[ff, 32, f7, f2, 9e, 32, e1, 40, d8, 2f, 45, 85, 72, b7, 11, 36, d1, f5, 17, fc, c1, 36, 2e, 49, d9, 26, dc, 97, 15, 27, d2, c2]
live: mined block, report: accepted=Success
live: reached DAA score 72108 (target 72108)
live: P2SH covenant spend confirmation block mined
live: continuation covenant output confirmed at DAA score 72108
live: native production-ZK allocation guard accepted shape=1x1 spent_allocations=1 new_allocations=1
live: native RGK transition digest = 0x2566890c2767b814501ebc95b1e0220de848eacf5db3450c3eed817ad49840b3 (old_state=0x09db48568cbee9cbd5c968aae5d4cb05b53d70a8129119efb844eed10e46d3f1 new_state=0xab9f7374aea47f24a0e89c73ad970da1d30bdad7016ac6a3a228001a8afe6b26 witness_txid=0xff32f7f29e32e140d82f458572b71136d1f517fcc1362e49d926dc971527d2c2 spent_allocations=1 new_allocations=1 privacy_policy=PrivateLane lane_id=0xf9e2d47ecda382db86ba713e640cb58f4a9f75a24d0820505148c302004436d9)
live: semantic RGK transition statement public_inputs=328 continuation_shape_root=0x0ca69cbe6b931a7cd721dbb304980c94cd6e41b0bd00a514b47908cdfdb07823 policy_commitment=0x4663f5b9404ee4fe0358c6299f73422e955f5fea03e19545f5b8f99472d00bbf
live: semantic Groth16 proof verified public_inputs=41 vk_bytes=1576 proof_bytes=128
test live_toccata_full_covenant_lifecycle has been running for over 60 seconds
live: supported allocation-vector Groth16 proof verified shape=1x1 public_inputs=41 vk_bytes=1576 proof_bytes=128
live: allocation transcript segment Groth16 proof verified sides=2 segments=2 allocations=2 public_inputs_each=16 vk_bytes=776 proof_bytes_each=128 spent_root=0x39b90d6e29f4a502b5fcad90963b2e12fc9e8c22ce79a29ba55569c37714e096 new_root=0xbc7e4914e2044aa561025e25e9065620b18dcfa31b5318900f8908c45339972c spent_amount_commitment=0x68c92efdcb7c6f9096537d37af74aba44d7615915ce88c51711c5c6d4983ff34 new_amount_commitment=0xc1760514d6f2d480507ea9247be6f416c04d9b32a5d210dba8d01d576c64a1b3
live: allocation conservation Groth16 chain verified sides=2 segments=2 allocations=2 public_inputs_each=24 final_public_inputs=10 segment_vk_bytes=1032 segment_proof_bytes_each=128 final_vk_bytes=584 final_proof_bytes=128 spent_total_commitment=0x1a0a0bbd33746c96287dfb9516ca9f5d84b84320e66092e64860c6c9e2e1bbff new_total_commitment=0x0b1f4432d9e6afc40148127ff4ae5fba3c356190d8ca733385f21e27cd88b7d7
live: allocation exclusion segment-pair Groth16 proof verified spent_segments=1 new_segments=1 pair_grid=1 public_inputs=29 vk_bytes=1192 proof_bytes=128 spent_root=0x39b90d6e29f4a502b5fcad90963b2e12fc9e8c22ce79a29ba55569c37714e096 new_root=0xbc7e4914e2044aa561025e25e9065620b18dcfa31b5318900f8908c45339972c spent_amount_commitment=0x68c92efdcb7c6f9096537d37af74aba44d7615915ce88c51711c5c6d4983ff34 new_amount_commitment=0xc1760514d6f2d480507ea9247be6f416c04d9b32a5d210dba8d01d576c64a1b3
live: allocation audit bundle verified spent_segments=1 new_segments=1 exclusion_cells=1 spent_final_root=0x39b90d6e29f4a502b5fcad90963b2e12fc9e8c22ce79a29ba55569c37714e096 new_final_root=0xbc7e4914e2044aa561025e25e9065620b18dcfa31b5318900f8908c45339972c spent_total_commitment=0x1a0a0bbd33746c96287dfb9516ca9f5d84b84320e66092e64860c6c9e2e1bbff new_total_commitment=0x0b1f4432d9e6afc40148127ff4ae5fba3c356190d8ca733385f21e27cd88b7d7
live: allocation audit certificate verified certificate_id=0x491c1a4933d06eda542d3258fac6aa28d392b7a5bf7dfed5386482728dee0ba4 proof_cells=6 vk_bytes_total=5392 proof_bytes_total=768 canonical_bytes=11826
live: allocation audit certificate indexed certificate_id=0x491c1a4933d06eda542d3258fac6aa28d392b7a5bf7dfed5386482728dee0ba4 canonical_bytes=11826
live: registered private lane for view-key discovery (lane_id=0xf9e2d47ecda382db86ba713e640cb58f4a9f75a24d0820505148c302004436d9 scan_tag=0x3539f43aecf990bfd09e4b081ddba2835253710fa8a4022904e6ea61b963c62d privacy_policy=PrivateLane)
live: lane-discovery Groth16 proof verified public_inputs=9 vk_bytes=552 proof_bytes=128 lane_id=0xf9e2d47ecda382db86ba713e640cb58f4a9f75a24d0820505148c302004436d9 scan_tag=0x3539f43aecf990bfd09e4b081ddba2835253710fa8a4022904e6ea61b963c62d
live: lane-graph Groth16 proof verified nodes=2 public_inputs=22 vk_bytes=968 proof_bytes=128 graph_root=0x6ab1ca5ef8165554c39398f6ee2cd4419bd605cc09e507fec6264f1bdebd4dfc current_lane=0xf9e2d47ecda382db86ba713e640cb58f4a9f75a24d0820505148c302004436d9 next_scan_tag=0xa1300bb57a56c79e1c43eda255ac6cb55b7e04c247681d77a754ed07551312ea
live: segmented lane-graph Groth16 proof chain verified segments=2 nodes=4 public_inputs_each=27 vk_bytes=1128 proof_bytes_each=128 start_root=0x78145c2e5e78351ffa3d0e266b1a5cb8c3eb318b074a9bcaa407fcdbc6068573 final_root=0x90f47d54d63afe8eb7e59071e891fc14e966bd0658f617d25711d29276b01bde current_lane=0xf9e2d47ecda382db86ba713e640cb58f4a9f75a24d0820505148c302004436d9 final_scan_tag=0x85fb37ef816bbbe85f5e9bb524575608a66e5914ee7bbd0507cf143449b00fdc
live: resolver state = NativeTransitionedValid { covenant: [45, 77, 104, 227, 127, 232, 151, 98, 63, 128, 16, 145, 125, 187, 13, 51, 6, 6, 79, 56, 34, 230, 15, 52, 59, 10, 36, 0, 10, 105, 121, 187], spent_outpoint: KaspaOutpoint { transaction_id: [3, 241, 203, 209, 105, 124, 59, 151, 76, 151, 243, 44, 138, 150, 134, 51, 249, 222, 112, 10, 225, 169, 87, 213, 176, 27, 73, 62, 244, 1, 163, 252], index: 0 }, new_outpoint: KaspaOutpoint { transaction_id: [255, 50, 247, 242, 158, 50, 225, 64, 216, 47, 69, 133, 114, 183, 17, 54, 209, 245, 23, 252, 193, 54, 46, 73, 217, 38, 220, 151, 21, 39, 210, 194], index: 0 }, receipt_id: [131, 129, 163, 215, 23, 214, 62, 96, 216, 149, 218, 62, 31, 182, 120, 56, 116, 182, 38, 158, 213, 226, 199, 244, 57, 246, 147, 2, 239, 210, 111, 219], new_state: RgkStateCommitment { version: 1, chain_id: KaspaDevnet, covenant_id: [45, 77, 104, 227, 127, 232, 151, 98, 63, 128, 16, 145, 125, 187, 13, 51, 6, 6, 79, 56, 34, 230, 15, 52, 59, 10, 36, 0, 10, 105, 121, 187], asset_id: [66, 66, 66, 66, 66, 66, 66, 66, 66, 66, 66, 66, 66, 66, 66, 66, 66, 66, 66, 66, 66, 66, 66, 66, 66, 66, 66, 66, 66, 66, 66, 66], state_digest: [171, 159, 115, 116, 174, 164, 127, 36, 160, 232, 156, 115, 173, 151, 13, 161, 211, 11, 218, 215, 1, 106, 198, 163, 162, 40, 0, 26, 138, 254, 107, 38], receipt_policy: ZkOrVerifier }, allocation_audit_certificate: Some(AllocationAuditCertificateRecord { certificate_id: "0x491c1a4933d06eda542d3258fac6aa28d392b7a5bf7dfed5386482728dee0ba4", canonical_bytes_len: 11826 }), confirmation_depth: 1 }
live: resolver carried phase-2 native state digest = 0xab9f7374aea47f24a0e89c73ad970da1d30bdad7016ac6a3a228001a8afe6b26
live: view-key lane resolver classified as NativeTransitionedValid (lane_id=0xf9e2d47ecda382db86ba713e640cb58f4a9f75a24d0820505148c302004436d9 scan_tag=0x3539f43aecf990bfd09e4b081ddba2835253710fa8a4022904e6ea61b963c62d)
live: covenant transition classified as NativeTransitionedValid from the confirmed live Kaspa Toccata devnet spend (covenant_id=[2d, 4d, 68, e3, 7f, e8, 97, 62, 3f, 80, 10, 91, 7d, bb, 0d, 33, 06, 06, 4f, 38, 22, e6, 0f, 34, 3b, 0a, 24, 00, 0a, 69, 79, bb])
live: policy migration proof recovered after Sled reopen (previous_policy=verifier-only new_policy=zk-or-verifier migration=0x40e4a001cfabe6bd28df563591e113c74bee56fc79a2a5c16e118bc54575d4aa state_digest=0xab9f7374aea47f24a0e89c73ad970da1d30bdad7016ac6a3a228001a8afe6b26 resolver=NativeTransitionedValid)
live: persistent allocation audit certificate recovered certificate_id=0x491c1a4933d06eda542d3258fac6aa28d392b7a5bf7dfed5386482728dee0ba4 canonical_bytes=11826
live: persistent indexer recovered covenant after resolver indexing (covenant_id=[2d, 4d, 68, e3, 7f, e8, 97, 62, 3f, 80, 10, 91, 7d, bb, 0d, 33, 06, 06, 4f, 38, 22, e6, 0f, 34, 3b, 0a, 24, 00, 0a, 69, 79, bb] cursor_daa=72108)
test live_toccata_full_covenant_lifecycle ... ok

test result: ok. 1 passed; 0 failed; 0 ignored; 0 measured; 0 filtered out; finished in 246.39s

[e2e-devnet] running rgk-sync scanner smoke (initialise cursor)
   Compiling kaspa-wrpc-client v1.2.2-toc.4 (/Users/arthur/RustroverProjects/rusty-kaspa/rpc/wrpc/client)
   Compiling rgk-kaspa v0.1.0 (/Users/arthur/RustroverProjects/rgk/crates/rgk-kaspa)
   Compiling rgk-sync v0.1.0 (/Users/arthur/RustroverProjects/rgk/crates/rgk-sync)
    Finished `dev` profile [optimized + debuginfo] target(s) in 3.44s
     Running `target/debug/rgk-sync --url 'ws://127.0.0.1:19111/v2/kaspa/devnet/no-tls/wrpc/borsh' --network devnet --db /Users/arthur/RustroverProjects/rgk/target/rgk-devnet-evidence/sled --once`
tick initialised=true added_chain_blocks=0 observed_spends=0 start_daa=72108 end_daa=72108 end_hash_prefix=e046cf05f636de02
[e2e-devnet] running rgk-sync scanner smoke (reload cursor)
    Finished `dev` profile [optimized + debuginfo] target(s) in 0.18s
     Running `target/debug/rgk-sync --url 'ws://127.0.0.1:19111/v2/kaspa/devnet/no-tls/wrpc/borsh' --network devnet --db /Users/arthur/RustroverProjects/rgk/target/rgk-devnet-evidence/sled --once`
tick initialised=false added_chain_blocks=0 observed_spends=0 start_daa=72108 end_daa=72108 end_hash_prefix=e046cf05f636de02
[verify-devnet-evidence] ok: /Users/arthur/RustroverProjects/rgk/target/rgk-devnet-evidence/latest.txt
[e2e-devnet] evidence: /Users/arthur/RustroverProjects/rgk/target/rgk-devnet-evidence/latest.txt

== stderr ==
