== stdout ==

== stderr ==
    Checking ark-crypto-primitives v0.6.0
    Checking ark-bn254 v0.6.0
    Checking ark-crypto-primitives v0.5.0
    Checking rgk-rgb v0.1.0 (/Users/arthur/RustroverProjects/rgk/crates/rgk-rgb)
    Checking ark-groth16 v0.6.0
    Checking kaspa-txscript v1.2.2-toc.4 (/Users/arthur/RustroverProjects/rusty-kaspa/crypto/txscript)
    Checking ark-groth16 v0.5.0
    Checking rgk-zk v0.1.0 (/Users/arthur/RustroverProjects/rgk/crates/rgk-zk)
error: duplicated attribute
   --> crates/rgk-zk/src/real_zk.rs:22:8
    |
 22 | #![cfg(feature = "real-zk")]
    |        ^^^^^^^^^^^^^^^^^^^
    |
note: first defined here
   --> crates/rgk-zk/src/lib.rs:423:7
    |
423 | #[cfg(feature = "real-zk")]
    |       ^^^^^^^^^^^^^^^^^^^
help: remove this attribute
   --> crates/rgk-zk/src/real_zk.rs:22:8
    |
 22 | #![cfg(feature = "real-zk")]
    |        ^^^^^^^^^^^^^^^^^^^
    = help: for further information visit https://rust-lang.github.io/rust-clippy/master/index.html#duplicated_attributes
    = note: `-D clippy::duplicated-attributes` implied by `-D warnings`
    = help: to override `-D warnings` add `#[allow(clippy::duplicated_attributes)]`

error: could not compile `rgk-zk` (lib) due to 1 previous error
warning: build failed, waiting for other jobs to finish...
error: could not compile `rgk-zk` (lib test) due to 1 previous error
