== stdout ==

== stderr ==
    Blocking waiting for file lock on package cache
    Blocking waiting for file lock on package cache
    Blocking waiting for file lock on package cache
    Blocking waiting for file lock on build directory
    Checking rgk-resolver v0.1.0 (/Users/arthur/RustroverProjects/rgk/crates/rgk-resolver)
    Checking rgk-e2e v0.1.0 (/Users/arthur/RustroverProjects/rgk/tests/rgk-e2e)
error: call to `std::mem::drop` with a value that does not implement `Drop`. Dropping such a type only extends its contained lifetimes
    --> tests/rgk-e2e/tests/live_covenant.rs:1346:9
     |
1346 |         drop(migration_resolver);
     |         ^^^^^^^^^^^^^^^^^^^^^^^^
     |
note: argument has type `rgk_resolver::RgkResolver<'_, rgk_kaspa::WrpcBackend, rgk_indexer::SledIndexer>`
    --> tests/rgk-e2e/tests/live_covenant.rs:1346:14
     |
1346 |         drop(migration_resolver);
     |              ^^^^^^^^^^^^^^^^^^
     = help: for further information visit https://rust-lang.github.io/rust-clippy/master/index.html#drop_non_drop
     = note: `-D clippy::drop-non-drop` implied by `-D warnings`
     = help: to override `-D warnings` add `#[allow(clippy::drop_non_drop)]`

error: could not compile `rgk-e2e` (test "live_covenant") due to 1 previous error
