== stdout ==

running 1 test
test rgk_allocation_transcript_segment_groth16_proof_executes_in_upstream_toccata_vm ... ok

test result: ok. 1 passed; 0 failed; 0 ignored; 0 measured; 9 filtered out; finished in 21.32s


== stderr ==
   Compiling rgk-core v0.1.0 (/Users/arthur/RustroverProjects/rgk/crates/rgk-core)
   Compiling kaspa-wrpc-client v1.2.2-toc.4 (/Users/arthur/RustroverProjects/rusty-kaspa/rpc/wrpc/client)
   Compiling rgk-receipt v0.1.0 (/Users/arthur/RustroverProjects/rgk/crates/rgk-receipt)
   Compiling rgk-covenant v0.1.0 (/Users/arthur/RustroverProjects/rgk/crates/rgk-covenant)
   Compiling rgk-indexer v0.1.0 (/Users/arthur/RustroverProjects/rgk/crates/rgk-indexer)
   Compiling rgk-asset v0.1.0 (/Users/arthur/RustroverProjects/rgk/crates/rgk-asset)
   Compiling rgk-tx v0.1.0 (/Users/arthur/RustroverProjects/rgk/crates/rgk-tx)
   Compiling rgk-zk v0.1.0 (/Users/arthur/RustroverProjects/rgk/crates/rgk-zk)
   Compiling rgk-kaspa v0.1.0 (/Users/arthur/RustroverProjects/rgk/crates/rgk-kaspa)
   Compiling rgk-sync v0.1.0 (/Users/arthur/RustroverProjects/rgk/crates/rgk-sync)
   Compiling rgk-resolver v0.1.0 (/Users/arthur/RustroverProjects/rgk/crates/rgk-resolver)
   Compiling rgk-e2e v0.1.0 (/Users/arthur/RustroverProjects/rgk/tests/rgk-e2e)
    Finished `test` profile [optimized + debuginfo] target(s) in 3.66s
     Running tests/zk_precompile_vm.rs (target/debug/deps/zk_precompile_vm-d80893c784f18fe4)
[zk-precompile-vm] allocation_transcript_segment public_inputs=16 vk_bytes=776 proof_bytes=128 script_bytes=1441
