== stdout ==

running 32 tests
test native::tests::native_nia_rejects_mismatched_seal_chain ... ok
test native::tests::native_nia_issue_validates_and_pins_digest ... ok
test native::tests::native_nia_digest_is_allocation_order_stable ... ok
test native::tests::native_nia_transition_rejects_no_op ... ok
test native::tests::native_nia_transition_rejects_closed_seal_reuse ... ok
test native::tests::native_nia_rejects_duplicate_seal_outpoint ... ok
test native::tests::native_nia_transition_rejects_previous_state_mismatch ... ok
test native::tests::native_nia_rejects_supply_mismatch ... ok
test native::tests::native_nia_negative_vectors_fail_expected_digest ... ok
test native::tests::native_nia_transition_rejects_supply_inflation ... ok
test native::tests::native_nia_transition_digest_binds_witness_txid ... ok
test native::tests::native_nia_transition_validates_and_pins_digest ... ok
test native_vector::tests::rgb_lib_wallet_produced_vector_validates ... ok
test native_vector::tests::rgb_tools_schema_text_maps_to_pinned_native_schema_id ... ok
test native_vector::tests::rgb_tools_reference_vector_validates ... ok
test real_rgb::tests::noop_resolver_returns_unknown ... ok
test real_rgb::tests::real_rgb_adapter_compiles_and_links ... ok
test real_rgb::tests::state_commitment_bridge_round_trip ... ok
test tests::apply_transition_extends_consignment ... ok
test real_rgb::tests::validity_mapping_is_correct ... ok
test tests::initial_state_digest_is_deterministic ... ok
test tests::issue_nia_rejects_wrong_chain ... ok
test tests::issue_nia_rejects_wrong_schema ... ok
test tests::nia_schema_id_is_stable ... ok
test tests::issue_nia_returns_contract_id ... ok
test real_rgb::tests::validate_report_with_state_preserves_upstream_diagnostics ... ok
test real_rgb::tests::validate_with_state_invokes_upstream_validator ... ok
test tests::state_commitment_includes_chain_and_covenant ... ok
test tests::validate_rejects_unknown_contract ... ok
test tests::validate_accepts_self_issued ... ok
test real_rgb::tests::validate_with_state_accepts_minimal_upstream_consignment ... ok
test real_rgb::tests::minimal_upstream_validator_vectors_are_deterministic ... ok

test result: ok. 32 passed; 0 failed; 0 ignored; 0 measured; 0 filtered out; finished in 0.00s


running 0 tests

test result: ok. 0 passed; 0 failed; 0 ignored; 0 measured; 0 filtered out; finished in 0.00s


== stderr ==
   Compiling rgk-rgb v0.1.0 (/Users/arthur/RustroverProjects/rgk/crates/rgk-rgb)
    Finished `test` profile [optimized + debuginfo] target(s) in 2.25s
     Running unittests src/lib.rs (target/debug/deps/rgk_rgb-97175099d49a05b3)
   Doc-tests rgk_rgb
