== stdout ==

running 6 tests
test rgk_semantic_groth16_proof_executes_in_upstream_toccata_vm ... ok
test rgk_receipt_groth16_proof_executes_in_upstream_toccata_vm ... ok
test upstream_toccata_vm_rejects_changed_public_input ... ok
test rgk_allocation_1x1_groth16_proof_executes_in_upstream_toccata_vm has been running for over 60 seconds
test rgk_allocation_2x2_groth16_proof_executes_in_upstream_toccata_vm has been running for over 60 seconds
test rgk_allocation_3x2_groth16_proof_executes_in_upstream_toccata_vm has been running for over 60 seconds
test rgk_allocation_1x1_groth16_proof_executes_in_upstream_toccata_vm ... ok
test rgk_allocation_2x2_groth16_proof_executes_in_upstream_toccata_vm ... ok
test rgk_allocation_3x2_groth16_proof_executes_in_upstream_toccata_vm ... ok

test result: ok. 6 passed; 0 failed; 0 ignored; 0 measured; 0 filtered out; finished in 97.66s


== stderr ==
   Compiling kaspa-wrpc-client v1.2.2-toc.4 (/Users/arthur/RustroverProjects/rusty-kaspa/rpc/wrpc/client)
   Compiling rgk-kaspa v0.1.0 (/Users/arthur/RustroverProjects/rgk/crates/rgk-kaspa)
   Compiling rgk-sync v0.1.0 (/Users/arthur/RustroverProjects/rgk/crates/rgk-sync)
   Compiling rgk-resolver v0.1.0 (/Users/arthur/RustroverProjects/rgk/crates/rgk-resolver)
   Compiling rgk-e2e v0.1.0 (/Users/arthur/RustroverProjects/rgk/tests/rgk-e2e)
    Finished `test` profile [optimized + debuginfo] target(s) in 2.12s
     Running tests/zk_precompile_vm.rs (target/debug/deps/zk_precompile_vm-d80893c784f18fe4)
[zk-precompile-vm] semantic public_inputs=41 vk_bytes=1576 proof_bytes=128 script_bytes=3067
[zk-precompile-vm] public_inputs=29 vk_bytes=1192 proof_bytes=128 script_bytes=2287
[zk-precompile-vm] allocation_1x1 public_inputs=41 vk_bytes=1576 proof_bytes=128 script_bytes=3067
[zk-precompile-vm] allocation_2x2 public_inputs=41 vk_bytes=1576 proof_bytes=128 script_bytes=3067
[zk-precompile-vm] allocation_3x2 public_inputs=41 vk_bytes=1576 proof_bytes=128 script_bytes=3067
