== stdout ==
tests/rgk-e2e/tests/live_devnet.rs:1://! Live devnet evidence against a Toccata-active kaspad devnet.
tests/rgk-e2e/tests/live_devnet.rs:4://! `RGK_LIVE_DEVNET_URL` to a reachable devnet Borsh wRPC URL to run it.
tests/rgk-e2e/tests/live_devnet.rs:8://! ./scripts/e2e-devnet.sh --start-kaspa
tests/rgk-e2e/tests/live_devnet.rs:33:fn live_devnet_url() -> Option<String> {
tests/rgk-e2e/tests/live_devnet.rs:48:        .unwrap_or_else(|err| panic!("devnet node unreachable at {host}:{port}: {err}"));
tests/rgk-e2e/tests/live_devnet.rs:60:async fn connect_devnet(url: &str) -> KaspaRpcClient {
tests/rgk-e2e/tests/live_devnet.rs:76:async fn live_devnet_reports_toccata_node_identity() {
tests/rgk-e2e/tests/live_devnet.rs:77:    let Some(url) = live_devnet_url() else {
tests/rgk-e2e/tests/live_devnet.rs:78:        eprintln!("live devnet evidence skipped: RGK_LIVE_DEVNET_URL is not set");
tests/rgk-e2e/tests/live_devnet.rs:83:    let client = connect_devnet(&url).await;
tests/rgk-e2e/tests/live_devnet.rs:86:        "live-devnet: server_version={} network_id={} is_synced={} has_utxo_index={}",
tests/rgk-e2e/tests/live_devnet.rs:97:        "devnet evidence node must enable utxoindex"
tests/rgk-e2e/tests/live_devnet.rs:104:async fn live_devnet_initialises_persistent_scan_cursor() {
tests/rgk-e2e/tests/live_devnet.rs:105:    let Some(url) = live_devnet_url() else {
tests/rgk-e2e/tests/live_devnet.rs:106:        eprintln!("live devnet scan evidence skipped: RGK_LIVE_DEVNET_URL is not set");
tests/rgk-e2e/tests/live_devnet.rs:113:        .expect("connect devnet WrpcBackend");
tests/rgk-e2e/tests/live_devnet.rs:114:    let path = temp_db_path("rgk-devnet-scan");
tests/rgk-e2e/tests/live_devnet.rs:115:    let mut indexer = SledIndexer::open_path(&path).expect("open devnet scan cursor store");
tests/rgk-e2e/tests/live_devnet.rs:121:    let tick = service.tick().expect("initialise devnet scan cursor");
tests/rgk-e2e/tests/live_devnet.rs:124:        "first devnet tick should initialise the cursor"
tests/rgk-e2e/tests/live_devnet.rs:126:    indexer.flush().expect("flush devnet cursor");
tests/rgk-e2e/tests/live_devnet.rs:129:    let reopened = SledIndexer::open_path(&path).expect("reopen devnet scan cursor store");
tests/rgk-e2e/tests/live_devnet.rs:132:        .expect("load devnet scan cursor")
tests/rgk-e2e/tests/live_devnet.rs:133:        .expect("devnet scan cursor should exist");
tests/rgk-e2e/tests/live_devnet.rs:137:        "live-devnet: scan cursor initialised chain={:?} daa={} hash_prefix={}",
README.md:55:To collect local devnet evidence, run:
README.md:58:./scripts/e2e-devnet.sh --start-kaspa
README.md:61:This starts `kaspad --devnet` with `scripts/devnet-toccata-overrides.json`
README.md:62:(`toccata_activation = 0`, `skip_proof_of_work = true`), verifies the live
README.md:63:devnet node over Borsh wRPC, initialises a persistent `KaspaDevnet` scan
README.md:64:cursor, and writes the captured evidence to `target/rgk-devnet-evidence/latest.txt`.
README.md:84:| Kaspa live evidence        | live wRPC covenant harness passes against a local Toccata simnet; local Toccata-active devnet scanner evidence passes |
README.md:115:  CLI. Local devnet scanner evidence is captured by `./scripts/e2e-devnet.sh`.
README.md:142:                    run-kaspa-devnet / e2e-devnet
README.md:159:./scripts/e2e-devnet.sh --start-kaspa
scripts/run-kaspa-devnet.sh:2:# RGK: launch a local devnet kaspad with Toccata active from genesis.
scripts/run-kaspa-devnet.sh:5:#   ./scripts/run-kaspa-devnet.sh                  # foreground
scripts/run-kaspa-devnet.sh:6:#   ./scripts/run-kaspa-devnet.sh --background    # daemonize, write .pid
scripts/run-kaspa-devnet.sh:9:#   RGK_KASPA_DEVNET_DATADIR  override the data dir (default: ./.rgk-devnet)
scripts/run-kaspa-devnet.sh:16:DATADIR="${RGK_KASPA_DEVNET_DATADIR:-${ROOT}/.rgk-devnet}"
scripts/run-kaspa-devnet.sh:20:OVERRIDES="${RGK_KASPA_DEVNET_OVERRIDES:-${ROOT}/scripts/devnet-toccata-overrides.json}"
scripts/run-kaspa-devnet.sh:24:    echo "[run-kaspa-devnet] ${KASPAD} not built; running build-kaspa.sh"
scripts/run-kaspa-devnet.sh:29:    echo "[run-kaspa-devnet] missing override params file: ${OVERRIDES}"
scripts/run-kaspa-devnet.sh:36:    --devnet
scripts/run-kaspa-devnet.sh:55:        echo "[run-kaspa-devnet] already running (pid $(cat "${PID_FILE}"))"
scripts/run-kaspa-devnet.sh:58:    echo "[run-kaspa-devnet] launching ${KASPAD} in background"
scripts/run-kaspa-devnet.sh:61:    echo "[run-kaspa-devnet] pid: $(cat "${PID_FILE}")"
scripts/run-kaspa-devnet.sh:62:    echo "[run-kaspa-devnet] log: ${LOG_FILE}"
scripts/run-kaspa-devnet.sh:63:    echo "[run-kaspa-devnet] waiting for wRPC at ws://127.0.0.1:$((RPCPORT + 1))"
scripts/run-kaspa-devnet.sh:66:            echo "[run-kaspa-devnet] wRPC ready after ${i}s"
scripts/run-kaspa-devnet.sh:71:    echo "[run-kaspa-devnet] wRPC did not come up within 60s; check ${LOG_FILE}"
scripts/run-kaspa-devnet.sh:75:echo "[run-kaspa-devnet] launching ${KASPAD} (foreground; ctrl-C to stop)"
docs/ROADMAP.md:23:| local Toccata-active devnet scanner evidence  | LIVE        |
docs/ROADMAP.md:45:`./scripts/e2e-devnet.sh --start-kaspa` starts a local devnet node with
docs/ROADMAP.md:46:`toccata_activation = 0` and `skip_proof_of_work = true`, verifies
docs/ROADMAP.md:47:`network_id=devnet` over Borsh wRPC, persists a `KaspaDevnet` scan cursor, and
docs/ROADMAP.md:49:`target/rgk-devnet-evidence/latest.txt`.
docs/ROADMAP.md:52:`CovenantSpec::build_script` payload-hash script, publish public testnet
docs/ROADMAP.md:69:5. DONE: `scripts/run-kaspa-devnet.sh` and `scripts/e2e-devnet.sh` provide
docs/ROADMAP.md:70:   local Toccata-active devnet evidence over Borsh wRPC and persistent
docs/ROADMAP.md:89:exercising `CovenantSpec::build_script` on the live spend; public testnet
docs/ROADMAP.md:209:activates at DAA score 474_165_565). Local devnet scanner evidence is live;
docs/ROADMAP.md:215:1. DONE: local Toccata-active devnet scanner evidence via
docs/ROADMAP.md:216:   `./scripts/e2e-devnet.sh --start-kaspa`.
docs/ROADMAP.md:217:2. **Public testnet staging**: point `WrpcBackend` at a public testnet
scripts/devnet-toccata-overrides.json:2:  "skip_proof_of_work": true,
scripts/devnet-toccata-overrides.json:3:  "toccata_activation": 0
docs/RECEIPT-SPEC.md:61:Valid values: `0x01 mainnet`, `0x02 testnet`, `0x03 simnet`, `0x04 devnet`,
scripts/e2e-devnet.sh:2:# RGK: local devnet evidence harness.
scripts/e2e-devnet.sh:4:# This starts or targets a Toccata-active local kaspad devnet, verifies node
scripts/e2e-devnet.sh:6:# and records a scanner CLI smoke run under target/rgk-devnet-evidence/.
scripts/e2e-devnet.sh:9:#   ./scripts/e2e-devnet.sh                  # requires a running devnet node
scripts/e2e-devnet.sh:10:#   ./scripts/e2e-devnet.sh --start-kaspa    # start local devnet first
scripts/e2e-devnet.sh:11:#   ./scripts/e2e-devnet.sh --stop-kaspa     # stop the backgrounded devnet
scripts/e2e-devnet.sh:18:DEFAULT_URL="ws://127.0.0.1:19111/v2/kaspa/devnet/no-tls/wrpc/borsh"
scripts/e2e-devnet.sh:20:EVIDENCE_DIR="${RGK_DEVNET_EVIDENCE_DIR:-${ROOT}/target/rgk-devnet-evidence}"
scripts/e2e-devnet.sh:26:            "${ROOT}/scripts/run-kaspa-devnet.sh" --background
scripts/e2e-devnet.sh:30:            DATADIR="${RGK_KASPA_DEVNET_DATADIR:-${ROOT}/.rgk-devnet}"
scripts/e2e-devnet.sh:35:                echo "[e2e-devnet] stopped"
scripts/e2e-devnet.sh:40:            echo "[e2e-devnet] unknown argument: $1"
scripts/e2e-devnet.sh:55:    echo "[e2e-devnet] devnet node unreachable at ${LIVE_HOST}:${LIVE_PORT}"
scripts/e2e-devnet.sh:56:    echo "[e2e-devnet] start it with: ./scripts/e2e-devnet.sh --start-kaspa"
scripts/e2e-devnet.sh:65:    echo "RGK devnet evidence"
scripts/e2e-devnet.sh:68:    echo "override_params=${ROOT}/scripts/devnet-toccata-overrides.json"
scripts/e2e-devnet.sh:69:    echo "override_params_json=$(tr -d '\n ' < "${ROOT}/scripts/devnet-toccata-overrides.json")"
scripts/e2e-devnet.sh:75:echo "[e2e-devnet] live devnet RPC: ${RGK_LIVE_DEVNET_URL}"
scripts/e2e-devnet.sh:76:echo "[e2e-devnet] running live_devnet test"
scripts/e2e-devnet.sh:77:cargo test -p rgk-e2e --features live-kaspa-wrpc,persistent-indexer --test live_devnet -- --nocapture \
scripts/e2e-devnet.sh:80:echo "[e2e-devnet] running rgk-sync scanner smoke (initialise cursor)"
scripts/e2e-devnet.sh:83:    --network devnet \
scripts/e2e-devnet.sh:88:echo "[e2e-devnet] running rgk-sync scanner smoke (reload cursor)"
scripts/e2e-devnet.sh:91:    --network devnet \
scripts/e2e-devnet.sh:96:echo "[e2e-devnet] evidence: ${REPORT}"
docs/E2E.md:66:## Step 3b — run local devnet evidence
docs/E2E.md:69:./scripts/e2e-devnet.sh --start-kaspa
docs/E2E.md:72:This launches `kaspad --devnet` with
docs/E2E.md:73:`scripts/devnet-toccata-overrides.json`, which sets:
docs/E2E.md:77:  "skip_proof_of_work": true,
docs/E2E.md:78:  "toccata_activation": 0
docs/E2E.md:91:The evidence harness verifies `network_id=devnet` over Borsh wRPC, confirms
docs/E2E.md:95:Captured output is written to `target/rgk-devnet-evidence/latest.txt`.
docs/E2E.md:97:Stop: `./scripts/e2e-devnet.sh --stop-kaspa`.
docs/E2E.md:158:The devnet evidence path (`tests/rgk-e2e/tests/live_devnet.rs`) is opt-in via
docs/E2E.md:160:workspace checks do not require a live devnet daemon. `./scripts/e2e-devnet.sh`
docs/E2E.md:161:sets the URL and treats an unreachable devnet node as a hard failure.
docs/E2E.md:206:* It does **not** yet prove public-network staging. `WrpcBackend` can poll the
docs/E2E.md:209:  once, until idle, or in a Ctrl+C-aware `--forever` loop. Local devnet scanner
docs/E2E.md:210:  evidence is live; public testnet/mainnet staging remains open.
docs/E2E.md:222:./scripts/e2e-devnet.sh --start-kaspa

== stderr ==
