== stdout ==
[run-kaspa-devnet] launching /Users/arthur/RustroverProjects/rgk/external/rusty-kaspa-toccata/target/release/kaspad in background
[run-kaspa-devnet] pid: 33075
[run-kaspa-devnet] log: /Users/arthur/RustroverProjects/rgk/.rgk-devnet/kaspad.log
[run-kaspa-devnet] waiting for wRPC at ws://127.0.0.1:19111
[run-kaspa-devnet] wRPC ready after 2s
[e2e-devnet] live devnet RPC: ws://127.0.0.1:19111/v2/kaspa/devnet/no-tls/wrpc/borsh
[e2e-devnet] running live_devnet test
   Compiling rgk-zk v0.1.0 (/Users/arthur/RustroverProjects/rgk/crates/rgk-zk)
   Compiling kaspa-wrpc-client v1.2.2-toc.4 (/Users/arthur/RustroverProjects/rusty-kaspa/rpc/wrpc/client)
   Compiling rgk-kaspa v0.1.0 (/Users/arthur/RustroverProjects/rgk/crates/rgk-kaspa)
   Compiling rgk-sync v0.1.0 (/Users/arthur/RustroverProjects/rgk/crates/rgk-sync)
   Compiling rgk-resolver v0.1.0 (/Users/arthur/RustroverProjects/rgk/crates/rgk-resolver)
   Compiling rgk-e2e v0.1.0 (/Users/arthur/RustroverProjects/rgk/tests/rgk-e2e)
    Finished `test` profile [optimized + debuginfo] target(s) in 3.71s
     Running tests/live_devnet.rs (target/debug/deps/live_devnet-a446d7acbb399c7f)

running 2 tests
live-devnet: server_version=1.2.2-toc.4 network_id=devnet is_synced=false has_utxo_index=true
test live_devnet_reports_toccata_node_identity ... ok
live-devnet: scan cursor initialised chain=KaspaDevnet daa=84126 hash_prefix=68e870dac03f9b32
test live_devnet_initialises_persistent_scan_cursor ... ok

test result: ok. 2 passed; 0 failed; 0 ignored; 0 measured; 0 filtered out; finished in 0.07s

[e2e-devnet] running policy migration recovery fixture
   Compiling rgk-resolver v0.1.0 (/Users/arthur/RustroverProjects/rgk/crates/rgk-resolver)
   Compiling rgk-e2e v0.1.0 (/Users/arthur/RustroverProjects/rgk/tests/rgk-e2e)
    Finished `test` profile [optimized + debuginfo] target(s) in 1.20s
     Running unittests src/lib.rs (target/debug/deps/rgk_e2e-61e4ff2d6b6c07e6)

running 1 test
RGK policy migration recovery
  chain:           KaspaLocalToccata
  covenant:        0xc750aee85561dc562b16688f01a736f81ed26948e166280ff5cd2a6f970d6599
  spent_txid:      0x2121212121212121212121212121212121212121212121212121212121212121
  new_txid:        0x2222222222222222222222222222222222222222222222222222222222222222
  previous_policy: verifier-only
  new_policy:      zk-or-verifier
  migration:       0x595de1d206e02c94795f46e960bf6e2230dd921d0ebfa3470a36fe05ec972be6
  resolver:        NativeTransitionedValid { covenant: [199, 80, 174, 232, 85, 97, 220, 86, 43, 22, 104, 143, 1, 167, 54, 248, 30, 210, 105, 72, 225, 102, 40, 15, 245, 205, 42, 111, 151, 13, 101, 153], spent_outpoint: KaspaOutpoint { transaction_id: [33, 33, 33, 33, 33, 33, 33, 33, 33, 33, 33, 33, 33, 33, 33, 33, 33, 33, 33, 33, 33, 33, 33, 33, 33, 33, 33, 33, 33, 33, 33, 33], index: 0 }, new_outpoint: KaspaOutpoint { transaction_id: [34, 34, 34, 34, 34, 34, 34, 34, 34, 34, 34, 34, 34, 34, 34, 34, 34, 34, 34, 34, 34, 34, 34, 34, 34, 34, 34, 34, 34, 34, 34, 34], index: 0 }, receipt_id: [89, 93, 225, 210, 6, 224, 44, 148, 121, 95, 70, 233, 96, 191, 110, 34, 48, 221, 146, 29, 14, 191, 163, 71, 10, 54, 254, 5, 236, 151, 43, 230], new_state: RgkStateCommitment { version: 1, chain_id: KaspaLocalToccata, covenant_id: [199, 80, 174, 232, 85, 97, 220, 86, 43, 22, 104, 143, 1, 167, 54, 248, 30, 210, 105, 72, 225, 102, 40, 15, 245, 205, 42, 111, 151, 13, 101, 153], asset_id: [66, 66, 66, 66, 66, 66, 66, 66, 66, 66, 66, 66, 66, 66, 66, 66, 66, 66, 66, 66, 66, 66, 66, 66, 66, 66, 66, 66, 66, 66, 66, 66], state_digest: [50, 50, 50, 50, 50, 50, 50, 50, 50, 50, 50, 50, 50, 50, 50, 50, 50, 50, 50, 50, 50, 50, 50, 50, 50, 50, 50, 50, 50, 50, 50, 50], receipt_policy: ZkOrVerifier }, allocation_audit_certificate: None, confirmation_depth: 1 }

test policy_migration_recovery_fixture_survives_reopen ... ok

test result: ok. 1 passed; 0 failed; 0 ignored; 0 measured; 3 filtered out; finished in 0.05s

[e2e-devnet] running native burn lifecycle fixtures
    Finished `test` profile [optimized + debuginfo] target(s) in 0.07s
     Running unittests src/lib.rs (target/debug/deps/rgk_asset-62819fe3dc6f14f9)

running 1 test
test native::tests::native_transition_rejects_supply_inflation_and_deflation ... ok

test result: ok. 1 passed; 0 failed; 0 ignored; 0 measured; 35 filtered out; finished in 0.00s

    Finished `test` profile [optimized + debuginfo] target(s) in 0.06s
     Running unittests src/lib.rs (target/debug/deps/rgk_asset-62819fe3dc6f14f9)

running 1 test
test native::tests::continuation_accepts_explicit_burn_for_supported_production_zk_shape ... ok

test result: ok. 1 passed; 0 failed; 0 ignored; 0 measured; 35 filtered out; finished in 0.00s

    Finished `test` profile [optimized + debuginfo] target(s) in 0.09s
     Running unittests src/lib.rs (target/debug/deps/rgk_zk-2d7d6e784de2143c)

running 1 test
test real_zk::tests::prove_then_verify_allocation_1x1_burn_transition has been running for over 60 seconds
test real_zk::tests::prove_then_verify_allocation_1x1_burn_transition ... ok

test result: ok. 1 passed; 0 failed; 0 ignored; 0 measured; 83 filtered out; finished in 73.93s

native burn: production-ZK burn proof supported for shape=1x1
[e2e-devnet] running 4x4 allocation-vector VM fixture
   Compiling kaspa-wrpc-client v1.2.2-toc.4 (/Users/arthur/RustroverProjects/rusty-kaspa/rpc/wrpc/client)
   Compiling rgk-kaspa v0.1.0 (/Users/arthur/RustroverProjects/rgk/crates/rgk-kaspa)
   Compiling rgk-resolver v0.1.0 (/Users/arthur/RustroverProjects/rgk/crates/rgk-resolver)
   Compiling rgk-sync v0.1.0 (/Users/arthur/RustroverProjects/rgk/crates/rgk-sync)
   Compiling rgk-e2e v0.1.0 (/Users/arthur/RustroverProjects/rgk/tests/rgk-e2e)
    Finished `test` profile [optimized + debuginfo] target(s) in 3.03s
     Running tests/zk_precompile_vm.rs (target/debug/deps/zk_precompile_vm-d80893c784f18fe4)

running 1 test
test rgk_allocation_4x4_groth16_proof_executes_in_upstream_toccata_vm has been running for over 60 seconds
[zk-precompile-vm] allocation_4x4 public_inputs=48 vk_bytes=1800 proof_bytes=128 script_bytes=3522
test rgk_allocation_4x4_groth16_proof_executes_in_upstream_toccata_vm ... ok

test result: ok. 1 passed; 0 failed; 0 ignored; 0 measured; 13 filtered out; finished in 150.18s

native allocation: production-ZK proof supported for shape=4x4
[e2e-devnet] running full covenant lifecycle on devnet
   Compiling kaspa-wrpc-client v1.2.2-toc.4 (/Users/arthur/RustroverProjects/rusty-kaspa/rpc/wrpc/client)
   Compiling rgk-kaspa v0.1.0 (/Users/arthur/RustroverProjects/rgk/crates/rgk-kaspa)
   Compiling rgk-resolver v0.1.0 (/Users/arthur/RustroverProjects/rgk/crates/rgk-resolver)
   Compiling rgk-sync v0.1.0 (/Users/arthur/RustroverProjects/rgk/crates/rgk-sync)
   Compiling rgk-e2e v0.1.0 (/Users/arthur/RustroverProjects/rgk/tests/rgk-e2e)
    Finished `test` profile [optimized + debuginfo] target(s) in 4.66s
     Running tests/live_covenant.rs (target/debug/deps/live_covenant-7bf44a871ab07a5e)

running 1 test
live: connected to devnet wRPC (chain_id=KaspaDevnet)
live: fixed keypair address = kaspadev:qzzt7atzyc4m662qppt53ua7dta99t33w923s8kwxxmxx5wvl7jtq0ahp67m9
live: fixed pubkey x-only = [84, bf, 75, 62, 26, 2b, bd, 69, 40, 08, 57, 48, f3, be, 6a, fa, 52, ae, 31, 71, 55, 18, 1e, ce, 31, b6, 63, 51, cc, ff, a4, b0]
live: generated keypair, devnet address: kaspadev:qzzt7atzyc4m662qppt53ua7dta99t33w923s8kwxxmxx5wvl7jtq0ahp67m9
live: mined block, report: accepted=Success
live: reached DAA score 84127 (target 1)
live: coinbase block 1 mined; mining 2000 more so the FIRST coinbase UTXO matures (need DAA >= 1001 to spend it)...
live: mined 100/2000 blocks (0.2s)
live: mined 200/2000 blocks (0.4s)
live: mined 300/2000 blocks (0.6s)
live: mined 400/2000 blocks (0.7s)
live: mined 500/2000 blocks (0.8s)
live: mined 600/2000 blocks (1.0s)
live: mined 700/2000 blocks (1.1s)
live: mined 800/2000 blocks (1.2s)
live: mined 900/2000 blocks (1.3s)
live: mined 1000/2000 blocks (1.4s)
live: mined 1100/2000 blocks (1.5s)
live: mined 1200/2000 blocks (1.6s)
live: mined 1300/2000 blocks (1.7s)
live: mined 1400/2000 blocks (1.8s)
live: mined 1500/2000 blocks (1.9s)
live: mined 1600/2000 blocks (2.0s)
live: mined 1700/2000 blocks (2.1s)
live: mined 1800/2000 blocks (2.1s)
live: mined 1900/2000 blocks (2.2s)
live: mined 2000/2000 blocks (2.3s)
live: mined 2000 blocks in 2.3s
live: reached DAA score 86127 (target 2001)
live: oldest coinbase UTXO is now mature (DAA >= 2001)
live: selected coinbase UTXO at DAA 44 (oldest, mature)
live: fetched coinbase UTXO txid=[f8, 66, 57, dd, 4d, 57, 8f, 97, 5b, 1d, ef, 82, fc, 6e, 26, a6, 27, 25, 83, fe, 87, e4, ec, d4, 16, c1, 7a, 2e, cd, c4, ab, be] index=0 value=4400000000
live: computed covenant_id = [96, c0, a3, 54, c7, ec, 80, 10, cc, 30, d6, 10, 95, f7, 17, 57, 82, 5f, 91, a0, 80, 47, 40, 0c, f5, ed, 7a, 68, f8, e6, ec, d8] for the genesis output (value=4396000000, fee=4000000)
live: signed covenant tx, txid = [b0, d5, 92, 8e, 7b, 6f, 90, 9e, 3d, c1, 2a, 61, ce, ba, 04, ea, 57, 94, 3f, 26, d2, ff, 7d, bd, 3e, 21, 16, 27, 02, 7a, 4d, 83]
live: covenant tx ACCEPTED by node: txid=[b0, d5, 92, 8e, 7b, 6f, 90, 9e, 3d, c1, 2a, 61, ce, ba, 04, ea, 57, 94, 3f, 26, d2, ff, 7d, bd, 3e, 21, 16, 27, 02, 7a, 4d, 83]
live: mined block, report: accepted=Success
live: reached DAA score 86128 (target 2)
live: confirmation block 2 mined
live: covenant output confirmed at DAA score 86128 with covenant_id=[96, c0, a3, 54, c7, ec, 80, 10, cc, 30, d6, 10, 95, f7, 17, 57, 82, 5f, 91, a0, 80, 47, 40, 0c, f5, ed, 7a, 68, f8, e6, ec, d8]
live: native RGK asset state digest = 0x9b4540159f1bf2a386f2675bd8b95b3dde6263c9c0101db30c16735f521268a4 (allocations=1 daa=86128 confirmations=1 privacy_policy=PrivateLane lane_id=0xf9e2d47ecda382db86ba713e640cb58f4a9f75a24d0820505148c302004436d9)
live: ZK covenant spend enabled, public_inputs=29 vk_bytes=1192 proof_bytes=128
live: built P2SH covenant spend, txid = [d9, 45, 48, ff, 7c, 49, 04, 2c, 8d, 10, f2, 0f, da, 7d, 38, 26, 25, 61, ca, 14, 1f, 8a, 79, d1, a5, be, c7, 47, 5d, a8, 6f, a1]
live: P2SH covenant spend ACCEPTED by node: txid=[d9, 45, 48, ff, 7c, 49, 04, 2c, 8d, 10, f2, 0f, da, 7d, 38, 26, 25, 61, ca, 14, 1f, 8a, 79, d1, a5, be, c7, 47, 5d, a8, 6f, a1]
live: mined block, report: accepted=Success
live: reached DAA score 86129 (target 86129)
live: P2SH covenant spend confirmation block mined
live: continuation covenant output confirmed at DAA score 86129
live: native production-ZK allocation guard accepted shape=1x1 spent_allocations=1 new_allocations=1
live: native RGK transition digest = 0x4204c1445da16f497317e9b2a6ecb97d813b19e7cc40fbdb4de7331a8383b83d (old_state=0x9b4540159f1bf2a386f2675bd8b95b3dde6263c9c0101db30c16735f521268a4 new_state=0x1d645ab24d5304928f808646363ccc44dd8b2c777aac44f0f51b1952241f9a08 witness_txid=0xd94548ff7c49042c8d10f20fda7d38262561ca141f8a79d1a5bec7475da86fa1 spent_allocations=1 new_allocations=1 privacy_policy=PrivateLane lane_id=0xf9e2d47ecda382db86ba713e640cb58f4a9f75a24d0820505148c302004436d9)
live: semantic RGK transition statement public_inputs=384 continuation_shape_root=0x114a48db8ca4791b2aea5d95e5168b209492009aee25e1ebd89c14aa5fbd80f8 policy_commitment=0x4663f5b9404ee4fe0358c6299f73422e955f5fea03e19545f5b8f99472d00bbf
live: semantic Groth16 proof verified public_inputs=48 vk_bytes=1800 proof_bytes=128
test live_toccata_full_covenant_lifecycle has been running for over 60 seconds
live: supported allocation-vector Groth16 proof verified shape=1x1 public_inputs=48 vk_bytes=1800 proof_bytes=128
live: allocation transcript segment Groth16 proof verified sides=2 segments=2 allocations=2 public_inputs_each=16 vk_bytes=776 proof_bytes_each=128 spent_root=0x2351ab8e01834cecd1bf33ce866be685179538ef122c83dc999a4c6dbd0699e5 new_root=0x711971efc3be381765c176c46cb0b88144a86151ab30a1a3f32d399c9e00556b spent_amount_commitment=0x68c92efdcb7c6f9096537d37af74aba44d7615915ce88c51711c5c6d4983ff34 new_amount_commitment=0xc1760514d6f2d480507ea9247be6f416c04d9b32a5d210dba8d01d576c64a1b3
live: allocation conservation Groth16 chain verified sides=2 segments=2 allocations=2 public_inputs_each=24 final_public_inputs=10 segment_vk_bytes=1032 segment_proof_bytes_each=128 final_vk_bytes=584 final_proof_bytes=128 spent_total_commitment=0x1a0a0bbd33746c96287dfb9516ca9f5d84b84320e66092e64860c6c9e2e1bbff new_total_commitment=0x0b1f4432d9e6afc40148127ff4ae5fba3c356190d8ca733385f21e27cd88b7d7
live: allocation exclusion segment-pair Groth16 proof verified spent_segments=1 new_segments=1 pair_grid=1 public_inputs=29 vk_bytes=1192 proof_bytes=128 spent_root=0x2351ab8e01834cecd1bf33ce866be685179538ef122c83dc999a4c6dbd0699e5 new_root=0x711971efc3be381765c176c46cb0b88144a86151ab30a1a3f32d399c9e00556b spent_amount_commitment=0x68c92efdcb7c6f9096537d37af74aba44d7615915ce88c51711c5c6d4983ff34 new_amount_commitment=0xc1760514d6f2d480507ea9247be6f416c04d9b32a5d210dba8d01d576c64a1b3
live: allocation audit bundle verified spent_segments=1 new_segments=1 exclusion_cells=1 spent_final_root=0x2351ab8e01834cecd1bf33ce866be685179538ef122c83dc999a4c6dbd0699e5 new_final_root=0x711971efc3be381765c176c46cb0b88144a86151ab30a1a3f32d399c9e00556b spent_total_commitment=0x1a0a0bbd33746c96287dfb9516ca9f5d84b84320e66092e64860c6c9e2e1bbff new_total_commitment=0x0b1f4432d9e6afc40148127ff4ae5fba3c356190d8ca733385f21e27cd88b7d7
live: allocation audit certificate verified certificate_id=0x36eac3e58d4f0efcdf97d77d01991e0068d50d832c1815465c4ed8e6598803bd proof_cells=6 vk_bytes_total=5392 proof_bytes_total=768 canonical_bytes=11826
live: allocation audit certificate indexed certificate_id=0x36eac3e58d4f0efcdf97d77d01991e0068d50d832c1815465c4ed8e6598803bd canonical_bytes=11826
live: registered private lane for view-key discovery (lane_id=0xf9e2d47ecda382db86ba713e640cb58f4a9f75a24d0820505148c302004436d9 scan_tag=0x3539f43aecf990bfd09e4b081ddba2835253710fa8a4022904e6ea61b963c62d privacy_policy=PrivateLane)
live: lane-discovery Groth16 proof verified public_inputs=9 vk_bytes=552 proof_bytes=128 lane_id=0xf9e2d47ecda382db86ba713e640cb58f4a9f75a24d0820505148c302004436d9 scan_tag=0x3539f43aecf990bfd09e4b081ddba2835253710fa8a4022904e6ea61b963c62d
live: lane-graph Groth16 proof verified nodes=2 public_inputs=22 vk_bytes=968 proof_bytes=128 graph_root=0x6ab1ca5ef8165554c39398f6ee2cd4419bd605cc09e507fec6264f1bdebd4dfc current_lane=0xf9e2d47ecda382db86ba713e640cb58f4a9f75a24d0820505148c302004436d9 next_scan_tag=0xa1300bb57a56c79e1c43eda255ac6cb55b7e04c247681d77a754ed07551312ea
live: segmented lane-graph Groth16 proof chain verified segments=2 nodes=4 public_inputs_each=27 vk_bytes=1128 proof_bytes_each=128 start_root=0x78145c2e5e78351ffa3d0e266b1a5cb8c3eb318b074a9bcaa407fcdbc6068573 final_root=0x90f47d54d63afe8eb7e59071e891fc14e966bd0658f617d25711d29276b01bde current_lane=0xf9e2d47ecda382db86ba713e640cb58f4a9f75a24d0820505148c302004436d9 final_scan_tag=0x85fb37ef816bbbe85f5e9bb524575608a66e5914ee7bbd0507cf143449b00fdc
live: resolver state = NativeTransitionedValid { covenant: [150, 192, 163, 84, 199, 236, 128, 16, 204, 48, 214, 16, 149, 247, 23, 87, 130, 95, 145, 160, 128, 71, 64, 12, 245, 237, 122, 104, 248, 230, 236, 216], spent_outpoint: KaspaOutpoint { transaction_id: [176, 213, 146, 142, 123, 111, 144, 158, 61, 193, 42, 97, 206, 186, 4, 234, 87, 148, 63, 38, 210, 255, 125, 189, 62, 33, 22, 39, 2, 122, 77, 131], index: 0 }, new_outpoint: KaspaOutpoint { transaction_id: [217, 69, 72, 255, 124, 73, 4, 44, 141, 16, 242, 15, 218, 125, 56, 38, 37, 97, 202, 20, 31, 138, 121, 209, 165, 190, 199, 71, 93, 168, 111, 161], index: 0 }, receipt_id: [162, 111, 1, 155, 196, 22, 86, 153, 23, 232, 234, 76, 44, 135, 42, 16, 155, 204, 210, 114, 82, 12, 149, 210, 59, 209, 171, 2, 43, 71, 231, 157], new_state: RgkStateCommitment { version: 1, chain_id: KaspaDevnet, covenant_id: [150, 192, 163, 84, 199, 236, 128, 16, 204, 48, 214, 16, 149, 247, 23, 87, 130, 95, 145, 160, 128, 71, 64, 12, 245, 237, 122, 104, 248, 230, 236, 216], asset_id: [66, 66, 66, 66, 66, 66, 66, 66, 66, 66, 66, 66, 66, 66, 66, 66, 66, 66, 66, 66, 66, 66, 66, 66, 66, 66, 66, 66, 66, 66, 66, 66], state_digest: [29, 100, 90, 178, 77, 83, 4, 146, 143, 128, 134, 70, 54, 60, 204, 68, 221, 139, 44, 119, 122, 172, 68, 240, 245, 27, 25, 82, 36, 31, 154, 8], receipt_policy: ZkOrVerifier }, allocation_audit_certificate: Some(AllocationAuditCertificateRecord { certificate_id: "0x36eac3e58d4f0efcdf97d77d01991e0068d50d832c1815465c4ed8e6598803bd", canonical_bytes_len: 11826 }), confirmation_depth: 1 }
live: resolver carried phase-2 native state digest = 0x1d645ab24d5304928f808646363ccc44dd8b2c777aac44f0f51b1952241f9a08
live: view-key lane resolver classified as NativeTransitionedValid (lane_id=0xf9e2d47ecda382db86ba713e640cb58f4a9f75a24d0820505148c302004436d9 scan_tag=0x3539f43aecf990bfd09e4b081ddba2835253710fa8a4022904e6ea61b963c62d)
live: covenant transition classified as NativeTransitionedValid from the confirmed live Kaspa Toccata devnet spend (covenant_id=[96, c0, a3, 54, c7, ec, 80, 10, cc, 30, d6, 10, 95, f7, 17, 57, 82, 5f, 91, a0, 80, 47, 40, 0c, f5, ed, 7a, 68, f8, e6, ec, d8])
live: policy migration proof recovered after Sled reopen (previous_policy=verifier-only new_policy=zk-or-verifier migration=0x349a9da31d1a22556fb34d99eb0c8b1c0cd8ac9e85e9abbcbd0d447de009ada8 state_digest=0x1d645ab24d5304928f808646363ccc44dd8b2c777aac44f0f51b1952241f9a08 resolver=NativeTransitionedValid)
live: persistent allocation audit certificate recovered certificate_id=0x36eac3e58d4f0efcdf97d77d01991e0068d50d832c1815465c4ed8e6598803bd canonical_bytes=11826
live: persistent indexer recovered covenant after resolver indexing (covenant_id=[96, c0, a3, 54, c7, ec, 80, 10, cc, 30, d6, 10, 95, f7, 17, 57, 82, 5f, 91, a0, 80, 47, 40, 0c, f5, ed, 7a, 68, f8, e6, ec, d8] cursor_daa=86129)
test live_toccata_full_covenant_lifecycle ... ok

test result: ok. 1 passed; 0 failed; 0 ignored; 0 measured; 0 filtered out; finished in 245.76s

[e2e-devnet] running rgk-sync scanner smoke (initialise cursor)
   Compiling kaspa-wrpc-client v1.2.2-toc.4 (/Users/arthur/RustroverProjects/rusty-kaspa/rpc/wrpc/client)
   Compiling rgk-kaspa v0.1.0 (/Users/arthur/RustroverProjects/rgk/crates/rgk-kaspa)
   Compiling rgk-sync v0.1.0 (/Users/arthur/RustroverProjects/rgk/crates/rgk-sync)
    Finished `dev` profile [optimized + debuginfo] target(s) in 2.51s
     Running `target/debug/rgk-sync --url 'ws://127.0.0.1:19111/v2/kaspa/devnet/no-tls/wrpc/borsh' --network devnet --db /Users/arthur/RustroverProjects/rgk/target/rgk-devnet-evidence/sled --once`
tick initialised=true added_chain_blocks=0 observed_spends=0 start_daa=86129 end_daa=86129 end_hash_prefix=67dc6825d6e3b55b
[e2e-devnet] running rgk-sync scanner smoke (reload cursor)
    Finished `dev` profile [optimized + debuginfo] target(s) in 0.19s
     Running `target/debug/rgk-sync --url 'ws://127.0.0.1:19111/v2/kaspa/devnet/no-tls/wrpc/borsh' --network devnet --db /Users/arthur/RustroverProjects/rgk/target/rgk-devnet-evidence/sled --once`
tick initialised=false added_chain_blocks=0 observed_spends=0 start_daa=86129 end_daa=86129 end_hash_prefix=67dc6825d6e3b55b
[e2e-devnet] verifying examples coverage matrix
[verify-silverscript-artifacts] ok: /Users/arthur/RustroverProjects/rgk/examples/silverscript/artifacts/manifest.tsv rows=5 compiler=d25bd3427a093c17327ca3d6b9e1aa5f7688c863
[verify-example-matrix] ok: /Users/arthur/RustroverProjects/rgk/examples/contract-matrix.tsv rows=5
[verify-devnet-evidence] ok: /Users/arthur/RustroverProjects/rgk/target/rgk-devnet-evidence/latest.txt
[e2e-devnet] evidence: /Users/arthur/RustroverProjects/rgk/target/rgk-devnet-evidence/latest.txt

== stderr ==
