== stdout ==
README.md:34:v0.11.1), a built `kaspad` binary, and an open local network.
README.md:40:# 2. build kaspad from the Toccata branch (release; long compile)
README.md:60:  --network local-toccata \
README.md:90:* **Toccata chain features** — `crescendo` and `toccata` activations: simnet
README.md:104:  CLI. Public testnet/devnet evidence is still open; the proven live evidence
README.md:111:  `OpZkPrecompile` success in `kaspad` logs.
scripts/setup-external.sh:10:#   external/rusty-kaspa-toccata/  -> branch `toccata`
scripts/setup-external.sh:38:    "${EXTERNAL}/rusty-kaspa-toccata" \
scripts/setup-external.sh:39:    "origin/toccata"
docs/SECURITY.md:138:toccata branch (commit `0ae28f9`). Any change to the upstream opcode set
scripts/e2e-local.sh:7:#   ./scripts/e2e-local.sh --live              # requires a running kaspad
scripts/e2e-local.sh:8:#   ./scripts/e2e-local.sh --start-kaspa       # also start kaspad in background
scripts/e2e-local.sh:9:#   ./scripts/e2e-local.sh --stop-kaspa        # stop the backgrounded kaspad
scripts/e2e-local.sh:13:#   2   missing prerequisite (e.g. kaspad not built and --live given)
scripts/e2e-local.sh:44:            PID_FILE="${DATADIR}/kaspad.pid"
docs/COVENANT-SPEC.md:53:`rusty-kaspa` toccata branch (commit `0ae28f9`).
docs/COVENANT-SPEC.md:116:The opcode values are stable in `rusty-kaspa` toccata branch (commit
scripts/build-kaspa.sh:2:# RGK: build the upstream Kaspa Toccata binaries (kaspad + kaspa-miner) that
scripts/build-kaspa.sh:10:#   - Reads/writes external/rusty-kaspa-toccata/
scripts/build-kaspa.sh:11:#   - Produces external/rusty-kaspa-toccata/target/{release,debug}/kaspad
scripts/build-kaspa.sh:12:#   - Produces external/rusty-kaspa-toccata/target/{release,debug}/kaspa-miner
scripts/build-kaspa.sh:17:KASPA_DIR="${ROOT}/external/rusty-kaspa-toccata"
scripts/build-kaspa.sh:29:echo "[build-kaspa] building kaspad + kaspa-miner (${PROFILE}) from ${KASPA_DIR}"
scripts/build-kaspa.sh:31:cargo build --profile "${PROFILE}" --bin kaspad --bin kaspa-miner
scripts/build-kaspa.sh:35:echo "[build-kaspa] kaspad:        ${KASPA_DIR}/target/${PROFILE}/kaspad"
scripts/run-kaspa-local.sh:21:KASPAD="${ROOT}/external/rusty-kaspa-toccata/target/${PROFILE}/kaspad"
scripts/run-kaspa-local.sh:43:PID_FILE="${DATADIR}/kaspad.pid"
scripts/run-kaspa-local.sh:44:LOG_FILE="${DATADIR}/kaspad.log"
docs/ROADMAP.md:5:testnet. Each milestone has explicit acceptance criteria, dependencies, and
docs/ROADMAP.md:47:testnet/devnet evidence, and add deployment hardening around the scanner as
docs/ROADMAP.md:68:   * start `kaspad --simnet`
docs/ROADMAP.md:151:`OpZkPrecompile` successfully (visible in `kaspad` logs).
docs/ROADMAP.md:199:**Goal**: the same flow runs against Kaspa testnet-10 (which has Toccata
docs/ROADMAP.md:205:1. **Testnet-10 staging**: point `WrpcBackend` at a public testnet-10
docs/ROADMAP.md:208:2. **Mainnet staging** (post-activation): same as testnet, plus a
docs/ROADMAP.md:212:   * Restart `kaspad` mid-flow; verify the resolver detects the reorg.
docs/ROADMAP.md:288:* `rusty-kaspa` toccata branch — covenant engine + ZK precompile + simnet.
docs/ZK-BOUNDARY.md:20:`rusty-kaspa` toccata branch (commit `0ae28f9`) provides:
docs/ZK-BOUNDARY.md:78:4. Submit the spending tx to a Toccata-capable kaspad.
docs/ZK-BOUNDARY.md:120:2. Measure mass budget and `kaspad` logs for actual `OpZkPrecompile`
docs/ZK-BOUNDARY.md:128:* `rusty-kaspa` toccata branch, `crypto/txscript/src/zk_precompiles/` —
docs/RECEIPT-SPEC.md:61:Valid values: `0x01 mainnet`, `0x02 testnet`, `0x03 simnet`, `0x04 devnet`,
docs/RECEIPT-SPEC.md:62:`0x05 local-toccata`. Anything else → `DecodeError::UnknownChain`.
docs/RECEIPT-SPEC.md:102:rgk:v0 | chain=kaspa-local-toccata | policy=any | mode=verifier-receipt
docs/E2E.md:22:| `rusty-kaspa`         | `origin/toccata` | Toccata covenants, ZK precompile, simnet       |
docs/E2E.md:29:## Step 2 — build kaspad
docs/E2E.md:35:This builds the release binaries `kaspad` and `kaspa-miner` from the
docs/E2E.md:48:This launches kaspad in `--simnet` mode with Toccata active from
docs/E2E.md:59:`./.rgk-localnet/kaspad.log`. PID file at `./.rgk-localnet/kaspad.pid`.
docs/E2E.md:64:`kill $(cat ./.rgk-localnet/kaspad.pid)`.
docs/E2E.md:150:| `node unreachable`                               | kaspad not built                              | `./scripts/build-kaspa.sh`                       |
docs/E2E.md:151:| `node unreachable` (after build)                 | kaspad not running                            | `./scripts/run-kaspa-local.sh --background`      |
docs/E2E.md:152:| `kaspad: command not found`                      | upstream clone missing                        | `./scripts/setup-external.sh`                    |
docs/E2E.md:172:  still local Toccata simnet, not public testnet/devnet.
tests/rgk-e2e/src/lib.rs:11://!   against a real `kaspad` running on `localhost`. Set
crates/rgk-kaspa/src/wrpc.rs:425:    fn wrpc_network_maps_rgk_local_toccata_to_simnet_transport() {
crates/rgk-kaspa/src/lib.rs:11://! * [`HttpBackend`] — small JSON-RPC health/read probe for a live `kaspad`
crates/rgk-kaspa/src/lib.rs:381:    /// JSON-RPC adapter for a live `kaspad` daemon. Uses `ureq` for sync HTTP.
crates/rgk-tx/src/lib.rs:29://!   deserialiser when submitting to a real kaspad.
crates/rgk-covenant/src/lib.rs:345:/// rusty-kaspa toccata branch (commit `0ae28f9`).
crates/rgk-covenant/src/lib.rs:409:    /// opcodes used here are stable in the rusty-kaspa toccata branch; see
crates/rgk-zk/src/lib.rs:53:/// rusty-kaspa toccata branch (commit `0ae28f9`).
crates/rgk-zk/src/lib.rs:317:        // Pinned values from rusty-kaspa toccata `zk_precompiles::tags::ZkTag`.
crates/rgk-receipt/src/lib.rs:542:        assert!(s.contains("kaspa-local-toccata"));
tests/rgk-e2e/tests/live_kaspa.rs:1://! Live e2e harness against a running kaspad simnet.
tests/rgk-e2e/tests/live_kaspa.rs:10://! 1. A kaspad simnet is running locally with `--simnet --rpclisten-borsh`:
tests/rgk-e2e/tests/live_kaspa.rs:14://!    kaspad --simnet --listen=0.0.0.0:18300 \
tests/rgk-e2e/tests/live_kaspa.rs:38://! - A live kaspad simnet on the `toccata` branch is reachable, returns its
tests/rgk-e2e/tests/live_kaspa.rs:148:async fn live_simnet_get_server_info_reports_toccata() {
tests/rgk-e2e/tests/live_kaspa.rs:155:    // We do NOT require is_synced == true here: a freshly-started kaspad
tests/rgk-e2e/tests/live_covenant.rs:1://! Live Toccata covenant lifecycle test against a running kaspad simnet.
tests/rgk-e2e/tests/live_covenant.rs:5://! End-to-end pipeline against a real `kaspad` daemon built from the local
tests/rgk-e2e/tests/live_covenant.rs:6://! `rusty-kaspa` `toccata` checkout:
tests/rgk-e2e/tests/live_covenant.rs:98:    // repeated runs against a kaspad with the in-memory
crates/rgk-core/src/tests.rs:347:    assert_eq!(KASPA_LOCAL_TOCCATA.as_domain_str(), "kaspa-local-toccata");
crates/rgk-core/src/chain.rs:22:    /// Kaspa public testnet (currently testnet-10 / testnet-12).
crates/rgk-core/src/chain.rs:26:    /// Kaspa devnet — Toccata OFF by default, overridable.
crates/rgk-core/src/chain.rs:29:    /// local `kaspad --simnet` e2e harness runs against. Receipts minted here
crates/rgk-core/src/chain.rs:55:            KaspaChainId::KaspaTestnet => "kaspa-testnet",
crates/rgk-core/src/chain.rs:57:            KaspaChainId::KaspaDevnet => "kaspa-devnet",
crates/rgk-core/src/chain.rs:58:            KaspaChainId::KaspaLocalToccata => "kaspa-local-toccata",
crates/rgk-core/src/chain.rs:64:    pub const fn toccata_active_by_default(self) -> bool {
crates/rgk-core/src/chain.rs:68:            // conservatively report `true` for mainnet/testnet too because the
crates/rgk-sync/src/bin/rgk-sync.rs:22:    #[arg(long, value_enum, default_value = "local-toccata")]

== stderr ==
