== stdout ==

== stderr ==
    Checking bitflags v2.13.0
    Checking hashbrown v0.17.1
    Checking getrandom v0.2.17
    Checking getrandom v0.3.4
    Checking zerocopy v0.8.52
    Checking digest v0.10.7
    Checking thiserror v1.0.69
    Checking num-traits v0.2.19
    Checking thiserror v2.0.18
    Checking single_use_seals v0.11.1-alpha.2
    Checking base85 v2.0.0
    Checking rand_core v0.9.5
    Checking amplify_apfloat v0.3.1
    Checking rand_core v0.6.4
    Checking sha2 v0.10.9
    Checking ripemd v0.1.3
    Checking indexmap v2.14.0
    Checking chrono v0.4.45
    Checking rgk-core v0.1.0 (/Users/arthur/RustroverProjects/rgk/crates/rgk-core)
    Checking rgk-receipt v0.1.0 (/Users/arthur/RustroverProjects/rgk/crates/rgk-receipt)
    Checking rgk-covenant v0.1.0 (/Users/arthur/RustroverProjects/rgk/crates/rgk-covenant)
    Checking ppv-lite86 v0.2.21
    Checking half v2.7.1
    Checking rand_chacha v0.3.1
    Checking rand_chacha v0.9.0
    Checking rand v0.9.4
    Checking rand v0.8.6
    Checking amplify v4.8.1
    Checking secp256k1 v0.30.0
    Checking strict_encoding v2.8.2
    Checking baid64 v0.4.2
    Checking ascii-armor v0.9.0
    Checking vesper-lang v0.2.1
    Checking strict_types v2.8.3
    Checking aluvm v0.11.1-alpha.2
    Checking commit_verify v0.11.1-alpha.2
    Checking bp-consensus v0.11.1-alpha.2+unreviewed
    Checking bp-dbc v0.11.1-alpha.2+unreviewed
    Checking bp-seals v0.11.1-alpha.2+unreviewed
    Checking bp-core v0.11.1-alpha.2+unreviewed
    Checking rgb-core v0.11.1-alpha.3+unreviewed (https://github.com/RGB-WG/rgb-core.git?tag=v0.11.1-alpha.3#bbc63f84)
    Checking rgk-rgb v0.1.0 (/Users/arthur/RustroverProjects/rgk/crates/rgk-rgb)
    Finished `dev` profile [optimized + debuginfo] target(s) in 5.95s
