== stdout ==
README.md:27:* **Not** a privacy system. RGB and Kaspa are both public.
README.md:104:  CLI. Public testnet/devnet evidence is still open; the proven live evidence
docs/SECURITY.md:89:* **Privacy.** RGB and Kaspa are both public. RGK does not hide amounts
docs/SECURITY.md:139:will require an updated `CovenantSpec::build_script`. The resolver does
docs/SECURITY.md:151:RGK is research code at this revision. Please open a public issue or
docs/COVENANT-SPEC.md:61:The covenant script enforces (see `CovenantSpec::build_script`):
docs/COVENANT-SPEC.md:66:2. **Output script == lineage SPK.** The covenant output's script public
docs/COVENANT-SPEC.md:80:   The covenant script enforces the `ZkStatement` public inputs as defined
docs/ROADMAP.md:5:testnet. Each milestone has explicit acceptance criteria, dependencies, and
docs/ROADMAP.md:6:an honest status tag (`LIVE` = wired and tested locally, `PARTIAL` = real
docs/ROADMAP.md:7:surface exists but acceptance is not complete, `NEXT` = immediate next,
docs/ROADMAP.md:26:| `HttpBackend` JSON-RPC backend                | PARTIAL     |
docs/ROADMAP.md:45:**Remaining production work**: spend through the full
docs/ROADMAP.md:46:`CovenantSpec::build_script` payload-hash script, publish public
docs/ROADMAP.md:47:testnet/devnet evidence, and add deployment hardening around the scanner as
docs/ROADMAP.md:75:**Acceptance**: PARTIAL. `./scripts/e2e-local.sh --live` now runs the gated
docs/ROADMAP.md:81:exercising `CovenantSpec::build_script` on the live spend; public-network
docs/ROADMAP.md:137:   * the public receipt id is packed in the precompile-compatible BN254 input
docs/ROADMAP.md:143:5. Update `CovenantSpec::build_script` to optionally emit
docs/ROADMAP.md:173:4. NEXT: add `Indexer::rebuild_from(backend: &dyn KaspaChainBackend)` that walks
docs/ROADMAP.md:174:   the chain from a known checkpoint and rebuilds the spend history.
docs/ROADMAP.md:189:10. NEXT: add a `criterion` benchmark for the hot paths (`lookup`, `apply_spend`,
docs/ROADMAP.md:192:**Acceptance**: PARTIAL. Covenant-state persistence, scan-cursor persistence,
docs/ROADMAP.md:194:present. The remaining production gap is a rebuild/indexer loop that can
docs/ROADMAP.md:199:**Goal**: the same flow runs against Kaspa testnet-10 (which has Toccata
docs/ROADMAP.md:205:1. **Testnet-10 staging**: point `WrpcBackend` at a public testnet-10
docs/ROADMAP.md:208:2. **Mainnet staging** (post-activation): same as testnet, plus a
docs/ROADMAP.md:250:`ReceiptVerifier::verify_local`, `CovenantSpec::build_script`,
docs/ROADMAP.md:323:  open public review?
docs/VERIFICATION-BUDGET.md:14:| ZK public inputs            | 200 B                | `ZkStatement::PUBLIC_INPUT_LEN` |
docs/VERIFICATION-BUDGET.md:15:| Number of receipt public inputs | 7                  | `ZkStatement`                  |
docs/ZK-BOUNDARY.md:9:in Toccata), the public-input preimage is pinned (`ZkStatement`), and
docs/ZK-BOUNDARY.md:12:private canonical receipt body hashes to the public `receipt_id`.
docs/ZK-BOUNDARY.md:38:* **`ZkStatement`** — the public-input preimage (200 bytes total):
docs/ZK-BOUNDARY.md:54:  3. public input length is exactly 200 bytes
docs/ZK-BOUNDARY.md:65:3. Equality between that computed digest and the public `receipt_id`, packed
docs/ZK-BOUNDARY.md:81:and the public inputs pre-staged on the stack. The Toccata engine would
docs/ZK-BOUNDARY.md:130:* `tests/rgk-zk` (frozen test vectors) — public-input pinning.
docs/RECEIPT-SPEC.md:61:Valid values: `0x01 mainnet`, `0x02 testnet`, `0x03 simnet`, `0x04 devnet`,
docs/E2E.md:37:Subsequent rebuilds are incremental.
docs/E2E.md:164:* It does **not** yet spend through the full `CovenantSpec::build_script`
docs/E2E.md:168:* It does **not** yet prove public-network staging. `WrpcBackend` can poll the
docs/E2E.md:172:  still local Toccata simnet, not public testnet/devnet.
crates/rgk-resolver/src/lib.rs:426:                script_public_key: vec![],
crates/rgk-resolver/src/lib.rs:485:                script_public_key: vec![],
crates/rgk-resolver/src/lib.rs:501:                script_public_key: vec![],
crates/rgk-resolver/src/lib.rs:568:                script_public_key: vec![],
tests/rgk-e2e/src/lib.rs:152:            spk: _genesis_output.script_public_key.clone(),
tests/rgk-e2e/src/lib.rs:186:                script_public_key: spk.clone(),
tests/rgk-e2e/src/lib.rs:301:                script_public_key: new_spk.clone(),
tests/rgk-e2e/src/lib.rs:495:            script_public_key: spk.clone(),
tests/rgk-e2e/src/lib.rs:598:            script_public_key: new_spk.clone(),
crates/rgk-kaspa/src/wrpc.rs:4://! every historical spend question by outpoint. Kaspa's public UTXO RPC gives
crates/rgk-kaspa/src/wrpc.rs:321:            script_public_key: vec![],
crates/rgk-kaspa/src/wrpc.rs:437:    fn wrpc_network_preserves_public_network_domains() {
crates/rgk-kaspa/src/lib.rs:77:    /// Script public key bytes (Kaspa P2SH wrapper + redeem script).
crates/rgk-kaspa/src/lib.rs:78:    pub script_public_key: Vec<u8>,
crates/rgk-kaspa/src/lib.rs:614:                script_public_key: vec![0x76, 0xa9],
crates/rgk-kaspa/src/lib.rs:635:                script_public_key: vec![],
crates/rgk-tx/src/lib.rs:63:    #[error("script public key is empty")]
crates/rgk-tx/src/lib.rs:101:/// layout (value u64 LE, then var-len script_public_key). `covenant_binding` is
crates/rgk-tx/src/lib.rs:107:    pub script_public_key: Vec<u8>,
crates/rgk-tx/src/lib.rs:120:    pub fn new(value: u64, script_public_key: Vec<u8>) -> Self {
crates/rgk-tx/src/lib.rs:123:            script_public_key,
crates/rgk-tx/src/lib.rs:128:    pub fn covenant(value: u64, script_public_key: Vec<u8>, binding: CovenantBinding) -> Self {
crates/rgk-tx/src/lib.rs:131:            script_public_key,
crates/rgk-tx/src/lib.rs:143:        let mut out = Vec::with_capacity(8 + 4 + self.script_public_key.len() + 1 + 2 + 32);
crates/rgk-tx/src/lib.rs:145:        out.extend_from_slice(&(self.script_public_key.len() as u32).to_le_bytes());
crates/rgk-tx/src/lib.rs:146:        out.extend_from_slice(&self.script_public_key);
tests/rgk-e2e/tests/live_covenant.rs:113:    let xonly = kp.x_only_public_key().0;
tests/rgk-e2e/tests/live_covenant.rs:204:        script_public_key: entry.utxo_entry.script_public_key.clone(),
crates/rgk-covenant/src/lib.rs:11://!    that lives in the covenant UTXO's `script_public_key` payload. It binds:
crates/rgk-covenant/src/lib.rs:22://! 2. **Builds the Toccata covenant script** via [`CovenantSpec::build_script`]
crates/rgk-covenant/src/lib.rs:24://!    `script_public_key`. The script enforces (see
crates/rgk-covenant/src/lib.rs:29://!    * the covenant-locked output's `script_public_key` matches
crates/rgk-covenant/src/lib.rs:129:/// (the data blob hashed into `script_public_key` and re-asserted by the
crates/rgk-covenant/src/lib.rs:308:/// `spk_version` is the first two bytes of the script public key (Kaspa
crates/rgk-covenant/src/lib.rs:357:    /// OpTxInputSpk — pushes the *spent* UTXO's script public key.
crates/rgk-covenant/src/lib.rs:361:    /// OpTxOutputSpk — pushes the k-th output's script public key (followed by
crates/rgk-covenant/src/lib.rs:383:/// output's script public key).
crates/rgk-covenant/src/lib.rs:400:    /// 2. The covenant-locked output's `script_public_key` equals the SPK
crates/rgk-zk/src/lib.rs:6://! 1. A typed `ZkStatement` — the public inputs to the ZK proof, matching
crates/rgk-zk/src/lib.rs:87:    #[error("zk public input too long: {got} bytes (max {max})")]
crates/rgk-zk/src/lib.rs:97:/// The RGK ZK public statement. Mirrors the RGK receipt exactly so that the
crates/rgk-zk/src/lib.rs:99:/// the public inputs.
crates/rgk-zk/src/lib.rs:127:    /// Compute the statement bytes (the canonical public-input preimage).
crates/rgk-zk/src/lib.rs:128:    pub fn public_inputs(&self) -> Vec<u8> {
crates/rgk-zk/src/lib.rs:166:    /// Inverse: reconstruct the canonical RGK public inputs that the
crates/rgk-zk/src/lib.rs:237:    /// mismatches (mode, statement vs receipt, proof tag, public-input
crates/rgk-zk/src/lib.rs:251:        let inputs = self.statement.public_inputs();
crates/rgk-zk/src/lib.rs:326:    fn public_inputs_length_is_pinned() {
crates/rgk-zk/src/lib.rs:330:        let inputs = s.public_inputs();
crates/rgk-zk/src/lib.rs:408:    fn chain_id_in_public_inputs_is_pinned() {
crates/rgk-zk/src/lib.rs:413:        let inputs = s.public_inputs();
crates/rgk-rgb/src/real_rgb.rs:22://! `ConsignmentApi`. Those traits are public, but `rgb-core` does not export a
crates/rgk-zk/src/real_zk.rs:5://! accept (same curve, same public-input shape).
crates/rgk-zk/src/real_zk.rs:10://! domain-tagged SHA-256 digest equals the public `receipt_id`**. The SHA-256
crates/rgk-zk/src/real_zk.rs:46:/// `SHA256(domain_tag_len || domain_tag || body)` equals the public
crates/rgk-zk/src/real_zk.rs:50:    /// Public inputs (200 bytes; layout matches `ZkStatement::public_inputs`).
crates/rgk-zk/src/real_zk.rs:51:    pub public_inputs: Vec<u8>,
crates/rgk-zk/src/real_zk.rs:58:        let mut public_inputs = Vec::with_capacity(200);
crates/rgk-zk/src/real_zk.rs:59:        public_inputs.extend_from_slice(&receipt.old_state.state_digest);
crates/rgk-zk/src/real_zk.rs:60:        public_inputs.extend_from_slice(&receipt.new_state.state_digest);
crates/rgk-zk/src/real_zk.rs:61:        public_inputs.extend_from_slice(&receipt.old_state.rgb_contract_id);
crates/rgk-zk/src/real_zk.rs:62:        public_inputs.extend_from_slice(&receipt.covenant_id);
crates/rgk-zk/src/real_zk.rs:65:        public_inputs.extend_from_slice(&tag.to_le_bytes());
crates/rgk-zk/src/real_zk.rs:66:        public_inputs.extend_from_slice(&val.to_le_bytes());
crates/rgk-zk/src/real_zk.rs:67:        public_inputs.extend_from_slice(&receipt_id);
crates/rgk-zk/src/real_zk.rs:68:        public_inputs.extend_from_slice(&receipt.rgb_transition_digest);
crates/rgk-zk/src/real_zk.rs:73:            public_inputs,
crates/rgk-zk/src/real_zk.rs:82:        // compact public-input layout used by `encode_for_precompile`.
crates/rgk-zk/src/real_zk.rs:84:        rid_bytes.copy_from_slice(&self.public_inputs[136..168]);
crates/rgk-zk/src/real_zk.rs:100:        // Equality constraints: the private receipt body hashes to the public
crates/rgk-zk/src/real_zk.rs:101:        // receipt id. A different body under the same public receipt id cannot
crates/rgk-zk/src/real_zk.rs:153:    public_inputs: &[Fr],
crates/rgk-zk/src/real_zk.rs:156:    Groth16::<Bn254>::verify(vk, public_inputs, proof).map_err(|e| format!("verify: {e}"))
crates/rgk-zk/src/real_zk.rs:173:/// interprets the on-stack public inputs the same way.
crates/rgk-zk/src/real_zk.rs:174:pub fn public_inputs_as_fr(public_inputs: &[u8]) -> Vec<Fr> {
crates/rgk-zk/src/real_zk.rs:176:    public_inputs
crates/rgk-zk/src/real_zk.rs:188:pub fn receipt_id_public_inputs_as_fr(public_inputs: &[u8]) -> Vec<Fr> {
crates/rgk-zk/src/real_zk.rs:189:    public_inputs[136..168]
crates/rgk-zk/src/real_zk.rs:252:        let public_fr = receipt_id_public_inputs_as_fr(&circuit.public_inputs);
crates/rgk-zk/src/real_zk.rs:254:        let ok = verify(&vk, &public_fr, &proof).expect("verify");
crates/rgk-zk/src/real_zk.rs:279:        let public_fr = receipt_id_public_inputs_as_fr(&circuit.public_inputs);
crates/rgk-zk/src/real_zk.rs:281:        let ok = verify(&vk, &public_fr, &corrupted).expect("verify");
crates/rgk-zk/src/real_zk.rs:302:            "same public receipt_id with a different private body must not satisfy the circuit"
crates/rgk-zk/src/real_zk.rs:307:    fn public_inputs_as_fr_layout_is_deterministic() {
crates/rgk-zk/src/real_zk.rs:311:        let pi = public_inputs_as_fr(&circuit.public_inputs);
crates/rgk-zk/src/real_zk.rs:313:        let pi2 = public_inputs_as_fr(&circuit.public_inputs);
crates/rgk-core/src/encoding.rs:16://!   [`DecodeError::Eof`], and the public decode entrypoints consume the whole
crates/rgk-core/src/chain.rs:22:    /// Kaspa public testnet (currently testnet-10 / testnet-12).
crates/rgk-core/src/chain.rs:26:    /// Kaspa devnet — Toccata OFF by default, overridable.
crates/rgk-core/src/chain.rs:55:            KaspaChainId::KaspaTestnet => "kaspa-testnet",
crates/rgk-core/src/chain.rs:57:            KaspaChainId::KaspaDevnet => "kaspa-devnet",
crates/rgk-core/src/chain.rs:68:            // conservatively report `true` for mainnet/testnet too because the
crates/rgk-core/src/commit.rs:128:    /// external verifiers / ZK circuits can rebuild the commitment.

== stderr ==
