== stdout ==
[run-kaspa-devnet] launching /Users/arthur/RustroverProjects/rgk/external/rusty-kaspa-toccata/target/release/kaspad in background
[run-kaspa-devnet] pid: 67549
[run-kaspa-devnet] log: /Users/arthur/RustroverProjects/rgk/.rgk-devnet/kaspad.log
[run-kaspa-devnet] waiting for wRPC at ws://127.0.0.1:19111
[run-kaspa-devnet] wRPC ready after 2s
[e2e-devnet] live devnet RPC: ws://127.0.0.1:19111/v2/kaspa/devnet/no-tls/wrpc/borsh
[e2e-devnet] running live_devnet test
   Compiling kaspa-wrpc-client v1.2.2-toc.4 (/Users/arthur/RustroverProjects/rusty-kaspa/rpc/wrpc/client)
   Compiling rgk-kaspa v0.1.0 (/Users/arthur/RustroverProjects/rgk/crates/rgk-kaspa)
   Compiling rgk-resolver v0.1.0 (/Users/arthur/RustroverProjects/rgk/crates/rgk-resolver)
   Compiling rgk-sync v0.1.0 (/Users/arthur/RustroverProjects/rgk/crates/rgk-sync)
   Compiling rgk-e2e v0.1.0 (/Users/arthur/RustroverProjects/rgk/tests/rgk-e2e)
    Finished `test` profile [optimized + debuginfo] target(s) in 2.22s
     Running tests/live_devnet.rs (target/debug/deps/live_devnet-a446d7acbb399c7f)

running 2 tests
live-devnet: server_version=1.2.2-toc.4 network_id=devnet is_synced=false has_utxo_index=true
test live_devnet_reports_toccata_node_identity ... ok
live-devnet: scan cursor initialised chain=KaspaDevnet daa=72108 hash_prefix=e046cf05f636de02
test live_devnet_initialises_persistent_scan_cursor ... ok

test result: ok. 2 passed; 0 failed; 0 ignored; 0 measured; 0 filtered out; finished in 0.05s

[e2e-devnet] running policy migration recovery fixture
    Finished `test` profile [optimized + debuginfo] target(s) in 0.07s
     Running unittests src/lib.rs (target/debug/deps/rgk_e2e-61e4ff2d6b6c07e6)

running 1 test
RGK policy migration recovery
  chain:           KaspaLocalToccata
  covenant:        0xc750aee85561dc562b16688f01a736f81ed26948e166280ff5cd2a6f970d6599
  spent_txid:      0x2121212121212121212121212121212121212121212121212121212121212121
  new_txid:        0x2222222222222222222222222222222222222222222222222222222222222222
  previous_policy: verifier-only
  new_policy:      zk-or-verifier
  migration:       0x595de1d206e02c94795f46e960bf6e2230dd921d0ebfa3470a36fe05ec972be6
  resolver:        NativeTransitionedValid { covenant: [199, 80, 174, 232, 85, 97, 220, 86, 43, 22, 104, 143, 1, 167, 54, 248, 30, 210, 105, 72, 225, 102, 40, 15, 245, 205, 42, 111, 151, 13, 101, 153], spent_outpoint: KaspaOutpoint { transaction_id: [33, 33, 33, 33, 33, 33, 33, 33, 33, 33, 33, 33, 33, 33, 33, 33, 33, 33, 33, 33, 33, 33, 33, 33, 33, 33, 33, 33, 33, 33, 33, 33], index: 0 }, new_outpoint: KaspaOutpoint { transaction_id: [34, 34, 34, 34, 34, 34, 34, 34, 34, 34, 34, 34, 34, 34, 34, 34, 34, 34, 34, 34, 34, 34, 34, 34, 34, 34, 34, 34, 34, 34, 34, 34], index: 0 }, receipt_id: [89, 93, 225, 210, 6, 224, 44, 148, 121, 95, 70, 233, 96, 191, 110, 34, 48, 221, 146, 29, 14, 191, 163, 71, 10, 54, 254, 5, 236, 151, 43, 230], new_state: RgkStateCommitment { version: 1, chain_id: KaspaLocalToccata, covenant_id: [199, 80, 174, 232, 85, 97, 220, 86, 43, 22, 104, 143, 1, 167, 54, 248, 30, 210, 105, 72, 225, 102, 40, 15, 245, 205, 42, 111, 151, 13, 101, 153], asset_id: [66, 66, 66, 66, 66, 66, 66, 66, 66, 66, 66, 66, 66, 66, 66, 66, 66, 66, 66, 66, 66, 66, 66, 66, 66, 66, 66, 66, 66, 66, 66, 66], state_digest: [50, 50, 50, 50, 50, 50, 50, 50, 50, 50, 50, 50, 50, 50, 50, 50, 50, 50, 50, 50, 50, 50, 50, 50, 50, 50, 50, 50, 50, 50, 50, 50], receipt_policy: ZkOrVerifier }, allocation_audit_certificate: None, confirmation_depth: 1 }

test policy_migration_recovery_fixture_survives_reopen ... ok

test result: ok. 1 passed; 0 failed; 0 ignored; 0 measured; 3 filtered out; finished in 0.03s

[e2e-devnet] running full covenant lifecycle on devnet
   Compiling kaspa-wrpc-client v1.2.2-toc.4 (/Users/arthur/RustroverProjects/rusty-kaspa/rpc/wrpc/client)
   Compiling rgk-kaspa v0.1.0 (/Users/arthur/RustroverProjects/rgk/crates/rgk-kaspa)
   Compiling rgk-resolver v0.1.0 (/Users/arthur/RustroverProjects/rgk/crates/rgk-resolver)
   Compiling rgk-sync v0.1.0 (/Users/arthur/RustroverProjects/rgk/crates/rgk-sync)
   Compiling rgk-e2e v0.1.0 (/Users/arthur/RustroverProjects/rgk/tests/rgk-e2e)
    Finished `test` profile [optimized + debuginfo] target(s) in 2.15s
     Running tests/live_covenant.rs (target/debug/deps/live_covenant-7bf44a871ab07a5e)

running 1 test
live: connected to devnet wRPC (chain_id=KaspaDevnet)
live: fixed keypair address = kaspadev:qzzt7atzyc4m662qppt53ua7dta99t33w923s8kwxxmxx5wvl7jtq0ahp67m9
live: fixed pubkey x-only = [84, bf, 75, 62, 26, 2b, bd, 69, 40, 08, 57, 48, f3, be, 6a, fa, 52, ae, 31, 71, 55, 18, 1e, ce, 31, b6, 63, 51, cc, ff, a4, b0]
live: generated keypair, devnet address: kaspadev:qzzt7atzyc4m662qppt53ua7dta99t33w923s8kwxxmxx5wvl7jtq0ahp67m9
live: mined block, report: accepted=Success
live: reached DAA score 72109 (target 1)
live: coinbase block 1 mined; mining 2000 more so the FIRST coinbase UTXO matures (need DAA >= 1001 to spend it)...
live: mined 100/2000 blocks (0.1s)
live: mined 200/2000 blocks (0.2s)
live: mined 300/2000 blocks (0.2s)
live: mined 400/2000 blocks (0.3s)
live: mined 500/2000 blocks (0.4s)
live: mined 600/2000 blocks (0.5s)
live: mined 700/2000 blocks (0.5s)
live: mined 800/2000 blocks (0.6s)
live: mined 900/2000 blocks (0.7s)
live: mined 1000/2000 blocks (0.7s)
live: mined 1100/2000 blocks (0.8s)
live: mined 1200/2000 blocks (0.9s)
live: mined 1300/2000 blocks (1.0s)
live: mined 1400/2000 blocks (1.0s)
live: mined 1500/2000 blocks (1.1s)
live: mined 1600/2000 blocks (1.2s)
live: mined 1700/2000 blocks (1.3s)
live: mined 1800/2000 blocks (1.3s)
live: mined 1900/2000 blocks (1.4s)
live: mined 2000/2000 blocks (1.5s)
live: mined 2000 blocks in 1.5s
live: reached DAA score 74109 (target 2001)
live: oldest coinbase UTXO is now mature (DAA >= 2001)
live: selected coinbase UTXO at DAA 38 (oldest, mature)
live: fetched coinbase UTXO txid=[bd, eb, a4, 2e, 32, 17, af, a7, fe, 64, f7, 4f, 08, 7f, bd, 15, 68, b2, 13, e2, 37, c9, a2, 42, 45, 69, 4d, 26, fa, 8b, 1c, 37] index=0 value=4400000000
live: computed covenant_id = [b1, 6f, 5a, 0f, 2b, 1e, 16, 68, 5c, d1, 42, 54, 94, 28, 74, b9, 29, ae, 63, b7, 88, 9a, a3, eb, 70, 9b, 1c, d3, 25, 8b, 9f, 7b] for the genesis output (value=4396000000, fee=4000000)
live: signed covenant tx, txid = [c2, 94, fa, f6, cf, 3c, 3c, 62, 17, 85, 96, 4b, b0, 81, da, 7e, 57, 7d, 22, 2b, 00, 82, 00, 9d, e2, 76, 18, 4b, 00, cb, 5e, 37]
live: covenant tx ACCEPTED by node: txid=[c2, 94, fa, f6, cf, 3c, 3c, 62, 17, 85, 96, 4b, b0, 81, da, 7e, 57, 7d, 22, 2b, 00, 82, 00, 9d, e2, 76, 18, 4b, 00, cb, 5e, 37]
live: mined block, report: accepted=Success
live: reached DAA score 74110 (target 2)
live: confirmation block 2 mined
live: covenant output confirmed at DAA score 74110 with covenant_id=[b1, 6f, 5a, 0f, 2b, 1e, 16, 68, 5c, d1, 42, 54, 94, 28, 74, b9, 29, ae, 63, b7, 88, 9a, a3, eb, 70, 9b, 1c, d3, 25, 8b, 9f, 7b]
live: native RGK asset state digest = 0xec9d8da48efaecf6e4ebb3d273dabef85c159e3e439180360bc16bfcd355cbee (allocations=1 daa=74110 confirmations=1 privacy_policy=PrivateLane lane_id=0xf9e2d47ecda382db86ba713e640cb58f4a9f75a24d0820505148c302004436d9)
live: ZK covenant spend enabled, public_inputs=29 vk_bytes=1192 proof_bytes=128
live: built P2SH covenant spend, txid = [18, a2, f9, fa, 7f, 21, 66, cf, b5, 7a, 67, 82, 69, b2, 36, e0, 45, ff, 0b, 22, 4a, 7a, 88, d4, c8, d1, 6a, d1, 09, 26, 3e, 06]
live: P2SH covenant spend ACCEPTED by node: txid=[18, a2, f9, fa, 7f, 21, 66, cf, b5, 7a, 67, 82, 69, b2, 36, e0, 45, ff, 0b, 22, 4a, 7a, 88, d4, c8, d1, 6a, d1, 09, 26, 3e, 06]
live: mined block, report: accepted=Success
live: reached DAA score 74111 (target 74111)
live: P2SH covenant spend confirmation block mined
live: continuation covenant output confirmed at DAA score 74111
live: native production-ZK allocation guard accepted shape=1x1 spent_allocations=1 new_allocations=1
live: native RGK transition digest = 0xadf3d1b224a2517365de95eacf2b356a00c0e27f7d6b95b1bd7384bb94b5450a (old_state=0xec9d8da48efaecf6e4ebb3d273dabef85c159e3e439180360bc16bfcd355cbee new_state=0x64f46b3f1e8acc0001ecec5af337ad51ba0c1e5c6e88a0078526d46f5be2fca9 witness_txid=0x18a2f9fa7f2166cfb57a678269b236e045ff0b224a7a88d4c8d16ad109263e06 spent_allocations=1 new_allocations=1 privacy_policy=PrivateLane lane_id=0xf9e2d47ecda382db86ba713e640cb58f4a9f75a24d0820505148c302004436d9)
live: semantic RGK transition statement public_inputs=328 continuation_shape_root=0x34abbbc6136a7f7088b1280737ea0e94be1a0fd7bff4dc27680f19b8862c236c policy_commitment=0x4663f5b9404ee4fe0358c6299f73422e955f5fea03e19545f5b8f99472d00bbf
live: semantic Groth16 proof verified public_inputs=41 vk_bytes=1576 proof_bytes=128
test live_toccata_full_covenant_lifecycle has been running for over 60 seconds
live: supported allocation-vector Groth16 proof verified shape=1x1 public_inputs=41 vk_bytes=1576 proof_bytes=128
live: allocation transcript segment Groth16 proof verified sides=2 segments=2 allocations=2 public_inputs_each=16 vk_bytes=776 proof_bytes_each=128 spent_root=0xd1f53f707f3c70f9c1fa25fe2b1b07b6c854afdb4292f35931d975e647af9a16 new_root=0xe0da3b537f50b27bb5d97cdc44ba713ce56af362d5bc051a11a11122097ece1c spent_amount_commitment=0x68c92efdcb7c6f9096537d37af74aba44d7615915ce88c51711c5c6d4983ff34 new_amount_commitment=0xc1760514d6f2d480507ea9247be6f416c04d9b32a5d210dba8d01d576c64a1b3
live: allocation conservation Groth16 chain verified sides=2 segments=2 allocations=2 public_inputs_each=24 final_public_inputs=10 segment_vk_bytes=1032 segment_proof_bytes_each=128 final_vk_bytes=584 final_proof_bytes=128 spent_total_commitment=0x1a0a0bbd33746c96287dfb9516ca9f5d84b84320e66092e64860c6c9e2e1bbff new_total_commitment=0x0b1f4432d9e6afc40148127ff4ae5fba3c356190d8ca733385f21e27cd88b7d7
live: allocation exclusion segment-pair Groth16 proof verified spent_segments=1 new_segments=1 pair_grid=1 public_inputs=29 vk_bytes=1192 proof_bytes=128 spent_root=0xd1f53f707f3c70f9c1fa25fe2b1b07b6c854afdb4292f35931d975e647af9a16 new_root=0xe0da3b537f50b27bb5d97cdc44ba713ce56af362d5bc051a11a11122097ece1c spent_amount_commitment=0x68c92efdcb7c6f9096537d37af74aba44d7615915ce88c51711c5c6d4983ff34 new_amount_commitment=0xc1760514d6f2d480507ea9247be6f416c04d9b32a5d210dba8d01d576c64a1b3
live: allocation audit bundle verified spent_segments=1 new_segments=1 exclusion_cells=1 spent_final_root=0xd1f53f707f3c70f9c1fa25fe2b1b07b6c854afdb4292f35931d975e647af9a16 new_final_root=0xe0da3b537f50b27bb5d97cdc44ba713ce56af362d5bc051a11a11122097ece1c spent_total_commitment=0x1a0a0bbd33746c96287dfb9516ca9f5d84b84320e66092e64860c6c9e2e1bbff new_total_commitment=0x0b1f4432d9e6afc40148127ff4ae5fba3c356190d8ca733385f21e27cd88b7d7
live: allocation audit certificate verified certificate_id=0xe10d0998f2734e397301fa7ead0ce8680c6846eb48f1f37566b54ef5834109a6 proof_cells=6 vk_bytes_total=5392 proof_bytes_total=768 canonical_bytes=11826
live: allocation audit certificate indexed certificate_id=0xe10d0998f2734e397301fa7ead0ce8680c6846eb48f1f37566b54ef5834109a6 canonical_bytes=11826
live: registered private lane for view-key discovery (lane_id=0xf9e2d47ecda382db86ba713e640cb58f4a9f75a24d0820505148c302004436d9 scan_tag=0x3539f43aecf990bfd09e4b081ddba2835253710fa8a4022904e6ea61b963c62d privacy_policy=PrivateLane)
live: lane-discovery Groth16 proof verified public_inputs=9 vk_bytes=552 proof_bytes=128 lane_id=0xf9e2d47ecda382db86ba713e640cb58f4a9f75a24d0820505148c302004436d9 scan_tag=0x3539f43aecf990bfd09e4b081ddba2835253710fa8a4022904e6ea61b963c62d
live: lane-graph Groth16 proof verified nodes=2 public_inputs=22 vk_bytes=968 proof_bytes=128 graph_root=0x6ab1ca5ef8165554c39398f6ee2cd4419bd605cc09e507fec6264f1bdebd4dfc current_lane=0xf9e2d47ecda382db86ba713e640cb58f4a9f75a24d0820505148c302004436d9 next_scan_tag=0xa1300bb57a56c79e1c43eda255ac6cb55b7e04c247681d77a754ed07551312ea
live: segmented lane-graph Groth16 proof chain verified segments=2 nodes=4 public_inputs_each=27 vk_bytes=1128 proof_bytes_each=128 start_root=0x78145c2e5e78351ffa3d0e266b1a5cb8c3eb318b074a9bcaa407fcdbc6068573 final_root=0x90f47d54d63afe8eb7e59071e891fc14e966bd0658f617d25711d29276b01bde current_lane=0xf9e2d47ecda382db86ba713e640cb58f4a9f75a24d0820505148c302004436d9 final_scan_tag=0x85fb37ef816bbbe85f5e9bb524575608a66e5914ee7bbd0507cf143449b00fdc
live: resolver state = NativeTransitionedValid { covenant: [177, 111, 90, 15, 43, 30, 22, 104, 92, 209, 66, 84, 148, 40, 116, 185, 41, 174, 99, 183, 136, 154, 163, 235, 112, 155, 28, 211, 37, 139, 159, 123], spent_outpoint: KaspaOutpoint { transaction_id: [194, 148, 250, 246, 207, 60, 60, 98, 23, 133, 150, 75, 176, 129, 218, 126, 87, 125, 34, 43, 0, 130, 0, 157, 226, 118, 24, 75, 0, 203, 94, 55], index: 0 }, new_outpoint: KaspaOutpoint { transaction_id: [24, 162, 249, 250, 127, 33, 102, 207, 181, 122, 103, 130, 105, 178, 54, 224, 69, 255, 11, 34, 74, 122, 136, 212, 200, 209, 106, 209, 9, 38, 62, 6], index: 0 }, receipt_id: [59, 49, 137, 128, 23, 255, 180, 169, 103, 219, 3, 112, 141, 111, 20, 60, 135, 54, 227, 7, 160, 40, 27, 59, 111, 150, 134, 245, 4, 138, 215, 153], new_state: RgkStateCommitment { version: 1, chain_id: KaspaDevnet, covenant_id: [177, 111, 90, 15, 43, 30, 22, 104, 92, 209, 66, 84, 148, 40, 116, 185, 41, 174, 99, 183, 136, 154, 163, 235, 112, 155, 28, 211, 37, 139, 159, 123], asset_id: [66, 66, 66, 66, 66, 66, 66, 66, 66, 66, 66, 66, 66, 66, 66, 66, 66, 66, 66, 66, 66, 66, 66, 66, 66, 66, 66, 66, 66, 66, 66, 66], state_digest: [100, 244, 107, 63, 30, 138, 204, 0, 1, 236, 236, 90, 243, 55, 173, 81, 186, 12, 30, 92, 110, 136, 160, 7, 133, 38, 212, 111, 91, 226, 252, 169], receipt_policy: ZkOrVerifier }, allocation_audit_certificate: Some(AllocationAuditCertificateRecord { certificate_id: "0xe10d0998f2734e397301fa7ead0ce8680c6846eb48f1f37566b54ef5834109a6", canonical_bytes_len: 11826 }), confirmation_depth: 1 }
live: resolver carried phase-2 native state digest = 0x64f46b3f1e8acc0001ecec5af337ad51ba0c1e5c6e88a0078526d46f5be2fca9
live: view-key lane resolver classified as NativeTransitionedValid (lane_id=0xf9e2d47ecda382db86ba713e640cb58f4a9f75a24d0820505148c302004436d9 scan_tag=0x3539f43aecf990bfd09e4b081ddba2835253710fa8a4022904e6ea61b963c62d)
live: covenant transition classified as NativeTransitionedValid from the confirmed live Kaspa Toccata devnet spend (covenant_id=[b1, 6f, 5a, 0f, 2b, 1e, 16, 68, 5c, d1, 42, 54, 94, 28, 74, b9, 29, ae, 63, b7, 88, 9a, a3, eb, 70, 9b, 1c, d3, 25, 8b, 9f, 7b])
live: policy migration proof recovered after Sled reopen (previous_policy=verifier-only new_policy=zk-or-verifier migration=0xe619dd7200ea28199a0e7c6a557338963d1afde33195c411912cffb5e8e27777 state_digest=0x64f46b3f1e8acc0001ecec5af337ad51ba0c1e5c6e88a0078526d46f5be2fca9 resolver=NativeTransitionedValid)
live: persistent allocation audit certificate recovered certificate_id=0xe10d0998f2734e397301fa7ead0ce8680c6846eb48f1f37566b54ef5834109a6 canonical_bytes=11826
live: persistent indexer recovered covenant after resolver indexing (covenant_id=[b1, 6f, 5a, 0f, 2b, 1e, 16, 68, 5c, d1, 42, 54, 94, 28, 74, b9, 29, ae, 63, b7, 88, 9a, a3, eb, 70, 9b, 1c, d3, 25, 8b, 9f, 7b] cursor_daa=74111)
test live_toccata_full_covenant_lifecycle ... ok

test result: ok. 1 passed; 0 failed; 0 ignored; 0 measured; 0 filtered out; finished in 241.05s

[e2e-devnet] running rgk-sync scanner smoke (initialise cursor)
   Compiling kaspa-wrpc-client v1.2.2-toc.4 (/Users/arthur/RustroverProjects/rusty-kaspa/rpc/wrpc/client)
   Compiling rgk-kaspa v0.1.0 (/Users/arthur/RustroverProjects/rgk/crates/rgk-kaspa)
   Compiling rgk-sync v0.1.0 (/Users/arthur/RustroverProjects/rgk/crates/rgk-sync)
    Finished `dev` profile [optimized + debuginfo] target(s) in 2.70s
     Running `target/debug/rgk-sync --url 'ws://127.0.0.1:19111/v2/kaspa/devnet/no-tls/wrpc/borsh' --network devnet --db /Users/arthur/RustroverProjects/rgk/target/rgk-devnet-evidence/sled --once`
tick initialised=true added_chain_blocks=0 observed_spends=0 start_daa=74111 end_daa=74111 end_hash_prefix=e82caf2018050ff7
[e2e-devnet] running rgk-sync scanner smoke (reload cursor)
    Finished `dev` profile [optimized + debuginfo] target(s) in 0.18s
     Running `target/debug/rgk-sync --url 'ws://127.0.0.1:19111/v2/kaspa/devnet/no-tls/wrpc/borsh' --network devnet --db /Users/arthur/RustroverProjects/rgk/target/rgk-devnet-evidence/sled --once`
tick initialised=false added_chain_blocks=0 observed_spends=0 start_daa=74111 end_daa=74111 end_hash_prefix=e82caf2018050ff7
[e2e-devnet] verifying examples coverage matrix
[verify-example-matrix] ok: /Users/arthur/RustroverProjects/rgk/examples/contract-matrix.tsv rows=4
[verify-devnet-evidence] ok: /Users/arthur/RustroverProjects/rgk/target/rgk-devnet-evidence/latest.txt
[e2e-devnet] evidence: /Users/arthur/RustroverProjects/rgk/target/rgk-devnet-evidence/latest.txt

== stderr ==
