== stdout ==

running 36 tests
test native::tests::allocation_transcript_amount_commitment_hides_bound_amount ... ok
test native::tests::allocation_transcript_root_uses_canonical_allocation_order ... ok
test native::tests::allocation_transcript_root_binds_native_segment_metadata ... ok
test native::tests::continuation_duplicate_output_shape_is_rejected ... ok
test native::tests::continuation_finalization_closes_old_seal_and_creates_new_seal ... ok
test native::tests::continuation_phase1_commitment_is_stable_without_future_txid ... ok
test native::tests::continuation_accepts_explicit_burn_for_supported_production_zk_shape ... ok
test native::tests::continuation_replay_reusing_closed_seal_is_rejected ... ok
test native::tests::continuation_phase2_binds_actual_txid ... ok
test native::tests::native_issue_digest_stable ... ok
test native::tests::native_issue_digest_is_allocation_order_stable ... ok
test native::tests::continuation_wrong_commitment_is_rejected ... ok
test native::tests::native_issue_rejects_mismatched_seal_chain ... ok
test native::tests::native_issue_rejects_duplicate_seal_outpoint ... ok
test native::tests::native_issue_rejects_supply_mismatch ... ok
test native::tests::native_negative_vectors_fail_expected_digest ... ok
test native::tests::native_transition_digest_stable ... ok
test native::tests::native_transition_digest_binds_mutations ... ok
test native::tests::native_transition_rejects_closed_seal_reuse ... ok
test native::tests::native_transition_rejects_no_op ... ok
test native::tests::native_transition_rejects_previous_state_mismatch ... ok
test native::tests::private_lane_discovery_and_tags_behave_as_commitments ... ok
test native::tests::private_lane_graph_root_binds_ordered_lane_nodes ... ok
test native::tests::nullifier_is_stable_but_unlinked_to_lane_id ... ok
test native::tests::private_lane_graph_segment_root_binds_chain_and_segment ... ok
test native::tests::native_transition_rejects_supply_inflation_and_deflation ... ok
test native::tests::production_zk_allocation_shape_policy_is_native_and_exact ... ok
test native::tests::production_zk_issue_rejects_unprovable_initial_state ... ok
test native::tests::production_zk_continuation_rejects_unsupported_shape_before_finalization ... ok
test native::tests::production_zk_transfer_plan_rejects_partial_previous_state_spend ... ok
test native::tests::production_zk_transfer_plan_rejects_unsupported_shape_before_txid ... ok
test native::tests::public_and_private_lane_policies_have_different_visibility ... ok
test native::tests::production_zk_transfer_plan_certifies_full_state_shape_before_txid ... ok
test native::tests::unconstrained_image_id_is_rejected ... ok
test native::tests::production_zk_transition_rejects_unsupported_shape_only_on_zk_path ... ok
test tests::schema_id_is_native_rgk_text ... ok

test result: ok. 36 passed; 0 failed; 0 ignored; 0 measured; 0 filtered out; finished in 0.00s


running 25 tests
test tests::asset_ref_roundtrips ... ok
test tests::asset_id_change_rejected ... ok
test tests::bad_magic_rejected ... ok
test tests::cross_chain_structural_rejected ... ok
test tests::chain_domain_strings_stable ... ok
test tests::domain_tags_are_distinct ... ok
test tests::eof_rejected ... ok
test tests::frozen_receipt_vector_anchor ... ok
test tests::frozen_state_commitment_vector ... ok
test tests::hex_rejects_bad ... ok
test tests::hex_round_trip ... ok
test tests::no_op_transition_rejected ... ok
test tests::outpoint_roundtrips ... ok
test tests::policy_admits_table ... ok
test tests::policy_migration_builder_binds_all_fields ... ok
test tests::policy_mode_mismatch_rejected ... ok
test tests::receipt_id_is_deterministic_and_payload_sensitive ... ok
test tests::receipt_roundtrips ... ok
test tests::replay_nonce_binds_inputs ... ok
test tests::state_commitment_is_deterministic ... ok
test tests::state_commitment_roundtrips ... ok
test tests::trailing_bytes_rejected ... ok
test tests::unknown_chain_rejected ... ok
test tests::unknown_proof_mode_rejected ... ok
test tests::unknown_version_rejected ... ok

test result: ok. 25 passed; 0 failed; 0 ignored; 0 measured; 0 filtered out; finished in 0.00s


running 19 tests
test tests::advance_produces_new_state ... ok
test tests::advance_rejects_no_op ... ok
test tests::commitment_is_deterministic ... ok
test tests::covenant_id_changes_with_outputs ... ok
test tests::covenant_id_is_deterministic ... ok
test tests::derive_covenant_id_uses_consensus_recipe ... ok
test tests::expected_payload_len_is_stable ... ok
test tests::expected_payload_hash_is_deterministic ... ok
test tests::frozen_covenant_id_vector ... ok
test tests::lineage_id_binds_outpoint_and_asset ... ok
test tests::opcode_values_match_toccata_checkout ... ok
test tests::payload_rejects_bad_tag ... ok
test tests::payload_rejects_truncated ... ok
test tests::payload_roundtrip ... ok
test tests::push_data_picks_correct_opcode ... ok
test tests::push_script_i64_matches_upstream_builder_vectors ... ok
test tests::push_var_int_compact ... ok
test tests::spec_script_is_non_empty_and_starts_with_valid_opcode ... ok
test tests::covenant_state_advance_sequences_preserve_static_fields ... ok

test result: ok. 19 passed; 0 failed; 0 ignored; 0 measured; 0 filtered out; finished in 0.00s


running 4 tests
test e2e_summary_renders_all_fields ... ok
test canonical_state_digest_is_deterministic ... ok
test fixture_e2e_passes ... ok
test policy_migration_recovery_fixture_survives_reopen ... ok

test result: ok. 4 passed; 0 failed; 0 ignored; 0 measured; 0 filtered out; finished in 0.07s


running 3 tests
test covenant_spec_script_rejects_wrong_contract_payload ... ok
test covenant_spec_script_executes_in_upstream_vm ... ok
test covenant_spec_script_with_groth16_precompile_executes_in_upstream_vm ... ok

test result: ok. 3 passed; 0 failed; 0 ignored; 0 measured; 0 filtered out; finished in 23.97s


running 1 test
test examples_contract_matrix_is_grounded_in_current_evidence ... ok

test result: ok. 1 passed; 0 failed; 0 ignored; 0 measured; 0 filtered out; finished in 0.00s


running 1 test
test live_toccata_full_covenant_lifecycle has been running for over 60 seconds
test live_toccata_full_covenant_lifecycle ... ok

test result: ok. 1 passed; 0 failed; 0 ignored; 0 measured; 0 filtered out; finished in 255.75s


running 2 tests
test live_devnet_reports_toccata_node_identity ... ok
test live_devnet_initialises_persistent_scan_cursor ... ok

test result: ok. 2 passed; 0 failed; 0 ignored; 0 measured; 0 filtered out; finished in 0.00s


running 3 tests
test live_simnet_get_server_info_reports_toccata ... ok
test live_simnet_get_block_dag_info_round_trip ... ok
test live_simnet_covenant_tx_submission_reaches_validator ... ok

test result: ok. 3 passed; 0 failed; 0 ignored; 0 measured; 0 filtered out; finished in 0.00s


running 13 tests
test rgk_semantic_groth16_proof_executes_in_upstream_toccata_vm ... ok
test rgk_allocation_conservation_final_groth16_proof_executes_in_upstream_toccata_vm ... ok
test rgk_lane_discovery_groth16_proof_executes_in_upstream_toccata_vm ... ok
test upstream_toccata_vm_rejects_changed_public_input ... ok
test rgk_receipt_groth16_proof_executes_in_upstream_toccata_vm ... ok
test rgk_allocation_transcript_segment_groth16_proof_executes_in_upstream_toccata_vm ... ok
test rgk_lane_graph_discovery_groth16_proof_executes_in_upstream_toccata_vm ... ok
test rgk_lane_graph_segment_groth16_proof_executes_in_upstream_toccata_vm ... ok
test rgk_allocation_conservation_segment_groth16_proof_executes_in_upstream_toccata_vm ... ok
test rgk_allocation_exclusion_segment_pair_groth16_proof_executes_in_upstream_toccata_vm ... ok
test rgk_allocation_1x1_groth16_proof_executes_in_upstream_toccata_vm has been running for over 60 seconds
test rgk_allocation_2x2_groth16_proof_executes_in_upstream_toccata_vm has been running for over 60 seconds
test rgk_allocation_3x2_groth16_proof_executes_in_upstream_toccata_vm has been running for over 60 seconds
test rgk_allocation_1x1_groth16_proof_executes_in_upstream_toccata_vm ... ok
test rgk_allocation_2x2_groth16_proof_executes_in_upstream_toccata_vm ... ok
test rgk_allocation_3x2_groth16_proof_executes_in_upstream_toccata_vm ... ok

test result: ok. 13 passed; 0 failed; 0 ignored; 0 measured; 0 filtered out; finished in 107.43s


running 35 tests
test tests::allocation_audit_certificate_record_rejects_bad_envelopes_and_replacement ... ok
test tests::allocation_audit_certificate_record_attaches_to_spend ... ok
test tests::apply_spend_with_continuation_records_proof ... ok
test tests::apply_spend_records_receipt_and_state ... ok
test tests::apply_spend_records_receipt_policy_change_for_resolver_classification ... ok
test tests::apply_spend_with_continuation_rejects_incomplete_proof ... ok
test tests::apply_spend_with_policy_migration_records_explicit_proof ... ok
test tests::apply_spend_with_policy_migration_rejects_bad_commitment ... ok
test tests::chain_mismatch_in_open_rejected ... ok
test tests::empty_scan_cursor_name_rejected ... ok
test tests::no_op_state_rejected ... ok
test tests::open_then_lookup ... ok
test tests::open_twice_rejected ... ok
test tests::rebuild_from_verified_source_applies_spend_plan ... ok
test tests::rebuild_from_verified_source_is_idempotent ... ok
test tests::rebuild_rejects_chain_mismatch ... ok
test tests::rebuild_rejects_missing_spend_evidence ... ok
test tests::rebuild_rejects_unconfirmed_spend ... ok
test tests::register_lane_rejects_wrong_asset_state ... ok
test tests::register_lane_supports_exact_scan_tag_and_public_lookup ... ok
test tests::rebuild_rejects_unexpected_spending_txid ... ok
test tests::replay_rejected ... ok
test tests::rollback_restores_previous_receipt_policy ... ok
test tests::rollback_too_deep_rejected ... ok
test tests::scan_cursor_store_round_trips_in_memory ... ok
test tests::rollback_restores_previous_state ... ok
test tests::apply_spend_and_rollback_preserve_replay_prefix ... ok
test tests::sled_scan_cursor_survives_reopen ... ok
test tests::sled_indexer_persists_policy_migration_proof_after_reopen ... ok
test tests::sled_indexer_persists_spend_receipt_policy_after_reopen ... ok
test tests::sled_indexer_persists_lane_records_after_reopen ... ok
test tests::sled_indexer_persists_allocation_audit_certificate_after_reopen ... ok
test tests::sled_indexer_persists_rebuild_result_after_reopen ... ok
test tests::sled_indexer_persists_continuation_proof_after_reopen ... ok
test tests::sled_indexer_recovers_100_covenants_after_reopen ... ok

test result: ok. 35 passed; 0 failed; 0 ignored; 0 measured; 0 filtered out; finished in 1.12s


running 8 tests
test tests::error_classify_distinguishes_paths ... ok
test tests::fixture_basics ... ok
test tests::fixture_spend_marks_utxo ... ok
test tests::fixture_failure_mode_propagates ... ok
test tests::fixture_utxo_lookup ... ok
test wrpc::tests::wrpc_network_maps_rgk_local_toccata_to_simnet_transport ... ok
test tests::submit_transaction_in_fixture_is_invariant ... ok
test wrpc::tests::wrpc_network_preserves_public_network_domains ... ok

test result: ok. 8 passed; 0 failed; 0 ignored; 0 measured; 0 filtered out; finished in 0.00s


running 16 tests
test tests::asset_id_change_rejected ... ok
test tests::batch_err_string_renders ... ok
test tests::build_rejects_missing_continuation_commitment ... ok
test tests::build_rejects_missing_nonce ... ok
test tests::build_rejects_missing_transition ... ok
test tests::derive_replay_nonce_is_deterministic ... ok
test tests::build_round_trips_id_and_bytes ... ok
test tests::no_op_transition_rejected ... ok
test tests::replay_set_accepts_once ... ok
test tests::receipt_id_hex_format ... ok
test tests::verifier_rejects_chain_mismatch ... ok
test tests::verifier_rejects_old_state_mismatch ... ok
test tests::verifier_rejects_covenant_mismatch ... ok
test tests::verifier_summary_is_stable ... ok
test tests::verifier_rejects_policy_mode_mismatch ... ok
test tests::receipt_round_trip_holds_for_random_admitted_fields ... ok

test result: ok. 16 passed; 0 failed; 0 ignored; 0 measured; 0 filtered out; finished in 0.00s


running 15 tests
test tests::node_down_propagates ... ok
test tests::competing_branch_when_observed_spend_disagrees_with_indexed_transition ... ok
test tests::competing_branch_when_continuation_txid_does_not_match_observed_spend ... ok
test tests::policy_migration_required_when_indexed_transition_changes_receipt_policy ... ok
test tests::open_when_indexed_and_utxo_present ... ok
test tests::reorg_risk_when_spent_below_safety_depth ... ok
test tests::resolve_lane_returns_registered_lane_state ... ok
test tests::resolve_by_view_key_discovers_only_matching_private_lane ... ok
test tests::resolve_public_lineage_returns_only_public_lanes_for_asset ... ok
test tests::transitioned_invalid_when_continuation_proof_is_missing ... ok
test tests::transitioned_valid_uses_latest_indexed_spent_outpoint ... ok
test tests::unknown_when_not_indexed ... ok
test tests::valid_policy_migration_proof_allows_explicit_policy_change ... ok
test tests::verify_receipt_against_indexer_rejects_mismatch ... ok
test tests::verify_receipt_against_indexer_rejects_replay_before_old_state_mismatch ... ok

test result: ok. 15 passed; 0 failed; 0 ignored; 0 measured; 0 filtered out; finished in 0.00s


running 6 tests
test tests::first_tick_initialises_missing_cursor ... ok
test tests::run_until_idle_accumulates_batches ... ok
test tests::tick_rejects_cursor_chain_mismatch ... ok
test tests::tick_advances_cursor_after_added_blocks ... ok
test tests::kaspa_rebuild_source_reads_fixture_spend_evidence ... ok
test tests::tick_rejects_removed_chain_blocks ... ok

test result: ok. 6 passed; 0 failed; 0 ignored; 0 measured; 0 filtered out; finished in 0.00s


running 0 tests

test result: ok. 0 passed; 0 failed; 0 ignored; 0 measured; 0 filtered out; finished in 0.00s


running 10 tests
test tests::build_genesis_output_rejects_empty_spk ... ok
test tests::build_genesis_output_rejects_zero_covenant ... ok
test tests::build_transition_outputs_balanced ... ok
test tests::encode_input_has_expected_layout ... ok
test tests::build_transition_outputs_overflow_rejected ... ok
test tests::encode_output_roundtrip_structure ... ok
test tests::encode_unsigned_tx ... ok
test tests::spec_from_state_round_trips ... ok
test tests::spk_from_redeem_script_starts_with_version_zero ... ok
test tests::validate_balanced_rejects_underfunded ... ok

test result: ok. 10 passed; 0 failed; 0 ignored; 0 measured; 0 filtered out; finished in 0.00s


running 83 tests
test real_zk::tests::allocation_audit_bundle_rejects_broken_transcript_chain_link ... ok
test real_zk::tests::allocation_audit_bundle_verifies_complete_statement_grid ... ok
test real_zk::tests::allocation_audit_bundle_rejects_duplicate_exclusion_cell ... ok
test real_zk::tests::allocation_audit_bundle_rejects_missing_exclusion_cell ... ok
test real_zk::tests::allocation_audit_bundle_rejects_final_conservation_mismatch ... ok
test real_zk::tests::allocation_conservation_segment_statement_matches_native_commitments ... ok
test real_zk::tests::allocation_conservation_final_rejects_total_mismatch ... ok
test real_zk::tests::allocation_conservation_segment_rejects_nonzero_initial_running_total ... ok
test real_zk::tests::allocation_conservation_segment_rejects_changed_running_total_commitment ... ok
test real_zk::tests::allocation_exclusion_segment_pair_accepts_same_txid_with_distinct_indices ... ok
test real_zk::tests::allocation_exclusion_segment_pair_statement_matches_native_roots ... ok
test real_zk::tests::allocation_exclusion_segment_pair_rejects_changed_public_commitment ... ok
test real_zk::tests::allocation_1x1_rejects_closed_seal_reuse ... ok
test real_zk::tests::allocation_1x1_rejects_supply_mismatch ... ok
test real_zk::tests::allocation_exclusion_segment_pair_rejects_reused_closed_seal ... ok
test real_zk::tests::allocation_transcript_segment_statement_matches_native_root ... ok
test real_zk::tests::allocation_1x1_rejects_inconsistent_burn_accounting ... ok
test real_zk::tests::allocation_transcript_segment_rejects_changed_public_amount_commitment ... ok
test real_zk::tests::fixed_allocation_witness_rejects_zero_arity ... ok
test real_zk::tests::allocation_transcript_segment_rejects_changed_witness_amount ... ok
test real_zk::tests::invalid_semantic_statement_cannot_satisfy_constraints ... ok
test real_zk::tests::allocation_transcript_segment_rejects_wrong_amount_blinding ... ok
test real_zk::tests::allocation_2x2_rejects_supply_mismatch ... ok
test real_zk::tests::lane_discovery_statement_matches_native_derivation ... ok
test real_zk::tests::allocation_2x2_rejects_closed_seal_reuse ... ok
test real_zk::tests::fixed_allocation_3x2_rejects_count_mismatch ... ok
test real_zk::tests::lane_graph_discovery_statement_matches_native_graph_root ... ok
test real_zk::tests::lane_discovery_changed_public_scan_tag_rejected ... ok
test real_zk::tests::lane_discovery_precompile_stack_shape_is_toccata_compatible ... ok
test real_zk::tests::lane_graph_segment_statement_matches_native_rolling_root ... ok
test real_zk::tests::production_allocation_strategy_is_bounded_and_fail_closed ... ok
test real_zk::tests::different_public_body_field_rejected ... ok
test real_zk::tests::groth16_precompile_stack_shape_is_toccata_compatible ... ok
test real_zk::tests::allocation_transcript_segment_precompile_stack_shape_is_toccata_compatible ... ok
test real_zk::tests::allocation_conservation_segment_precompile_stack_shape_is_toccata_compatible ... ok
test real_zk::tests::lane_graph_discovery_precompile_stack_shape_is_toccata_compatible ... ok
test real_zk::tests::lane_graph_discovery_changed_public_node_rejected ... ok
test real_zk::tests::lane_graph_segment_changed_public_root_rejected ... ok
test real_zk::tests::prove_then_verify_allocation_conservation_final ... ok
test real_zk::tests::allocation_1x1_precompile_stack_shape_is_toccata_compatible has been running for over 60 seconds
test real_zk::tests::allocation_audit_certificate_binds_verified_groth16_stack_material has been running for over 60 seconds
test real_zk::tests::allocation_audit_certificate_canonical_encoding_round_trips has been running for over 60 seconds
test real_zk::tests::allocation_audit_certificate_rejects_tampered_stack_material has been running for over 60 seconds
test real_zk::tests::allocation_exclusion_segment_pair_precompile_stack_shape_is_toccata_compatible has been running for over 60 seconds
test real_zk::tests::lane_graph_segment_precompile_stack_shape_is_toccata_compatible ... ok
test real_zk::tests::allocation_exclusion_segment_pair_precompile_stack_shape_is_toccata_compatible ... ok
test real_zk::tests::prove_then_verify_lane_discovery ... ok
test real_zk::tests::prove_then_verify_semantic_transition_statement ... ok
test real_zk::tests::prove_then_verify_allocation_transcript_segment ... ok
test real_zk::tests::public_inputs_as_fr_layout_is_deterministic ... ok
test real_zk::tests::same_receipt_id_different_body_cannot_prove ... ok
test real_zk::tests::semantic_changed_public_input_rejected ... ok
test real_zk::tests::semantic_groth16_precompile_stack_shape_is_toccata_compatible ... ok
test real_zk::tests::supported_allocation_circuit_rejects_statement_witness_shape_mismatch ... ok
test real_zk::tests::supported_allocation_shape_registry_is_explicit ... ok
test real_zk::tests::supported_allocation_witness_rejects_unsupported_shape ... ok
test real_zk::tests::prove_then_verify_allocation_1x1_burn_transition has been running for over 60 seconds
test real_zk::tests::prove_then_verify_allocation_1x1_transition has been running for over 60 seconds
test real_zk::tests::prove_then_verify_allocation_conservation_segment ... ok
test real_zk::tests::prove_then_verify_allocation_2x2_transition has been running for over 60 seconds
test real_zk::tests::wrong_view_key_cannot_satisfy_lane_discovery_circuit ... ok
test real_zk::tests::wrong_view_key_cannot_satisfy_lane_graph_discovery_circuit ... ok
test real_zk::tests::wrong_view_key_cannot_satisfy_lane_graph_segment_circuit ... ok
test tests::chain_id_in_public_inputs_is_pinned ... ok
test tests::proof_encode_for_precompile ... ok
test tests::proof_rejects_empty ... ok
test tests::proof_rejects_oversize ... ok
test tests::public_inputs_length_is_pinned ... ok
test tests::semantic_transition_statement_binds_native_reports ... ok
test tests::semantic_transition_statement_matches_receipt_statement ... ok
test tests::semantic_transition_statement_rejects_noop_digest ... ok
test tests::semantic_transition_statement_rejects_report_mismatch ... ok
test tests::semantic_transition_statement_rejects_supply_mismatch ... ok
test tests::statement_matches_receipt_round_trip ... ok
test tests::tag_bytes_match_upstream ... ok
test tests::zk_receipt_local_verify_catches_statement_mismatch ... ok
test tests::zk_receipt_local_verify_succeeds ... ok
test tests::zk_receipt_rejects_wrong_mode ... ok
test real_zk::tests::prove_then_verify_zk_receipt ... ok
test real_zk::tests::prove_then_verify_lane_graph_discovery ... ok
test real_zk::tests::tampered_proof_rejected ... ok
test real_zk::tests::prove_then_verify_lane_graph_segment ... ok
test real_zk::tests::prove_then_verify_allocation_exclusion_segment_pair ... ok
test real_zk::tests::allocation_1x1_precompile_stack_shape_is_toccata_compatible ... ok
test real_zk::tests::prove_then_verify_fixed_allocation_3x2_transition has been running for over 60 seconds
test real_zk::tests::prove_then_verify_allocation_1x1_burn_transition ... ok
test real_zk::tests::prove_then_verify_allocation_1x1_transition ... ok
test real_zk::tests::allocation_audit_certificate_binds_verified_groth16_stack_material ... ok
test real_zk::tests::allocation_audit_certificate_rejects_tampered_stack_material ... ok
test real_zk::tests::allocation_audit_certificate_canonical_encoding_round_trips ... ok
test real_zk::tests::prove_then_verify_allocation_2x2_transition ... ok
test real_zk::tests::prove_then_verify_fixed_allocation_3x2_transition ... ok

test result: ok. 83 passed; 0 failed; 0 ignored; 0 measured; 0 filtered out; finished in 168.17s


running 0 tests

test result: ok. 0 passed; 0 failed; 0 ignored; 0 measured; 0 filtered out; finished in 0.00s


running 0 tests

test result: ok. 0 passed; 0 failed; 0 ignored; 0 measured; 0 filtered out; finished in 0.00s


running 0 tests

test result: ok. 0 passed; 0 failed; 0 ignored; 0 measured; 0 filtered out; finished in 0.00s


running 0 tests

test result: ok. 0 passed; 0 failed; 0 ignored; 0 measured; 0 filtered out; finished in 0.00s


running 0 tests

test result: ok. 0 passed; 0 failed; 0 ignored; 0 measured; 0 filtered out; finished in 0.00s


running 0 tests

test result: ok. 0 passed; 0 failed; 0 ignored; 0 measured; 0 filtered out; finished in 0.00s


running 0 tests

test result: ok. 0 passed; 0 failed; 0 ignored; 0 measured; 0 filtered out; finished in 0.00s


running 0 tests

test result: ok. 0 passed; 0 failed; 0 ignored; 0 measured; 0 filtered out; finished in 0.00s


running 0 tests

test result: ok. 0 passed; 0 failed; 0 ignored; 0 measured; 0 filtered out; finished in 0.00s


running 0 tests

test result: ok. 0 passed; 0 failed; 0 ignored; 0 measured; 0 filtered out; finished in 0.00s


running 0 tests

test result: ok. 0 passed; 0 failed; 0 ignored; 0 measured; 0 filtered out; finished in 0.00s


== stderr ==
   Compiling kaspa-wrpc-client v1.2.2-toc.4 (/Users/arthur/RustroverProjects/rusty-kaspa/rpc/wrpc/client)
   Compiling rgk-kaspa v0.1.0 (/Users/arthur/RustroverProjects/rgk/crates/rgk-kaspa)
   Compiling rgk-sync v0.1.0 (/Users/arthur/RustroverProjects/rgk/crates/rgk-sync)
   Compiling rgk-resolver v0.1.0 (/Users/arthur/RustroverProjects/rgk/crates/rgk-resolver)
   Compiling rgk-e2e v0.1.0 (/Users/arthur/RustroverProjects/rgk/tests/rgk-e2e)
    Finished `test` profile [optimized + debuginfo] target(s) in 3.50s
     Running unittests src/lib.rs (target/debug/deps/rgk_asset-204a5836217fa95a)
     Running unittests src/lib.rs (target/debug/deps/rgk_core-00b8321bf245e020)
     Running unittests src/lib.rs (target/debug/deps/rgk_covenant-508b3e39b4828012)
     Running unittests src/lib.rs (target/debug/deps/rgk_e2e-6a9dfe661e00c1a6)
     Running tests/covenant_script_vm.rs (target/debug/deps/covenant_script_vm-34eda74d62434f41)
     Running tests/example_matrix.rs (target/debug/deps/example_matrix-3410ad0f692067c2)
     Running tests/live_covenant.rs (target/debug/deps/live_covenant-a96234a195a40f98)
     Running tests/live_devnet.rs (target/debug/deps/live_devnet-44ebf626012180a3)
     Running tests/live_kaspa.rs (target/debug/deps/live_kaspa-5602be69f816ed3b)
     Running tests/zk_precompile_vm.rs (target/debug/deps/zk_precompile_vm-1ed271987e9b5702)
     Running unittests src/lib.rs (target/debug/deps/rgk_indexer-b46dd01e466cab81)
     Running unittests src/lib.rs (target/debug/deps/rgk_kaspa-1f96525474705eee)
     Running unittests src/lib.rs (target/debug/deps/rgk_receipt-638d2a0f4c184ea9)
     Running unittests src/lib.rs (target/debug/deps/rgk_resolver-b02538e0f4b221e2)
     Running unittests src/lib.rs (target/debug/deps/rgk_sync-058e4fc94d5d4f93)
     Running unittests src/bin/rgk-sync.rs (target/debug/deps/rgk_sync-b3cfd46b5ea83636)
     Running unittests src/lib.rs (target/debug/deps/rgk_tx-4a640dc3639e9ad0)
     Running unittests src/lib.rs (target/debug/deps/rgk_zk-8404acb0b7ac2a38)
   Doc-tests rgk_asset
   Doc-tests rgk_core
   Doc-tests rgk_covenant
   Doc-tests rgk_e2e
   Doc-tests rgk_indexer
   Doc-tests rgk_kaspa
   Doc-tests rgk_receipt
   Doc-tests rgk_resolver
   Doc-tests rgk_sync
   Doc-tests rgk_tx
   Doc-tests rgk_zk
