== stdout ==

== stderr ==
   Compiling rgk-e2e v0.1.0 (/Users/arthur/RustroverProjects/rgk/tests/rgk-e2e)
error[E0599]: no method named `network_id` found for mutable reference `&mut FixtureBackend` in the current scope
   --> tests/rgk-e2e/src/lib.rs:187:10
    |
186 |       let net = backend
    |  _______________-
187 | |         .network_id()
    | |         -^^^^^^^^^^ method not found in `&mut FixtureBackend`
    | |_________|
    |
    |
    = help: items from traits can only be used if the trait is in scope
help: trait `KaspaChainBackend` which provides `network_id` is implemented but not in scope; perhaps you want to import it
    |
 40 + use rgk_kaspa::KaspaChainBackend;
    |

For more information about this error, try `rustc --explain E0599`.
error: could not compile `rgk-e2e` (lib test) due to 1 previous error
