== stdout ==

running 14 tests
test tests::chain_id_in_public_inputs_is_pinned ... ok
test tests::proof_encode_for_precompile ... ok
test tests::proof_rejects_oversize ... ok
test tests::proof_rejects_empty ... ok
test tests::public_inputs_length_is_pinned ... ok
test tests::semantic_transition_statement_binds_native_reports ... ok
test tests::semantic_transition_statement_matches_receipt_statement ... ok
test tests::semantic_transition_statement_rejects_noop_digest ... ok
test tests::semantic_transition_statement_rejects_report_mismatch ... ok
test tests::statement_matches_receipt_round_trip ... ok
test tests::tag_bytes_match_upstream ... ok
test tests::zk_receipt_local_verify_catches_statement_mismatch ... ok
test tests::zk_receipt_local_verify_succeeds ... ok
test tests::zk_receipt_rejects_wrong_mode ... ok

test result: ok. 14 passed; 0 failed; 0 ignored; 0 measured; 0 filtered out; finished in 0.00s


== stderr ==
   Compiling rgk-zk v0.1.0 (/Users/arthur/RustroverProjects/rgk/crates/rgk-zk)
    Finished `test` profile [optimized + debuginfo] target(s) in 1.44s
     Running unittests src/lib.rs (target/debug/deps/rgk_zk-8c867935900bd66e)
