== stdout ==

running 1 test
test live_simnet_full_covenant_lifecycle ... ok

test result: ok. 1 passed; 0 failed; 0 ignored; 0 measured; 0 filtered out; finished in 1.19s


== stderr ==
   Compiling rgk-kaspa v0.1.0 (/Users/arthur/RustroverProjects/rgk/crates/rgk-kaspa)
   Compiling rgk-resolver v0.1.0 (/Users/arthur/RustroverProjects/rgk/crates/rgk-resolver)
   Compiling rgk-e2e v0.1.0 (/Users/arthur/RustroverProjects/rgk/tests/rgk-e2e)
    Finished `test` profile [optimized + debuginfo] target(s) in 1.00s
     Running tests/live_covenant.rs (target/debug/deps/live_covenant-752d8866f3b309ef)
live: connected to simnet wRPC
live: fixed keypair address = kaspasim:qzzt7atzyc4m662qppt53ua7dta99t33w923s8kwxxmxx5wvl7jtqvn0x5as6
live: fixed pubkey x-only = [84, bf, 75, 62, 26, 2b, bd, 69, 40, 08, 57, 48, f3, be, 6a, fa, 52, ae, 31, 71, 55, 18, 1e, ce, 31, b6, 63, 51, cc, ff, a4, b0]
live: generated keypair, simnet address: kaspasim:qzzt7atzyc4m662qppt53ua7dta99t33w923s8kwxxmxx5wvl7jtqvn0x5as6
live: mined block, report: accepted=Success
live: reached DAA score 24025 (target 1)
live: coinbase block 1 mined; mining 2000 more so the FIRST coinbase UTXO matures (need DAA >= 1001 to spend it)...
live: mined 100/2000 blocks (0.1s)
live: mined 200/2000 blocks (0.1s)
live: mined 300/2000 blocks (0.2s)
live: mined 400/2000 blocks (0.2s)
live: mined 500/2000 blocks (0.3s)
live: mined 600/2000 blocks (0.3s)
live: mined 700/2000 blocks (0.4s)
live: mined 800/2000 blocks (0.4s)
live: mined 900/2000 blocks (0.5s)
live: mined 1000/2000 blocks (0.6s)
live: mined 1100/2000 blocks (0.6s)
live: mined 1200/2000 blocks (0.7s)
live: mined 1300/2000 blocks (0.7s)
live: mined 1400/2000 blocks (0.8s)
live: mined 1500/2000 blocks (0.8s)
live: mined 1600/2000 blocks (0.9s)
live: mined 1700/2000 blocks (1.0s)
live: mined 1800/2000 blocks (1.0s)
live: mined 1900/2000 blocks (1.1s)
live: mined 2000/2000 blocks (1.1s)
live: mined 2000 blocks in 1.1s
live: reached DAA score 26025 (target 2001)
live: oldest coinbase UTXO is now mature (DAA >= 2001)
live: selected coinbase UTXO at DAA 14 (oldest, mature)
live: fetched coinbase UTXO txid=[47, d4, 59, 91, 98, ea, 16, fe, 9c, ab, 16, 30, 36, 71, e5, c6, eb, 37, ae, 1b, fd, a4, eb, 74, 57, 30, 31, f2, 35, 73, 8a, 1c] index=0 value=5000000000
live: computed covenant_id = [45, de, fa, b2, 4c, 5d, 3a, ef, 75, 81, 40, 0d, eb, e8, 76, 32, 67, a8, 5a, bd, 34, fb, 71, d6, 3e, 3d, 3d, 0b, 35, 8d, 82, 3e] for the genesis output (value=4996000000, fee=4000000)
live: signed covenant tx, txid = [4d, 72, 01, 30, 65, 57, 9a, 13, ae, 19, ba, 47, 09, 76, d7, b4, a2, be, 2f, aa, a5, f1, 46, 07, 8d, dc, 80, 4e, 1c, 07, 3c, 5d]
live: covenant tx ACCEPTED by node: txid=[4d, 72, 01, 30, 65, 57, 9a, 13, ae, 19, ba, 47, 09, 76, d7, b4, a2, be, 2f, aa, a5, f1, 46, 07, 8d, dc, 80, 4e, 1c, 07, 3c, 5d]
live: mined block, report: accepted=Success
live: reached DAA score 26026 (target 2)
live: confirmation block 2 mined
live: covenant output confirmed at DAA score 26026 with covenant_id=[45, de, fa, b2, 4c, 5d, 3a, ef, 75, 81, 40, 0d, eb, e8, 76, 32, 67, a8, 5a, bd, 34, fb, 71, d6, 3e, 3d, 3d, 0b, 35, 8d, 82, 3e]
live: resolver state = TransitionedValid { covenant: [69, 222, 250, 178, 76, 93, 58, 239, 117, 129, 64, 13, 235, 232, 118, 50, 103, 168, 90, 189, 52, 251, 113, 214, 62, 61, 61, 11, 53, 141, 130, 62], spent_outpoint: KaspaOutpoint { transaction_id: [71, 212, 89, 145, 152, 234, 22, 254, 156, 171, 22, 48, 54, 113, 229, 198, 235, 55, 174, 27, 253, 164, 235, 116, 87, 48, 49, 242, 53, 115, 138, 28], index: 0 }, new_outpoint: KaspaOutpoint { transaction_id: [77, 114, 1, 48, 101, 87, 154, 19, 174, 25, 186, 71, 9, 118, 215, 180, 162, 190, 47, 170, 165, 241, 70, 7, 141, 220, 128, 78, 28, 7, 60, 93], index: 0 }, receipt_id: [226, 97, 203, 53, 206, 220, 101, 64, 159, 148, 54, 4, 204, 13, 72, 189, 205, 134, 49, 148, 232, 68, 76, 19, 109, 73, 215, 142, 172, 217, 58, 69], new_state: RgkStateCommitment { version: 0, chain_id: KaspaLocalToccata, covenant_id: [69, 222, 250, 178, 76, 93, 58, 239, 117, 129, 64, 13, 235, 232, 118, 50, 103, 168, 90, 189, 52, 251, 113, 214, 62, 61, 61, 11, 53, 141, 130, 62], rgb_contract_id: [0, 0, 0, 0, 0, 0, 0, 0, 0, 0, 0, 0, 0, 0, 0, 0, 0, 0, 0, 0, 0, 0, 0, 0, 0, 0, 0, 0, 0, 0, 0, 0], state_digest: [176, 176, 176, 176, 176, 176, 176, 176, 176, 176, 176, 176, 176, 176, 176, 176, 176, 176, 176, 176, 176, 176, 176, 176, 176, 176, 176, 176, 176, 176, 176, 176], receipt_policy: VerifierOnly }, confirmation_depth: 1 }
live: ✅ covenant transition classified as TransitionedValid from the confirmed live Kaspa Toccata simnet spend (covenant_id=[45, de, fa, b2, 4c, 5d, 3a, ef, 75, 81, 40, 0d, eb, e8, 76, 32, 67, a8, 5a, bd, 34, fb, 71, d6, 3e, 3d, 3d, 0b, 35, 8d, 82, 3e])
