== stdout ==
{
  "contract_name": "Test",
  "compiler_version": "0.1.0",
  "script": [
    32,
    1,
    1,
    1,
    1,
    1,
    1,
    1,
    1,
    1,
    1,
    1,
    1,
    1,
    1,
    1,
    1,
    1,
    1,
    1,
    1,
    1,
    1,
    1,
    1,
    1,
    1,
    1,
    1,
    1,
    1,
    1,
    1,
    118,
    82,
    121,
    135,
    105,
    117,
    117,
    81
  ],
  "ast": {
    "pragma": {
      "name": "silverscript",
      "value": "^0.1.0",
      "span": "pragma silverscript ^0.1.0;",
      "name_span": "silverscript",
      "value_span": "^0.1.0"
    },
    "name": "Test",
    "params": [],
    "fields": [
      {
        "type_ref": {
          "base": "byte",
          "array_dims": [
            {
              "kind": "fixed",
              "value": 32
            }
          ]
        },
        "name": "owner",
        "expr": {
          "kind": "array",
          "data": [
            {
              "kind": "byte",
              "data": 1,
              "span": "0x0101010101010101010101010101010101010101010101010101010101010101"
            },
            {
              "kind": "byte",
              "data": 1,
              "span": "0x0101010101010101010101010101010101010101010101010101010101010101"
            },
            {
              "kind": "byte",
              "data": 1,
              "span": "0x0101010101010101010101010101010101010101010101010101010101010101"
            },
            {
              "kind": "byte",
              "data": 1,
              "span": "0x0101010101010101010101010101010101010101010101010101010101010101"
            },
            {
              "kind": "byte",
              "data": 1,
              "span": "0x0101010101010101010101010101010101010101010101010101010101010101"
            },
            {
              "kind": "byte",
              "data": 1,
              "span": "0x0101010101010101010101010101010101010101010101010101010101010101"
            },
            {
              "kind": "byte",
              "data": 1,
              "span": "0x0101010101010101010101010101010101010101010101010101010101010101"
            },
            {
              "kind": "byte",
              "data": 1,
              "span": "0x0101010101010101010101010101010101010101010101010101010101010101"
            },
            {
              "kind": "byte",
              "data": 1,
              "span": "0x0101010101010101010101010101010101010101010101010101010101010101"
            },
            {
              "kind": "byte",
              "data": 1,
              "span": "0x0101010101010101010101010101010101010101010101010101010101010101"
            },
            {
              "kind": "byte",
              "data": 1,
              "span": "0x0101010101010101010101010101010101010101010101010101010101010101"
            },
            {
              "kind": "byte",
              "data": 1,
              "span": "0x0101010101010101010101010101010101010101010101010101010101010101"
            },
            {
              "kind": "byte",
              "data": 1,
              "span": "0x0101010101010101010101010101010101010101010101010101010101010101"
            },
            {
              "kind": "byte",
              "data": 1,
              "span": "0x0101010101010101010101010101010101010101010101010101010101010101"
            },
            {
              "kind": "byte",
              "data": 1,
              "span": "0x0101010101010101010101010101010101010101010101010101010101010101"
            },
            {
              "kind": "byte",
              "data": 1,
              "span": "0x0101010101010101010101010101010101010101010101010101010101010101"
            },
            {
              "kind": "byte",
              "data": 1,
              "span": "0x0101010101010101010101010101010101010101010101010101010101010101"
            },
            {
              "kind": "byte",
              "data": 1,
              "span": "0x0101010101010101010101010101010101010101010101010101010101010101"
            },
            {
              "kind": "byte",
              "data": 1,
              "span": "0x0101010101010101010101010101010101010101010101010101010101010101"
            },
            {
              "kind": "byte",
              "data": 1,
              "span": "0x0101010101010101010101010101010101010101010101010101010101010101"
            },
            {
              "kind": "byte",
              "data": 1,
              "span": "0x0101010101010101010101010101010101010101010101010101010101010101"
            },
            {
              "kind": "byte",
              "data": 1,
              "span": "0x0101010101010101010101010101010101010101010101010101010101010101"
            },
            {
              "kind": "byte",
              "data": 1,
              "span": "0x0101010101010101010101010101010101010101010101010101010101010101"
            },
            {
              "kind": "byte",
              "data": 1,
              "span": "0x0101010101010101010101010101010101010101010101010101010101010101"
            },
            {
              "kind": "byte",
              "data": 1,
              "span": "0x0101010101010101010101010101010101010101010101010101010101010101"
            },
            {
              "kind": "byte",
              "data": 1,
              "span": "0x0101010101010101010101010101010101010101010101010101010101010101"
            },
            {
              "kind": "byte",
              "data": 1,
              "span": "0x0101010101010101010101010101010101010101010101010101010101010101"
            },
            {
              "kind": "byte",
              "data": 1,
              "span": "0x0101010101010101010101010101010101010101010101010101010101010101"
            },
            {
              "kind": "byte",
              "data": 1,
              "span": "0x0101010101010101010101010101010101010101010101010101010101010101"
            },
            {
              "kind": "byte",
              "data": 1,
              "span": "0x0101010101010101010101010101010101010101010101010101010101010101"
            },
            {
              "kind": "byte",
              "data": 1,
              "span": "0x0101010101010101010101010101010101010101010101010101010101010101"
            },
            {
              "kind": "byte",
              "data": 1,
              "span": "0x0101010101010101010101010101010101010101010101010101010101010101"
            }
          ],
          "span": "0x0101010101010101010101010101010101010101010101010101010101010101"
        },
        "span": "byte[32] owner = 0x0101010101010101010101010101010101010101010101010101010101010101;",
        "type_span": "byte[32]",
        "name_span": "owner"
      }
    ],
    "constants": [],
    "functions": [
      {
        "name": "main",
        "params": [
          {
            "type_ref": {
              "base": "byte",
              "array_dims": [
                {
                  "kind": "fixed",
                  "value": 32
                }
              ]
            },
            "name": "other",
            "span": "byte[32] other",
            "type_span": "byte[32]",
            "name_span": "other"
          }
        ],
        "entrypoint": true,
        "return_types": [],
        "returns_tuple": false,
        "body": [
          {
            "kind": "require",
            "data": {
              "expr": {
                "kind": "binary",
                "data": {
                  "op": "eq",
                  "left": {
                    "kind": "identifier",
                    "data": "owner",
                    "span": "owner"
                  },
                  "right": {
                    "kind": "identifier",
                    "data": "other",
                    "span": "other"
                  }
                },
                "span": "owner == other"
              },
              "message": null,
              "span": "require(owner == other);",
              "message_span": null
            }
          }
        ],
        "return_type_spans": [],
        "span": "entrypoint function main(byte[32] other) { require(owner == other); }",
        "name_span": "main",
        "body_span": "require(owner == other);"
      }
    ],
    "span": "contract Test() { byte[32] owner = 0x0101010101010101010101010101010101010101010101010101010101010101; entrypoint function main(byte[32] other) { require(owner == other); } }",
    "name_span": "Test"
  },
  "abi": [
    {
      "name": "main",
      "inputs": [
        {
          "name": "other",
          "type_name": "byte[32]"
        }
      ]
    }
  ],
  "without_selector": true,
  "state_layout": {
    "start": 0,
    "len": 33
  },
  "debug_info": null
}

== stderr ==
