== stdout ==
[run-kaspa-devnet] launching /Users/arthur/RustroverProjects/rgk/external/rusty-kaspa-toccata/target/release/kaspad in background
[run-kaspa-devnet] pid: 59931
[run-kaspa-devnet] log: /Users/arthur/RustroverProjects/rgk/.rgk-devnet/kaspad.log
[run-kaspa-devnet] waiting for wRPC at ws://127.0.0.1:19111
[run-kaspa-devnet] wRPC ready after 2s
[e2e-devnet] live devnet RPC: ws://127.0.0.1:19111/v2/kaspa/devnet/no-tls/wrpc/borsh
[e2e-devnet] running live_devnet test
   Compiling kaspa-wrpc-client v1.2.2-toc.4 (/Users/arthur/RustroverProjects/rusty-kaspa/rpc/wrpc/client)
   Compiling rgk-kaspa v0.1.0 (/Users/arthur/RustroverProjects/rgk/crates/rgk-kaspa)
   Compiling rgk-sync v0.1.0 (/Users/arthur/RustroverProjects/rgk/crates/rgk-sync)
   Compiling rgk-resolver v0.1.0 (/Users/arthur/RustroverProjects/rgk/crates/rgk-resolver)
   Compiling rgk-e2e v0.1.0 (/Users/arthur/RustroverProjects/rgk/tests/rgk-e2e)
    Finished `test` profile [optimized + debuginfo] target(s) in 4.01s
     Running tests/live_devnet.rs (target/debug/deps/live_devnet-a446d7acbb399c7f)

running 2 tests
live-devnet: server_version=1.2.2-toc.4 network_id=devnet is_synced=false has_utxo_index=true
test live_devnet_reports_toccata_node_identity ... ok
live-devnet: scan cursor initialised chain=KaspaDevnet daa=66099 hash_prefix=6473374016cdfed2
test live_devnet_initialises_persistent_scan_cursor ... ok

test result: ok. 2 passed; 0 failed; 0 ignored; 0 measured; 0 filtered out; finished in 0.07s

[e2e-devnet] running policy migration recovery fixture
    Finished `test` profile [optimized + debuginfo] target(s) in 0.09s
     Running unittests src/lib.rs (target/debug/deps/rgk_e2e-61e4ff2d6b6c07e6)

running 1 test
RGK policy migration recovery
  chain:           KaspaLocalToccata
  covenant:        0xc750aee85561dc562b16688f01a736f81ed26948e166280ff5cd2a6f970d6599
  spent_txid:      0x2121212121212121212121212121212121212121212121212121212121212121
  new_txid:        0x2222222222222222222222222222222222222222222222222222222222222222
  previous_policy: verifier-only
  new_policy:      zk-or-verifier
  migration:       0x595de1d206e02c94795f46e960bf6e2230dd921d0ebfa3470a36fe05ec972be6
  resolver:        NativeTransitionedValid { covenant: [199, 80, 174, 232, 85, 97, 220, 86, 43, 22, 104, 143, 1, 167, 54, 248, 30, 210, 105, 72, 225, 102, 40, 15, 245, 205, 42, 111, 151, 13, 101, 153], spent_outpoint: KaspaOutpoint { transaction_id: [33, 33, 33, 33, 33, 33, 33, 33, 33, 33, 33, 33, 33, 33, 33, 33, 33, 33, 33, 33, 33, 33, 33, 33, 33, 33, 33, 33, 33, 33, 33, 33], index: 0 }, new_outpoint: KaspaOutpoint { transaction_id: [34, 34, 34, 34, 34, 34, 34, 34, 34, 34, 34, 34, 34, 34, 34, 34, 34, 34, 34, 34, 34, 34, 34, 34, 34, 34, 34, 34, 34, 34, 34, 34], index: 0 }, receipt_id: [89, 93, 225, 210, 6, 224, 44, 148, 121, 95, 70, 233, 96, 191, 110, 34, 48, 221, 146, 29, 14, 191, 163, 71, 10, 54, 254, 5, 236, 151, 43, 230], new_state: RgkStateCommitment { version: 1, chain_id: KaspaLocalToccata, covenant_id: [199, 80, 174, 232, 85, 97, 220, 86, 43, 22, 104, 143, 1, 167, 54, 248, 30, 210, 105, 72, 225, 102, 40, 15, 245, 205, 42, 111, 151, 13, 101, 153], asset_id: [66, 66, 66, 66, 66, 66, 66, 66, 66, 66, 66, 66, 66, 66, 66, 66, 66, 66, 66, 66, 66, 66, 66, 66, 66, 66, 66, 66, 66, 66, 66, 66], state_digest: [50, 50, 50, 50, 50, 50, 50, 50, 50, 50, 50, 50, 50, 50, 50, 50, 50, 50, 50, 50, 50, 50, 50, 50, 50, 50, 50, 50, 50, 50, 50, 50], receipt_policy: ZkOrVerifier }, confirmation_depth: 1 }

test policy_migration_recovery_fixture_survives_reopen ... ok

test result: ok. 1 passed; 0 failed; 0 ignored; 0 measured; 3 filtered out; finished in 0.04s

[e2e-devnet] running full covenant lifecycle on devnet
   Compiling kaspa-wrpc-client v1.2.2-toc.4 (/Users/arthur/RustroverProjects/rusty-kaspa/rpc/wrpc/client)
   Compiling rgk-kaspa v0.1.0 (/Users/arthur/RustroverProjects/rgk/crates/rgk-kaspa)
   Compiling rgk-resolver v0.1.0 (/Users/arthur/RustroverProjects/rgk/crates/rgk-resolver)
   Compiling rgk-sync v0.1.0 (/Users/arthur/RustroverProjects/rgk/crates/rgk-sync)
   Compiling rgk-e2e v0.1.0 (/Users/arthur/RustroverProjects/rgk/tests/rgk-e2e)
    Finished `test` profile [optimized + debuginfo] target(s) in 2.81s
     Running tests/live_covenant.rs (target/debug/deps/live_covenant-7bf44a871ab07a5e)

running 1 test
live: connected to devnet wRPC (chain_id=KaspaDevnet)
live: fixed keypair address = kaspadev:qzzt7atzyc4m662qppt53ua7dta99t33w923s8kwxxmxx5wvl7jtq0ahp67m9
live: fixed pubkey x-only = [84, bf, 75, 62, 26, 2b, bd, 69, 40, 08, 57, 48, f3, be, 6a, fa, 52, ae, 31, 71, 55, 18, 1e, ce, 31, b6, 63, 51, cc, ff, a4, b0]
live: generated keypair, devnet address: kaspadev:qzzt7atzyc4m662qppt53ua7dta99t33w923s8kwxxmxx5wvl7jtq0ahp67m9
live: mined block, report: accepted=Success
live: reached DAA score 66100 (target 1)
live: coinbase block 1 mined; mining 2000 more so the FIRST coinbase UTXO matures (need DAA >= 1001 to spend it)...
live: mined 100/2000 blocks (0.1s)
live: mined 200/2000 blocks (0.1s)
live: mined 300/2000 blocks (0.2s)
live: mined 400/2000 blocks (0.2s)
live: mined 500/2000 blocks (0.3s)
live: mined 600/2000 blocks (0.4s)
live: mined 700/2000 blocks (0.4s)
live: mined 800/2000 blocks (0.5s)
live: mined 900/2000 blocks (0.6s)
live: mined 1000/2000 blocks (0.6s)
live: mined 1100/2000 blocks (0.7s)
live: mined 1200/2000 blocks (0.7s)
live: mined 1300/2000 blocks (0.8s)
live: mined 1400/2000 blocks (0.9s)
live: mined 1500/2000 blocks (0.9s)
live: mined 1600/2000 blocks (1.0s)
live: mined 1700/2000 blocks (1.1s)
live: mined 1800/2000 blocks (1.1s)
live: mined 1900/2000 blocks (1.2s)
live: mined 2000/2000 blocks (1.2s)
live: mined 2000 blocks in 1.2s
live: reached DAA score 68100 (target 2001)
live: oldest coinbase UTXO is now mature (DAA >= 2001)
live: selected coinbase UTXO at DAA 35 (oldest, mature)
live: fetched coinbase UTXO txid=[b6, 46, f9, f0, 40, 65, 8b, ab, 7d, 41, 73, 36, 6e, f8, f8, f4, 4d, 5c, f5, 12, cc, 0b, 11, 36, 00, dc, 6e, 4d, f9, c1, 05, c3] index=0 value=4400000000
live: computed covenant_id = [6f, e4, 24, 4b, 7a, a3, e9, 29, 0a, 52, 66, 68, a6, a6, 61, 7f, 59, 80, 66, 79, 3f, f0, 4f, fa, 5d, 90, 75, eb, 94, e9, 74, 61] for the genesis output (value=4396000000, fee=4000000)
live: signed covenant tx, txid = [35, 5c, e9, 64, 79, 40, 0c, 90, c2, 64, ee, 63, 86, 3b, c9, 68, 05, db, 1a, 66, 13, c4, c9, c9, 8d, ef, 32, 53, c8, 1d, ad, 13]
live: covenant tx ACCEPTED by node: txid=[35, 5c, e9, 64, 79, 40, 0c, 90, c2, 64, ee, 63, 86, 3b, c9, 68, 05, db, 1a, 66, 13, c4, c9, c9, 8d, ef, 32, 53, c8, 1d, ad, 13]
live: mined block, report: accepted=Success
live: reached DAA score 68101 (target 2)
live: confirmation block 2 mined
live: covenant output confirmed at DAA score 68101 with covenant_id=[6f, e4, 24, 4b, 7a, a3, e9, 29, 0a, 52, 66, 68, a6, a6, 61, 7f, 59, 80, 66, 79, 3f, f0, 4f, fa, 5d, 90, 75, eb, 94, e9, 74, 61]
live: native RGK asset state digest = 0xb7e8a891f9d4b5f18bdb725b8321bd03c3259e8c5725b3c2f4409ee290cf4e9e (allocations=1 daa=68101 confirmations=1 privacy_policy=PrivateLane lane_id=0xf9e2d47ecda382db86ba713e640cb58f4a9f75a24d0820505148c302004436d9)
live: ZK covenant spend enabled, public_inputs=29 vk_bytes=1192 proof_bytes=128
live: built P2SH covenant spend, txid = [3b, 19, 80, 42, f0, 70, 66, a0, e4, b0, 2a, 1b, 97, 66, c9, db, 7b, 5c, ef, 45, 72, 89, 40, 5c, d1, 22, 9d, 85, 72, 8f, 04, 7f]
live: P2SH covenant spend ACCEPTED by node: txid=[3b, 19, 80, 42, f0, 70, 66, a0, e4, b0, 2a, 1b, 97, 66, c9, db, 7b, 5c, ef, 45, 72, 89, 40, 5c, d1, 22, 9d, 85, 72, 8f, 04, 7f]
live: mined block, report: accepted=Success
live: reached DAA score 68102 (target 68102)
live: P2SH covenant spend confirmation block mined
live: continuation covenant output confirmed at DAA score 68102
live: native production-ZK allocation guard accepted shape=1x1 spent_allocations=1 new_allocations=1
live: native RGK transition digest = 0x506b891ef2166d90a5e8d50a0d9765834e9e94388094b7c15e157ad53e93c91b (old_state=0xb7e8a891f9d4b5f18bdb725b8321bd03c3259e8c5725b3c2f4409ee290cf4e9e new_state=0x10681e222ab28f37d3e8ea51b8d893e6b064ce7fb0aaf5aa3ad0dce598cbc100 witness_txid=0x3b198042f07066a0e4b02a1b9766c9db7b5cef457289405cd1229d85728f047f spent_allocations=1 new_allocations=1 privacy_policy=PrivateLane lane_id=0xf9e2d47ecda382db86ba713e640cb58f4a9f75a24d0820505148c302004436d9)
live: semantic RGK transition statement public_inputs=328 continuation_shape_root=0x20eb1c15950c5a94ccd7d8a07761b786bef0d245efda0f814acd15fa9f105797 policy_commitment=0x4663f5b9404ee4fe0358c6299f73422e955f5fea03e19545f5b8f99472d00bbf
live: semantic Groth16 proof verified public_inputs=41 vk_bytes=1576 proof_bytes=128
test live_toccata_full_covenant_lifecycle has been running for over 60 seconds
live: supported allocation-vector Groth16 proof verified shape=1x1 public_inputs=41 vk_bytes=1576 proof_bytes=128
live: allocation transcript segment Groth16 proof verified sides=2 segments=2 allocations=2 public_inputs_each=16 vk_bytes=776 proof_bytes_each=128 spent_root=0xa194cafd41e056c683316795042b5eff3b35f5b987e2472649352b45b18fdd1b new_root=0x09efe362840b80c4ed3d1b8a94ec5d9b3d0263ffcf1cccbcc6a8dc11f33901f4 spent_amount_commitment=0x68c92efdcb7c6f9096537d37af74aba44d7615915ce88c51711c5c6d4983ff34 new_amount_commitment=0xc1760514d6f2d480507ea9247be6f416c04d9b32a5d210dba8d01d576c64a1b3
live: allocation conservation Groth16 chain verified sides=2 segments=2 allocations=2 public_inputs_each=24 final_public_inputs=10 segment_vk_bytes=1032 segment_proof_bytes_each=128 final_vk_bytes=584 final_proof_bytes=128 spent_total_commitment=0x1a0a0bbd33746c96287dfb9516ca9f5d84b84320e66092e64860c6c9e2e1bbff new_total_commitment=0x0b1f4432d9e6afc40148127ff4ae5fba3c356190d8ca733385f21e27cd88b7d7
live: allocation exclusion segment-pair Groth16 proof verified spent_segments=1 new_segments=1 pair_grid=1 public_inputs=29 vk_bytes=1192 proof_bytes=128 spent_root=0xa194cafd41e056c683316795042b5eff3b35f5b987e2472649352b45b18fdd1b new_root=0x09efe362840b80c4ed3d1b8a94ec5d9b3d0263ffcf1cccbcc6a8dc11f33901f4 spent_amount_commitment=0x68c92efdcb7c6f9096537d37af74aba44d7615915ce88c51711c5c6d4983ff34 new_amount_commitment=0xc1760514d6f2d480507ea9247be6f416c04d9b32a5d210dba8d01d576c64a1b3
live: allocation audit bundle verified spent_segments=1 new_segments=1 exclusion_cells=1 spent_final_root=0xa194cafd41e056c683316795042b5eff3b35f5b987e2472649352b45b18fdd1b new_final_root=0x09efe362840b80c4ed3d1b8a94ec5d9b3d0263ffcf1cccbcc6a8dc11f33901f4 spent_total_commitment=0x1a0a0bbd33746c96287dfb9516ca9f5d84b84320e66092e64860c6c9e2e1bbff new_total_commitment=0x0b1f4432d9e6afc40148127ff4ae5fba3c356190d8ca733385f21e27cd88b7d7
live: allocation audit certificate verified certificate_id=0xbf2788aaf079c0acda8e29e416bb8e36d19e2817cd50973117b63cef4b94cb83 proof_cells=6 vk_bytes_total=5392 proof_bytes_total=768 canonical_bytes=11826
live: registered private lane for view-key discovery (lane_id=0xf9e2d47ecda382db86ba713e640cb58f4a9f75a24d0820505148c302004436d9 scan_tag=0x3539f43aecf990bfd09e4b081ddba2835253710fa8a4022904e6ea61b963c62d privacy_policy=PrivateLane)
live: lane-discovery Groth16 proof verified public_inputs=9 vk_bytes=552 proof_bytes=128 lane_id=0xf9e2d47ecda382db86ba713e640cb58f4a9f75a24d0820505148c302004436d9 scan_tag=0x3539f43aecf990bfd09e4b081ddba2835253710fa8a4022904e6ea61b963c62d
live: lane-graph Groth16 proof verified nodes=2 public_inputs=22 vk_bytes=968 proof_bytes=128 graph_root=0x6ab1ca5ef8165554c39398f6ee2cd4419bd605cc09e507fec6264f1bdebd4dfc current_lane=0xf9e2d47ecda382db86ba713e640cb58f4a9f75a24d0820505148c302004436d9 next_scan_tag=0xa1300bb57a56c79e1c43eda255ac6cb55b7e04c247681d77a754ed07551312ea
live: segmented lane-graph Groth16 proof chain verified segments=2 nodes=4 public_inputs_each=27 vk_bytes=1128 proof_bytes_each=128 start_root=0x78145c2e5e78351ffa3d0e266b1a5cb8c3eb318b074a9bcaa407fcdbc6068573 final_root=0x90f47d54d63afe8eb7e59071e891fc14e966bd0658f617d25711d29276b01bde current_lane=0xf9e2d47ecda382db86ba713e640cb58f4a9f75a24d0820505148c302004436d9 final_scan_tag=0x85fb37ef816bbbe85f5e9bb524575608a66e5914ee7bbd0507cf143449b00fdc
live: resolver state = NativeTransitionedValid { covenant: [111, 228, 36, 75, 122, 163, 233, 41, 10, 82, 102, 104, 166, 166, 97, 127, 89, 128, 102, 121, 63, 240, 79, 250, 93, 144, 117, 235, 148, 233, 116, 97], spent_outpoint: KaspaOutpoint { transaction_id: [53, 92, 233, 100, 121, 64, 12, 144, 194, 100, 238, 99, 134, 59, 201, 104, 5, 219, 26, 102, 19, 196, 201, 201, 141, 239, 50, 83, 200, 29, 173, 19], index: 0 }, new_outpoint: KaspaOutpoint { transaction_id: [59, 25, 128, 66, 240, 112, 102, 160, 228, 176, 42, 27, 151, 102, 201, 219, 123, 92, 239, 69, 114, 137, 64, 92, 209, 34, 157, 133, 114, 143, 4, 127], index: 0 }, receipt_id: [59, 105, 4, 233, 2, 214, 134, 67, 44, 222, 173, 175, 85, 208, 24, 255, 120, 254, 83, 184, 105, 185, 65, 207, 155, 105, 194, 159, 0, 239, 202, 217], new_state: RgkStateCommitment { version: 1, chain_id: KaspaDevnet, covenant_id: [111, 228, 36, 75, 122, 163, 233, 41, 10, 82, 102, 104, 166, 166, 97, 127, 89, 128, 102, 121, 63, 240, 79, 250, 93, 144, 117, 235, 148, 233, 116, 97], asset_id: [66, 66, 66, 66, 66, 66, 66, 66, 66, 66, 66, 66, 66, 66, 66, 66, 66, 66, 66, 66, 66, 66, 66, 66, 66, 66, 66, 66, 66, 66, 66, 66], state_digest: [16, 104, 30, 34, 42, 178, 143, 55, 211, 232, 234, 81, 184, 216, 147, 230, 176, 100, 206, 127, 176, 170, 245, 170, 58, 208, 220, 229, 152, 203, 193, 0], receipt_policy: ZkOrVerifier }, confirmation_depth: 1 }
live: resolver carried phase-2 native state digest = 0x10681e222ab28f37d3e8ea51b8d893e6b064ce7fb0aaf5aa3ad0dce598cbc100
live: view-key lane resolver classified as NativeTransitionedValid (lane_id=0xf9e2d47ecda382db86ba713e640cb58f4a9f75a24d0820505148c302004436d9 scan_tag=0x3539f43aecf990bfd09e4b081ddba2835253710fa8a4022904e6ea61b963c62d)
live: covenant transition classified as NativeTransitionedValid from the confirmed live Kaspa Toccata devnet spend (covenant_id=[6f, e4, 24, 4b, 7a, a3, e9, 29, 0a, 52, 66, 68, a6, a6, 61, 7f, 59, 80, 66, 79, 3f, f0, 4f, fa, 5d, 90, 75, eb, 94, e9, 74, 61])
live: policy migration proof recovered after Sled reopen (previous_policy=verifier-only new_policy=zk-or-verifier migration=0xf2d5f65e9fa7ab533f118f224d7b17ed564b5064017a63624b9393fef9095ad7 state_digest=0x10681e222ab28f37d3e8ea51b8d893e6b064ce7fb0aaf5aa3ad0dce598cbc100 resolver=NativeTransitionedValid)
live: persistent indexer recovered covenant after resolver indexing (covenant_id=[6f, e4, 24, 4b, 7a, a3, e9, 29, 0a, 52, 66, 68, a6, a6, 61, 7f, 59, 80, 66, 79, 3f, f0, 4f, fa, 5d, 90, 75, eb, 94, e9, 74, 61] cursor_daa=68102)
test live_toccata_full_covenant_lifecycle ... ok

test result: ok. 1 passed; 0 failed; 0 ignored; 0 measured; 0 filtered out; finished in 243.19s

[e2e-devnet] running rgk-sync scanner smoke (initialise cursor)
   Compiling kaspa-wrpc-client v1.2.2-toc.4 (/Users/arthur/RustroverProjects/rusty-kaspa/rpc/wrpc/client)
   Compiling rgk-kaspa v0.1.0 (/Users/arthur/RustroverProjects/rgk/crates/rgk-kaspa)
   Compiling rgk-sync v0.1.0 (/Users/arthur/RustroverProjects/rgk/crates/rgk-sync)
    Finished `dev` profile [optimized + debuginfo] target(s) in 3.51s
     Running `target/debug/rgk-sync --url 'ws://127.0.0.1:19111/v2/kaspa/devnet/no-tls/wrpc/borsh' --network devnet --db /Users/arthur/RustroverProjects/rgk/target/rgk-devnet-evidence/sled --once`
tick initialised=true added_chain_blocks=0 observed_spends=0 start_daa=68102 end_daa=68102 end_hash_prefix=3bd26df9c4b0ba5d
[e2e-devnet] running rgk-sync scanner smoke (reload cursor)
    Finished `dev` profile [optimized + debuginfo] target(s) in 0.18s
     Running `target/debug/rgk-sync --url 'ws://127.0.0.1:19111/v2/kaspa/devnet/no-tls/wrpc/borsh' --network devnet --db /Users/arthur/RustroverProjects/rgk/target/rgk-devnet-evidence/sled --once`
tick initialised=false added_chain_blocks=0 observed_spends=0 start_daa=68102 end_daa=68102 end_hash_prefix=3bd26df9c4b0ba5d
[verify-devnet-evidence] ok: /Users/arthur/RustroverProjects/rgk/target/rgk-devnet-evidence/latest.txt
[e2e-devnet] evidence: /Users/arthur/RustroverProjects/rgk/target/rgk-devnet-evidence/latest.txt

== stderr ==
