== stdout ==

running 1 test
test live_simnet_full_covenant_lifecycle ... FAILED

failures:

failures:
    live_simnet_full_covenant_lifecycle

test result: FAILED. 0 passed; 1 failed; 0 ignored; 0 measured; 0 filtered out; finished in 1.42s


== stderr ==
   Compiling kaspa-wrpc-client v1.2.2-toc.4 (/Users/arthur/RustroverProjects/rusty-kaspa/rpc/wrpc/client)
   Compiling rgk-kaspa v0.1.0 (/Users/arthur/RustroverProjects/rgk/crates/rgk-kaspa)
   Compiling rgk-resolver v0.1.0 (/Users/arthur/RustroverProjects/rgk/crates/rgk-resolver)
   Compiling rgk-e2e v0.1.0 (/Users/arthur/RustroverProjects/rgk/tests/rgk-e2e)
    Finished `test` profile [optimized + debuginfo] target(s) in 2.70s
     Running tests/live_covenant.rs (target/debug/deps/live_covenant-752d8866f3b309ef)
live: connected to simnet wRPC
live: fixed keypair address = kaspasim:qzzt7atzyc4m662qppt53ua7dta99t33w923s8kwxxmxx5wvl7jtqvn0x5as6
live: fixed pubkey x-only = [84, bf, 75, 62, 26, 2b, bd, 69, 40, 08, 57, 48, f3, be, 6a, fa, 52, ae, 31, 71, 55, 18, 1e, ce, 31, b6, 63, 51, cc, ff, a4, b0]
live: generated keypair, simnet address: kaspasim:qzzt7atzyc4m662qppt53ua7dta99t33w923s8kwxxmxx5wvl7jtqvn0x5as6
live: mined block, report: accepted=Success
live: reached DAA score 22023 (target 1)
live: coinbase block 1 mined; mining 2000 more so the FIRST coinbase UTXO matures (need DAA >= 1001 to spend it)...
live: mined 100/2000 blocks (0.1s)
live: mined 200/2000 blocks (0.1s)
live: mined 300/2000 blocks (0.2s)
live: mined 400/2000 blocks (0.3s)
live: mined 500/2000 blocks (0.3s)
live: mined 600/2000 blocks (0.4s)
live: mined 700/2000 blocks (0.5s)
live: mined 800/2000 blocks (0.6s)
live: mined 900/2000 blocks (0.7s)
live: mined 1000/2000 blocks (0.7s)
live: mined 1100/2000 blocks (0.8s)
live: mined 1200/2000 blocks (0.9s)
live: mined 1300/2000 blocks (0.9s)
live: mined 1400/2000 blocks (1.0s)
live: mined 1500/2000 blocks (1.0s)
live: mined 1600/2000 blocks (1.1s)
live: mined 1700/2000 blocks (1.2s)
live: mined 1800/2000 blocks (1.2s)
live: mined 1900/2000 blocks (1.3s)
live: mined 2000/2000 blocks (1.4s)
live: mined 2000 blocks in 1.4s
live: reached DAA score 24023 (target 2001)
live: oldest coinbase UTXO is now mature (DAA >= 2001)
live: selected coinbase UTXO at DAA 13 (oldest, mature)
live: fetched coinbase UTXO txid=[8c, 44, 83, 6f, c8, 1f, 1a, 4d, a1, 85, 30, 59, 0e, 6b, 73, eb, f9, 61, 83, c8, 34, de, 64, 43, 17, 70, fd, c5, ac, c6, 70, b6] index=0 value=5000000000
live: computed covenant_id = [df, 69, 8c, 13, aa, ce, f8, cc, d9, a8, 83, d3, ab, b9, 2d, ff, 24, 3e, 5e, 68, e3, 48, 27, b2, fb, ab, 59, b9, 15, 1c, ea, 5d] for the genesis output (value=4996000000, fee=4000000)
live: signed covenant tx, txid = [18, 84, 78, 34, c2, 52, 89, 74, a3, 73, cf, 73, 08, f7, ce, 7d, a1, 14, 8a, 27, 8e, 57, ca, a1, cf, 9b, db, a0, c1, 5c, 9c, f8]
live: covenant tx ACCEPTED by node: txid=[18, 84, 78, 34, c2, 52, 89, 74, a3, 73, cf, 73, 08, f7, ce, 7d, a1, 14, 8a, 27, 8e, 57, ca, a1, cf, 9b, db, a0, c1, 5c, 9c, f8]
live: mined block, report: accepted=Success
live: reached DAA score 24024 (target 2)
live: confirmation block 2 mined
live: covenant output confirmed at DAA score 24024 with covenant_id=[df, 69, 8c, 13, aa, ce, f8, cc, d9, a8, 83, d3, ab, b9, 2d, ff, 24, 3e, 5e, 68, e3, 48, 27, b2, fb, ab, 59, b9, 15, 1c, ea, 5d]

thread 'live_simnet_full_covenant_lifecycle' (22083539) panicked at tests/rgk-e2e/tests/live_covenant.rs:428:5:
assertion `left == right` failed: observed spend must carry the accepting block DAA score
  left: Some(24023)
 right: Some(24024)
note: run with `RUST_BACKTRACE=1` environment variable to display a backtrace
error: test failed, to rerun pass `-p rgk-e2e --test live_covenant`
