== stdout ==

running 1 test
test fixture_e2e_passes ... ok

test result: ok. 1 passed; 0 failed; 0 ignored; 0 measured; 3 filtered out; finished in 0.00s


running 0 tests

test result: ok. 0 passed; 0 failed; 0 ignored; 0 measured; 0 filtered out; finished in 0.00s


running 0 tests

test result: ok. 0 passed; 0 failed; 0 ignored; 0 measured; 0 filtered out; finished in 0.00s


running 0 tests

test result: ok. 0 passed; 0 failed; 0 ignored; 0 measured; 0 filtered out; finished in 0.00s


running 0 tests

test result: ok. 0 passed; 0 failed; 0 ignored; 0 measured; 0 filtered out; finished in 0.00s


running 0 tests

test result: ok. 0 passed; 0 failed; 0 ignored; 0 measured; 0 filtered out; finished in 0.00s


== stderr ==
   Compiling rgk-asset v0.1.0 (/Users/arthur/RustroverProjects/rgk/crates/rgk-asset)
   Compiling rgk-zk v0.1.0 (/Users/arthur/RustroverProjects/rgk/crates/rgk-zk)
   Compiling rgk-resolver v0.1.0 (/Users/arthur/RustroverProjects/rgk/crates/rgk-resolver)
   Compiling rgk-e2e v0.1.0 (/Users/arthur/RustroverProjects/rgk/tests/rgk-e2e)
    Finished `test` profile [optimized + debuginfo] target(s) in 1.35s
     Running unittests src/lib.rs (target/debug/deps/rgk_e2e-b673bcd913c1edb5)
     Running tests/covenant_script_vm.rs (target/debug/deps/covenant_script_vm-22a7178126b7d3de)
     Running tests/live_covenant.rs (target/debug/deps/live_covenant-712066efde5b5176)
     Running tests/live_devnet.rs (target/debug/deps/live_devnet-1bfecd6fd67a1b37)
     Running tests/live_kaspa.rs (target/debug/deps/live_kaspa-c5cec5f6e622fae8)
     Running tests/zk_precompile_vm.rs (target/debug/deps/zk_precompile_vm-82c0bd6da09969ea)
