== stdout ==

== stderr ==
    Checking sha2 v0.10.9
    Checking unicode-ident v1.0.24
    Checking blake3 v1.8.5
    Checking crossbeam-deque v0.8.6
    Checking amplify_num v0.5.4
    Checking ascii v1.1.0
    Checking ark-std v0.5.0
    Checking mnemonic v1.1.1
    Checking base85 v2.0.0
    Checking ripemd v0.1.3
    Checking hashbrown v0.15.5
    Checking secp256k1 v0.30.0
    Checking single_use_seals v0.11.1-alpha.2
    Checking parking_lot_core v0.8.6
    Checking proc-macro2 v1.0.106
    Checking rgk-core v0.1.0 (/Users/arthur/RustroverProjects/rgk/crates/rgk-core)
    Checking kaspa-utils v1.2.2-toc.4 (/Users/arthur/RustroverProjects/rusty-kaspa/utils)
    Checking risc0-zkp v3.0.4
    Checking half v2.7.1
    Checking rayon-core v1.13.0
    Checking ark-serialize v0.5.0
    Checking fs2 v0.4.3
    Checking ureq v2.12.1
    Checking parking_lot v0.11.2
    Checking quote v1.0.46
    Checking sled v0.34.7
    Checking ark-ff v0.5.0
    Checking rgk-receipt v0.1.0 (/Users/arthur/RustroverProjects/rgk/crates/rgk-receipt)
    Checking rayon v1.12.0
    Checking syn v1.0.109
    Checking rgk-covenant v0.1.0 (/Users/arthur/RustroverProjects/rgk/crates/rgk-covenant)
    Checking rgk-kaspa v0.1.0 (/Users/arthur/RustroverProjects/rgk/crates/rgk-kaspa)
    Checking rgk-tx v0.1.0 (/Users/arthur/RustroverProjects/rgk/crates/rgk-tx)
    Checking kaspa-hashes v1.2.2-toc.4 (/Users/arthur/RustroverProjects/rusty-kaspa/crypto/hashes)
    Checking kaspa-math v1.2.2-toc.4 (/Users/arthur/RustroverProjects/rusty-kaspa/math)
    Checking risc0-circuit-recursion v4.0.4
    Checking risc0-binfmt v3.0.4
    Checking amplify_apfloat v0.3.1
    Checking kaspa-merkle v1.2.2-toc.4 (/Users/arthur/RustroverProjects/rusty-kaspa/crypto/merkle)
    Checking kaspa-smt v1.2.2-toc.4 (/Users/arthur/RustroverProjects/rusty-kaspa/crypto/smt)
    Checking kaspa-txscript-errors v1.2.2-toc.4 (/Users/arthur/RustroverProjects/rusty-kaspa/crypto/txscript/errors)
    Checking amplify_syn v2.0.1
    Checking kaspa-muhash v1.2.2-toc.4 (/Users/arthur/RustroverProjects/rusty-kaspa/crypto/muhash)
    Checking rgk-indexer v0.1.0 (/Users/arthur/RustroverProjects/rgk/crates/rgk-indexer)
    Checking amplify v4.8.1
    Checking kaspa-consensus-core v1.2.2-toc.4 (/Users/arthur/RustroverProjects/rusty-kaspa/consensus/core)
    Checking ark-std v0.6.0
    Checking ark-serialize v0.6.0
    Checking strict_encoding v2.8.2
    Checking baid64 v0.4.2
    Checking ark-ff v0.6.0
    Checking ascii-armor v0.9.0
    Checking vesper-lang v0.2.1
    Checking strict_types v2.8.3
    Checking aluvm v0.11.1-alpha.2
    Checking ark-poly v0.5.0
    Checking ark-relations v0.5.1
    Checking kaspa-mining-errors v1.2.2-toc.4 (/Users/arthur/RustroverProjects/rusty-kaspa/mining/errors)
    Checking ark-snark v0.5.1
    Checking ark-ec v0.5.0
    Checking commit_verify v0.11.1-alpha.2
    Checking bp-consensus v0.11.1-alpha.2+unreviewed
    Checking ark-r1cs-std v0.5.0
    Checking ark-bn254 v0.5.0
    Checking ark-poly v0.6.0
    Checking bp-dbc v0.11.1-alpha.2+unreviewed
    Checking bp-seals v0.11.1-alpha.2+unreviewed
    Checking ark-relations v0.6.0
    Checking ark-ec v0.6.0
    Checking bp-core v0.11.1-alpha.2+unreviewed
    Checking rgb-core v0.11.1-alpha.3+unreviewed (https://github.com/RGB-WG/rgb-core.git?tag=v0.11.1-alpha.3#bbc63f84)
    Checking ark-snark v0.6.0
    Checking rgk-rgb v0.1.0 (/Users/arthur/RustroverProjects/rgk/crates/rgk-rgb)
error: duplicated attribute
   --> crates/rgk-rgb/src/real_rgb.rs:27:8
    |
 27 | #![cfg(feature = "real-rgb")]
    |        ^^^^^^^^^^^^^^^^^^^^
    |
note: first defined here
   --> crates/rgk-rgb/src/lib.rs:603:7
    |
603 | #[cfg(feature = "real-rgb")]
    |       ^^^^^^^^^^^^^^^^^^^^
help: remove this attribute
   --> crates/rgk-rgb/src/real_rgb.rs:27:8
    |
 27 | #![cfg(feature = "real-rgb")]
    |        ^^^^^^^^^^^^^^^^^^^^
    = help: for further information visit https://rust-lang.github.io/rust-clippy/master/index.html#duplicated_attributes
    = note: `-D clippy::duplicated-attributes` implied by `-D warnings`
    = help: to override `-D warnings` add `#[allow(clippy::duplicated_attributes)]`

error: could not compile `rgk-rgb` (lib) due to 1 previous error
warning: build failed, waiting for other jobs to finish...
error: could not compile `rgk-rgb` (lib test) due to 1 previous error
