== stdout ==
[run-kaspa-devnet] launching /Users/arthur/RustroverProjects/rgk/external/rusty-kaspa-toccata/target/release/kaspad in background
[run-kaspa-devnet] pid: 97611
[run-kaspa-devnet] log: /Users/arthur/RustroverProjects/rgk/.rgk-devnet/kaspad.log
[run-kaspa-devnet] waiting for wRPC at ws://127.0.0.1:19111
[run-kaspa-devnet] wRPC ready after 2s
[e2e-devnet] live devnet RPC: ws://127.0.0.1:19111/v2/kaspa/devnet/no-tls/wrpc/borsh
[e2e-devnet] running live_devnet test
    Finished `test` profile [optimized + debuginfo] target(s) in 0.19s
     Running tests/live_devnet.rs (target/debug/deps/live_devnet-d43234cb10a29b66)

running 2 tests
live-devnet: server_version=1.2.2-toc.4 network_id=devnet is_synced=false has_utxo_index=true
test live_devnet_reports_toccata_node_identity ... ok
live-devnet: scan cursor initialised chain=KaspaDevnet daa=0 hash_prefix=4cb48d0b2073b802
test live_devnet_initialises_persistent_scan_cursor ... ok

test result: ok. 2 passed; 0 failed; 0 ignored; 0 measured; 0 filtered out; finished in 0.05s

[e2e-devnet] running full covenant lifecycle on devnet
    Finished `test` profile [optimized + debuginfo] target(s) in 0.18s
     Running tests/live_covenant.rs (target/debug/deps/live_covenant-5c3bef5fb485087e)

running 1 test
live: connected to devnet wRPC (chain_id=KaspaDevnet)
live: fixed keypair address = kaspadev:qzzt7atzyc4m662qppt53ua7dta99t33w923s8kwxxmxx5wvl7jtq0ahp67m9
live: fixed pubkey x-only = [84, bf, 75, 62, 26, 2b, bd, 69, 40, 08, 57, 48, f3, be, 6a, fa, 52, ae, 31, 71, 55, 18, 1e, ce, 31, b6, 63, 51, cc, ff, a4, b0]
live: generated keypair, devnet address: kaspadev:qzzt7atzyc4m662qppt53ua7dta99t33w923s8kwxxmxx5wvl7jtq0ahp67m9
live: mined block, report: accepted=Success
live: reached DAA score 1 (target 1)
live: coinbase block 1 mined; mining 2000 more so the FIRST coinbase UTXO matures (need DAA >= 1001 to spend it)...
live: mined 100/2000 blocks (0.0s)
live: mined 200/2000 blocks (0.1s)
live: mined 300/2000 blocks (0.2s)
live: mined 400/2000 blocks (0.2s)
live: mined 500/2000 blocks (0.3s)
live: mined 600/2000 blocks (0.3s)
live: mined 700/2000 blocks (0.4s)
live: mined 800/2000 blocks (0.4s)
live: mined 900/2000 blocks (0.5s)
live: mined 1000/2000 blocks (0.5s)
live: mined 1100/2000 blocks (0.6s)
live: mined 1200/2000 blocks (0.6s)
live: mined 1300/2000 blocks (0.7s)
live: mined 1400/2000 blocks (0.7s)
live: mined 1500/2000 blocks (0.8s)
live: mined 1600/2000 blocks (0.8s)
live: mined 1700/2000 blocks (0.9s)
live: mined 1800/2000 blocks (0.9s)
live: mined 1900/2000 blocks (1.0s)
live: mined 2000/2000 blocks (1.0s)
live: mined 2000 blocks in 1.0s
live: reached DAA score 2001 (target 2001)
live: oldest coinbase UTXO is now mature (DAA >= 2001)
live: selected coinbase UTXO at DAA 2 (oldest, mature)
live: fetched coinbase UTXO txid=[f6, 29, 12, d9, a1, ac, 2a, 76, b5, 89, 89, 51, fa, d5, 5e, 66, c9, 52, c3, be, 1f, 26, 83, 7f, 8b, e0, 51, 43, 75, 07, 65, 23] index=0 value=4400000000
live: computed covenant_id = [2e, 8d, 26, d7, f7, 9e, 6e, 92, 9a, 36, 0b, 1f, 82, 6f, 76, 8d, 75, e5, 3a, 01, 54, d8, ab, 71, df, 96, cb, 04, 37, 19, 8a, ba] for the genesis output (value=4396000000, fee=4000000)
live: signed covenant tx, txid = [c0, 3f, ca, 6f, bb, 4b, b1, b1, 6e, 12, 9b, fd, e0, 3d, 23, 8d, 5a, c9, 4c, 7e, 90, f5, 6f, 09, 6c, f1, ab, 06, 2e, c6, 6c, 3a]
live: covenant tx ACCEPTED by node: txid=[c0, 3f, ca, 6f, bb, 4b, b1, b1, 6e, 12, 9b, fd, e0, 3d, 23, 8d, 5a, c9, 4c, 7e, 90, f5, 6f, 09, 6c, f1, ab, 06, 2e, c6, 6c, 3a]
live: mined block, report: accepted=Success
live: reached DAA score 2002 (target 2)
live: confirmation block 2 mined
live: covenant output confirmed at DAA score 2002 with covenant_id=[2e, 8d, 26, d7, f7, 9e, 6e, 92, 9a, 36, 0b, 1f, 82, 6f, 76, 8d, 75, e5, 3a, 01, 54, d8, ab, 71, df, 96, cb, 04, 37, 19, 8a, ba]
live: built P2SH covenant spend, txid = [e5, a7, c9, 5e, 0f, 19, a3, 4e, 4c, 62, ee, 5f, 3e, 83, 91, e2, 4f, 27, 0e, 93, 0b, e4, 2f, 1a, 0a, 7b, 3a, d3, 2c, 16, 3c, 01]
live: P2SH covenant spend ACCEPTED by node: txid=[e5, a7, c9, 5e, 0f, 19, a3, 4e, 4c, 62, ee, 5f, 3e, 83, 91, e2, 4f, 27, 0e, 93, 0b, e4, 2f, 1a, 0a, 7b, 3a, d3, 2c, 16, 3c, 01]
live: mined block, report: accepted=Success
live: reached DAA score 2003 (target 2003)
live: P2SH covenant spend confirmation block mined
live: continuation covenant output confirmed at DAA score 2003
live: resolver state = TransitionedValid { covenant: [46, 141, 38, 215, 247, 158, 110, 146, 154, 54, 11, 31, 130, 111, 118, 141, 117, 229, 58, 1, 84, 216, 171, 113, 223, 150, 203, 4, 55, 25, 138, 186], spent_outpoint: KaspaOutpoint { transaction_id: [192, 63, 202, 111, 187, 75, 177, 177, 110, 18, 155, 253, 224, 61, 35, 141, 90, 201, 76, 126, 144, 245, 111, 9, 108, 241, 171, 6, 46, 198, 108, 58], index: 0 }, new_outpoint: KaspaOutpoint { transaction_id: [229, 167, 201, 94, 15, 25, 163, 78, 76, 98, 238, 95, 62, 131, 145, 226, 79, 39, 14, 147, 11, 228, 47, 26, 10, 123, 58, 211, 44, 22, 60, 1], index: 0 }, receipt_id: [31, 27, 210, 113, 226, 188, 0, 208, 141, 81, 201, 199, 73, 60, 108, 20, 148, 90, 166, 158, 188, 137, 90, 131, 73, 48, 123, 25, 112, 172, 199, 36], new_state: RgkStateCommitment { version: 0, chain_id: KaspaDevnet, covenant_id: [46, 141, 38, 215, 247, 158, 110, 146, 154, 54, 11, 31, 130, 111, 118, 141, 117, 229, 58, 1, 84, 216, 171, 113, 223, 150, 203, 4, 55, 25, 138, 186], rgb_contract_id: [66, 66, 66, 66, 66, 66, 66, 66, 66, 66, 66, 66, 66, 66, 66, 66, 66, 66, 66, 66, 66, 66, 66, 66, 66, 66, 66, 66, 66, 66, 66, 66], state_digest: [176, 176, 176, 176, 176, 176, 176, 176, 176, 176, 176, 176, 176, 176, 176, 176, 176, 176, 176, 176, 176, 176, 176, 176, 176, 176, 176, 176, 176, 176, 176, 176], receipt_policy: VerifierOnly }, confirmation_depth: 1 }
live: covenant transition classified as TransitionedValid from the confirmed live Kaspa Toccata devnet spend (covenant_id=[2e, 8d, 26, d7, f7, 9e, 6e, 92, 9a, 36, 0b, 1f, 82, 6f, 76, 8d, 75, e5, 3a, 01, 54, d8, ab, 71, df, 96, cb, 04, 37, 19, 8a, ba])
test live_toccata_full_covenant_lifecycle ... ok

test result: ok. 1 passed; 0 failed; 0 ignored; 0 measured; 0 filtered out; finished in 1.12s

[e2e-devnet] running rgk-sync scanner smoke (initialise cursor)
   Compiling kaspa-wrpc-client v1.2.2-toc.4 (/Users/arthur/RustroverProjects/rusty-kaspa/rpc/wrpc/client)
   Compiling rgk-kaspa v0.1.0 (/Users/arthur/RustroverProjects/rgk/crates/rgk-kaspa)
   Compiling rgk-sync v0.1.0 (/Users/arthur/RustroverProjects/rgk/crates/rgk-sync)
    Finished `dev` profile [optimized + debuginfo] target(s) in 2.91s
     Running `target/debug/rgk-sync --url 'ws://127.0.0.1:19111/v2/kaspa/devnet/no-tls/wrpc/borsh' --network devnet --db /Users/arthur/RustroverProjects/rgk/target/rgk-devnet-evidence/sled --once`
tick initialised=true added_chain_blocks=0 observed_spends=0 start_daa=2003 end_daa=2003 end_hash_prefix=044153026532d6e2
[e2e-devnet] running rgk-sync scanner smoke (reload cursor)
    Finished `dev` profile [optimized + debuginfo] target(s) in 0.19s
     Running `target/debug/rgk-sync --url 'ws://127.0.0.1:19111/v2/kaspa/devnet/no-tls/wrpc/borsh' --network devnet --db /Users/arthur/RustroverProjects/rgk/target/rgk-devnet-evidence/sled --once`
tick initialised=false added_chain_blocks=0 observed_spends=0 start_daa=2003 end_daa=2003 end_hash_prefix=044153026532d6e2
[e2e-devnet] evidence: /Users/arthur/RustroverProjects/rgk/target/rgk-devnet-evidence/latest.txt

== stderr ==
