== stdout ==

running 43 tests
test real_zk::tests::fixed_allocation_witness_rejects_zero_arity ... ok
test real_zk::tests::production_allocation_strategy_is_bounded_and_fail_closed ... ok
test real_zk::tests::lane_discovery_statement_matches_native_derivation ... ok
test real_zk::tests::invalid_semantic_statement_cannot_satisfy_constraints ... ok
test real_zk::tests::allocation_1x1_rejects_closed_seal_reuse ... ok
test real_zk::tests::allocation_1x1_rejects_supply_mismatch ... ok
test real_zk::tests::prove_then_verify_semantic_transition_statement ... ok
test real_zk::tests::public_inputs_as_fr_layout_is_deterministic ... ok
test real_zk::tests::same_receipt_id_different_body_cannot_prove ... ok
test real_zk::tests::allocation_2x2_rejects_closed_seal_reuse ... ok
test real_zk::tests::allocation_2x2_rejects_supply_mismatch ... ok
test real_zk::tests::supported_allocation_circuit_rejects_statement_witness_shape_mismatch ... ok
test real_zk::tests::supported_allocation_shape_registry_is_explicit ... ok
test real_zk::tests::supported_allocation_witness_rejects_unsupported_shape ... ok
test real_zk::tests::fixed_allocation_3x2_rejects_count_mismatch ... ok
test real_zk::tests::semantic_changed_public_input_rejected ... ok
test tests::chain_id_in_public_inputs_is_pinned ... ok
test tests::proof_encode_for_precompile ... ok
test tests::proof_rejects_empty ... ok
test tests::proof_rejects_oversize ... ok
test tests::public_inputs_length_is_pinned ... ok
test tests::semantic_transition_statement_binds_native_reports ... ok
test tests::semantic_transition_statement_matches_receipt_statement ... ok
test tests::semantic_transition_statement_rejects_noop_digest ... ok
test tests::semantic_transition_statement_rejects_report_mismatch ... ok
test tests::statement_matches_receipt_round_trip ... ok
test tests::tag_bytes_match_upstream ... ok
test tests::zk_receipt_local_verify_catches_statement_mismatch ... ok
test tests::zk_receipt_local_verify_succeeds ... ok
test tests::zk_receipt_rejects_wrong_mode ... ok
test real_zk::tests::semantic_groth16_precompile_stack_shape_is_toccata_compatible ... ok
test real_zk::tests::wrong_view_key_cannot_satisfy_lane_discovery_circuit ... ok
test real_zk::tests::lane_discovery_changed_public_scan_tag_rejected ... ok
test real_zk::tests::lane_discovery_precompile_stack_shape_is_toccata_compatible ... ok
test real_zk::tests::prove_then_verify_lane_discovery ... ok
test real_zk::tests::different_public_body_field_rejected ... ok
test real_zk::tests::groth16_precompile_stack_shape_is_toccata_compatible ... ok
test real_zk::tests::prove_then_verify_zk_receipt ... ok
test real_zk::tests::tampered_proof_rejected ... ok
test real_zk::tests::allocation_1x1_precompile_stack_shape_is_toccata_compatible has been running for over 60 seconds
test real_zk::tests::prove_then_verify_allocation_1x1_transition has been running for over 60 seconds
test real_zk::tests::prove_then_verify_allocation_2x2_transition has been running for over 60 seconds
test real_zk::tests::prove_then_verify_fixed_allocation_3x2_transition has been running for over 60 seconds
test real_zk::tests::prove_then_verify_allocation_1x1_transition ... ok
test real_zk::tests::allocation_1x1_precompile_stack_shape_is_toccata_compatible ... ok
test real_zk::tests::prove_then_verify_allocation_2x2_transition ... ok
test real_zk::tests::prove_then_verify_fixed_allocation_3x2_transition ... ok

test result: ok. 43 passed; 0 failed; 0 ignored; 0 measured; 0 filtered out; finished in 112.42s


running 0 tests

test result: ok. 0 passed; 0 failed; 0 ignored; 0 measured; 0 filtered out; finished in 0.00s


== stderr ==
    Blocking waiting for file lock on package cache
    Blocking waiting for file lock on package cache
   Compiling rgk-zk v0.1.0 (/Users/arthur/RustroverProjects/rgk/crates/rgk-zk)
    Finished `test` profile [optimized + debuginfo] target(s) in 2.42s
     Running unittests src/lib.rs (target/debug/deps/rgk_zk-2d7d6e784de2143c)
[real-zk] proof size: 129 bytes
   Doc-tests rgk_zk
