== stdout ==

running 1 test
test live_simnet_full_covenant_lifecycle ... ok

test result: ok. 1 passed; 0 failed; 0 ignored; 0 measured; 0 filtered out; finished in 1.32s


== stderr ==
   Compiling rgk-e2e v0.1.0 (/Users/arthur/RustroverProjects/rgk/tests/rgk-e2e)
    Finished `test` profile [optimized + debuginfo] target(s) in 1.23s
     Running tests/live_covenant.rs (target/debug/deps/live_covenant-752d8866f3b309ef)
live: connected to simnet wRPC
live: fixed keypair address = kaspasim:qzzt7atzyc4m662qppt53ua7dta99t33w923s8kwxxmxx5wvl7jtqvn0x5as6
live: fixed pubkey x-only = [84, bf, 75, 62, 26, 2b, bd, 69, 40, 08, 57, 48, f3, be, 6a, fa, 52, ae, 31, 71, 55, 18, 1e, ce, 31, b6, 63, 51, cc, ff, a4, b0]
live: generated keypair, simnet address: kaspasim:qzzt7atzyc4m662qppt53ua7dta99t33w923s8kwxxmxx5wvl7jtqvn0x5as6
live: mined block, report: accepted=Success
live: reached DAA score 12013 (target 1)
live: coinbase block 1 mined; mining 2000 more so the FIRST coinbase UTXO matures (need DAA >= 1001 to spend it)...
live: mined 100/2000 blocks (0.1s)
live: mined 200/2000 blocks (0.1s)
live: mined 300/2000 blocks (0.2s)
live: mined 400/2000 blocks (0.3s)
live: mined 500/2000 blocks (0.3s)
live: mined 600/2000 blocks (0.4s)
live: mined 700/2000 blocks (0.4s)
live: mined 800/2000 blocks (0.5s)
live: mined 900/2000 blocks (0.6s)
live: mined 1000/2000 blocks (0.7s)
live: mined 1100/2000 blocks (0.7s)
live: mined 1200/2000 blocks (0.8s)
live: mined 1300/2000 blocks (0.8s)
live: mined 1400/2000 blocks (0.9s)
live: mined 1500/2000 blocks (1.0s)
live: mined 1600/2000 blocks (1.0s)
live: mined 1700/2000 blocks (1.1s)
live: mined 1800/2000 blocks (1.2s)
live: mined 1900/2000 blocks (1.2s)
live: mined 2000/2000 blocks (1.3s)
live: mined 2000 blocks in 1.3s
live: reached DAA score 14013 (target 2001)
live: oldest coinbase UTXO is now mature (DAA >= 2001)
live: selected coinbase UTXO at DAA 8 (oldest, mature)
live: fetched coinbase UTXO txid=[a8, a7, 18, 23, df, ee, 0e, 7d, 0b, 05, bf, 34, a2, 4c, d0, 0c, 28, 20, 7d, 88, d9, f2, a6, 76, ec, e9, 43, ed, 9f, 77, ad, 8c] index=0 value=5000000000
live: computed covenant_id = [81, ac, 63, 3c, c1, 13, dd, ef, 01, d5, ec, b6, 59, 13, 97, 2e, 22, f9, 4b, 63, 90, dc, 12, 74, 01, ff, ee, 62, b4, 0b, c7, cd] for the genesis output (value=4996000000, fee=4000000)
live: signed covenant tx, txid = [b6, b7, 87, 85, 8b, 90, 35, 24, e4, 26, 36, 0c, 46, 62, 8e, 3c, 52, b9, 58, 7f, d9, c1, c7, 47, d3, 78, 37, 88, 8a, d9, 83, ca]
live: covenant tx ACCEPTED by node: txid=[b6, b7, 87, 85, 8b, 90, 35, 24, e4, 26, 36, 0c, 46, 62, 8e, 3c, 52, b9, 58, 7f, d9, c1, c7, 47, d3, 78, 37, 88, 8a, d9, 83, ca]
live: mined block, report: accepted=Success
live: reached DAA score 14014 (target 2)
live: confirmation block 2 mined
live: covenant output confirmed at DAA score 14014 with covenant_id=[81, ac, 63, 3c, c1, 13, dd, ef, 01, d5, ec, b6, 59, 13, 97, 2e, 22, f9, 4b, 63, 90, dc, 12, 74, 01, ff, ee, 62, b4, 0b, c7, cd]
live: resolver state = TransitionedValid { covenant: [129, 172, 99, 60, 193, 19, 221, 239, 1, 213, 236, 182, 89, 19, 151, 46, 34, 249, 75, 99, 144, 220, 18, 116, 1, 255, 238, 98, 180, 11, 199, 205], spent_outpoint: KaspaOutpoint { transaction_id: [168, 167, 24, 35, 223, 238, 14, 125, 11, 5, 191, 52, 162, 76, 208, 12, 40, 32, 125, 136, 217, 242, 166, 118, 236, 233, 67, 237, 159, 119, 173, 140], index: 0 }, new_outpoint: KaspaOutpoint { transaction_id: [182, 183, 135, 133, 139, 144, 53, 36, 228, 38, 54, 12, 70, 98, 142, 60, 82, 185, 88, 127, 217, 193, 199, 71, 211, 120, 55, 136, 138, 217, 131, 202], index: 0 }, receipt_id: [53, 10, 204, 210, 74, 105, 126, 96, 30, 103, 53, 91, 2, 230, 140, 157, 140, 197, 133, 24, 119, 19, 178, 164, 186, 205, 173, 39, 8, 227, 200, 141], new_state: RgkStateCommitment { version: 0, chain_id: KaspaLocalToccata, covenant_id: [129, 172, 99, 60, 193, 19, 221, 239, 1, 213, 236, 182, 89, 19, 151, 46, 34, 249, 75, 99, 144, 220, 18, 116, 1, 255, 238, 98, 180, 11, 199, 205], rgb_contract_id: [0, 0, 0, 0, 0, 0, 0, 0, 0, 0, 0, 0, 0, 0, 0, 0, 0, 0, 0, 0, 0, 0, 0, 0, 0, 0, 0, 0, 0, 0, 0, 0], state_digest: [176, 176, 176, 176, 176, 176, 176, 176, 176, 176, 176, 176, 176, 176, 176, 176, 176, 176, 176, 176, 176, 176, 176, 176, 176, 176, 176, 176, 176, 176, 176, 176], receipt_policy: VerifierOnly }, confirmation_depth: 1 }
live: ✅ covenant transition classified as TransitionedValid from the confirmed live Kaspa Toccata simnet spend (covenant_id=[81, ac, 63, 3c, c1, 13, dd, ef, 01, d5, ec, b6, 59, 13, 97, 2e, 22, f9, 4b, 63, 90, dc, 12, 74, 01, ff, ee, 62, b4, 0b, c7, cd])
