== stdout ==

running 27 tests
test native::tests::continuation_duplicate_output_shape_is_rejected ... ok
test native::tests::continuation_finalization_closes_old_seal_and_creates_new_seal ... ok
test native::tests::continuation_phase2_binds_actual_txid ... ok
test native::tests::continuation_phase1_commitment_is_stable_without_future_txid ... ok
test native::tests::native_issue_digest_is_allocation_order_stable ... ok
test native::tests::native_issue_digest_stable ... ok
test native::tests::continuation_replay_reusing_closed_seal_is_rejected ... ok
test native::tests::continuation_wrong_commitment_is_rejected ... ok
test native::tests::native_issue_rejects_duplicate_seal_outpoint ... ok
test native::tests::native_issue_rejects_mismatched_seal_chain ... ok
test native::tests::native_issue_rejects_supply_mismatch ... ok
test native::tests::native_negative_vectors_fail_expected_digest ... ok
test native::tests::native_transition_digest_stable ... ok
test native::tests::native_transition_digest_binds_mutations ... ok
test native::tests::native_transition_rejects_closed_seal_reuse ... ok
test native::tests::native_transition_rejects_no_op ... ok
test native::tests::native_transition_rejects_previous_state_mismatch ... ok
test native::tests::native_transition_rejects_supply_inflation_and_deflation ... ok
test native::tests::nullifier_is_stable_but_unlinked_to_lane_id ... ok
test native::tests::private_lane_discovery_and_tags_behave_as_commitments ... ok
test native::tests::production_zk_allocation_shape_policy_is_native_and_exact ... ok
test native::tests::production_zk_continuation_rejects_unsupported_shape_before_finalization ... ok
test native::tests::production_zk_issue_rejects_unprovable_initial_state ... ok
test native::tests::public_and_private_lane_policies_have_different_visibility ... ok
test native::tests::production_zk_transition_rejects_unsupported_shape_only_on_zk_path ... ok
test native::tests::unconstrained_image_id_is_rejected ... ok
test tests::schema_id_is_native_rgk_text ... ok

test result: ok. 27 passed; 0 failed; 0 ignored; 0 measured; 0 filtered out; finished in 0.00s


running 0 tests

test result: ok. 0 passed; 0 failed; 0 ignored; 0 measured; 0 filtered out; finished in 0.00s


== stderr ==
    Finished `test` profile [optimized + debuginfo] target(s) in 0.06s
     Running unittests src/lib.rs (target/debug/deps/rgk_asset-62819fe3dc6f14f9)
   Doc-tests rgk_asset
