== stdout ==

running 24 tests
test tests::chain_domain_strings_stable ... ok
test tests::bad_magic_rejected ... ok
test tests::contract_ref_roundtrips ... ok
test tests::cross_chain_structural_rejected ... ok
test tests::contract_id_change_rejected ... ok
test tests::domain_tags_are_distinct ... ok
test tests::eof_rejected ... ok
test tests::frozen_receipt_vector_anchor ... ok
test tests::frozen_state_commitment_vector ... ok
test tests::hex_rejects_bad ... ok
test tests::hex_round_trip ... ok
test tests::no_op_transition_rejected ... ok
test tests::outpoint_roundtrips ... ok
test tests::policy_admits_table ... ok
test tests::policy_mode_mismatch_rejected ... ok
test tests::receipt_id_is_deterministic_and_payload_sensitive ... ok
test tests::receipt_roundtrips ... ok
test tests::replay_nonce_binds_inputs ... ok
test tests::state_commitment_is_deterministic ... ok
test tests::state_commitment_roundtrips ... ok
test tests::trailing_bytes_rejected ... ok
test tests::unknown_chain_rejected ... ok
test tests::unknown_proof_mode_rejected ... ok
test tests::unknown_version_rejected ... ok

test result: ok. 24 passed; 0 failed; 0 ignored; 0 measured; 0 filtered out; finished in 0.00s


running 15 tests
test tests::advance_produces_new_state ... ok
test tests::advance_rejects_no_op ... ok
test tests::covenant_id_changes_with_outputs ... ok
test tests::commitment_is_deterministic ... ok
test tests::covenant_id_is_deterministic ... ok
test tests::expected_payload_hash_is_deterministic ... ok
test tests::lineage_id_binds_outpoint_and_contract ... ok
test tests::frozen_covenant_id_vector ... ok
test tests::payload_rejects_truncated ... ok
test tests::payload_rejects_bad_tag ... ok
test tests::expected_payload_len_is_stable ... ok
test tests::push_data_picks_correct_opcode ... ok
test tests::push_var_int_compact ... ok
test tests::payload_roundtrip ... ok
test tests::spec_script_is_non_empty_and_starts_with_valid_opcode ... ok

test result: ok. 15 passed; 0 failed; 0 ignored; 0 measured; 0 filtered out; finished in 0.00s


running 4 tests
test canonical_state_digest_is_deterministic ... ok
test e2e_summary_renders_all_fields ... ok
test fixture_e2e_passes ... ok
test live_e2e_skipped_when_no_node ... ok

test result: ok. 4 passed; 0 failed; 0 ignored; 0 measured; 0 filtered out; finished in 0.00s


running 1 test
test live_simnet_full_covenant_lifecycle ... ok

test result: ok. 1 passed; 0 failed; 0 ignored; 0 measured; 0 filtered out; finished in 1.21s


running 3 tests
test live_simnet_get_block_dag_info_round_trip ... ok
test live_simnet_get_server_info_reports_toccata ... ok
test live_simnet_covenant_tx_submission_reaches_validator ... ok

test result: ok. 3 passed; 0 failed; 0 ignored; 0 measured; 0 filtered out; finished in 0.00s


running 9 tests
test tests::apply_spend_records_receipt_and_state ... ok
test tests::no_op_state_rejected ... ok
test tests::chain_mismatch_in_open_rejected ... ok
test tests::replay_rejected ... ok
test tests::rollback_restores_previous_state ... ok
test tests::open_then_lookup ... ok
test tests::open_twice_rejected ... ok
test tests::rollback_too_deep_rejected ... ok
test tests::sled_indexer_recovers_100_covenants_after_reopen ... ok

test result: ok. 9 passed; 0 failed; 0 ignored; 0 measured; 0 filtered out; finished in 0.95s


running 6 tests
test tests::fixture_basics ... ok
test tests::error_classify_distinguishes_paths ... ok
test tests::submit_transaction_in_fixture_is_invariant ... ok
test tests::fixture_failure_mode_propagates ... ok
test tests::fixture_utxo_lookup ... ok
test tests::fixture_spend_marks_utxo ... ok

test result: ok. 6 passed; 0 failed; 0 ignored; 0 measured; 0 filtered out; finished in 0.00s


running 14 tests
test tests::build_rejects_missing_nonce ... ok
test tests::batch_err_string_renders ... ok
test tests::build_rejects_missing_transition ... ok
test tests::contract_id_change_rejected ... ok
test tests::build_round_trips_id_and_bytes ... ok
test tests::derive_replay_nonce_is_deterministic ... ok
test tests::no_op_transition_rejected ... ok
test tests::receipt_id_hex_format ... ok
test tests::replay_set_accepts_once ... ok
test tests::verifier_rejects_chain_mismatch ... ok
test tests::verifier_rejects_covenant_mismatch ... ok
test tests::verifier_rejects_old_state_mismatch ... ok
test tests::verifier_rejects_policy_mode_mismatch ... ok
test tests::verifier_summary_is_stable ... ok

test result: ok. 14 passed; 0 failed; 0 ignored; 0 measured; 0 filtered out; finished in 0.00s


running 6 tests
test tests::open_when_indexed_and_utxo_present ... ok
test tests::node_down_propagates ... ok
test tests::reorg_risk_when_spent_below_safety_depth ... ok
test tests::transitioned_valid_uses_latest_indexed_spent_outpoint ... ok
test tests::unknown_when_not_indexed ... ok
test tests::verify_receipt_against_indexer_rejects_mismatch ... ok

test result: ok. 6 passed; 0 failed; 0 ignored; 0 measured; 0 filtered out; finished in 0.00s


running 13 tests
test real_rgb::tests::noop_resolver_returns_unknown ... ok
test real_rgb::tests::state_commitment_bridge_round_trip ... ok
test real_rgb::tests::real_rgb_adapter_compiles_and_links ... ok
test tests::apply_transition_extends_consignment ... ok
test real_rgb::tests::validity_mapping_is_correct ... ok
test tests::initial_state_digest_is_deterministic ... ok
test tests::issue_nia_rejects_wrong_chain ... ok
test tests::issue_nia_rejects_wrong_schema ... ok
test tests::issue_nia_returns_contract_id ... ok
test tests::nia_schema_id_is_stable ... ok
test tests::state_commitment_includes_chain_and_covenant ... ok
test tests::validate_accepts_self_issued ... ok
test tests::validate_rejects_unknown_contract ... ok

test result: ok. 13 passed; 0 failed; 0 ignored; 0 measured; 0 filtered out; finished in 0.00s


running 10 tests
test tests::build_genesis_output_rejects_empty_spk ... ok
test tests::build_genesis_output_rejects_zero_covenant ... ok
test tests::build_transition_outputs_balanced ... ok
test tests::encode_output_roundtrip_structure ... ok
test tests::encode_unsigned_tx ... ok
test tests::spec_from_state_round_trips ... ok
test tests::encode_input_has_expected_layout ... ok
test tests::spk_from_redeem_script_starts_with_version_zero ... ok
test tests::build_transition_outputs_overflow_rejected ... ok
test tests::validate_balanced_rejects_underfunded ... ok

test result: ok. 10 passed; 0 failed; 0 ignored; 0 measured; 0 filtered out; finished in 0.00s


running 14 tests
test real_zk::tests::public_inputs_as_fr_layout_is_deterministic ... ok
test tests::proof_encode_for_precompile ... ok
test tests::proof_rejects_empty ... ok
test tests::chain_id_in_public_inputs_is_pinned ... ok
test tests::public_inputs_length_is_pinned ... ok
test tests::proof_rejects_oversize ... ok
test tests::statement_matches_receipt_round_trip ... ok
test tests::tag_bytes_match_upstream ... ok
test tests::zk_receipt_local_verify_succeeds ... ok
test tests::zk_receipt_rejects_wrong_mode ... ok
test tests::zk_receipt_local_verify_catches_statement_mismatch ... ok
test real_zk::tests::same_receipt_id_different_body_cannot_prove ... ok
test real_zk::tests::prove_then_verify_zk_receipt ... ok
test real_zk::tests::tampered_proof_rejected ... ok

test result: ok. 14 passed; 0 failed; 0 ignored; 0 measured; 0 filtered out; finished in 11.35s


running 0 tests

test result: ok. 0 passed; 0 failed; 0 ignored; 0 measured; 0 filtered out; finished in 0.00s


running 0 tests

test result: ok. 0 passed; 0 failed; 0 ignored; 0 measured; 0 filtered out; finished in 0.00s


running 0 tests

test result: ok. 0 passed; 0 failed; 0 ignored; 0 measured; 0 filtered out; finished in 0.00s


running 0 tests

test result: ok. 0 passed; 0 failed; 0 ignored; 0 measured; 0 filtered out; finished in 0.00s


running 0 tests

test result: ok. 0 passed; 0 failed; 0 ignored; 0 measured; 0 filtered out; finished in 0.00s


running 0 tests

test result: ok. 0 passed; 0 failed; 0 ignored; 0 measured; 0 filtered out; finished in 0.00s


running 0 tests

test result: ok. 0 passed; 0 failed; 0 ignored; 0 measured; 0 filtered out; finished in 0.00s


running 0 tests

test result: ok. 0 passed; 0 failed; 0 ignored; 0 measured; 0 filtered out; finished in 0.00s


running 0 tests

test result: ok. 0 passed; 0 failed; 0 ignored; 0 measured; 0 filtered out; finished in 0.00s


running 0 tests

test result: ok. 0 passed; 0 failed; 0 ignored; 0 measured; 0 filtered out; finished in 0.00s


== stderr ==
   Compiling sha2 v0.10.9
   Compiling educe v0.6.0
   Compiling amplify_syn v2.0.1
   Compiling crossbeam-deque v0.8.6
   Compiling amplify_apfloat v0.3.1
   Compiling ark-std v0.5.0
   Compiling ark-serialize-derive v0.5.0
   Compiling ark-ff-macros v0.5.0
   Compiling base85 v2.0.0
   Compiling ark-ff-asm v0.5.0
   Compiling ripemd v0.1.3
   Compiling secp256k1 v0.30.0
   Compiling parking_lot_core v0.8.6
   Compiling half v2.7.1
   Compiling rgk-core v0.1.0 (/Users/arthur/RustroverProjects/rgk/crates/rgk-core)
   Compiling rayon-core v1.13.0
   Compiling kaspa-utils v1.2.2-toc.4 (/Users/arthur/RustroverProjects/rusty-kaspa/utils)
   Compiling ark-serialize v0.5.0
   Compiling risc0-zkp v3.0.4
   Compiling rgk-receipt v0.1.0 (/Users/arthur/RustroverProjects/rgk/crates/rgk-receipt)
   Compiling amplify_derive v4.0.1
   Compiling rgk-covenant v0.1.0 (/Users/arthur/RustroverProjects/rgk/crates/rgk-covenant)
   Compiling rayon v1.12.0
   Compiling strict_encoding_derive v2.8.0
   Compiling parking_lot v0.11.2
   Compiling fs2 v0.4.3
   Compiling ureq v2.12.1
   Compiling sled v0.34.7
   Compiling rgk-tx v0.1.0 (/Users/arthur/RustroverProjects/rgk/crates/rgk-tx)
   Compiling kaspa-hashes v1.2.2-toc.4 (/Users/arthur/RustroverProjects/rusty-kaspa/crypto/hashes)
   Compiling kaspa-math v1.2.2-toc.4 (/Users/arthur/RustroverProjects/rusty-kaspa/math)
   Compiling risc0-circuit-recursion v4.0.4
   Compiling risc0-binfmt v3.0.4
   Compiling ark-ff v0.5.0
   Compiling kaspa-smt v1.2.2-toc.4 (/Users/arthur/RustroverProjects/rusty-kaspa/crypto/smt)
   Compiling amplify v4.8.1
   Compiling ark-std v0.6.0
   Compiling kaspa-muhash v1.2.2-toc.4 (/Users/arthur/RustroverProjects/rusty-kaspa/crypto/muhash)
   Compiling ark-serialize v0.6.0
   Compiling kaspa-txscript-errors v1.2.2-toc.4 (/Users/arthur/RustroverProjects/rusty-kaspa/crypto/txscript/errors)
   Compiling kaspa-merkle v1.2.2-toc.4 (/Users/arthur/RustroverProjects/rusty-kaspa/crypto/merkle)
   Compiling single_use_seals v0.11.1-alpha.2
   Compiling kaspa-consensus-core v1.2.2-toc.4 (/Users/arthur/RustroverProjects/rusty-kaspa/consensus/core)
   Compiling ark-ff v0.6.0
   Compiling rgk-indexer v0.1.0 (/Users/arthur/RustroverProjects/rgk/crates/rgk-indexer)
   Compiling rgk-kaspa v0.1.0 (/Users/arthur/RustroverProjects/rgk/crates/rgk-kaspa)
   Compiling strict_encoding v2.8.2
   Compiling baid64 v0.4.2
   Compiling commit_encoding_derive v0.11.1-alpha.2
   Compiling ascii-armor v0.9.0
   Compiling vesper-lang v0.2.1
   Compiling strict_types v2.8.3
   Compiling aluvm v0.11.1-alpha.2
   Compiling kaspa-mining-errors v1.2.2-toc.4 (/Users/arthur/RustroverProjects/rusty-kaspa/mining/errors)
   Compiling commit_verify v0.11.1-alpha.2
   Compiling bp-consensus v0.11.1-alpha.2+unreviewed
   Compiling ark-poly v0.6.0
   Compiling ark-relations v0.6.0
   Compiling ark-poly v0.5.0
   Compiling ark-ec v0.6.0
   Compiling ark-relations v0.5.1
   Compiling ark-snark v0.6.0
   Compiling bp-dbc v0.11.1-alpha.2+unreviewed
   Compiling ark-snark v0.5.1
   Compiling ark-ec v0.5.0
   Compiling bp-seals v0.11.1-alpha.2+unreviewed
   Compiling bp-core v0.11.1-alpha.2+unreviewed
   Compiling ark-crypto-primitives v0.6.0
   Compiling ark-bn254 v0.6.0
   Compiling ark-r1cs-std v0.5.0
   Compiling ark-bn254 v0.5.0
   Compiling ark-groth16 v0.6.0
   Compiling kaspa-txscript v1.2.2-toc.4 (/Users/arthur/RustroverProjects/rusty-kaspa/crypto/txscript)
   Compiling kaspa-notify v1.2.2-toc.4 (/Users/arthur/RustroverProjects/rusty-kaspa/notify)
   Compiling kaspa-consensus-client v1.2.2-toc.4 (/Users/arthur/RustroverProjects/rusty-kaspa/consensus/client)
   Compiling kaspa-consensus-notify v1.2.2-toc.4 (/Users/arthur/RustroverProjects/rusty-kaspa/consensus/notify)
   Compiling kaspa-index-core v1.2.2-toc.4 (/Users/arthur/RustroverProjects/rusty-kaspa/indexes/core)
   Compiling kaspa-consensus-wasm v1.2.2-toc.4 (/Users/arthur/RustroverProjects/rusty-kaspa/consensus/wasm)
   Compiling kaspa-rpc-core v1.2.2-toc.4 (/Users/arthur/RustroverProjects/rusty-kaspa/rpc/core)
   Compiling rgb-core v0.11.1-alpha.3+unreviewed (https://github.com/RGB-WG/rgb-core.git?tag=v0.11.1-alpha.3#bbc63f84)
   Compiling ark-crypto-primitives v0.5.0
   Compiling ark-groth16 v0.5.0
   Compiling rgk-zk v0.1.0 (/Users/arthur/RustroverProjects/rgk/crates/rgk-zk)
   Compiling rgk-rgb v0.1.0 (/Users/arthur/RustroverProjects/rgk/crates/rgk-rgb)
   Compiling rgk-resolver v0.1.0 (/Users/arthur/RustroverProjects/rgk/crates/rgk-resolver)
   Compiling kaspa-wrpc-client v1.2.2-toc.4 (/Users/arthur/RustroverProjects/rusty-kaspa/rpc/wrpc/client)
   Compiling rgk-e2e v0.1.0 (/Users/arthur/RustroverProjects/rgk/tests/rgk-e2e)
    Finished `test` profile [optimized + debuginfo] target(s) in 28.01s
     Running unittests src/lib.rs (target/debug/deps/rgk_core-e0fc63d99a24af78)
     Running unittests src/lib.rs (target/debug/deps/rgk_covenant-cbd12e9ac7651745)
     Running unittests src/lib.rs (target/debug/deps/rgk_e2e-eb4415b17f7b9f06)
     Running tests/live_covenant.rs (target/debug/deps/live_covenant-b45b49bf92c32b27)
     Running tests/live_kaspa.rs (target/debug/deps/live_kaspa-b417039a3126e07c)
     Running unittests src/lib.rs (target/debug/deps/rgk_indexer-fa172e17fb7bfe0a)
     Running unittests src/lib.rs (target/debug/deps/rgk_kaspa-f8d879fc9c184b29)
     Running unittests src/lib.rs (target/debug/deps/rgk_receipt-de58c8e249f5b855)
     Running unittests src/lib.rs (target/debug/deps/rgk_resolver-ecc78d88ea732d68)
     Running unittests src/lib.rs (target/debug/deps/rgk_rgb-6f43cff972243839)
     Running unittests src/lib.rs (target/debug/deps/rgk_tx-47bd59cb09422588)
     Running unittests src/lib.rs (target/debug/deps/rgk_zk-3b71bd332d032d0b)
   Doc-tests rgk_core
   Doc-tests rgk_covenant
   Doc-tests rgk_e2e
   Doc-tests rgk_indexer
   Doc-tests rgk_kaspa
   Doc-tests rgk_receipt
   Doc-tests rgk_resolver
   Doc-tests rgk_rgb
   Doc-tests rgk_tx
   Doc-tests rgk_zk
