== stdout ==

running 9 tests
test rgk_semantic_groth16_proof_executes_in_upstream_toccata_vm ... ok
test rgk_lane_discovery_groth16_proof_executes_in_upstream_toccata_vm ... ok
test upstream_toccata_vm_rejects_changed_public_input ... ok
test rgk_receipt_groth16_proof_executes_in_upstream_toccata_vm ... ok
test rgk_allocation_1x1_groth16_proof_executes_in_upstream_toccata_vm has been running for over 60 seconds
test rgk_allocation_2x2_groth16_proof_executes_in_upstream_toccata_vm has been running for over 60 seconds
test rgk_allocation_3x2_groth16_proof_executes_in_upstream_toccata_vm has been running for over 60 seconds
test rgk_lane_graph_discovery_groth16_proof_executes_in_upstream_toccata_vm has been running for over 60 seconds
test rgk_lane_graph_segment_groth16_proof_executes_in_upstream_toccata_vm has been running for over 60 seconds
test rgk_lane_graph_discovery_groth16_proof_executes_in_upstream_toccata_vm ... ok
test rgk_lane_graph_segment_groth16_proof_executes_in_upstream_toccata_vm ... ok
test rgk_allocation_1x1_groth16_proof_executes_in_upstream_toccata_vm ... ok
test rgk_allocation_2x2_groth16_proof_executes_in_upstream_toccata_vm ... ok
test rgk_allocation_3x2_groth16_proof_executes_in_upstream_toccata_vm ... ok

test result: ok. 9 passed; 0 failed; 0 ignored; 0 measured; 0 filtered out; finished in 167.19s


== stderr ==
    Blocking waiting for file lock on package cache
    Blocking waiting for file lock on package cache
    Blocking waiting for file lock on build directory
    Finished `test` profile [optimized + debuginfo] target(s) in 1.56s
     Running tests/zk_precompile_vm.rs (target/debug/deps/zk_precompile_vm-d80893c784f18fe4)
[zk-precompile-vm] semantic public_inputs=41 vk_bytes=1576 proof_bytes=128 script_bytes=3067
[zk-precompile-vm] lane_discovery public_inputs=9 vk_bytes=552 proof_bytes=128 script_bytes=986
[zk-precompile-vm] public_inputs=29 vk_bytes=1192 proof_bytes=128 script_bytes=2287
[zk-precompile-vm] lane_graph_discovery public_inputs=22 vk_bytes=968 proof_bytes=128 script_bytes=1832
[zk-precompile-vm] lane_graph_segment public_inputs=27 vk_bytes=1128 proof_bytes=128 script_bytes=2157
[zk-precompile-vm] allocation_1x1 public_inputs=41 vk_bytes=1576 proof_bytes=128 script_bytes=3067
[zk-precompile-vm] allocation_2x2 public_inputs=41 vk_bytes=1576 proof_bytes=128 script_bytes=3067
[zk-precompile-vm] allocation_3x2 public_inputs=41 vk_bytes=1576 proof_bytes=128 script_bytes=3067
