== stdout ==

running 24 tests
test tests::contract_id_change_rejected ... ok
test tests::contract_ref_roundtrips ... ok
test tests::cross_chain_structural_rejected ... ok
test tests::chain_domain_strings_stable ... ok
test tests::bad_magic_rejected ... ok
test tests::domain_tags_are_distinct ... ok
test tests::eof_rejected ... ok
test tests::frozen_receipt_vector_anchor ... ok
test tests::frozen_state_commitment_vector ... ok
test tests::hex_rejects_bad ... ok
test tests::hex_round_trip ... ok
test tests::policy_admits_table ... ok
test tests::no_op_transition_rejected ... ok
test tests::outpoint_roundtrips ... ok
test tests::policy_mode_mismatch_rejected ... ok
test tests::receipt_id_is_deterministic_and_payload_sensitive ... ok
test tests::receipt_roundtrips ... ok
test tests::replay_nonce_binds_inputs ... ok
test tests::state_commitment_is_deterministic ... ok
test tests::state_commitment_roundtrips ... ok
test tests::trailing_bytes_rejected ... ok
test tests::unknown_chain_rejected ... ok
test tests::unknown_proof_mode_rejected ... ok
test tests::unknown_version_rejected ... ok

test result: ok. 24 passed; 0 failed; 0 ignored; 0 measured; 0 filtered out; finished in 0.00s


running 18 tests
test tests::advance_produces_new_state ... ok
test tests::opcode_values_match_toccata_checkout ... ok
test tests::expected_payload_len_is_stable ... ok
test tests::payload_rejects_truncated ... ok
test tests::push_data_picks_correct_opcode ... ok
test tests::lineage_id_binds_outpoint_and_contract ... ok
test tests::payload_roundtrip ... ok
test tests::advance_rejects_no_op ... ok
test tests::covenant_id_is_deterministic ... ok
test tests::commitment_is_deterministic ... ok
test tests::push_script_i64_matches_upstream_builder_vectors ... ok
test tests::payload_rejects_bad_tag ... ok
test tests::frozen_covenant_id_vector ... ok
test tests::covenant_id_changes_with_outputs ... ok
test tests::expected_payload_hash_is_deterministic ... ok
test tests::push_var_int_compact ... ok
test tests::spec_script_is_non_empty_and_starts_with_valid_opcode ... ok
test tests::covenant_state_advance_sequences_preserve_static_fields ... ok

test result: ok. 18 passed; 0 failed; 0 ignored; 0 measured; 0 filtered out; finished in 0.00s


running 4 tests
test generic_library_live_dispatch_is_disabled ... ok
test e2e_summary_renders_all_fields ... ok
test canonical_state_digest_is_deterministic ... ok
test fixture_e2e_passes ... ok

test result: ok. 4 passed; 0 failed; 0 ignored; 0 measured; 0 filtered out; finished in 0.00s


running 3 tests
test covenant_spec_script_rejects_wrong_contract_payload ... ok
test covenant_spec_script_executes_in_upstream_vm ... ok
test covenant_spec_script_with_groth16_precompile_executes_in_upstream_vm ... ok

test result: ok. 3 passed; 0 failed; 0 ignored; 0 measured; 0 filtered out; finished in 26.74s


running 1 test
test live_toccata_full_covenant_lifecycle ... ok

test result: ok. 1 passed; 0 failed; 0 ignored; 0 measured; 0 filtered out; finished in 14.38s


running 2 tests
test live_devnet_reports_toccata_node_identity ... ok
test live_devnet_initialises_persistent_scan_cursor ... ok

test result: ok. 2 passed; 0 failed; 0 ignored; 0 measured; 0 filtered out; finished in 0.00s


running 3 tests
test live_simnet_get_server_info_reports_toccata ... ok
test live_simnet_get_block_dag_info_round_trip ... ok
test live_simnet_covenant_tx_submission_reaches_validator ... ok

test result: ok. 3 passed; 0 failed; 0 ignored; 0 measured; 0 filtered out; finished in 0.00s


running 2 tests
test rgk_receipt_groth16_proof_executes_in_upstream_toccata_vm ... ok
test upstream_toccata_vm_rejects_changed_public_input ... ok

test result: ok. 2 passed; 0 failed; 0 ignored; 0 measured; 0 filtered out; finished in 12.23s


running 20 tests
test tests::empty_scan_cursor_name_rejected ... ok
test tests::open_then_lookup ... ok
test tests::open_twice_rejected ... ok
test tests::rebuild_rejects_chain_mismatch ... ok
test tests::no_op_state_rejected ... ok
test tests::apply_spend_records_receipt_and_state ... ok
test tests::rebuild_from_verified_source_is_idempotent ... ok
test tests::rebuild_rejects_unconfirmed_spend ... ok
test tests::replay_rejected ... ok
test tests::rebuild_from_verified_source_applies_spend_plan ... ok
test tests::chain_mismatch_in_open_rejected ... ok
test tests::rebuild_rejects_unexpected_spending_txid ... ok
test tests::rebuild_rejects_missing_spend_evidence ... ok
test tests::rollback_restores_previous_state ... ok
test tests::rollback_too_deep_rejected ... ok
test tests::scan_cursor_store_round_trips_in_memory ... ok
test tests::apply_spend_and_rollback_preserve_replay_prefix ... ok
test tests::sled_scan_cursor_survives_reopen ... ok
test tests::sled_indexer_persists_rebuild_result_after_reopen ... ok
test tests::sled_indexer_recovers_100_covenants_after_reopen ... ok

test result: ok. 20 passed; 0 failed; 0 ignored; 0 measured; 0 filtered out; finished in 1.18s


running 8 tests
test tests::error_classify_distinguishes_paths ... ok
test tests::fixture_basics ... ok
test tests::fixture_failure_mode_propagates ... ok
test wrpc::tests::wrpc_network_maps_rgk_local_toccata_to_simnet_transport ... ok
test tests::submit_transaction_in_fixture_is_invariant ... ok
test wrpc::tests::wrpc_network_preserves_public_network_domains ... ok
test tests::fixture_utxo_lookup ... ok
test tests::fixture_spend_marks_utxo ... ok

test result: ok. 8 passed; 0 failed; 0 ignored; 0 measured; 0 filtered out; finished in 0.00s


running 15 tests
test tests::build_rejects_missing_transition ... ok
test tests::build_rejects_missing_nonce ... ok
test tests::derive_replay_nonce_is_deterministic ... ok
test tests::batch_err_string_renders ... ok
test tests::contract_id_change_rejected ... ok
test tests::build_round_trips_id_and_bytes ... ok
test tests::no_op_transition_rejected ... ok
test tests::replay_set_accepts_once ... ok
test tests::verifier_rejects_chain_mismatch ... ok
test tests::receipt_id_hex_format ... ok
test tests::verifier_rejects_old_state_mismatch ... ok
test tests::verifier_rejects_covenant_mismatch ... ok
test tests::verifier_rejects_policy_mode_mismatch ... ok
test tests::verifier_summary_is_stable ... ok
test tests::receipt_round_trip_holds_for_random_admitted_fields ... ok

test result: ok. 15 passed; 0 failed; 0 ignored; 0 measured; 0 filtered out; finished in 0.00s


running 6 tests
test tests::verify_receipt_against_indexer_rejects_mismatch ... ok
test tests::unknown_when_not_indexed ... ok
test tests::open_when_indexed_and_utxo_present ... ok
test tests::reorg_risk_when_spent_below_safety_depth ... ok
test tests::node_down_propagates ... ok
test tests::transitioned_valid_uses_latest_indexed_spent_outpoint ... ok

test result: ok. 6 passed; 0 failed; 0 ignored; 0 measured; 0 filtered out; finished in 0.00s


running 32 tests
test native::tests::native_nia_rejects_mismatched_seal_chain ... ok
test native::tests::native_nia_rejects_supply_mismatch ... ok
test native::tests::native_nia_issue_validates_and_pins_digest ... ok
test native::tests::native_nia_transition_rejects_no_op ... ok
test native::tests::native_nia_digest_is_allocation_order_stable ... ok
test native::tests::native_nia_transition_rejects_closed_seal_reuse ... ok
test native::tests::native_nia_rejects_duplicate_seal_outpoint ... ok
test native::tests::native_nia_negative_vectors_fail_expected_digest ... ok
test native::tests::native_nia_transition_rejects_supply_inflation ... ok
test native::tests::native_nia_transition_rejects_previous_state_mismatch ... ok
test native::tests::native_nia_transition_validates_and_pins_digest ... ok
test native::tests::native_nia_transition_digest_binds_witness_txid ... ok
test native_vector::tests::rgb_tools_schema_text_maps_to_pinned_native_schema_id ... ok
test native_vector::tests::rgb_lib_wallet_produced_vector_validates ... ok
test native_vector::tests::rgb_tools_reference_vector_validates ... ok
test real_rgb::tests::noop_resolver_returns_unknown ... ok
test real_rgb::tests::real_rgb_adapter_compiles_and_links ... ok
test real_rgb::tests::state_commitment_bridge_round_trip ... ok
test real_rgb::tests::validity_mapping_is_correct ... ok
test tests::apply_transition_extends_consignment ... ok
test tests::initial_state_digest_is_deterministic ... ok
test tests::issue_nia_rejects_wrong_chain ... ok
test tests::issue_nia_rejects_wrong_schema ... ok
test real_rgb::tests::validate_with_state_invokes_upstream_validator ... ok
test real_rgb::tests::validate_report_with_state_preserves_upstream_diagnostics ... ok
test tests::issue_nia_returns_contract_id ... ok
test tests::nia_schema_id_is_stable ... ok
test tests::state_commitment_includes_chain_and_covenant ... ok
test tests::validate_accepts_self_issued ... ok
test tests::validate_rejects_unknown_contract ... ok
test real_rgb::tests::validate_with_state_accepts_minimal_upstream_consignment ... ok
test real_rgb::tests::minimal_upstream_validator_vectors_are_deterministic ... ok

test result: ok. 32 passed; 0 failed; 0 ignored; 0 measured; 0 filtered out; finished in 0.00s


running 6 tests
test tests::run_until_idle_accumulates_batches ... ok
test tests::tick_rejects_cursor_chain_mismatch ... ok
test tests::tick_rejects_removed_chain_blocks ... ok
test tests::first_tick_initialises_missing_cursor ... ok
test tests::tick_advances_cursor_after_added_blocks ... ok
test tests::kaspa_rebuild_source_reads_fixture_spend_evidence ... ok

test result: ok. 6 passed; 0 failed; 0 ignored; 0 measured; 0 filtered out; finished in 0.00s


running 0 tests

test result: ok. 0 passed; 0 failed; 0 ignored; 0 measured; 0 filtered out; finished in 0.00s


running 10 tests
test tests::build_genesis_output_rejects_empty_spk ... ok
test tests::build_transition_outputs_balanced ... ok
test tests::build_genesis_output_rejects_zero_covenant ... ok
test tests::encode_input_has_expected_layout ... ok
test tests::build_transition_outputs_overflow_rejected ... ok
test tests::encode_output_roundtrip_structure ... ok
test tests::encode_unsigned_tx ... ok
test tests::spec_from_state_round_trips ... ok
test tests::spk_from_redeem_script_starts_with_version_zero ... ok
test tests::validate_balanced_rejects_underfunded ... ok

test result: ok. 10 passed; 0 failed; 0 ignored; 0 measured; 0 filtered out; finished in 0.00s


running 16 tests
test tests::proof_rejects_empty ... ok
test tests::tag_bytes_match_upstream ... ok
test tests::proof_encode_for_precompile ... ok
test tests::proof_rejects_oversize ... ok
test tests::zk_receipt_rejects_wrong_mode ... ok
test tests::public_inputs_length_is_pinned ... ok
test tests::zk_receipt_local_verify_succeeds ... ok
test tests::zk_receipt_local_verify_catches_statement_mismatch ... ok
test tests::chain_id_in_public_inputs_is_pinned ... ok
test tests::statement_matches_receipt_round_trip ... ok
test real_zk::tests::public_inputs_as_fr_layout_is_deterministic ... ok
test real_zk::tests::same_receipt_id_different_body_cannot_prove ... ok
test real_zk::tests::different_public_body_field_rejected ... ok
test real_zk::tests::groth16_precompile_stack_shape_is_toccata_compatible ... ok
test real_zk::tests::prove_then_verify_zk_receipt ... ok
test real_zk::tests::tampered_proof_rejected ... ok

test result: ok. 16 passed; 0 failed; 0 ignored; 0 measured; 0 filtered out; finished in 13.53s


running 0 tests

test result: ok. 0 passed; 0 failed; 0 ignored; 0 measured; 0 filtered out; finished in 0.00s


running 0 tests

test result: ok. 0 passed; 0 failed; 0 ignored; 0 measured; 0 filtered out; finished in 0.00s


running 0 tests

test result: ok. 0 passed; 0 failed; 0 ignored; 0 measured; 0 filtered out; finished in 0.00s


running 0 tests

test result: ok. 0 passed; 0 failed; 0 ignored; 0 measured; 0 filtered out; finished in 0.00s


running 0 tests

test result: ok. 0 passed; 0 failed; 0 ignored; 0 measured; 0 filtered out; finished in 0.00s


running 0 tests

test result: ok. 0 passed; 0 failed; 0 ignored; 0 measured; 0 filtered out; finished in 0.00s


running 0 tests

test result: ok. 0 passed; 0 failed; 0 ignored; 0 measured; 0 filtered out; finished in 0.00s


running 0 tests

test result: ok. 0 passed; 0 failed; 0 ignored; 0 measured; 0 filtered out; finished in 0.00s


running 0 tests

test result: ok. 0 passed; 0 failed; 0 ignored; 0 measured; 0 filtered out; finished in 0.00s


running 0 tests

test result: ok. 0 passed; 0 failed; 0 ignored; 0 measured; 0 filtered out; finished in 0.00s


running 0 tests

test result: ok. 0 passed; 0 failed; 0 ignored; 0 measured; 0 filtered out; finished in 0.00s


== stderr ==
   Compiling rgk-rgb v0.1.0 (/Users/arthur/RustroverProjects/rgk/crates/rgk-rgb)
   Compiling rgk-resolver v0.1.0 (/Users/arthur/RustroverProjects/rgk/crates/rgk-resolver)
   Compiling rgk-e2e v0.1.0 (/Users/arthur/RustroverProjects/rgk/tests/rgk-e2e)
    Finished `test` profile [optimized + debuginfo] target(s) in 3.63s
     Running unittests src/lib.rs (target/debug/deps/rgk_core-e0fc63d99a24af78)
     Running unittests src/lib.rs (target/debug/deps/rgk_covenant-64901a05f6286105)
     Running unittests src/lib.rs (target/debug/deps/rgk_e2e-f328691437d2e54a)
     Running tests/covenant_script_vm.rs (target/debug/deps/covenant_script_vm-690d164bd71c6e0c)
     Running tests/live_covenant.rs (target/debug/deps/live_covenant-d0984bfd3be05d22)
     Running tests/live_devnet.rs (target/debug/deps/live_devnet-fdc7cf06c07c16c5)
     Running tests/live_kaspa.rs (target/debug/deps/live_kaspa-467fe8a3e506fa0e)
     Running tests/zk_precompile_vm.rs (target/debug/deps/zk_precompile_vm-7226e8a6ff639f73)
     Running unittests src/lib.rs (target/debug/deps/rgk_indexer-a9b5178c07f9959e)
     Running unittests src/lib.rs (target/debug/deps/rgk_kaspa-c9e37817776415f6)
     Running unittests src/lib.rs (target/debug/deps/rgk_receipt-11c6973f83a47eb2)
     Running unittests src/lib.rs (target/debug/deps/rgk_resolver-e8c46edd60ff0763)
     Running unittests src/lib.rs (target/debug/deps/rgk_rgb-2ae7172e86102269)
     Running unittests src/lib.rs (target/debug/deps/rgk_sync-16b1f7b42cc2b6be)
     Running unittests src/bin/rgk-sync.rs (target/debug/deps/rgk_sync-cc52a5bbefa41689)
     Running unittests src/lib.rs (target/debug/deps/rgk_tx-47bd59cb09422588)
     Running unittests src/lib.rs (target/debug/deps/rgk_zk-72a77dced23a742c)
   Doc-tests rgk_core
   Doc-tests rgk_covenant
   Doc-tests rgk_e2e
   Doc-tests rgk_indexer
   Doc-tests rgk_kaspa
   Doc-tests rgk_receipt
   Doc-tests rgk_resolver
   Doc-tests rgk_rgb
   Doc-tests rgk_sync
   Doc-tests rgk_tx
   Doc-tests rgk_zk
