== stdout ==

running 1 test
test live_simnet_full_covenant_lifecycle ... ok

test result: ok. 1 passed; 0 failed; 0 ignored; 0 measured; 0 filtered out; finished in 1.32s


== stderr ==
   Compiling kaspa-wrpc-client v1.2.2-toc.4 (/Users/arthur/RustroverProjects/rusty-kaspa/rpc/wrpc/client)
   Compiling rgk-kaspa v0.1.0 (/Users/arthur/RustroverProjects/rgk/crates/rgk-kaspa)
   Compiling rgk-resolver v0.1.0 (/Users/arthur/RustroverProjects/rgk/crates/rgk-resolver)
   Compiling rgk-e2e v0.1.0 (/Users/arthur/RustroverProjects/rgk/tests/rgk-e2e)
    Finished `test` profile [optimized + debuginfo] target(s) in 2.73s
     Running tests/live_covenant.rs (target/debug/deps/live_covenant-752d8866f3b309ef)
live: connected to simnet wRPC
live: fixed keypair address = kaspasim:qzzt7atzyc4m662qppt53ua7dta99t33w923s8kwxxmxx5wvl7jtqvn0x5as6
live: fixed pubkey x-only = [84, bf, 75, 62, 26, 2b, bd, 69, 40, 08, 57, 48, f3, be, 6a, fa, 52, ae, 31, 71, 55, 18, 1e, ce, 31, b6, 63, 51, cc, ff, a4, b0]
live: generated keypair, simnet address: kaspasim:qzzt7atzyc4m662qppt53ua7dta99t33w923s8kwxxmxx5wvl7jtqvn0x5as6
live: mined block, report: accepted=Success
live: reached DAA score 18019 (target 1)
live: coinbase block 1 mined; mining 2000 more so the FIRST coinbase UTXO matures (need DAA >= 1001 to spend it)...
live: mined 100/2000 blocks (0.1s)
live: mined 200/2000 blocks (0.1s)
live: mined 300/2000 blocks (0.2s)
live: mined 400/2000 blocks (0.2s)
live: mined 500/2000 blocks (0.3s)
live: mined 600/2000 blocks (0.4s)
live: mined 700/2000 blocks (0.4s)
live: mined 800/2000 blocks (0.5s)
live: mined 900/2000 blocks (0.6s)
live: mined 1000/2000 blocks (0.6s)
live: mined 1100/2000 blocks (0.7s)
live: mined 1200/2000 blocks (0.8s)
live: mined 1300/2000 blocks (0.8s)
live: mined 1400/2000 blocks (0.9s)
live: mined 1500/2000 blocks (1.0s)
live: mined 1600/2000 blocks (1.0s)
live: mined 1700/2000 blocks (1.1s)
live: mined 1800/2000 blocks (1.2s)
live: mined 1900/2000 blocks (1.2s)
live: mined 2000/2000 blocks (1.3s)
live: mined 2000 blocks in 1.3s
live: reached DAA score 20019 (target 2001)
live: oldest coinbase UTXO is now mature (DAA >= 2001)
live: selected coinbase UTXO at DAA 11 (oldest, mature)
live: fetched coinbase UTXO txid=[67, ac, 3f, 2a, bf, b3, bf, 4b, e1, 5d, 91, 3c, 72, 19, b8, ba, 97, 77, 13, 95, d6, 75, b2, 4c, 36, c5, bf, 92, ef, 28, 94, 96] index=0 value=5000000000
live: computed covenant_id = [27, f7, d1, 12, d4, bf, 2f, 8d, 14, 4c, 79, 01, f1, 94, a2, 9e, dc, a1, fd, 21, 86, 96, 3f, af, 16, ef, 1b, 82, af, 28, ac, 3f] for the genesis output (value=4996000000, fee=4000000)
live: signed covenant tx, txid = [0f, 51, 14, 01, bb, ab, ee, 72, 5a, 50, f0, d1, 28, bf, a1, b1, 4b, 3b, b6, 43, 7b, 64, 52, 40, 7e, 82, 35, f5, 87, 21, 30, da]
live: covenant tx ACCEPTED by node: txid=[0f, 51, 14, 01, bb, ab, ee, 72, 5a, 50, f0, d1, 28, bf, a1, b1, 4b, 3b, b6, 43, 7b, 64, 52, 40, 7e, 82, 35, f5, 87, 21, 30, da]
live: mined block, report: accepted=Success
live: reached DAA score 20020 (target 2)
live: confirmation block 2 mined
live: covenant output confirmed at DAA score 20020 with covenant_id=[27, f7, d1, 12, d4, bf, 2f, 8d, 14, 4c, 79, 01, f1, 94, a2, 9e, dc, a1, fd, 21, 86, 96, 3f, af, 16, ef, 1b, 82, af, 28, ac, 3f]
live: resolver state = TransitionedValid { covenant: [39, 247, 209, 18, 212, 191, 47, 141, 20, 76, 121, 1, 241, 148, 162, 158, 220, 161, 253, 33, 134, 150, 63, 175, 22, 239, 27, 130, 175, 40, 172, 63], spent_outpoint: KaspaOutpoint { transaction_id: [103, 172, 63, 42, 191, 179, 191, 75, 225, 93, 145, 60, 114, 25, 184, 186, 151, 119, 19, 149, 214, 117, 178, 76, 54, 197, 191, 146, 239, 40, 148, 150], index: 0 }, new_outpoint: KaspaOutpoint { transaction_id: [15, 81, 20, 1, 187, 171, 238, 114, 90, 80, 240, 209, 40, 191, 161, 177, 75, 59, 182, 67, 123, 100, 82, 64, 126, 130, 53, 245, 135, 33, 48, 218], index: 0 }, receipt_id: [74, 253, 104, 37, 117, 28, 231, 85, 212, 21, 88, 253, 51, 106, 139, 207, 9, 68, 93, 188, 90, 246, 134, 40, 46, 167, 214, 168, 228, 250, 198, 246], new_state: RgkStateCommitment { version: 0, chain_id: KaspaLocalToccata, covenant_id: [39, 247, 209, 18, 212, 191, 47, 141, 20, 76, 121, 1, 241, 148, 162, 158, 220, 161, 253, 33, 134, 150, 63, 175, 22, 239, 27, 130, 175, 40, 172, 63], rgb_contract_id: [0, 0, 0, 0, 0, 0, 0, 0, 0, 0, 0, 0, 0, 0, 0, 0, 0, 0, 0, 0, 0, 0, 0, 0, 0, 0, 0, 0, 0, 0, 0, 0], state_digest: [176, 176, 176, 176, 176, 176, 176, 176, 176, 176, 176, 176, 176, 176, 176, 176, 176, 176, 176, 176, 176, 176, 176, 176, 176, 176, 176, 176, 176, 176, 176, 176], receipt_policy: VerifierOnly }, confirmation_depth: 1 }
live: ✅ covenant transition classified as TransitionedValid from the confirmed live Kaspa Toccata simnet spend (covenant_id=[27, f7, d1, 12, d4, bf, 2f, 8d, 14, 4c, 79, 01, f1, 94, a2, 9e, dc, a1, fd, 21, 86, 96, 3f, af, 16, ef, 1b, 82, af, 28, ac, 3f])
