== stdout ==
[run-kaspa-devnet] launching /Users/arthur/RustroverProjects/rgk/external/rusty-kaspa-toccata/target/release/kaspad in background
[run-kaspa-devnet] pid: 37641
[run-kaspa-devnet] log: /Users/arthur/RustroverProjects/rgk/.rgk-devnet/kaspad.log
[run-kaspa-devnet] waiting for wRPC at ws://127.0.0.1:19111
[run-kaspa-devnet] wRPC ready after 2s
[e2e-devnet] live devnet RPC: ws://127.0.0.1:19111/v2/kaspa/devnet/no-tls/wrpc/borsh
[e2e-devnet] running live_devnet test
   Compiling kaspa-wrpc-client v1.2.2-toc.4 (/Users/arthur/RustroverProjects/rusty-kaspa/rpc/wrpc/client)
   Compiling rgk-kaspa v0.1.0 (/Users/arthur/RustroverProjects/rgk/crates/rgk-kaspa)
   Compiling rgk-sync v0.1.0 (/Users/arthur/RustroverProjects/rgk/crates/rgk-sync)
   Compiling rgk-resolver v0.1.0 (/Users/arthur/RustroverProjects/rgk/crates/rgk-resolver)
   Compiling rgk-e2e v0.1.0 (/Users/arthur/RustroverProjects/rgk/tests/rgk-e2e)
    Finished `test` profile [optimized + debuginfo] target(s) in 1.89s
     Running tests/live_devnet.rs (target/debug/deps/live_devnet-a446d7acbb399c7f)

running 2 tests
live-devnet: server_version=1.2.2-toc.4 network_id=devnet is_synced=true has_utxo_index=true
test live_devnet_reports_toccata_node_identity ... ok
live-devnet: scan cursor initialised chain=KaspaDevnet daa=44066 hash_prefix=583871bc04fb7834
test live_devnet_initialises_persistent_scan_cursor ... ok

test result: ok. 2 passed; 0 failed; 0 ignored; 0 measured; 0 filtered out; finished in 0.08s

[e2e-devnet] running policy migration recovery fixture
    Finished `test` profile [optimized + debuginfo] target(s) in 0.08s
     Running unittests src/lib.rs (target/debug/deps/rgk_e2e-61e4ff2d6b6c07e6)

running 1 test
RGK policy migration recovery
  chain:           KaspaLocalToccata
  covenant:        0xc750aee85561dc562b16688f01a736f81ed26948e166280ff5cd2a6f970d6599
  spent_txid:      0x2121212121212121212121212121212121212121212121212121212121212121
  new_txid:        0x2222222222222222222222222222222222222222222222222222222222222222
  previous_policy: verifier-only
  new_policy:      zk-or-verifier
  migration:       0x595de1d206e02c94795f46e960bf6e2230dd921d0ebfa3470a36fe05ec972be6
  resolver:        NativeTransitionedValid { covenant: [199, 80, 174, 232, 85, 97, 220, 86, 43, 22, 104, 143, 1, 167, 54, 248, 30, 210, 105, 72, 225, 102, 40, 15, 245, 205, 42, 111, 151, 13, 101, 153], spent_outpoint: KaspaOutpoint { transaction_id: [33, 33, 33, 33, 33, 33, 33, 33, 33, 33, 33, 33, 33, 33, 33, 33, 33, 33, 33, 33, 33, 33, 33, 33, 33, 33, 33, 33, 33, 33, 33, 33], index: 0 }, new_outpoint: KaspaOutpoint { transaction_id: [34, 34, 34, 34, 34, 34, 34, 34, 34, 34, 34, 34, 34, 34, 34, 34, 34, 34, 34, 34, 34, 34, 34, 34, 34, 34, 34, 34, 34, 34, 34, 34], index: 0 }, receipt_id: [89, 93, 225, 210, 6, 224, 44, 148, 121, 95, 70, 233, 96, 191, 110, 34, 48, 221, 146, 29, 14, 191, 163, 71, 10, 54, 254, 5, 236, 151, 43, 230], new_state: RgkStateCommitment { version: 1, chain_id: KaspaLocalToccata, covenant_id: [199, 80, 174, 232, 85, 97, 220, 86, 43, 22, 104, 143, 1, 167, 54, 248, 30, 210, 105, 72, 225, 102, 40, 15, 245, 205, 42, 111, 151, 13, 101, 153], asset_id: [66, 66, 66, 66, 66, 66, 66, 66, 66, 66, 66, 66, 66, 66, 66, 66, 66, 66, 66, 66, 66, 66, 66, 66, 66, 66, 66, 66, 66, 66, 66, 66], state_digest: [50, 50, 50, 50, 50, 50, 50, 50, 50, 50, 50, 50, 50, 50, 50, 50, 50, 50, 50, 50, 50, 50, 50, 50, 50, 50, 50, 50, 50, 50, 50, 50], receipt_policy: ZkOrVerifier }, confirmation_depth: 1 }

test policy_migration_recovery_fixture_survives_reopen ... ok

test result: ok. 1 passed; 0 failed; 0 ignored; 0 measured; 4 filtered out; finished in 0.03s

[e2e-devnet] running full covenant lifecycle on devnet
   Compiling kaspa-wrpc-client v1.2.2-toc.4 (/Users/arthur/RustroverProjects/rusty-kaspa/rpc/wrpc/client)
   Compiling rgk-kaspa v0.1.0 (/Users/arthur/RustroverProjects/rgk/crates/rgk-kaspa)
   Compiling rgk-resolver v0.1.0 (/Users/arthur/RustroverProjects/rgk/crates/rgk-resolver)
   Compiling rgk-sync v0.1.0 (/Users/arthur/RustroverProjects/rgk/crates/rgk-sync)
   Compiling rgk-e2e v0.1.0 (/Users/arthur/RustroverProjects/rgk/tests/rgk-e2e)
    Finished `test` profile [optimized + debuginfo] target(s) in 1.85s
     Running tests/live_covenant.rs (target/debug/deps/live_covenant-7bf44a871ab07a5e)

running 1 test
live: connected to devnet wRPC (chain_id=KaspaDevnet)
live: fixed keypair address = kaspadev:qzzt7atzyc4m662qppt53ua7dta99t33w923s8kwxxmxx5wvl7jtq0ahp67m9
live: fixed pubkey x-only = [84, bf, 75, 62, 26, 2b, bd, 69, 40, 08, 57, 48, f3, be, 6a, fa, 52, ae, 31, 71, 55, 18, 1e, ce, 31, b6, 63, 51, cc, ff, a4, b0]
live: generated keypair, devnet address: kaspadev:qzzt7atzyc4m662qppt53ua7dta99t33w923s8kwxxmxx5wvl7jtq0ahp67m9
live: mined block, report: accepted=Success
live: reached DAA score 44067 (target 1)
live: coinbase block 1 mined; mining 2000 more so the FIRST coinbase UTXO matures (need DAA >= 1001 to spend it)...
live: mined 100/2000 blocks (0.1s)
live: mined 200/2000 blocks (0.1s)
live: mined 300/2000 blocks (0.2s)
live: mined 400/2000 blocks (0.3s)
live: mined 500/2000 blocks (0.3s)
live: mined 600/2000 blocks (0.4s)
live: mined 700/2000 blocks (0.5s)
live: mined 800/2000 blocks (0.5s)
live: mined 900/2000 blocks (0.6s)
live: mined 1000/2000 blocks (0.7s)
live: mined 1100/2000 blocks (0.8s)
live: mined 1200/2000 blocks (0.8s)
live: mined 1300/2000 blocks (0.9s)
live: mined 1400/2000 blocks (1.0s)
live: mined 1500/2000 blocks (1.0s)
live: mined 1600/2000 blocks (1.1s)
live: mined 1700/2000 blocks (1.2s)
live: mined 1800/2000 blocks (1.2s)
live: mined 1900/2000 blocks (1.3s)
live: mined 2000/2000 blocks (1.4s)
live: mined 2000 blocks in 1.4s
live: reached DAA score 46067 (target 2001)
live: oldest coinbase UTXO is now mature (DAA >= 2001)
live: selected coinbase UTXO at DAA 24 (oldest, mature)
live: fetched coinbase UTXO txid=[ac, a5, ac, e9, 6d, e1, 74, b6, 9d, 20, e3, 08, 87, c5, c1, be, 87, d1, 72, ef, b2, a1, c2, 69, ea, ce, 05, d7, e1, 98, 2f, 85] index=0 value=4400000000
live: computed covenant_id = [08, c2, 16, 21, 05, 9b, 3e, 10, 10, 32, 49, 9d, 1f, 30, 10, 2d, 55, ab, 61, 65, 9c, 19, 20, 1d, 37, 23, bc, 6d, d8, 3a, e8, 43] for the genesis output (value=4396000000, fee=4000000)
live: signed covenant tx, txid = [5d, ee, c1, 11, 9e, 59, d4, 5a, 39, 1e, 15, f7, 5d, 52, ff, 6b, 22, 05, af, 28, bf, a1, cf, 9f, fd, e9, 58, 67, bb, 37, 83, 99]
live: covenant tx ACCEPTED by node: txid=[5d, ee, c1, 11, 9e, 59, d4, 5a, 39, 1e, 15, f7, 5d, 52, ff, 6b, 22, 05, af, 28, bf, a1, cf, 9f, fd, e9, 58, 67, bb, 37, 83, 99]
live: mined block, report: accepted=Success
live: reached DAA score 46068 (target 2)
live: confirmation block 2 mined
live: covenant output confirmed at DAA score 46068 with covenant_id=[08, c2, 16, 21, 05, 9b, 3e, 10, 10, 32, 49, 9d, 1f, 30, 10, 2d, 55, ab, 61, 65, 9c, 19, 20, 1d, 37, 23, bc, 6d, d8, 3a, e8, 43]
live: native RGK asset state digest = 0x682ef749e275a07a92eb160910085dd0d69bcfd4d707b9d9d316c2a701e1df6f (allocations=1 daa=46068 confirmations=1 privacy_policy=PrivateLane lane_id=0xf9e2d47ecda382db86ba713e640cb58f4a9f75a24d0820505148c302004436d9)
live: ZK covenant spend enabled, public_inputs=29 vk_bytes=1192 proof_bytes=128
live: built P2SH covenant spend, txid = [ed, 19, 36, 20, 77, a1, 41, 5a, e4, 72, 30, 27, 74, 2e, 1b, 24, 5e, 80, d7, 51, 33, 52, ee, 43, 3f, a8, 47, e0, b0, 6e, bf, 30]
live: P2SH covenant spend ACCEPTED by node: txid=[ed, 19, 36, 20, 77, a1, 41, 5a, e4, 72, 30, 27, 74, 2e, 1b, 24, 5e, 80, d7, 51, 33, 52, ee, 43, 3f, a8, 47, e0, b0, 6e, bf, 30]
live: mined block, report: accepted=Success
live: reached DAA score 46069 (target 46069)
live: P2SH covenant spend confirmation block mined
live: continuation covenant output confirmed at DAA score 46069
live: native production-ZK allocation guard accepted shape=1x1 spent_allocations=1 new_allocations=1
live: native RGK transition digest = 0xf9ac8fc78c1c47dbf27768e93017edc51ae27e0c20bf5663e953b5042374b806 (old_state=0x682ef749e275a07a92eb160910085dd0d69bcfd4d707b9d9d316c2a701e1df6f new_state=0xdf5edbbcae67dd76aafefca069800af8a8d5877d554d6b844d7164af4c55f854 witness_txid=0xed19362077a1415ae4723027742e1b245e80d7513352ee433fa847e0b06ebf30 spent_allocations=1 new_allocations=1 privacy_policy=PrivateLane lane_id=0xf9e2d47ecda382db86ba713e640cb58f4a9f75a24d0820505148c302004436d9)
live: semantic RGK transition statement public_inputs=328 continuation_shape_root=0xc0c46bfcfe54a06293dc2b4dca21c04074be38a319ffccc8eedc758f7a90ade3 policy_commitment=0x4663f5b9404ee4fe0358c6299f73422e955f5fea03e19545f5b8f99472d00bbf
live: semantic Groth16 proof verified public_inputs=41 vk_bytes=1576 proof_bytes=128
test live_toccata_full_covenant_lifecycle has been running for over 60 seconds
live: supported allocation-vector Groth16 proof verified shape=1x1 public_inputs=41 vk_bytes=1576 proof_bytes=128
live: registered private lane for view-key discovery (lane_id=0xf9e2d47ecda382db86ba713e640cb58f4a9f75a24d0820505148c302004436d9 scan_tag=0x3539f43aecf990bfd09e4b081ddba2835253710fa8a4022904e6ea61b963c62d privacy_policy=PrivateLane)
live: resolver state = NativeTransitionedValid { covenant: [8, 194, 22, 33, 5, 155, 62, 16, 16, 50, 73, 157, 31, 48, 16, 45, 85, 171, 97, 101, 156, 25, 32, 29, 55, 35, 188, 109, 216, 58, 232, 67], spent_outpoint: KaspaOutpoint { transaction_id: [93, 238, 193, 17, 158, 89, 212, 90, 57, 30, 21, 247, 93, 82, 255, 107, 34, 5, 175, 40, 191, 161, 207, 159, 253, 233, 88, 103, 187, 55, 131, 153], index: 0 }, new_outpoint: KaspaOutpoint { transaction_id: [237, 25, 54, 32, 119, 161, 65, 90, 228, 114, 48, 39, 116, 46, 27, 36, 94, 128, 215, 81, 51, 82, 238, 67, 63, 168, 71, 224, 176, 110, 191, 48], index: 0 }, receipt_id: [241, 74, 57, 112, 188, 89, 132, 234, 124, 58, 169, 138, 245, 165, 115, 66, 150, 101, 204, 151, 40, 29, 169, 15, 156, 164, 206, 151, 55, 222, 107, 102], new_state: RgkStateCommitment { version: 1, chain_id: KaspaDevnet, covenant_id: [8, 194, 22, 33, 5, 155, 62, 16, 16, 50, 73, 157, 31, 48, 16, 45, 85, 171, 97, 101, 156, 25, 32, 29, 55, 35, 188, 109, 216, 58, 232, 67], asset_id: [66, 66, 66, 66, 66, 66, 66, 66, 66, 66, 66, 66, 66, 66, 66, 66, 66, 66, 66, 66, 66, 66, 66, 66, 66, 66, 66, 66, 66, 66, 66, 66], state_digest: [104, 46, 247, 73, 226, 117, 160, 122, 146, 235, 22, 9, 16, 8, 93, 208, 214, 155, 207, 212, 215, 7, 185, 217, 211, 22, 194, 167, 1, 225, 223, 111], receipt_policy: ZkOrVerifier }, confirmation_depth: 1 }
live: view-key lane resolver classified as NativeTransitionedValid (lane_id=0xf9e2d47ecda382db86ba713e640cb58f4a9f75a24d0820505148c302004436d9 scan_tag=0x3539f43aecf990bfd09e4b081ddba2835253710fa8a4022904e6ea61b963c62d)
live: covenant transition classified as NativeTransitionedValid from the confirmed live Kaspa Toccata devnet spend (covenant_id=[08, c2, 16, 21, 05, 9b, 3e, 10, 10, 32, 49, 9d, 1f, 30, 10, 2d, 55, ab, 61, 65, 9c, 19, 20, 1d, 37, 23, bc, 6d, d8, 3a, e8, 43])
live: persistent indexer recovered covenant after resolver indexing (covenant_id=[08, c2, 16, 21, 05, 9b, 3e, 10, 10, 32, 49, 9d, 1f, 30, 10, 2d, 55, ab, 61, 65, 9c, 19, 20, 1d, 37, 23, bc, 6d, d8, 3a, e8, 43] cursor_daa=46069)
test live_toccata_full_covenant_lifecycle ... ok

test result: ok. 1 passed; 0 failed; 0 ignored; 0 measured; 0 filtered out; finished in 84.56s

[e2e-devnet] running rgk-sync scanner smoke (initialise cursor)
   Compiling kaspa-wrpc-client v1.2.2-toc.4 (/Users/arthur/RustroverProjects/rusty-kaspa/rpc/wrpc/client)
   Compiling rgk-kaspa v0.1.0 (/Users/arthur/RustroverProjects/rgk/crates/rgk-kaspa)
   Compiling rgk-sync v0.1.0 (/Users/arthur/RustroverProjects/rgk/crates/rgk-sync)
    Finished `dev` profile [optimized + debuginfo] target(s) in 1.68s
     Running `target/debug/rgk-sync --url 'ws://127.0.0.1:19111/v2/kaspa/devnet/no-tls/wrpc/borsh' --network devnet --db /Users/arthur/RustroverProjects/rgk/target/rgk-devnet-evidence/sled --once`
tick initialised=true added_chain_blocks=0 observed_spends=0 start_daa=46069 end_daa=46069 end_hash_prefix=ad54e86b410260e2
[e2e-devnet] running rgk-sync scanner smoke (reload cursor)
    Finished `dev` profile [optimized + debuginfo] target(s) in 0.18s
     Running `target/debug/rgk-sync --url 'ws://127.0.0.1:19111/v2/kaspa/devnet/no-tls/wrpc/borsh' --network devnet --db /Users/arthur/RustroverProjects/rgk/target/rgk-devnet-evidence/sled --once`
tick initialised=false added_chain_blocks=0 observed_spends=0 start_daa=46069 end_daa=46069 end_hash_prefix=ad54e86b410260e2
[verify-devnet-evidence] ok: /Users/arthur/RustroverProjects/rgk/target/rgk-devnet-evidence/latest.txt
[e2e-devnet] evidence: /Users/arthur/RustroverProjects/rgk/target/rgk-devnet-evidence/latest.txt

== stderr ==
