== stdout ==

running 35 tests
test native::tests::allocation_transcript_amount_commitment_hides_bound_amount ... ok
test native::tests::allocation_transcript_root_binds_native_segment_metadata ... ok
test native::tests::allocation_transcript_root_uses_canonical_allocation_order ... ok
test native::tests::continuation_finalization_closes_old_seal_and_creates_new_seal ... ok
test native::tests::continuation_duplicate_output_shape_is_rejected ... ok
test native::tests::continuation_replay_reusing_closed_seal_is_rejected ... ok
test native::tests::continuation_wrong_commitment_is_rejected ... ok
test native::tests::continuation_phase2_binds_actual_txid ... ok
test native::tests::native_issue_digest_is_allocation_order_stable ... ok
test native::tests::native_issue_digest_stable ... ok
test native::tests::native_issue_rejects_duplicate_seal_outpoint ... ok
test native::tests::native_issue_rejects_mismatched_seal_chain ... ok
test native::tests::native_issue_rejects_supply_mismatch ... ok
test native::tests::native_negative_vectors_fail_expected_digest ... ok
test native::tests::continuation_phase1_commitment_is_stable_without_future_txid ... FAILED
test native::tests::native_transition_digest_binds_mutations ... ok
test native::tests::native_transition_rejects_closed_seal_reuse ... ok
test native::tests::native_transition_rejects_no_op ... ok
test native::tests::native_transition_digest_stable ... FAILED
test native::tests::native_transition_rejects_previous_state_mismatch ... ok
test native::tests::nullifier_is_stable_but_unlinked_to_lane_id ... ok
test native::tests::private_lane_discovery_and_tags_behave_as_commitments ... ok
test native::tests::native_transition_rejects_supply_inflation_and_deflation ... FAILED
test native::tests::private_lane_graph_root_binds_ordered_lane_nodes ... ok
test native::tests::private_lane_graph_segment_root_binds_chain_and_segment ... ok
test native::tests::production_zk_allocation_shape_policy_is_native_and_exact ... ok
test native::tests::production_zk_continuation_rejects_unsupported_shape_before_finalization ... ok
test native::tests::production_zk_issue_rejects_unprovable_initial_state ... ok
test native::tests::production_zk_transfer_plan_rejects_unsupported_shape_before_txid ... ok
test native::tests::production_zk_transfer_plan_certifies_full_state_shape_before_txid ... ok
test native::tests::production_zk_transfer_plan_rejects_partial_previous_state_spend ... FAILED
test native::tests::public_and_private_lane_policies_have_different_visibility ... ok
test native::tests::production_zk_transition_rejects_unsupported_shape_only_on_zk_path ... ok
test native::tests::unconstrained_image_id_is_rejected ... ok
test tests::schema_id_is_native_rgk_text ... ok

failures:

failures:
    native::tests::continuation_phase1_commitment_is_stable_without_future_txid
    native::tests::native_transition_digest_stable
    native::tests::native_transition_rejects_supply_inflation_and_deflation
    native::tests::production_zk_transfer_plan_rejects_partial_previous_state_spend

test result: FAILED. 31 passed; 4 failed; 0 ignored; 0 measured; 0 filtered out; finished in 0.00s


== stderr ==
   Compiling rgk-asset v0.1.0 (/Users/arthur/RustroverProjects/rgk/crates/rgk-asset)
warning: unused variable: `amount`
    --> crates/rgk-asset/src/native.rs:1358:10
     |
1358 |         (amount, None) => Err(RgkAssetError::SupplyDeflationWithoutBurn {
     |          ^^^^^^ help: if this is intentional, prefix it with an underscore: `_amount`
     |
     = note: `#[warn(unused_variables)]` (part of `#[warn(unused)]`) on by default

warning: `rgk-asset` (lib) generated 1 warning (run `cargo fix --lib -p rgk-asset` to apply 1 suggestion)
warning: `rgk-asset` (lib test) generated 1 warning (1 duplicate)
    Finished `test` profile [optimized + debuginfo] target(s) in 2.62s
     Running unittests src/lib.rs (target/debug/deps/rgk_asset-62819fe3dc6f14f9)

thread 'native::tests::continuation_phase1_commitment_is_stable_without_future_txid' (33526239) panicked at crates/rgk-asset/src/native.rs:1922:9:
assertion `left == right` failed
  left: "918f068280fea40224d0100d2678bce49e9e340f9c661aca45d8566d8cc84187"
 right: "8d960f8fe47e2869611cd60d1bd801ee083a55eba6d792dafe68b41a41bc6ea0"
note: run with `RUST_BACKTRACE=1` environment variable to display a backtrace

thread 'native::tests::native_transition_digest_stable' (33526250) panicked at crates/rgk-asset/src/native.rs:1911:9:
assertion `left == right` failed
  left: "09e06d6bbbfedbf63d38c6b9a69389965b08394c60e84329cddc247b0a124071"
 right: "b3a78c20ed73196eaccf5b01199251bdb99dc1c28f5e087ac4ab00b3592efff7"

thread 'native::tests::native_transition_rejects_supply_inflation_and_deflation' (33526254) panicked at crates/rgk-asset/src/native.rs:2038:9:
assertion failed: matches!(inflated.validate().unwrap_err(), RgkAssetError::SupplyMismatch
    { .. })

thread 'native::tests::production_zk_transfer_plan_rejects_partial_previous_state_spend' (33526263) panicked at crates/rgk-asset/src/native.rs:1793:9:
assertion failed: matches!(err, RgkAssetError::SupplyMismatch { expected: 100, actual: 40 })
error: test failed, to rerun pass `-p rgk-asset --lib`
