== stdout ==
[run-kaspa-devnet] launching /Users/arthur/RustroverProjects/rgk/external/rusty-kaspa-toccata/target/release/kaspad in background
[run-kaspa-devnet] pid: 3642
[run-kaspa-devnet] log: /Users/arthur/RustroverProjects/rgk/.rgk-devnet/kaspad.log
[run-kaspa-devnet] waiting for wRPC at ws://127.0.0.1:19111
[run-kaspa-devnet] wRPC ready after 2s
[e2e-devnet] live devnet RPC: ws://127.0.0.1:19111/v2/kaspa/devnet/no-tls/wrpc/borsh
[e2e-devnet] running live_devnet test
   Compiling rgk-zk v0.1.0 (/Users/arthur/RustroverProjects/rgk/crates/rgk-zk)
   Compiling kaspa-wrpc-client v1.2.2-toc.4 (/Users/arthur/RustroverProjects/rusty-kaspa/rpc/wrpc/client)
   Compiling rgk-kaspa v0.1.0 (/Users/arthur/RustroverProjects/rgk/crates/rgk-kaspa)
   Compiling rgk-sync v0.1.0 (/Users/arthur/RustroverProjects/rgk/crates/rgk-sync)
   Compiling rgk-resolver v0.1.0 (/Users/arthur/RustroverProjects/rgk/crates/rgk-resolver)
   Compiling rgk-e2e v0.1.0 (/Users/arthur/RustroverProjects/rgk/tests/rgk-e2e)
    Finished `test` profile [optimized + debuginfo] target(s) in 5.07s
     Running tests/live_devnet.rs (target/debug/deps/live_devnet-a446d7acbb399c7f)

running 2 tests
live-devnet: server_version=1.2.2-toc.4 network_id=devnet is_synced=false has_utxo_index=true
test live_devnet_reports_toccata_node_identity ... ok
live-devnet: scan cursor initialised chain=KaspaDevnet daa=52078 hash_prefix=ccc14660058e8a40
test live_devnet_initialises_persistent_scan_cursor ... ok

test result: ok. 2 passed; 0 failed; 0 ignored; 0 measured; 0 filtered out; finished in 0.05s

[e2e-devnet] running policy migration recovery fixture
   Compiling rgk-asset v0.1.0 (/Users/arthur/RustroverProjects/rgk/crates/rgk-asset)
   Compiling rgk-zk v0.1.0 (/Users/arthur/RustroverProjects/rgk/crates/rgk-zk)
   Compiling rgk-resolver v0.1.0 (/Users/arthur/RustroverProjects/rgk/crates/rgk-resolver)
   Compiling rgk-e2e v0.1.0 (/Users/arthur/RustroverProjects/rgk/tests/rgk-e2e)
    Finished `test` profile [optimized + debuginfo] target(s) in 1.57s
     Running unittests src/lib.rs (target/debug/deps/rgk_e2e-61e4ff2d6b6c07e6)

running 1 test
RGK policy migration recovery
  chain:           KaspaLocalToccata
  covenant:        0xc750aee85561dc562b16688f01a736f81ed26948e166280ff5cd2a6f970d6599
  spent_txid:      0x2121212121212121212121212121212121212121212121212121212121212121
  new_txid:        0x2222222222222222222222222222222222222222222222222222222222222222
  previous_policy: verifier-only
  new_policy:      zk-or-verifier
  migration:       0x595de1d206e02c94795f46e960bf6e2230dd921d0ebfa3470a36fe05ec972be6
  resolver:        NativeTransitionedValid { covenant: [199, 80, 174, 232, 85, 97, 220, 86, 43, 22, 104, 143, 1, 167, 54, 248, 30, 210, 105, 72, 225, 102, 40, 15, 245, 205, 42, 111, 151, 13, 101, 153], spent_outpoint: KaspaOutpoint { transaction_id: [33, 33, 33, 33, 33, 33, 33, 33, 33, 33, 33, 33, 33, 33, 33, 33, 33, 33, 33, 33, 33, 33, 33, 33, 33, 33, 33, 33, 33, 33, 33, 33], index: 0 }, new_outpoint: KaspaOutpoint { transaction_id: [34, 34, 34, 34, 34, 34, 34, 34, 34, 34, 34, 34, 34, 34, 34, 34, 34, 34, 34, 34, 34, 34, 34, 34, 34, 34, 34, 34, 34, 34, 34, 34], index: 0 }, receipt_id: [89, 93, 225, 210, 6, 224, 44, 148, 121, 95, 70, 233, 96, 191, 110, 34, 48, 221, 146, 29, 14, 191, 163, 71, 10, 54, 254, 5, 236, 151, 43, 230], new_state: RgkStateCommitment { version: 1, chain_id: KaspaLocalToccata, covenant_id: [199, 80, 174, 232, 85, 97, 220, 86, 43, 22, 104, 143, 1, 167, 54, 248, 30, 210, 105, 72, 225, 102, 40, 15, 245, 205, 42, 111, 151, 13, 101, 153], asset_id: [66, 66, 66, 66, 66, 66, 66, 66, 66, 66, 66, 66, 66, 66, 66, 66, 66, 66, 66, 66, 66, 66, 66, 66, 66, 66, 66, 66, 66, 66, 66, 66], state_digest: [50, 50, 50, 50, 50, 50, 50, 50, 50, 50, 50, 50, 50, 50, 50, 50, 50, 50, 50, 50, 50, 50, 50, 50, 50, 50, 50, 50, 50, 50, 50, 50], receipt_policy: ZkOrVerifier }, confirmation_depth: 1 }

test policy_migration_recovery_fixture_survives_reopen ... ok

test result: ok. 1 passed; 0 failed; 0 ignored; 0 measured; 3 filtered out; finished in 0.05s

[e2e-devnet] running full covenant lifecycle on devnet
   Compiling kaspa-wrpc-client v1.2.2-toc.4 (/Users/arthur/RustroverProjects/rusty-kaspa/rpc/wrpc/client)
   Compiling rgk-kaspa v0.1.0 (/Users/arthur/RustroverProjects/rgk/crates/rgk-kaspa)
   Compiling rgk-resolver v0.1.0 (/Users/arthur/RustroverProjects/rgk/crates/rgk-resolver)
   Compiling rgk-sync v0.1.0 (/Users/arthur/RustroverProjects/rgk/crates/rgk-sync)
   Compiling rgk-e2e v0.1.0 (/Users/arthur/RustroverProjects/rgk/tests/rgk-e2e)
    Finished `test` profile [optimized + debuginfo] target(s) in 4.82s
     Running tests/live_covenant.rs (target/debug/deps/live_covenant-7bf44a871ab07a5e)

running 1 test
live: connected to devnet wRPC (chain_id=KaspaDevnet)
live: fixed keypair address = kaspadev:qzzt7atzyc4m662qppt53ua7dta99t33w923s8kwxxmxx5wvl7jtq0ahp67m9
live: fixed pubkey x-only = [84, bf, 75, 62, 26, 2b, bd, 69, 40, 08, 57, 48, f3, be, 6a, fa, 52, ae, 31, 71, 55, 18, 1e, ce, 31, b6, 63, 51, cc, ff, a4, b0]
live: generated keypair, devnet address: kaspadev:qzzt7atzyc4m662qppt53ua7dta99t33w923s8kwxxmxx5wvl7jtq0ahp67m9
live: mined block, report: accepted=Success
live: reached DAA score 52079 (target 1)
live: coinbase block 1 mined; mining 2000 more so the FIRST coinbase UTXO matures (need DAA >= 1001 to spend it)...
live: mined 100/2000 blocks (0.2s)
live: mined 200/2000 blocks (0.4s)
live: mined 300/2000 blocks (0.6s)
live: mined 400/2000 blocks (0.7s)
live: mined 500/2000 blocks (0.9s)
live: mined 600/2000 blocks (1.0s)
live: mined 700/2000 blocks (1.1s)
live: mined 800/2000 blocks (1.2s)
live: mined 900/2000 blocks (1.2s)
live: mined 1000/2000 blocks (1.3s)
live: mined 1100/2000 blocks (1.4s)
live: mined 1200/2000 blocks (1.5s)
live: mined 1300/2000 blocks (1.6s)
live: mined 1400/2000 blocks (1.7s)
live: mined 1500/2000 blocks (1.8s)
live: mined 1600/2000 blocks (1.9s)
live: mined 1700/2000 blocks (2.0s)
live: mined 1800/2000 blocks (2.1s)
live: mined 1900/2000 blocks (2.2s)
live: mined 2000/2000 blocks (2.3s)
live: mined 2000 blocks in 2.3s
live: reached DAA score 54079 (target 2001)
live: oldest coinbase UTXO is now mature (DAA >= 2001)
live: selected coinbase UTXO at DAA 28 (oldest, mature)
live: fetched coinbase UTXO txid=[f2, 50, 75, 6a, b2, 61, 35, d0, 54, 49, 96, d7, e6, 6c, bb, 92, ae, 16, 57, 88, f0, 9f, b7, 4b, f8, 94, 86, ae, 70, 92, 77, 2d] index=0 value=4400000000
live: computed covenant_id = [f8, 8d, 75, 2c, 69, d3, e1, a7, 01, ed, 86, c3, 12, 28, d1, 74, 24, 75, 63, 04, 9e, 8a, 98, 40, a9, 3a, 52, 5d, 4a, 5e, 50, 4c] for the genesis output (value=4396000000, fee=4000000)
live: signed covenant tx, txid = [1a, 23, 8c, 85, 2d, f2, a7, 66, ee, 1f, ce, 65, 57, b3, db, de, 9e, c6, a4, 08, 49, 45, a3, d1, ed, a2, a3, 86, 70, c2, 27, ab]
live: covenant tx ACCEPTED by node: txid=[1a, 23, 8c, 85, 2d, f2, a7, 66, ee, 1f, ce, 65, 57, b3, db, de, 9e, c6, a4, 08, 49, 45, a3, d1, ed, a2, a3, 86, 70, c2, 27, ab]
live: mined block, report: accepted=Success
live: reached DAA score 54080 (target 2)
live: confirmation block 2 mined
live: covenant output confirmed at DAA score 54080 with covenant_id=[f8, 8d, 75, 2c, 69, d3, e1, a7, 01, ed, 86, c3, 12, 28, d1, 74, 24, 75, 63, 04, 9e, 8a, 98, 40, a9, 3a, 52, 5d, 4a, 5e, 50, 4c]
live: native RGK asset state digest = 0xccfc6c20b3f81a2ccef7e1a762c9ba74df51cbaa8295c0cf635da137d635b54b (allocations=1 daa=54080 confirmations=1 privacy_policy=PrivateLane lane_id=0xf9e2d47ecda382db86ba713e640cb58f4a9f75a24d0820505148c302004436d9)
live: ZK covenant spend enabled, public_inputs=29 vk_bytes=1192 proof_bytes=128
live: built P2SH covenant spend, txid = [8b, d5, 2d, 48, 97, 13, fa, c4, 76, 86, e0, 26, 75, 45, 1d, a6, 28, 35, 2b, 1f, bf, 99, 98, d3, 9e, c0, 9e, e0, 34, 7c, 8e, 85]
live: P2SH covenant spend ACCEPTED by node: txid=[8b, d5, 2d, 48, 97, 13, fa, c4, 76, 86, e0, 26, 75, 45, 1d, a6, 28, 35, 2b, 1f, bf, 99, 98, d3, 9e, c0, 9e, e0, 34, 7c, 8e, 85]
live: mined block, report: accepted=Success
live: reached DAA score 54081 (target 54081)
live: P2SH covenant spend confirmation block mined
live: continuation covenant output confirmed at DAA score 54081
live: native production-ZK allocation guard accepted shape=1x1 spent_allocations=1 new_allocations=1
live: native RGK transition digest = 0xd0e3c4b11c6683d41cfd98be8419962933708909ebecb2402803fab105a13f44 (old_state=0xccfc6c20b3f81a2ccef7e1a762c9ba74df51cbaa8295c0cf635da137d635b54b new_state=0xce1da5140c7a780648e128a076c2bd489f235e0785832d09e921b758ab4511be witness_txid=0x8bd52d489713fac47686e02675451da628352b1fbf9998d39ec09ee0347c8e85 spent_allocations=1 new_allocations=1 privacy_policy=PrivateLane lane_id=0xf9e2d47ecda382db86ba713e640cb58f4a9f75a24d0820505148c302004436d9)
live: semantic RGK transition statement public_inputs=328 continuation_shape_root=0x1a7ec23aea88aa7add0dc5eb566b048c869e8b76a92c7cec418e2f3b055715c9 policy_commitment=0x4663f5b9404ee4fe0358c6299f73422e955f5fea03e19545f5b8f99472d00bbf
live: semantic Groth16 proof verified public_inputs=41 vk_bytes=1576 proof_bytes=128
test live_toccata_full_covenant_lifecycle has been running for over 60 seconds
live: supported allocation-vector Groth16 proof verified shape=1x1 public_inputs=41 vk_bytes=1576 proof_bytes=128
live: registered private lane for view-key discovery (lane_id=0xf9e2d47ecda382db86ba713e640cb58f4a9f75a24d0820505148c302004436d9 scan_tag=0x3539f43aecf990bfd09e4b081ddba2835253710fa8a4022904e6ea61b963c62d privacy_policy=PrivateLane)
live: lane-discovery Groth16 proof verified public_inputs=9 vk_bytes=552 proof_bytes=128 lane_id=0xf9e2d47ecda382db86ba713e640cb58f4a9f75a24d0820505148c302004436d9 scan_tag=0x3539f43aecf990bfd09e4b081ddba2835253710fa8a4022904e6ea61b963c62d
live: lane-graph Groth16 proof verified nodes=2 public_inputs=22 vk_bytes=968 proof_bytes=128 graph_root=0x6ab1ca5ef8165554c39398f6ee2cd4419bd605cc09e507fec6264f1bdebd4dfc current_lane=0xf9e2d47ecda382db86ba713e640cb58f4a9f75a24d0820505148c302004436d9 next_scan_tag=0xa1300bb57a56c79e1c43eda255ac6cb55b7e04c247681d77a754ed07551312ea
live: segmented lane-graph Groth16 proof chain verified segments=2 nodes=4 public_inputs_each=27 vk_bytes=1128 proof_bytes_each=128 start_root=0x78145c2e5e78351ffa3d0e266b1a5cb8c3eb318b074a9bcaa407fcdbc6068573 final_root=0x90f47d54d63afe8eb7e59071e891fc14e966bd0658f617d25711d29276b01bde current_lane=0xf9e2d47ecda382db86ba713e640cb58f4a9f75a24d0820505148c302004436d9 final_scan_tag=0x85fb37ef816bbbe85f5e9bb524575608a66e5914ee7bbd0507cf143449b00fdc
live: resolver state = NativeTransitionedValid { covenant: [248, 141, 117, 44, 105, 211, 225, 167, 1, 237, 134, 195, 18, 40, 209, 116, 36, 117, 99, 4, 158, 138, 152, 64, 169, 58, 82, 93, 74, 94, 80, 76], spent_outpoint: KaspaOutpoint { transaction_id: [26, 35, 140, 133, 45, 242, 167, 102, 238, 31, 206, 101, 87, 179, 219, 222, 158, 198, 164, 8, 73, 69, 163, 209, 237, 162, 163, 134, 112, 194, 39, 171], index: 0 }, new_outpoint: KaspaOutpoint { transaction_id: [139, 213, 45, 72, 151, 19, 250, 196, 118, 134, 224, 38, 117, 69, 29, 166, 40, 53, 43, 31, 191, 153, 152, 211, 158, 192, 158, 224, 52, 124, 142, 133], index: 0 }, receipt_id: [200, 117, 191, 52, 121, 253, 27, 166, 144, 196, 196, 103, 49, 234, 138, 50, 189, 149, 253, 202, 14, 134, 98, 210, 139, 131, 121, 131, 101, 9, 206, 6], new_state: RgkStateCommitment { version: 1, chain_id: KaspaDevnet, covenant_id: [248, 141, 117, 44, 105, 211, 225, 167, 1, 237, 134, 195, 18, 40, 209, 116, 36, 117, 99, 4, 158, 138, 152, 64, 169, 58, 82, 93, 74, 94, 80, 76], asset_id: [66, 66, 66, 66, 66, 66, 66, 66, 66, 66, 66, 66, 66, 66, 66, 66, 66, 66, 66, 66, 66, 66, 66, 66, 66, 66, 66, 66, 66, 66, 66, 66], state_digest: [206, 29, 165, 20, 12, 122, 120, 6, 72, 225, 40, 160, 118, 194, 189, 72, 159, 35, 94, 7, 133, 131, 45, 9, 233, 33, 183, 88, 171, 69, 17, 190], receipt_policy: ZkOrVerifier }, confirmation_depth: 1 }
live: resolver carried phase-2 native state digest = 0xce1da5140c7a780648e128a076c2bd489f235e0785832d09e921b758ab4511be
live: view-key lane resolver classified as NativeTransitionedValid (lane_id=0xf9e2d47ecda382db86ba713e640cb58f4a9f75a24d0820505148c302004436d9 scan_tag=0x3539f43aecf990bfd09e4b081ddba2835253710fa8a4022904e6ea61b963c62d)
live: covenant transition classified as NativeTransitionedValid from the confirmed live Kaspa Toccata devnet spend (covenant_id=[f8, 8d, 75, 2c, 69, d3, e1, a7, 01, ed, 86, c3, 12, 28, d1, 74, 24, 75, 63, 04, 9e, 8a, 98, 40, a9, 3a, 52, 5d, 4a, 5e, 50, 4c])
live: policy migration proof recovered after Sled reopen (previous_policy=verifier-only new_policy=zk-or-verifier migration=0x5949db65e70ea36dee4dff847dc8bd33f745440a5ba1082ecdc250908dc9b9fd state_digest=0xce1da5140c7a780648e128a076c2bd489f235e0785832d09e921b758ab4511be resolver=NativeTransitionedValid)
live: persistent indexer recovered covenant after resolver indexing (covenant_id=[f8, 8d, 75, 2c, 69, d3, e1, a7, 01, ed, 86, c3, 12, 28, d1, 74, 24, 75, 63, 04, 9e, 8a, 98, 40, a9, 3a, 52, 5d, 4a, 5e, 50, 4c] cursor_daa=54081)
test live_toccata_full_covenant_lifecycle ... ok

test result: ok. 1 passed; 0 failed; 0 ignored; 0 measured; 0 filtered out; finished in 172.06s

[e2e-devnet] running rgk-sync scanner smoke (initialise cursor)
   Compiling kaspa-wrpc-client v1.2.2-toc.4 (/Users/arthur/RustroverProjects/rusty-kaspa/rpc/wrpc/client)
   Compiling rgk-kaspa v0.1.0 (/Users/arthur/RustroverProjects/rgk/crates/rgk-kaspa)
   Compiling rgk-sync v0.1.0 (/Users/arthur/RustroverProjects/rgk/crates/rgk-sync)
    Finished `dev` profile [optimized + debuginfo] target(s) in 3.76s
     Running `target/debug/rgk-sync --url 'ws://127.0.0.1:19111/v2/kaspa/devnet/no-tls/wrpc/borsh' --network devnet --db /Users/arthur/RustroverProjects/rgk/target/rgk-devnet-evidence/sled --once`
tick initialised=true added_chain_blocks=0 observed_spends=0 start_daa=54081 end_daa=54081 end_hash_prefix=9b580ddbd39e17dd
[e2e-devnet] running rgk-sync scanner smoke (reload cursor)
    Finished `dev` profile [optimized + debuginfo] target(s) in 0.26s
     Running `target/debug/rgk-sync --url 'ws://127.0.0.1:19111/v2/kaspa/devnet/no-tls/wrpc/borsh' --network devnet --db /Users/arthur/RustroverProjects/rgk/target/rgk-devnet-evidence/sled --once`
tick initialised=false added_chain_blocks=0 observed_spends=0 start_daa=54081 end_daa=54081 end_hash_prefix=9b580ddbd39e17dd
[verify-devnet-evidence] ok: /Users/arthur/RustroverProjects/rgk/target/rgk-devnet-evidence/latest.txt
[e2e-devnet] evidence: /Users/arthur/RustroverProjects/rgk/target/rgk-devnet-evidence/latest.txt

== stderr ==
